[0.007s] Invoking command in '/home/artificer/Desktop/ROV2026/build/dummy_hardware': /usr/bin/cmake /home/artificer/Desktop/ROV2026/src/dummy_hardware -DAMENT_CMAKE_SYMLINK_INSTALL=1 -DCMAKE_INSTALL_PREFIX=/home/artificer/Desktop/ROV2026/install/dummy_hardware
[0.053s] -- The C compiler identification is GNU 13.3.0
[0.100s] -- The CXX compiler identification is GNU 13.3.0
[0.114s] -- Detecting C compiler ABI info
[0.190s] -- Detecting C compiler ABI info - done
[0.198s] -- Check for working C compiler: /usr/bin/cc - skipped
[0.198s] -- Detecting C compile features
[0.198s] -- Detecting C compile features - done
[0.206s] -- Detecting CXX compiler ABI info
[0.294s] -- Detecting CXX compiler ABI info - done
[0.301s] -- Check for working CXX compiler: /usr/bin/c++ - skipped
[0.302s] -- Detecting CXX compile features
[0.302s] -- Detecting CXX compile features - done
[0.305s] -- Found ament_cmake: 2.5.4 (/opt/ros/jazzy/share/ament_cmake/cmake)
[0.420s] -- Found Python3: /usr/bin/python3 (found version "3.12.3") found components: Interpreter 
[0.486s] -- Override CMake install command with custom implementation using symlinks instead of copying resources
[0.513s] -- Found hardware_interface: 4.29.0 (/opt/ros/jazzy/share/hardware_interface/cmake)
[0.566s] -- Found rosidl_generator_c: 4.6.5 (/opt/ros/jazzy/share/rosidl_generator_c/cmake)
[0.577s] -- Found rosidl_generator_cpp: 4.6.5 (/opt/ros/jazzy/share/rosidl_generator_cpp/cmake)
[0.591s] [31mCMake Error at /opt/ros/jazzy/share/rosidl_typesupport_c/cmake/get_used_typesupports.cmake:35 (message):
[0.591s]   No 'rosidl_typesupport_c' found
[0.591s] Call Stack (most recent call first):
[0.592s]   /opt/ros/jazzy/share/rosidl_typesupport_c/cmake/rosidl_typesupport_c-extras.cmake:8 (get_used_typesupports)
[0.592s]   /opt/ros/jazzy/share/rosidl_typesupport_c/cmake/rosidl_typesupport_cConfig.cmake:41 (include)
[0.592s]   /opt/ros/jazzy/share/builtin_interfaces/cmake/ament_cmake_export_dependencies-extras.cmake:21 (find_package)
[0.592s]   /opt/ros/jazzy/share/builtin_interfaces/cmake/builtin_interfacesConfig.cmake:41 (include)
[0.592s]   /opt/ros/jazzy/share/action_msgs/cmake/ament_cmake_export_dependencies-extras.cmake:21 (find_package)
[0.592s]   /opt/ros/jazzy/share/action_msgs/cmake/action_msgsConfig.cmake:41 (include)
[0.592s]   /opt/ros/jazzy/share/control_msgs/cmake/ament_cmake_export_dependencies-extras.cmake:21 (find_package)
[0.592s]   /opt/ros/jazzy/share/control_msgs/cmake/control_msgsConfig.cmake:41 (include)
[0.592s]   /opt/ros/jazzy/share/hardware_interface/cmake/ament_cmake_export_dependencies-extras.cmake:21 (find_package)
[0.592s]   /opt/ros/jazzy/share/hardware_interface/cmake/hardware_interfaceConfig.cmake:41 (include)
[0.592s]   CMakeLists.txt:10 (find_package)
[0.592s] 
[0.592s] [0m
[0.593s] -- Configuring incomplete, errors occurred!
