[0.118s] DEBUG:colcon:Command line arguments: ['/usr/bin/colcon', 'build']
[0.118s] DEBUG:colcon:Parsed command line arguments: Namespace(log_base=None, log_level=None, verb_name='build', build_base='build', install_base='install', merge_install=False, symlink_install=False, test_result_base=None, continue_on_error=False, executor='parallel', parallel_workers=6, event_handlers=None, ignore_user_meta=False, metas=['./colcon.meta'], base_paths=['.'], packages_ignore=None, packages_ignore_regex=None, paths=None, packages_up_to=None, packages_up_to_regex=None, packages_above=None, packages_above_and_dependencies=None, packages_above_depth=None, packages_select_by_dep=None, packages_skip_by_dep=None, packages_skip_up_to=None, packages_select_build_failed=False, packages_skip_build_finished=False, packages_select_test_failures=False, packages_skip_test_passed=False, packages_select=None, packages_skip=None, packages_select_regex=None, packages_skip_regex=None, packages_start=None, packages_end=None, allow_overriding=[], cmake_args=None, cmake_target=None, cmake_target_skip_unavailable=False, cmake_clean_cache=False, cmake_clean_first=False, cmake_force_configure=False, ament_cmake_args=None, catkin_cmake_args=None, catkin_skip_building_tests=False, mixin_files=None, mixin=None, verb_parser=<colcon_mixin.mixin.mixin_argument.MixinArgumentDecorator object at 0x739bd699f8f0>, verb_extension=<colcon_core.verb.build.BuildVerb object at 0x739bd699f530>, main=<bound method BuildVerb.main of <colcon_core.verb.build.BuildVerb object at 0x739bd699f530>>, mixin_verb=('build',))
[0.152s] Level 1:colcon.colcon_core.package_discovery:discover_packages(colcon_meta) check parameters
[0.152s] Level 1:colcon.colcon_core.package_discovery:discover_packages(recursive) check parameters
[0.152s] Level 1:colcon.colcon_core.package_discovery:discover_packages(ignore) check parameters
[0.152s] Level 1:colcon.colcon_core.package_discovery:discover_packages(path) check parameters
[0.152s] Level 1:colcon.colcon_core.package_discovery:discover_packages(colcon_meta) discover
[0.152s] Level 1:colcon.colcon_core.package_discovery:discover_packages(recursive) discover
[0.152s] INFO:colcon.colcon_core.package_discovery:Crawling recursively for packages in '/home/student/Desktop/ROV2026'
[0.152s] Level 1:colcon.colcon_core.package_identification:_identify(.) by extensions ['ignore', 'ignore_ament_install']
[0.152s] Level 1:colcon.colcon_core.package_identification:_identify(.) by extension 'ignore'
[0.152s] Level 1:colcon.colcon_core.package_identification:_identify(.) by extension 'ignore_ament_install'
[0.152s] Level 1:colcon.colcon_core.package_identification:_identify(.) by extensions ['colcon_pkg']
[0.152s] Level 1:colcon.colcon_core.package_identification:_identify(.) by extension 'colcon_pkg'
[0.153s] Level 1:colcon.colcon_core.package_identification:_identify(.) by extensions ['colcon_meta']
[0.153s] Level 1:colcon.colcon_core.package_identification:_identify(.) by extension 'colcon_meta'
[0.153s] Level 1:colcon.colcon_core.package_identification:_identify(.) by extensions ['ros']
[0.153s] Level 1:colcon.colcon_core.package_identification:_identify(.) by extension 'ros'
[0.173s] Level 1:colcon.colcon_core.package_identification:_identify(.) by extensions ['cmake', 'python']
[0.173s] Level 1:colcon.colcon_core.package_identification:_identify(.) by extension 'cmake'
[0.173s] Level 1:colcon.colcon_core.package_identification:_identify(.) by extension 'python'
[0.173s] Level 1:colcon.colcon_core.package_identification:_identify(.) by extensions ['python_setup_py']
[0.173s] Level 1:colcon.colcon_core.package_identification:_identify(.) by extension 'python_setup_py'
[0.174s] Level 1:colcon.colcon_core.package_identification:_identify(build) by extensions ['ignore', 'ignore_ament_install']
[0.174s] Level 1:colcon.colcon_core.package_identification:_identify(build) by extension 'ignore'
[0.174s] Level 1:colcon.colcon_core.package_identification:_identify(build) ignored
[0.174s] Level 1:colcon.colcon_core.package_identification:_identify(install) by extensions ['ignore', 'ignore_ament_install']
[0.174s] Level 1:colcon.colcon_core.package_identification:_identify(install) by extension 'ignore'
[0.174s] Level 1:colcon.colcon_core.package_identification:_identify(install) ignored
[0.174s] Level 1:colcon.colcon_core.package_identification:_identify(log) by extensions ['ignore', 'ignore_ament_install']
[0.174s] Level 1:colcon.colcon_core.package_identification:_identify(log) by extension 'ignore'
[0.174s] Level 1:colcon.colcon_core.package_identification:_identify(log) ignored
[0.174s] Level 1:colcon.colcon_core.package_identification:_identify(src) by extensions ['ignore', 'ignore_ament_install']
[0.174s] Level 1:colcon.colcon_core.package_identification:_identify(src) by extension 'ignore'
[0.174s] Level 1:colcon.colcon_core.package_identification:_identify(src) by extension 'ignore_ament_install'
[0.174s] Level 1:colcon.colcon_core.package_identification:_identify(src) by extensions ['colcon_pkg']
[0.174s] Level 1:colcon.colcon_core.package_identification:_identify(src) by extension 'colcon_pkg'
[0.174s] Level 1:colcon.colcon_core.package_identification:_identify(src) by extensions ['colcon_meta']
[0.174s] Level 1:colcon.colcon_core.package_identification:_identify(src) by extension 'colcon_meta'
[0.174s] Level 1:colcon.colcon_core.package_identification:_identify(src) by extensions ['ros']
[0.174s] Level 1:colcon.colcon_core.package_identification:_identify(src) by extension 'ros'
[0.174s] Level 1:colcon.colcon_core.package_identification:_identify(src) by extensions ['cmake', 'python']
[0.175s] Level 1:colcon.colcon_core.package_identification:_identify(src) by extension 'cmake'
[0.175s] Level 1:colcon.colcon_core.package_identification:_identify(src) by extension 'python'
[0.175s] Level 1:colcon.colcon_core.package_identification:_identify(src) by extensions ['python_setup_py']
[0.175s] Level 1:colcon.colcon_core.package_identification:_identify(src) by extension 'python_setup_py'
[0.175s] Level 1:colcon.colcon_core.package_identification:_identify(src/description) by extensions ['ignore', 'ignore_ament_install']
[0.175s] Level 1:colcon.colcon_core.package_identification:_identify(src/description) by extension 'ignore'
[0.175s] Level 1:colcon.colcon_core.package_identification:_identify(src/description) by extension 'ignore_ament_install'
[0.175s] Level 1:colcon.colcon_core.package_identification:_identify(src/description) by extensions ['colcon_pkg']
[0.175s] Level 1:colcon.colcon_core.package_identification:_identify(src/description) by extension 'colcon_pkg'
[0.175s] Level 1:colcon.colcon_core.package_identification:_identify(src/description) by extensions ['colcon_meta']
[0.175s] Level 1:colcon.colcon_core.package_identification:_identify(src/description) by extension 'colcon_meta'
[0.175s] Level 1:colcon.colcon_core.package_identification:_identify(src/description) by extensions ['ros']
[0.175s] Level 1:colcon.colcon_core.package_identification:_identify(src/description) by extension 'ros'
[0.177s] DEBUG:colcon.colcon_core.package_identification:Package 'src/description' with type 'ros.ament_cmake' and name 'description'
[0.177s] Level 1:colcon.colcon_core.package_identification:_identify(src/rov_control) by extensions ['ignore', 'ignore_ament_install']
[0.177s] Level 1:colcon.colcon_core.package_identification:_identify(src/rov_control) by extension 'ignore'
[0.177s] Level 1:colcon.colcon_core.package_identification:_identify(src/rov_control) by extension 'ignore_ament_install'
[0.177s] Level 1:colcon.colcon_core.package_identification:_identify(src/rov_control) by extensions ['colcon_pkg']
[0.177s] Level 1:colcon.colcon_core.package_identification:_identify(src/rov_control) by extension 'colcon_pkg'
[0.177s] Level 1:colcon.colcon_core.package_identification:_identify(src/rov_control) by extensions ['colcon_meta']
[0.177s] Level 1:colcon.colcon_core.package_identification:_identify(src/rov_control) by extension 'colcon_meta'
[0.177s] Level 1:colcon.colcon_core.package_identification:_identify(src/rov_control) by extensions ['ros']
[0.177s] Level 1:colcon.colcon_core.package_identification:_identify(src/rov_control) by extension 'ros'
[0.178s] DEBUG:colcon.colcon_core.package_identification:Package 'src/rov_control' with type 'ros.ament_cmake' and name 'rov_control'
[0.178s] Level 1:colcon.colcon_core.package_discovery:discover_packages(recursive) using defaults
[0.178s] Level 1:colcon.colcon_core.package_discovery:discover_packages(ignore) discover
[0.178s] Level 1:colcon.colcon_core.package_discovery:discover_packages(ignore) using defaults
[0.178s] Level 1:colcon.colcon_core.package_discovery:discover_packages(path) discover
[0.178s] Level 1:colcon.colcon_core.package_discovery:discover_packages(path) using defaults
[0.192s] Level 1:colcon.colcon_core.package_discovery:discover_packages(prefix_path) check parameters
[0.192s] Level 1:colcon.colcon_core.package_discovery:discover_packages(prefix_path) discover
[0.194s] DEBUG:colcon.colcon_installed_package_information.package_discovery:Found 318 installed packages in /opt/ros/jazzy
[0.195s] Level 1:colcon.colcon_core.package_discovery:discover_packages(prefix_path) using defaults
[0.238s] Level 5:colcon.colcon_core.verb:set package 'description' build argument 'cmake_args' from command line to 'None'
[0.238s] Level 5:colcon.colcon_core.verb:set package 'description' build argument 'cmake_target' from command line to 'None'
[0.238s] Level 5:colcon.colcon_core.verb:set package 'description' build argument 'cmake_target_skip_unavailable' from command line to 'False'
[0.238s] Level 5:colcon.colcon_core.verb:set package 'description' build argument 'cmake_clean_cache' from command line to 'False'
[0.238s] Level 5:colcon.colcon_core.verb:set package 'description' build argument 'cmake_clean_first' from command line to 'False'
[0.238s] Level 5:colcon.colcon_core.verb:set package 'description' build argument 'cmake_force_configure' from command line to 'False'
[0.238s] Level 5:colcon.colcon_core.verb:set package 'description' build argument 'ament_cmake_args' from command line to 'None'
[0.239s] Level 5:colcon.colcon_core.verb:set package 'description' build argument 'catkin_cmake_args' from command line to 'None'
[0.239s] Level 5:colcon.colcon_core.verb:set package 'description' build argument 'catkin_skip_building_tests' from command line to 'False'
[0.239s] DEBUG:colcon.colcon_core.verb:Building package 'description' with the following arguments: {'ament_cmake_args': None, 'build_base': '/home/student/Desktop/ROV2026/build/description', 'catkin_cmake_args': None, 'catkin_skip_building_tests': False, 'cmake_args': None, 'cmake_clean_cache': False, 'cmake_clean_first': False, 'cmake_force_configure': False, 'cmake_target': None, 'cmake_target_skip_unavailable': False, 'install_base': '/home/student/Desktop/ROV2026/install/description', 'merge_install': False, 'path': '/home/student/Desktop/ROV2026/src/description', 'symlink_install': False, 'test_result_base': None}
[0.239s] Level 5:colcon.colcon_core.verb:set package 'rov_control' build argument 'cmake_args' from command line to 'None'
[0.239s] Level 5:colcon.colcon_core.verb:set package 'rov_control' build argument 'cmake_target' from command line to 'None'
[0.239s] Level 5:colcon.colcon_core.verb:set package 'rov_control' build argument 'cmake_target_skip_unavailable' from command line to 'False'
[0.239s] Level 5:colcon.colcon_core.verb:set package 'rov_control' build argument 'cmake_clean_cache' from command line to 'False'
[0.239s] Level 5:colcon.colcon_core.verb:set package 'rov_control' build argument 'cmake_clean_first' from command line to 'False'
[0.239s] Level 5:colcon.colcon_core.verb:set package 'rov_control' build argument 'cmake_force_configure' from command line to 'False'
[0.239s] Level 5:colcon.colcon_core.verb:set package 'rov_control' build argument 'ament_cmake_args' from command line to 'None'
[0.239s] Level 5:colcon.colcon_core.verb:set package 'rov_control' build argument 'catkin_cmake_args' from command line to 'None'
[0.239s] Level 5:colcon.colcon_core.verb:set package 'rov_control' build argument 'catkin_skip_building_tests' from command line to 'False'
[0.239s] DEBUG:colcon.colcon_core.verb:Building package 'rov_control' with the following arguments: {'ament_cmake_args': None, 'build_base': '/home/student/Desktop/ROV2026/build/rov_control', 'catkin_cmake_args': None, 'catkin_skip_building_tests': False, 'cmake_args': None, 'cmake_clean_cache': False, 'cmake_clean_first': False, 'cmake_force_configure': False, 'cmake_target': None, 'cmake_target_skip_unavailable': False, 'install_base': '/home/student/Desktop/ROV2026/install/rov_control', 'merge_install': False, 'path': '/home/student/Desktop/ROV2026/src/rov_control', 'symlink_install': False, 'test_result_base': None}
[0.239s] INFO:colcon.colcon_core.executor:Executing jobs using 'parallel' executor
[0.240s] DEBUG:colcon.colcon_parallel_executor.executor.parallel:run_until_complete
[0.240s] INFO:colcon.colcon_ros.task.ament_cmake.build:Building ROS package in '/home/student/Desktop/ROV2026/src/description' with build type 'ament_cmake'
[0.240s] INFO:colcon.colcon_cmake.task.cmake.build:Building CMake package in '/home/student/Desktop/ROV2026/src/description'
[0.241s] INFO:colcon.colcon_core.plugin_system:Skipping extension 'colcon_core.shell.bat': Not used on non-Windows systems
[0.242s] INFO:colcon.colcon_core.shell:Skip shell extension 'powershell' for command environment: Not usable outside of PowerShell
[0.242s] DEBUG:colcon.colcon_core.shell:Skip shell extension 'dsv' for command environment
[0.244s] INFO:colcon.colcon_ros.task.ament_cmake.build:Building ROS package in '/home/student/Desktop/ROV2026/src/rov_control' with build type 'ament_cmake'
[0.244s] INFO:colcon.colcon_cmake.task.cmake.build:Building CMake package in '/home/student/Desktop/ROV2026/src/rov_control'
[0.244s] INFO:colcon.colcon_core.shell:Skip shell extension 'powershell' for command environment: Not usable outside of PowerShell
[0.244s] DEBUG:colcon.colcon_core.shell:Skip shell extension 'dsv' for command environment
[0.251s] DEBUG:colcon.colcon_core.event_handler.log_command:Invoking command in '/home/student/Desktop/ROV2026/build/description': CMAKE_PREFIX_PATH=${CMAKE_PREFIX_PATH}:/opt/ros/jazzy /usr/bin/cmake --build /home/student/Desktop/ROV2026/build/description -- -j6 -l6
[0.255s] DEBUG:colcon.colcon_core.event_handler.log_command:Invoking command in '/home/student/Desktop/ROV2026/build/rov_control': CMAKE_PREFIX_PATH=${CMAKE_PREFIX_PATH}:/opt/ros/jazzy /usr/bin/cmake --build /home/student/Desktop/ROV2026/build/rov_control -- -j6 -l6
[0.297s] DEBUG:colcon.colcon_core.event_handler.log_command:Invoked command in '/home/student/Desktop/ROV2026/build/description' returned '0': CMAKE_PREFIX_PATH=${CMAKE_PREFIX_PATH}:/opt/ros/jazzy /usr/bin/cmake --build /home/student/Desktop/ROV2026/build/description -- -j6 -l6
[0.306s] DEBUG:colcon.colcon_core.event_handler.log_command:Invoking command in '/home/student/Desktop/ROV2026/build/description': CMAKE_PREFIX_PATH=${CMAKE_PREFIX_PATH}:/opt/ros/jazzy /usr/bin/cmake --install /home/student/Desktop/ROV2026/build/description
[0.314s] Level 1:colcon.colcon_core.environment:create_environment_scripts_only(description)
[0.315s] DEBUG:colcon.colcon_core.event_handler.log_command:Invoked command in '/home/student/Desktop/ROV2026/build/description' returned '0': CMAKE_PREFIX_PATH=${CMAKE_PREFIX_PATH}:/opt/ros/jazzy /usr/bin/cmake --install /home/student/Desktop/ROV2026/build/description
[0.318s] Level 1:colcon.colcon_core.environment:checking '/home/student/Desktop/ROV2026/install/description' for CMake module files
[0.318s] Level 1:colcon.colcon_core.environment:checking '/home/student/Desktop/ROV2026/install/description' for CMake config files
[0.318s] Level 1:colcon.colcon_core.shell:create_environment_hook('description', 'cmake_prefix_path')
[0.319s] INFO:colcon.colcon_core.shell:Creating environment hook '/home/student/Desktop/ROV2026/install/description/share/description/hook/cmake_prefix_path.ps1'
[0.319s] INFO:colcon.colcon_core.shell:Creating environment descriptor '/home/student/Desktop/ROV2026/install/description/share/description/hook/cmake_prefix_path.dsv'
[0.320s] INFO:colcon.colcon_core.shell:Creating environment hook '/home/student/Desktop/ROV2026/install/description/share/description/hook/cmake_prefix_path.sh'
[0.321s] Level 1:colcon.colcon_core.environment:checking '/home/student/Desktop/ROV2026/install/description/bin'
[0.321s] Level 1:colcon.colcon_core.environment:checking '/home/student/Desktop/ROV2026/install/description/lib/pkgconfig/description.pc'
[0.321s] Level 1:colcon.colcon_core.environment:checking '/home/student/Desktop/ROV2026/install/description/lib/python3.12/site-packages'
[0.321s] Level 1:colcon.colcon_core.environment:checking '/home/student/Desktop/ROV2026/install/description/bin'
[0.321s] INFO:colcon.colcon_core.shell:Creating package script '/home/student/Desktop/ROV2026/install/description/share/description/package.ps1'
[0.322s] INFO:colcon.colcon_core.shell:Creating package descriptor '/home/student/Desktop/ROV2026/install/description/share/description/package.dsv'
[0.323s] INFO:colcon.colcon_core.shell:Creating package script '/home/student/Desktop/ROV2026/install/description/share/description/package.sh'
[0.323s] INFO:colcon.colcon_core.shell:Creating package script '/home/student/Desktop/ROV2026/install/description/share/description/package.bash'
[0.324s] INFO:colcon.colcon_core.shell:Creating package script '/home/student/Desktop/ROV2026/install/description/share/description/package.zsh'
[0.325s] Level 1:colcon.colcon_core.environment:create_file_with_runtime_dependencies(/home/student/Desktop/ROV2026/install/description/share/colcon-core/packages/description)
[0.325s] Level 1:colcon.colcon_core.environment:create_environment_scripts_only(description)
[0.325s] Level 1:colcon.colcon_core.environment:checking '/home/student/Desktop/ROV2026/install/description' for CMake module files
[0.326s] Level 1:colcon.colcon_core.environment:checking '/home/student/Desktop/ROV2026/install/description' for CMake config files
[0.326s] Level 1:colcon.colcon_core.shell:create_environment_hook('description', 'cmake_prefix_path')
[0.326s] INFO:colcon.colcon_core.shell:Creating environment hook '/home/student/Desktop/ROV2026/install/description/share/description/hook/cmake_prefix_path.ps1'
[0.326s] INFO:colcon.colcon_core.shell:Creating environment descriptor '/home/student/Desktop/ROV2026/install/description/share/description/hook/cmake_prefix_path.dsv'
[0.327s] INFO:colcon.colcon_core.shell:Creating environment hook '/home/student/Desktop/ROV2026/install/description/share/description/hook/cmake_prefix_path.sh'
[0.327s] Level 1:colcon.colcon_core.environment:checking '/home/student/Desktop/ROV2026/install/description/bin'
[0.327s] Level 1:colcon.colcon_core.environment:checking '/home/student/Desktop/ROV2026/install/description/lib/pkgconfig/description.pc'
[0.327s] Level 1:colcon.colcon_core.environment:checking '/home/student/Desktop/ROV2026/install/description/lib/python3.12/site-packages'
[0.328s] Level 1:colcon.colcon_core.environment:checking '/home/student/Desktop/ROV2026/install/description/bin'
[0.328s] INFO:colcon.colcon_core.shell:Creating package script '/home/student/Desktop/ROV2026/install/description/share/description/package.ps1'
[0.328s] INFO:colcon.colcon_core.shell:Creating package descriptor '/home/student/Desktop/ROV2026/install/description/share/description/package.dsv'
[0.329s] INFO:colcon.colcon_core.shell:Creating package script '/home/student/Desktop/ROV2026/install/description/share/description/package.sh'
[0.329s] INFO:colcon.colcon_core.shell:Creating package script '/home/student/Desktop/ROV2026/install/description/share/description/package.bash'
[0.329s] INFO:colcon.colcon_core.shell:Creating package script '/home/student/Desktop/ROV2026/install/description/share/description/package.zsh'
[0.330s] Level 1:colcon.colcon_core.environment:create_file_with_runtime_dependencies(/home/student/Desktop/ROV2026/install/description/share/colcon-core/packages/description)
[1.193s] DEBUG:colcon.colcon_core.event_handler.log_command:Invoked command in '/home/student/Desktop/ROV2026/build/rov_control' returned '2': CMAKE_PREFIX_PATH=${CMAKE_PREFIX_PATH}:/opt/ros/jazzy /usr/bin/cmake --build /home/student/Desktop/ROV2026/build/rov_control -- -j6 -l6
[1.194s] Level 1:colcon.colcon_core.environment:create_environment_scripts_only(rov_control)
[1.194s] Level 1:colcon.colcon_core.environment:checking '/home/student/Desktop/ROV2026/install/rov_control' for CMake module files
[1.194s] Level 1:colcon.colcon_core.environment:checking '/home/student/Desktop/ROV2026/install/rov_control' for CMake config files
[1.194s] Level 1:colcon.colcon_core.shell:create_environment_hook('rov_control', 'cmake_prefix_path')
[1.194s] INFO:colcon.colcon_core.shell:Creating environment hook '/home/student/Desktop/ROV2026/install/rov_control/share/rov_control/hook/cmake_prefix_path.ps1'
[1.195s] INFO:colcon.colcon_core.shell:Creating environment descriptor '/home/student/Desktop/ROV2026/install/rov_control/share/rov_control/hook/cmake_prefix_path.dsv'
[1.195s] INFO:colcon.colcon_core.shell:Creating environment hook '/home/student/Desktop/ROV2026/install/rov_control/share/rov_control/hook/cmake_prefix_path.sh'
[1.195s] Level 1:colcon.colcon_core.environment:checking '/home/student/Desktop/ROV2026/install/rov_control/lib'
[1.196s] Level 1:colcon.colcon_core.shell:create_environment_hook('rov_control', 'ld_library_path_lib')
[1.196s] INFO:colcon.colcon_core.shell:Creating environment hook '/home/student/Desktop/ROV2026/install/rov_control/share/rov_control/hook/ld_library_path_lib.ps1'
[1.196s] INFO:colcon.colcon_core.shell:Creating environment descriptor '/home/student/Desktop/ROV2026/install/rov_control/share/rov_control/hook/ld_library_path_lib.dsv'
[1.196s] INFO:colcon.colcon_core.shell:Creating environment hook '/home/student/Desktop/ROV2026/install/rov_control/share/rov_control/hook/ld_library_path_lib.sh'
[1.196s] Level 1:colcon.colcon_core.environment:checking '/home/student/Desktop/ROV2026/install/rov_control/bin'
[1.197s] Level 1:colcon.colcon_core.environment:checking '/home/student/Desktop/ROV2026/install/rov_control/lib/pkgconfig/rov_control.pc'
[1.197s] Level 1:colcon.colcon_core.environment:checking '/home/student/Desktop/ROV2026/install/rov_control/lib/python3.12/site-packages'
[1.197s] Level 1:colcon.colcon_core.environment:checking '/home/student/Desktop/ROV2026/install/rov_control/bin'
[1.197s] INFO:colcon.colcon_core.shell:Creating package script '/home/student/Desktop/ROV2026/install/rov_control/share/rov_control/package.ps1'
[1.198s] INFO:colcon.colcon_core.shell:Creating package descriptor '/home/student/Desktop/ROV2026/install/rov_control/share/rov_control/package.dsv'
[1.198s] INFO:colcon.colcon_core.shell:Creating package script '/home/student/Desktop/ROV2026/install/rov_control/share/rov_control/package.sh'
[1.198s] INFO:colcon.colcon_core.shell:Creating package script '/home/student/Desktop/ROV2026/install/rov_control/share/rov_control/package.bash'
[1.199s] INFO:colcon.colcon_core.shell:Creating package script '/home/student/Desktop/ROV2026/install/rov_control/share/rov_control/package.zsh'
[1.199s] Level 1:colcon.colcon_core.environment:create_file_with_runtime_dependencies(/home/student/Desktop/ROV2026/install/rov_control/share/colcon-core/packages/rov_control)
[1.209s] DEBUG:colcon.colcon_parallel_executor.executor.parallel:closing loop
[1.209s] DEBUG:colcon.colcon_parallel_executor.executor.parallel:loop closed
[1.209s] DEBUG:colcon.colcon_parallel_executor.executor.parallel:run_until_complete finished with '2'
[1.209s] DEBUG:colcon.colcon_core.event_reactor:joining thread
[1.214s] INFO:colcon.colcon_core.plugin_system:Skipping extension 'colcon_notification.desktop_notification.terminal_notifier': Not used on non-Darwin systems
[1.214s] INFO:colcon.colcon_core.plugin_system:Skipping extension 'colcon_notification.desktop_notification.win32': Not used on non-Windows systems
[1.214s] INFO:colcon.colcon_notification.desktop_notification:Sending desktop notification using 'notify2'
[1.216s] DEBUG:colcon.colcon_core.event_reactor:joined thread
[1.216s] INFO:colcon.colcon_core.shell:Creating prefix script '/home/student/Desktop/ROV2026/install/local_setup.ps1'
[1.217s] INFO:colcon.colcon_core.shell:Creating prefix util module '/home/student/Desktop/ROV2026/install/_local_setup_util_ps1.py'
[1.218s] INFO:colcon.colcon_core.shell:Creating prefix chain script '/home/student/Desktop/ROV2026/install/setup.ps1'
[1.219s] INFO:colcon.colcon_core.shell:Creating prefix script '/home/student/Desktop/ROV2026/install/local_setup.sh'
[1.220s] INFO:colcon.colcon_core.shell:Creating prefix util module '/home/student/Desktop/ROV2026/install/_local_setup_util_sh.py'
[1.220s] INFO:colcon.colcon_core.shell:Creating prefix chain script '/home/student/Desktop/ROV2026/install/setup.sh'
[1.221s] INFO:colcon.colcon_core.shell:Creating prefix script '/home/student/Desktop/ROV2026/install/local_setup.bash'
[1.222s] INFO:colcon.colcon_core.shell:Creating prefix chain script '/home/student/Desktop/ROV2026/install/setup.bash'
[1.223s] INFO:colcon.colcon_core.shell:Creating prefix script '/home/student/Desktop/ROV2026/install/local_setup.zsh'
[1.224s] INFO:colcon.colcon_core.shell:Creating prefix chain script '/home/student/Desktop/ROV2026/install/setup.zsh'
