[0.009s] Invoking command in '/home/student/Desktop/ROV2026/build/rov_control': CMAKE_PREFIX_PATH=${CMAKE_PREFIX_PATH}:/opt/ros/jazzy /usr/bin/cmake --build /home/student/Desktop/ROV2026/build/rov_control -- -j6 -l6
[0.065s] [ 19%] Built target copy_codegen_incs
[0.066s] [ 36%] Built target copy_codegen_linalg
[0.066s] [ 38%] Built target copy_codegen_makefile
[0.066s] [ 39%] Built target qdldlobject
[0.068s] [ 41%] Built target rov_control
[0.073s] [ 43%] Built target gamepad_parser_node
[0.083s] [ 48%] Built target copy_codegen_srcs
[0.089s] [ 79%] Built target OSQPLIB
[0.099s] [ 79%] Built target copy_codegen_files
[0.109s] [ 83%] Built target osqpstatic
[0.109s] [ 83%] Built target osqp
[0.128s] [ 90%] Built target osqp_simple_demo
[0.128s] [ 91%] Built target osqp_codegen_demo
[0.128s] [ 97%] Built target osqp_demo
[0.136s] [100%] Built target axis_to_command_controller
[0.147s] Invoked command in '/home/student/Desktop/ROV2026/build/rov_control' returned '0': CMAKE_PREFIX_PATH=${CMAKE_PREFIX_PATH}:/opt/ros/jazzy /usr/bin/cmake --build /home/student/Desktop/ROV2026/build/rov_control -- -j6 -l6
[0.148s] Invoking command in '/home/student/Desktop/ROV2026/build/rov_control': CMAKE_PREFIX_PATH=${CMAKE_PREFIX_PATH}:/opt/ros/jazzy /usr/bin/cmake --install /home/student/Desktop/ROV2026/build/rov_control
[0.155s] -- Install configuration: ""
[0.156s] -- Up-to-date: /home/student/Desktop/ROV2026/install/rov_control/include/qdldl/qdldl.h
[0.156s] -- Up-to-date: /home/student/Desktop/ROV2026/install/rov_control/include/qdldl/qdldl_types.h
[0.156s] -- Up-to-date: /home/student/Desktop/ROV2026/install/rov_control/include/qdldl/qdldl_version.h
[0.156s] -- Up-to-date: /home/student/Desktop/ROV2026/install/rov_control/include/osqp/osqp.h
[0.156s] -- Up-to-date: /home/student/Desktop/ROV2026/install/rov_control/include/osqp/osqp_api_constants.h
[0.156s] -- Up-to-date: /home/student/Desktop/ROV2026/install/rov_control/include/osqp/osqp_api_functions.h
[0.156s] -- Up-to-date: /home/student/Desktop/ROV2026/install/rov_control/include/osqp/osqp_api_types.h
[0.156s] -- Up-to-date: /home/student/Desktop/ROV2026/install/rov_control/include/osqp/osqp_export_define.h
[0.156s] -- Up-to-date: /home/student/Desktop/ROV2026/install/rov_control/include/osqp/osqp_configure.h
[0.156s] -- Up-to-date: /home/student/Desktop/ROV2026/install/rov_control/lib/libosqpstatic.a
[0.156s] -- Up-to-date: /home/student/Desktop/ROV2026/install/rov_control/lib/cmake/osqp/osqpstatic-targets.cmake
[0.156s] -- Up-to-date: /home/student/Desktop/ROV2026/install/rov_control/lib/cmake/osqp/osqpstatic-targets-noconfig.cmake
[0.156s] -- Up-to-date: /home/student/Desktop/ROV2026/install/rov_control/lib/libosqp.so
[0.156s] -- Up-to-date: /home/student/Desktop/ROV2026/install/rov_control/lib/cmake/osqp/osqp-targets.cmake
[0.156s] -- Up-to-date: /home/student/Desktop/ROV2026/install/rov_control/lib/cmake/osqp/osqp-targets-noconfig.cmake
[0.157s] -- Up-to-date: /home/student/Desktop/ROV2026/install/rov_control/lib/cmake/osqp/osqp-config.cmake
[0.157s] -- Up-to-date: /home/student/Desktop/ROV2026/install/rov_control/lib/cmake/osqp/osqp-config-version.cmake
[0.157s] -- Up-to-date: /home/student/Desktop/ROV2026/install/rov_control/share/osqp/codegen_files
[0.157s] -- Up-to-date: /home/student/Desktop/ROV2026/install/rov_control/share/osqp/codegen_files/src
[0.157s] -- Up-to-date: /home/student/Desktop/ROV2026/install/rov_control/share/osqp/codegen_files/src/scaling.c
[0.157s] -- Up-to-date: /home/student/Desktop/ROV2026/install/rov_control/share/osqp/codegen_files/src/util.c
[0.157s] -- Up-to-date: /home/student/Desktop/ROV2026/install/rov_control/share/osqp/codegen_files/src/qdldl.c
[0.157s] -- Up-to-date: /home/student/Desktop/ROV2026/install/rov_control/share/osqp/codegen_files/src/vector.c
[0.157s] -- Up-to-date: /home/student/Desktop/ROV2026/install/rov_control/share/osqp/codegen_files/src/osqp_api.c
[0.157s] -- Up-to-date: /home/student/Desktop/ROV2026/install/rov_control/share/osqp/codegen_files/src/qdldl_interface.c
[0.157s] -- Up-to-date: /home/student/Desktop/ROV2026/install/rov_control/share/osqp/codegen_files/src/auxil.c
[0.157s] -- Up-to-date: /home/student/Desktop/ROV2026/install/rov_control/share/osqp/codegen_files/src/kkt.c
[0.157s] -- Up-to-date: /home/student/Desktop/ROV2026/install/rov_control/share/osqp/codegen_files/src/csc_utils.c
[0.157s] -- Up-to-date: /home/student/Desktop/ROV2026/install/rov_control/share/osqp/codegen_files/src/error.c
[0.157s] -- Up-to-date: /home/student/Desktop/ROV2026/install/rov_control/share/osqp/codegen_files/src/matrix.c
[0.158s] -- Up-to-date: /home/student/Desktop/ROV2026/install/rov_control/share/osqp/codegen_files/src/algebra_libs.c
[0.158s] -- Up-to-date: /home/student/Desktop/ROV2026/install/rov_control/share/osqp/codegen_files/src/csc_math.c
[0.158s] -- Up-to-date: /home/student/Desktop/ROV2026/install/rov_control/share/osqp/codegen_files/inc
[0.158s] -- Up-to-date: /home/student/Desktop/ROV2026/install/rov_control/share/osqp/codegen_files/inc/public
[0.158s] -- Up-to-date: /home/student/Desktop/ROV2026/install/rov_control/share/osqp/codegen_files/inc/public/osqp_api_functions.h
[0.158s] -- Up-to-date: /home/student/Desktop/ROV2026/install/rov_control/share/osqp/codegen_files/inc/public/osqp_api_types.h
[0.158s] -- Up-to-date: /home/student/Desktop/ROV2026/install/rov_control/share/osqp/codegen_files/inc/public/osqp.h
[0.158s] -- Up-to-date: /home/student/Desktop/ROV2026/install/rov_control/share/osqp/codegen_files/inc/public/osqp_api_constants.h
[0.158s] -- Up-to-date: /home/student/Desktop/ROV2026/install/rov_control/share/osqp/codegen_files/inc/public/osqp_export_define.h
[0.158s] -- Up-to-date: /home/student/Desktop/ROV2026/install/rov_control/share/osqp/codegen_files/inc/private
[0.158s] -- Up-to-date: /home/student/Desktop/ROV2026/install/rov_control/share/osqp/codegen_files/inc/private/auxil.h
[0.158s] -- Up-to-date: /home/student/Desktop/ROV2026/install/rov_control/share/osqp/codegen_files/inc/private/timing.h
[0.158s] -- Up-to-date: /home/student/Desktop/ROV2026/install/rov_control/share/osqp/codegen_files/inc/private/qdldl_interface.h
[0.158s] -- Up-to-date: /home/student/Desktop/ROV2026/install/rov_control/share/osqp/codegen_files/inc/private/version.h
[0.158s] -- Up-to-date: /home/student/Desktop/ROV2026/install/rov_control/share/osqp/codegen_files/inc/private/printing.h
[0.159s] -- Up-to-date: /home/student/Desktop/ROV2026/install/rov_control/share/osqp/codegen_files/inc/private/scaling.h
[0.159s] -- Up-to-date: /home/student/Desktop/ROV2026/install/rov_control/share/osqp/codegen_files/inc/private/csc_utils.h
[0.159s] -- Up-to-date: /home/student/Desktop/ROV2026/install/rov_control/share/osqp/codegen_files/inc/private/error.h
[0.159s] -- Up-to-date: /home/student/Desktop/ROV2026/install/rov_control/share/osqp/codegen_files/inc/private/types.h
[0.159s] -- Up-to-date: /home/student/Desktop/ROV2026/install/rov_control/share/osqp/codegen_files/inc/private/csc_math.h
[0.159s] -- Up-to-date: /home/student/Desktop/ROV2026/install/rov_control/share/osqp/codegen_files/inc/private/qdldl_types.h
[0.159s] -- Up-to-date: /home/student/Desktop/ROV2026/install/rov_control/share/osqp/codegen_files/inc/private/profilers.h
[0.159s] -- Up-to-date: /home/student/Desktop/ROV2026/install/rov_control/share/osqp/codegen_files/inc/private/algebra_matrix.h
[0.159s] -- Up-to-date: /home/student/Desktop/ROV2026/install/rov_control/share/osqp/codegen_files/inc/private/qdldl_version.h
[0.159s] -- Up-to-date: /home/student/Desktop/ROV2026/install/rov_control/share/osqp/codegen_files/inc/private/lin_alg.h
[0.159s] -- Up-to-date: /home/student/Desktop/ROV2026/install/rov_control/share/osqp/codegen_files/inc/private/algebra_impl.h
[0.159s] -- Up-to-date: /home/student/Desktop/ROV2026/install/rov_control/share/osqp/codegen_files/inc/private/glob_opts.h
[0.159s] -- Up-to-date: /home/student/Desktop/ROV2026/install/rov_control/share/osqp/codegen_files/inc/private/util.h
[0.159s] -- Up-to-date: /home/student/Desktop/ROV2026/install/rov_control/share/osqp/codegen_files/inc/private/algebra_vector.h
[0.159s] -- Up-to-date: /home/student/Desktop/ROV2026/install/rov_control/share/osqp/codegen_files/inc/private/kkt.h
[0.160s] -- Up-to-date: /home/student/Desktop/ROV2026/install/rov_control/share/osqp/codegen_files/inc/private/qdldl.h
[0.160s] -- Up-to-date: /home/student/Desktop/ROV2026/install/rov_control/share/osqp/codegen_files/Makefile
[0.160s] -- Up-to-date: /home/student/Desktop/ROV2026/install/rov_control/share/rov_control/plugins/axis_to_command_controller_plugin.xml
[0.160s] -- Up-to-date: /home/student/Desktop/ROV2026/install/rov_control/lib/librov_control.so
[0.160s] -- Up-to-date: /home/student/Desktop/ROV2026/install/rov_control/lib/libaxis_to_command_controller.so
[0.160s] -- Up-to-date: /home/student/Desktop/ROV2026/install/rov_control/bin/gamepad_parser_node
[0.160s] -- Up-to-date: /home/student/Desktop/ROV2026/install/rov_control/include/
[0.160s] -- Up-to-date: /home/student/Desktop/ROV2026/install/rov_control/include//rov_control
[0.160s] -- Up-to-date: /home/student/Desktop/ROV2026/install/rov_control/include//rov_control/thruster_pid_controller.hpp
[0.160s] -- Up-to-date: /home/student/Desktop/ROV2026/install/rov_control/include//rov_control/gamepad_parser_node.hpp
[0.160s] -- Up-to-date: /home/student/Desktop/ROV2026/install/rov_control/include//rov_control/libdriver_pca9685
[0.160s] -- Up-to-date: /home/student/Desktop/ROV2026/install/rov_control/include//rov_control/libdriver_pca9685/driver_pca9685_interface.h
[0.160s] -- Up-to-date: /home/student/Desktop/ROV2026/install/rov_control/include//rov_control/libdriver_pca9685/driver_pca9685.h
[0.160s] -- Up-to-date: /home/student/Desktop/ROV2026/install/rov_control/include//rov_control/pwm_interface.hpp
[0.160s] -- Up-to-date: /home/student/Desktop/ROV2026/install/rov_control/include//rov_control/axis_to_command_controller.hpp
[0.160s] -- Up-to-date: /home/student/Desktop/ROV2026/install/rov_control/share/rov_control/environment/library_path.sh
[0.160s] -- Up-to-date: /home/student/Desktop/ROV2026/install/rov_control/share/rov_control/environment/library_path.dsv
[0.161s] -- Up-to-date: /home/student/Desktop/ROV2026/install/rov_control/share/ament_index/resource_index/package_run_dependencies/rov_control
[0.161s] -- Up-to-date: /home/student/Desktop/ROV2026/install/rov_control/share/ament_index/resource_index/parent_prefix_path/rov_control
[0.161s] -- Up-to-date: /home/student/Desktop/ROV2026/install/rov_control/share/rov_control/environment/ament_prefix_path.sh
[0.161s] -- Up-to-date: /home/student/Desktop/ROV2026/install/rov_control/share/rov_control/environment/ament_prefix_path.dsv
[0.161s] -- Up-to-date: /home/student/Desktop/ROV2026/install/rov_control/share/rov_control/environment/path.sh
[0.161s] -- Up-to-date: /home/student/Desktop/ROV2026/install/rov_control/share/rov_control/environment/path.dsv
[0.161s] -- Up-to-date: /home/student/Desktop/ROV2026/install/rov_control/share/rov_control/local_setup.bash
[0.162s] -- Up-to-date: /home/student/Desktop/ROV2026/install/rov_control/share/rov_control/local_setup.sh
[0.162s] -- Up-to-date: /home/student/Desktop/ROV2026/install/rov_control/share/rov_control/local_setup.zsh
[0.162s] -- Up-to-date: /home/student/Desktop/ROV2026/install/rov_control/share/rov_control/local_setup.dsv
[0.162s] -- Installing: /home/student/Desktop/ROV2026/install/rov_control/share/rov_control/package.dsv
[0.162s] -- Up-to-date: /home/student/Desktop/ROV2026/install/rov_control/share/ament_index/resource_index/packages/rov_control
[0.162s] -- Up-to-date: /home/student/Desktop/ROV2026/install/rov_control/share/ament_index/resource_index/controller_interface__pluginlib__plugin/rov_control
[0.162s] -- Up-to-date: /home/student/Desktop/ROV2026/install/rov_control/share/rov_control/cmake/export_rov_controlExport.cmake
[0.162s] -- Up-to-date: /home/student/Desktop/ROV2026/install/rov_control/share/rov_control/cmake/export_rov_controlExport-noconfig.cmake
[0.162s] -- Up-to-date: /home/student/Desktop/ROV2026/install/rov_control/share/rov_control/cmake/ament_cmake_export_libraries-extras.cmake
[0.162s] -- Up-to-date: /home/student/Desktop/ROV2026/install/rov_control/share/rov_control/cmake/ament_cmake_export_targets-extras.cmake
[0.163s] -- Up-to-date: /home/student/Desktop/ROV2026/install/rov_control/share/rov_control/cmake/rov_controlConfig.cmake
[0.163s] -- Up-to-date: /home/student/Desktop/ROV2026/install/rov_control/share/rov_control/cmake/rov_controlConfig-version.cmake
[0.163s] -- Up-to-date: /home/student/Desktop/ROV2026/install/rov_control/share/rov_control/package.xml
[0.163s] Invoked command in '/home/student/Desktop/ROV2026/build/rov_control' returned '0': CMAKE_PREFIX_PATH=${CMAKE_PREFIX_PATH}:/opt/ros/jazzy /usr/bin/cmake --install /home/student/Desktop/ROV2026/build/rov_control
