[0.010s] Invoking command in '/home/student/Desktop/ROV2026/build/rov_control': CMAKE_PREFIX_PATH=${CMAKE_PREFIX_PATH}:/opt/ros/jazzy /usr/bin/cmake /home/student/Desktop/ROV2026/src/rov_control -DAMENT_CMAKE_SYMLINK_INSTALL=1 -DCMAKE_INSTALL_PREFIX=/home/student/Desktop/ROV2026/install/rov_control
[0.058s] -- The C compiler identification is GNU 13.3.0
[0.111s] -- The CXX compiler identification is GNU 13.3.0
[0.124s] -- Detecting C compiler ABI info
[0.201s] -- Detecting C compiler ABI info - done
[0.210s] -- Check for working C compiler: /usr/bin/cc - skipped
[0.210s] -- Detecting C compile features
[0.211s] -- Detecting C compile features - done
[0.218s] -- Detecting CXX compiler ABI info
[0.316s] -- Detecting CXX compiler ABI info - done
[0.324s] -- Check for working CXX compiler: /usr/bin/c++ - skipped
[0.325s] -- Detecting CXX compile features
[0.325s] -- Detecting CXX compile features - done
[0.328s] -- Found ament_cmake: 2.5.4 (/opt/ros/jazzy/share/ament_cmake/cmake)
[0.466s] -- Found Python3: /usr/bin/python3 (found version "3.12.3") found components: Interpreter 
[0.538s] -- Override CMake install command with custom implementation using symlinks instead of copying resources
[0.585s] -- Found rclcpp: 28.1.9 (/opt/ros/jazzy/share/rclcpp/cmake)
[0.625s] -- Found rosidl_generator_c: 4.6.5 (/opt/ros/jazzy/share/rosidl_generator_c/cmake)
[0.638s] -- Found rosidl_generator_cpp: 4.6.5 (/opt/ros/jazzy/share/rosidl_generator_cpp/cmake)
[0.654s] -- Using all available rosidl_typesupport_c: rosidl_typesupport_fastrtps_c;rosidl_typesupport_introspection_c
[0.673s] -- Using all available rosidl_typesupport_cpp: rosidl_typesupport_fastrtps_cpp;rosidl_typesupport_introspection_cpp
[0.752s] -- Found rmw_implementation_cmake: 7.3.2 (/opt/ros/jazzy/share/rmw_implementation_cmake/cmake)
[0.753s] -- Found rmw_fastrtps_cpp: 8.4.2 (/opt/ros/jazzy/share/rmw_fastrtps_cpp/cmake)
[0.830s] -- Found OpenSSL: /usr/lib/x86_64-linux-gnu/libcrypto.so (found version "3.0.13")  
[0.850s] -- Found FastRTPS: /opt/ros/jazzy/include (Required is at least version "2.13") 
[0.871s] -- Using RMW implementation 'rmw_fastrtps_cpp' as default
[0.945s] -- Found hardware_interface: 4.29.0 (/opt/ros/jazzy/share/hardware_interface/cmake)
[1.293s] -- Found controller_interface: 4.29.0 (/opt/ros/jazzy/share/controller_interface/cmake)
[1.307s] -- Debug mode: 
[1.307s] -- We are on a Linux system
[1.307s] -- Embedded mode: OFF
[1.307s] -- Algebra backend: builtin
[1.307s] -- Solver profiling: ON
[1.307s] -- Solver interrupt: ON
[1.307s] -- Using double precision floating-point
[1.307s] -- Using long integers
[1.307s] -- Code generation: ON
[1.307s] -- Derivative support: ON
[1.314s] -- Fetching/configuring QDLDL solver
[1.743s] --   Using double precision floats
[1.743s] --   Long integers (64bit) are ON
[1.745s] --   Static library build is OFF
[1.745s] --   Shared library build is OFF
[1.745s] --   Demo executable build is OFF
[1.745s] --   Not building demo executable
[1.745s] --   Unit testing suite build is OFF
[1.746s] -- Build static library: ON
[1.746s] -- Build shared library: ON
[1.746s] -- Build demo executable: ON
[1.840s] -- Configuring done (1.8s)
[1.900s] -- Generating done (0.0s)
[1.914s] -- Build files have been written to: /home/student/Desktop/ROV2026/build/rov_control
[1.929s] Invoked command in '/home/student/Desktop/ROV2026/build/rov_control' returned '0': CMAKE_PREFIX_PATH=${CMAKE_PREFIX_PATH}:/opt/ros/jazzy /usr/bin/cmake /home/student/Desktop/ROV2026/src/rov_control -DAMENT_CMAKE_SYMLINK_INSTALL=1 -DCMAKE_INSTALL_PREFIX=/home/student/Desktop/ROV2026/install/rov_control
[1.930s] Invoking command in '/home/student/Desktop/ROV2026/build/rov_control': CMAKE_PREFIX_PATH=${CMAKE_PREFIX_PATH}:/opt/ros/jazzy /usr/bin/cmake --build /home/student/Desktop/ROV2026/build/rov_control -- -j6 -l6
[1.991s] [  1%] Built target copy_codegen_makefile
[1.996s] [ 11%] Built target qdldlobject
[1.998s] [ 36%] Built target copy_codegen_incs
[1.998s] [ 38%] Built target copy_codegen_linalg
[1.999s] [ 40%] Built target gamepad_parser_node
[2.001s] [ 44%] Built target rov_control
[2.014s] [ 50%] Built target copy_codegen_srcs
[2.025s] [ 79%] Built target OSQPLIB
[2.032s] [ 79%] Built target copy_codegen_files
[2.043s] [ 81%] Built target osqpstatic
[2.046s] [ 84%] Built target osqp
[2.066s] [ 86%] Built target osqp_codegen_demo
[2.066s] [ 95%] Built target osqp_demo
[2.070s] [ 97%] Built target osqp_simple_demo
[2.079s] [100%] Built target axis_to_command_controller
[2.089s] Invoked command in '/home/student/Desktop/ROV2026/build/rov_control' returned '0': CMAKE_PREFIX_PATH=${CMAKE_PREFIX_PATH}:/opt/ros/jazzy /usr/bin/cmake --build /home/student/Desktop/ROV2026/build/rov_control -- -j6 -l6
[2.090s] Invoking command in '/home/student/Desktop/ROV2026/build/rov_control': CMAKE_PREFIX_PATH=${CMAKE_PREFIX_PATH}:/opt/ros/jazzy /usr/bin/cmake --install /home/student/Desktop/ROV2026/build/rov_control
[2.097s] -- Install configuration: ""
[2.097s] -- Execute custom install script
[2.098s] -- Up-to-date symlink: /home/student/Desktop/ROV2026/install/rov_control/include/qdldl/qdldl.h
[2.098s] -- Up-to-date symlink: /home/student/Desktop/ROV2026/install/rov_control/include/qdldl/qdldl_types.h
[2.098s] -- Up-to-date symlink: /home/student/Desktop/ROV2026/install/rov_control/include/qdldl/qdldl_version.h
[2.098s] -- Up-to-date symlink: /home/student/Desktop/ROV2026/install/rov_control/include/osqp/osqp.h
[2.098s] -- Up-to-date symlink: /home/student/Desktop/ROV2026/install/rov_control/include/osqp/osqp_api_constants.h
[2.098s] -- Up-to-date symlink: /home/student/Desktop/ROV2026/install/rov_control/include/osqp/osqp_api_functions.h
[2.098s] -- Up-to-date symlink: /home/student/Desktop/ROV2026/install/rov_control/include/osqp/osqp_api_types.h
[2.098s] -- Up-to-date symlink: /home/student/Desktop/ROV2026/install/rov_control/include/osqp/osqp_export_define.h
[2.098s] -- Up-to-date symlink: /home/student/Desktop/ROV2026/install/rov_control/include/osqp/osqp_configure.h
[2.099s] -- Up-to-date symlink: /home/student/Desktop/ROV2026/install/rov_control/lib/cmake/osqp/osqp-config.cmake
[2.099s] -- Up-to-date symlink: /home/student/Desktop/ROV2026/install/rov_control/lib/cmake/osqp/osqp-config-version.cmake
[2.099s] -- Up-to-date symlink: /home/student/Desktop/ROV2026/install/rov_control/share/rov_control/plugins/pwm_interface_plugin.xml
[2.099s] -- Up-to-date symlink: /home/student/Desktop/ROV2026/install/rov_control/share/rov_control/plugins/axis_to_command_controller_plugin.xml
[2.099s] -- Up-to-date symlink: /home/student/Desktop/ROV2026/install/rov_control/include//rov_control/axis_to_command_controller.hpp
[2.099s] -- Up-to-date symlink: /home/student/Desktop/ROV2026/install/rov_control/include//rov_control/gamepad_parser_node.hpp
[2.100s] -- Up-to-date symlink: /home/student/Desktop/ROV2026/install/rov_control/include//rov_control/libdriver_pca9685/driver_pca9685.h
[2.100s] -- Up-to-date symlink: /home/student/Desktop/ROV2026/install/rov_control/include//rov_control/libdriver_pca9685/driver_pca9685_interface.h
[2.100s] -- Up-to-date symlink: /home/student/Desktop/ROV2026/install/rov_control/include//rov_control/pwm_interface.hpp
[2.100s] -- Up-to-date symlink: /home/student/Desktop/ROV2026/install/rov_control/include//rov_control/thruster_pid_controller.hpp
[2.100s] -- Up-to-date symlink: /home/student/Desktop/ROV2026/install/rov_control/share/rov_control/launch/rov_control_launch.py
[2.100s] -- Up-to-date symlink: /home/student/Desktop/ROV2026/install/rov_control/share/rov_control/launch/rov_control_launch_test.py
[2.100s] -- Up-to-date symlink: /home/student/Desktop/ROV2026/install/rov_control/share/rov_control/environment/library_path.sh
[2.101s] -- Up-to-date symlink: /home/student/Desktop/ROV2026/install/rov_control/share/rov_control/environment/library_path.dsv
[2.101s] -- Up-to-date symlink: /home/student/Desktop/ROV2026/install/rov_control/share/ament_index/resource_index/package_run_dependencies/rov_control
[2.101s] -- Up-to-date symlink: /home/student/Desktop/ROV2026/install/rov_control/share/ament_index/resource_index/parent_prefix_path/rov_control
[2.101s] -- Up-to-date symlink: /home/student/Desktop/ROV2026/install/rov_control/share/rov_control/environment/ament_prefix_path.sh
[2.101s] -- Up-to-date symlink: /home/student/Desktop/ROV2026/install/rov_control/share/rov_control/environment/ament_prefix_path.dsv
[2.101s] -- Up-to-date symlink: /home/student/Desktop/ROV2026/install/rov_control/share/rov_control/environment/path.sh
[2.101s] -- Up-to-date symlink: /home/student/Desktop/ROV2026/install/rov_control/share/rov_control/environment/path.dsv
[2.102s] -- Up-to-date symlink: /home/student/Desktop/ROV2026/install/rov_control/share/rov_control/local_setup.bash
[2.102s] -- Up-to-date symlink: /home/student/Desktop/ROV2026/install/rov_control/share/rov_control/local_setup.sh
[2.102s] -- Up-to-date symlink: /home/student/Desktop/ROV2026/install/rov_control/share/rov_control/local_setup.zsh
[2.102s] -- Up-to-date symlink: /home/student/Desktop/ROV2026/install/rov_control/share/rov_control/local_setup.dsv
[2.102s] -- Symlinking: /home/student/Desktop/ROV2026/install/rov_control/share/rov_control/package.dsv
[2.112s] -- Up-to-date symlink: /home/student/Desktop/ROV2026/install/rov_control/share/ament_index/resource_index/packages/rov_control
[2.112s] -- Up-to-date symlink: /home/student/Desktop/ROV2026/install/rov_control/share/ament_index/resource_index/hardware_interface__pluginlib__plugin/rov_control
[2.112s] -- Up-to-date symlink: /home/student/Desktop/ROV2026/install/rov_control/share/ament_index/resource_index/controller_interface__pluginlib__plugin/rov_control
[2.112s] -- Up-to-date symlink: /home/student/Desktop/ROV2026/install/rov_control/share/rov_control/cmake/ament_cmake_export_libraries-extras.cmake
[2.112s] -- Up-to-date symlink: /home/student/Desktop/ROV2026/install/rov_control/share/rov_control/cmake/ament_cmake_export_targets-extras.cmake
[2.112s] -- Up-to-date symlink: /home/student/Desktop/ROV2026/install/rov_control/share/rov_control/cmake/rov_controlConfig.cmake
[2.112s] -- Up-to-date symlink: /home/student/Desktop/ROV2026/install/rov_control/share/rov_control/cmake/rov_controlConfig-version.cmake
[2.112s] -- Up-to-date symlink: /home/student/Desktop/ROV2026/install/rov_control/share/rov_control/package.xml
[2.113s] -- Up-to-date: /home/student/Desktop/ROV2026/install/rov_control/lib/libosqpstatic.a
[2.113s] -- Up-to-date: /home/student/Desktop/ROV2026/install/rov_control/lib/cmake/osqp/osqpstatic-targets.cmake
[2.113s] -- Up-to-date: /home/student/Desktop/ROV2026/install/rov_control/lib/cmake/osqp/osqpstatic-targets-noconfig.cmake
[2.117s] -- Up-to-date: /home/student/Desktop/ROV2026/install/rov_control/lib/libosqp.so
[2.117s] -- Up-to-date: /home/student/Desktop/ROV2026/install/rov_control/lib/cmake/osqp/osqp-targets.cmake
[2.117s] -- Up-to-date: /home/student/Desktop/ROV2026/install/rov_control/lib/cmake/osqp/osqp-targets-noconfig.cmake
[2.117s] -- Up-to-date: /home/student/Desktop/ROV2026/install/rov_control/share/osqp/codegen_files
[2.117s] -- Up-to-date: /home/student/Desktop/ROV2026/install/rov_control/share/osqp/codegen_files/src
[2.117s] -- Up-to-date: /home/student/Desktop/ROV2026/install/rov_control/share/osqp/codegen_files/src/scaling.c
[2.117s] -- Up-to-date: /home/student/Desktop/ROV2026/install/rov_control/share/osqp/codegen_files/src/util.c
[2.117s] -- Up-to-date: /home/student/Desktop/ROV2026/install/rov_control/share/osqp/codegen_files/src/qdldl.c
[2.117s] -- Up-to-date: /home/student/Desktop/ROV2026/install/rov_control/share/osqp/codegen_files/src/vector.c
[2.117s] -- Up-to-date: /home/student/Desktop/ROV2026/install/rov_control/share/osqp/codegen_files/src/osqp_api.c
[2.117s] -- Up-to-date: /home/student/Desktop/ROV2026/install/rov_control/share/osqp/codegen_files/src/qdldl_interface.c
[2.117s] -- Up-to-date: /home/student/Desktop/ROV2026/install/rov_control/share/osqp/codegen_files/src/auxil.c
[2.118s] -- Up-to-date: /home/student/Desktop/ROV2026/install/rov_control/share/osqp/codegen_files/src/kkt.c
[2.118s] -- Up-to-date: /home/student/Desktop/ROV2026/install/rov_control/share/osqp/codegen_files/src/csc_utils.c
[2.118s] -- Up-to-date: /home/student/Desktop/ROV2026/install/rov_control/share/osqp/codegen_files/src/error.c
[2.118s] -- Up-to-date: /home/student/Desktop/ROV2026/install/rov_control/share/osqp/codegen_files/src/matrix.c
[2.118s] -- Up-to-date: /home/student/Desktop/ROV2026/install/rov_control/share/osqp/codegen_files/src/algebra_libs.c
[2.118s] -- Up-to-date: /home/student/Desktop/ROV2026/install/rov_control/share/osqp/codegen_files/src/csc_math.c
[2.118s] -- Up-to-date: /home/student/Desktop/ROV2026/install/rov_control/share/osqp/codegen_files/inc
[2.118s] -- Up-to-date: /home/student/Desktop/ROV2026/install/rov_control/share/osqp/codegen_files/inc/public
[2.118s] -- Up-to-date: /home/student/Desktop/ROV2026/install/rov_control/share/osqp/codegen_files/inc/public/osqp_api_functions.h
[2.118s] -- Up-to-date: /home/student/Desktop/ROV2026/install/rov_control/share/osqp/codegen_files/inc/public/osqp_api_types.h
[2.118s] -- Up-to-date: /home/student/Desktop/ROV2026/install/rov_control/share/osqp/codegen_files/inc/public/osqp.h
[2.118s] -- Up-to-date: /home/student/Desktop/ROV2026/install/rov_control/share/osqp/codegen_files/inc/public/osqp_api_constants.h
[2.118s] -- Up-to-date: /home/student/Desktop/ROV2026/install/rov_control/share/osqp/codegen_files/inc/public/osqp_export_define.h
[2.118s] -- Up-to-date: /home/student/Desktop/ROV2026/install/rov_control/share/osqp/codegen_files/inc/private
[2.118s] -- Up-to-date: /home/student/Desktop/ROV2026/install/rov_control/share/osqp/codegen_files/inc/private/auxil.h
[2.118s] -- Up-to-date: /home/student/Desktop/ROV2026/install/rov_control/share/osqp/codegen_files/inc/private/timing.h
[2.118s] -- Up-to-date: /home/student/Desktop/ROV2026/install/rov_control/share/osqp/codegen_files/inc/private/qdldl_interface.h
[2.119s] -- Up-to-date: /home/student/Desktop/ROV2026/install/rov_control/share/osqp/codegen_files/inc/private/version.h
[2.119s] -- Up-to-date: /home/student/Desktop/ROV2026/install/rov_control/share/osqp/codegen_files/inc/private/printing.h
[2.119s] -- Up-to-date: /home/student/Desktop/ROV2026/install/rov_control/share/osqp/codegen_files/inc/private/scaling.h
[2.119s] -- Up-to-date: /home/student/Desktop/ROV2026/install/rov_control/share/osqp/codegen_files/inc/private/csc_utils.h
[2.119s] -- Up-to-date: /home/student/Desktop/ROV2026/install/rov_control/share/osqp/codegen_files/inc/private/error.h
[2.119s] -- Up-to-date: /home/student/Desktop/ROV2026/install/rov_control/share/osqp/codegen_files/inc/private/types.h
[2.119s] -- Up-to-date: /home/student/Desktop/ROV2026/install/rov_control/share/osqp/codegen_files/inc/private/csc_math.h
[2.119s] -- Up-to-date: /home/student/Desktop/ROV2026/install/rov_control/share/osqp/codegen_files/inc/private/qdldl_types.h
[2.119s] -- Up-to-date: /home/student/Desktop/ROV2026/install/rov_control/share/osqp/codegen_files/inc/private/profilers.h
[2.119s] -- Up-to-date: /home/student/Desktop/ROV2026/install/rov_control/share/osqp/codegen_files/inc/private/algebra_matrix.h
[2.119s] -- Up-to-date: /home/student/Desktop/ROV2026/install/rov_control/share/osqp/codegen_files/inc/private/qdldl_version.h
[2.119s] -- Up-to-date: /home/student/Desktop/ROV2026/install/rov_control/share/osqp/codegen_files/inc/private/lin_alg.h
[2.119s] -- Up-to-date: /home/student/Desktop/ROV2026/install/rov_control/share/osqp/codegen_files/inc/private/algebra_impl.h
[2.119s] -- Up-to-date: /home/student/Desktop/ROV2026/install/rov_control/share/osqp/codegen_files/inc/private/glob_opts.h
[2.119s] -- Up-to-date: /home/student/Desktop/ROV2026/install/rov_control/share/osqp/codegen_files/inc/private/util.h
[2.119s] -- Up-to-date: /home/student/Desktop/ROV2026/install/rov_control/share/osqp/codegen_files/inc/private/algebra_vector.h
[2.119s] -- Up-to-date: /home/student/Desktop/ROV2026/install/rov_control/share/osqp/codegen_files/inc/private/kkt.h
[2.120s] -- Up-to-date: /home/student/Desktop/ROV2026/install/rov_control/share/osqp/codegen_files/inc/private/qdldl.h
[2.120s] -- Up-to-date: /home/student/Desktop/ROV2026/install/rov_control/share/osqp/codegen_files/Makefile
[2.120s] -- Up-to-date: /home/student/Desktop/ROV2026/install/rov_control/lib/librov_control.so
[2.120s] -- Up-to-date: /home/student/Desktop/ROV2026/install/rov_control/lib/libaxis_to_command_controller.so
[2.120s] -- Up-to-date: /home/student/Desktop/ROV2026/install/rov_control/lib/rov_control/gamepad_parser_node
[2.120s] -- Up-to-date: /home/student/Desktop/ROV2026/install/rov_control/share/rov_control/cmake/export_rov_controlExport.cmake
[2.120s] -- Up-to-date: /home/student/Desktop/ROV2026/install/rov_control/share/rov_control/cmake/export_rov_controlExport-noconfig.cmake
[2.124s] Invoked command in '/home/student/Desktop/ROV2026/build/rov_control' returned '0': CMAKE_PREFIX_PATH=${CMAKE_PREFIX_PATH}:/opt/ros/jazzy /usr/bin/cmake --install /home/student/Desktop/ROV2026/build/rov_control
