[0.013s] Invoking command in '/home/artificer/Desktop/ROV2026/build/rov_control': CMAKE_PREFIX_PATH=${CMAKE_PREFIX_PATH}:/opt/ros/jazzy /usr/bin/cmake /home/artificer/Desktop/ROV2026/src/rov_control -DCMAKE_INSTALL_PREFIX=/home/artificer/Desktop/ROV2026/install/rov_control
[0.061s] -- The C compiler identification is GNU 13.3.0
[0.113s] -- The CXX compiler identification is GNU 13.3.0
[0.128s] -- Detecting C compiler ABI info
[0.213s] -- Detecting C compiler ABI info - done
[0.222s] -- Check for working C compiler: /usr/bin/cc - skipped
[0.222s] -- Detecting C compile features
[0.223s] -- Detecting C compile features - done
[0.230s] -- Detecting CXX compiler ABI info
[0.325s] -- Detecting CXX compiler ABI info - done
[0.333s] -- Check for working CXX compiler: /usr/bin/c++ - skipped
[0.333s] -- Detecting CXX compile features
[0.333s] -- Detecting CXX compile features - done
[0.337s] -- Found ament_cmake: 2.5.4 (/opt/ros/jazzy/share/ament_cmake/cmake)
[0.472s] -- Found Python3: /usr/bin/python3 (found version "3.12.3") found components: Interpreter 
[0.585s] -- Found rclcpp: 28.1.9 (/opt/ros/jazzy/share/rclcpp/cmake)
[0.625s] -- Found rosidl_generator_c: 4.6.5 (/opt/ros/jazzy/share/rosidl_generator_c/cmake)
[0.638s] -- Found rosidl_generator_cpp: 4.6.5 (/opt/ros/jazzy/share/rosidl_generator_cpp/cmake)
[0.653s] -- Using all available rosidl_typesupport_c: rosidl_typesupport_fastrtps_c;rosidl_typesupport_introspection_c
[0.670s] -- Using all available rosidl_typesupport_cpp: rosidl_typesupport_fastrtps_cpp;rosidl_typesupport_introspection_cpp
[0.744s] -- Found rmw_implementation_cmake: 7.3.2 (/opt/ros/jazzy/share/rmw_implementation_cmake/cmake)
[0.747s] -- Found rmw_fastrtps_cpp: 8.4.2 (/opt/ros/jazzy/share/rmw_fastrtps_cpp/cmake)
[0.829s] -- Found OpenSSL: /usr/lib/x86_64-linux-gnu/libcrypto.so (found version "3.0.13")  
[0.850s] -- Found FastRTPS: /opt/ros/jazzy/include (Required is at least version "2.13") 
[0.873s] -- Using RMW implementation 'rmw_fastrtps_cpp' as default
[0.943s] -- Found hardware_interface: 4.29.0 (/opt/ros/jazzy/share/hardware_interface/cmake)
[1.286s] -- Found controller_interface: 4.29.0 (/opt/ros/jazzy/share/controller_interface/cmake)
[1.300s] -- Debug mode: 
[1.300s] -- We are on a Linux system
[1.300s] -- Embedded mode: OFF
[1.300s] -- Algebra backend: builtin
[1.300s] -- Solver profiling: ON
[1.301s] -- Solver interrupt: ON
[1.301s] -- Using double precision floating-point
[1.301s] -- Using long integers
[1.301s] -- Code generation: ON
[1.301s] -- Derivative support: ON
[1.308s] -- Fetching/configuring QDLDL solver
[1.845s] --   Using double precision floats
[1.846s] --   Long integers (64bit) are ON
[1.847s] --   Static library build is OFF
[1.847s] --   Shared library build is OFF
[1.847s] --   Demo executable build is OFF
[1.847s] --   Not building demo executable
[1.847s] --   Unit testing suite build is OFF
[1.848s] -- Build static library: ON
[1.848s] -- Build shared library: ON
[1.848s] -- Build demo executable: ON
[1.942s] -- Configuring done (1.9s)
[1.950s] [31mCMake Error at CMakeLists.txt:51 (add_library):
[1.950s]   Cannot find source file:
[1.950s] 
[1.950s]     src/axis_to_command_controller.cpp
[1.950s] 
[1.950s]   Tried extensions .c .C .c++ .cc .cpp .cxx .cu .mpp .m .M .mm .ixx .cppm
[1.950s]   .ccm .cxxm .c++m .h .hh .h++ .hm .hpp .hxx .in .txx .f .F .for .f77 .f90
[1.950s]   .f95 .f03 .hip .ispc
[1.950s] 
[1.950s] [0m
[1.957s] [31mCMake Error at CMakeLists.txt:51 (add_library):
[1.957s]   No SOURCES given to target: axis_to_command_controller
[1.957s] 
[1.957s] [0m
[1.957s] [0mCMake Generate step failed.  Build files cannot be regenerated correctly.[0m
[1.973s] Invoked command in '/home/artificer/Desktop/ROV2026/build/rov_control' returned '1': CMAKE_PREFIX_PATH=${CMAKE_PREFIX_PATH}:/opt/ros/jazzy /usr/bin/cmake /home/artificer/Desktop/ROV2026/src/rov_control -DCMAKE_INSTALL_PREFIX=/home/artificer/Desktop/ROV2026/install/rov_control
