[0.009s] Invoking command in '/home/student/Desktop/ROV2026/build/rov_control': CMAKE_PREFIX_PATH=${CMAKE_PREFIX_PATH}:/opt/ros/jazzy /usr/bin/cmake --build /home/student/Desktop/ROV2026/build/rov_control -- -j6 -l6
[0.046s] -- Found ament_cmake: 2.5.4 (/opt/ros/jazzy/share/ament_cmake/cmake)
[0.251s] -- Found rclcpp: 28.1.9 (/opt/ros/jazzy/share/rclcpp/cmake)
[0.287s] -- Found rosidl_generator_c: 4.6.5 (/opt/ros/jazzy/share/rosidl_generator_c/cmake)
[0.298s] -- Found rosidl_generator_cpp: 4.6.5 (/opt/ros/jazzy/share/rosidl_generator_cpp/cmake)
[0.315s] -- Using all available rosidl_typesupport_c: rosidl_typesupport_fastrtps_c;rosidl_typesupport_introspection_c
[0.333s] -- Using all available rosidl_typesupport_cpp: rosidl_typesupport_fastrtps_cpp;rosidl_typesupport_introspection_cpp
[0.410s] -- Found rmw_implementation_cmake: 7.3.2 (/opt/ros/jazzy/share/rmw_implementation_cmake/cmake)
[0.412s] -- Found rmw_fastrtps_cpp: 8.4.2 (/opt/ros/jazzy/share/rmw_fastrtps_cpp/cmake)
[0.486s] -- Using RMW implementation 'rmw_fastrtps_cpp' as default
[0.563s] -- Found hardware_interface: 4.29.0 (/opt/ros/jazzy/share/hardware_interface/cmake)
[0.850s] -- Found controller_interface: 4.29.0 (/opt/ros/jazzy/share/controller_interface/cmake)
[0.860s] -- Debug mode: 
[0.860s] -- We are on a Linux system
[0.861s] -- Embedded mode: OFF
[0.861s] -- Algebra backend: builtin
[0.861s] -- Solver profiling: ON
[0.861s] -- Solver interrupt: ON
[0.861s] -- Using double precision floating-point
[0.861s] -- Using long integers
[0.861s] -- Code generation: ON
[0.861s] -- Derivative support: ON
[0.869s] -- Fetching/configuring QDLDL solver
[1.647s] --   Using double precision floats
[1.647s] --   Long integers (64bit) are ON
[1.649s] --   Static library build is OFF
[1.649s] --   Shared library build is OFF
[1.649s] --   Demo executable build is OFF
[1.649s] --   Not building demo executable
[1.649s] --   Unit testing suite build is OFF
[1.650s] -- Build static library: ON
[1.650s] -- Build shared library: ON
[1.650s] -- Build demo executable: ON
[1.652s] [31mCMake Error at /opt/ros/jazzy/share/ament_cmake_target_dependencies/cmake/ament_target_dependencies.cmake:77 (message):
[1.652s]   ament_target_dependencies() the passed package name 'gamepad_parser_node'
[1.652s]   was not found before
[1.652s] Call Stack (most recent call first):
[1.653s]   CMakeLists.txt:28 (ament_target_dependencies)
[1.653s] 
[1.653s] [0m
[1.653s] -- Configuring incomplete, errors occurred!
[1.663s] gmake: *** [Makefile:478: cmake_check_build_system] Error 1
[1.664s] Invoked command in '/home/student/Desktop/ROV2026/build/rov_control' returned '2': CMAKE_PREFIX_PATH=${CMAKE_PREFIX_PATH}:/opt/ros/jazzy /usr/bin/cmake --build /home/student/Desktop/ROV2026/build/rov_control -- -j6 -l6
