[0.199s] Invoking command in '/home/artificer/Desktop/ROV2026/src/build/description': CMAKE_PREFIX_PATH=${CMAKE_PREFIX_PATH}:/opt/ros/jazzy VIRTUAL_ENV_PROMPT=(.venv) /usr/bin/cmake /home/artificer/Desktop/ROV2026/src/description -DCMAKE_INSTALL_PREFIX=/home/artificer/Desktop/ROV2026/src/install/description
[0.280s] -- The C compiler identification is GNU 13.3.0
[0.350s] -- The CXX compiler identification is GNU 13.3.0
[0.367s] -- Detecting C compiler ABI info
[0.451s] -- Detecting C compiler ABI info - done
[0.460s] -- Check for working C compiler: /usr/bin/cc - skipped
[0.460s] -- Detecting C compile features
[0.460s] -- Detecting C compile features - done
[0.470s] -- Detecting CXX compiler ABI info
[0.568s] -- Detecting CXX compiler ABI info - done
[0.577s] -- Check for working CXX compiler: /usr/bin/c++ - skipped
[0.577s] -- Detecting CXX compile features
[0.578s] -- Detecting CXX compile features - done
[0.581s] -- Found ament_cmake: 2.5.4 (/opt/ros/jazzy/share/ament_cmake/cmake)
[0.707s] -- Found Python3: /home/artificer/Desktop/ROV2026/.venv/bin/python3 (found version "3.12.3") found components: Interpreter 
[0.814s] -- Found ament_lint_auto: 0.17.2 (/opt/ros/jazzy/share/ament_lint_auto/cmake)
[0.832s] Traceback (most recent call last):
[0.833s]   File "/opt/ros/jazzy/share/ament_cmake_core/cmake/core/package_xml_2_cmake.py", line 22, in <module>
[0.833s]     from catkin_pkg.package import parse_package_string
[0.833s] ModuleNotFoundError: No module named 'catkin_pkg'
[0.835s] [31mCMake Error at /opt/ros/jazzy/share/ament_cmake_core/cmake/core/ament_package_xml.cmake:95 (message):
[0.835s]   execute_process(/home/artificer/Desktop/ROV2026/.venv/bin/python3
[0.835s]   /opt/ros/jazzy/share/ament_cmake_core/cmake/core/package_xml_2_cmake.py
[0.836s]   /home/artificer/Desktop/ROV2026/src/description/package.xml
[0.836s]   /home/artificer/Desktop/ROV2026/src/build/description/ament_cmake_core/package.cmake)
[0.836s]   returned error code 1
[0.836s] Call Stack (most recent call first):
[0.836s]   /opt/ros/jazzy/share/ament_cmake_core/cmake/core/ament_package_xml.cmake:49 (_ament_package_xml)
[0.836s]   /opt/ros/jazzy/share/ament_lint_auto/cmake/ament_lint_auto_find_test_dependencies.cmake:31 (ament_package_xml)
[0.836s]   CMakeLists.txt:27 (ament_lint_auto_find_test_dependencies)
[0.836s] 
[0.836s] [0m
[0.836s] -- Configuring incomplete, errors occurred!
[0.843s] Invoked command in '/home/artificer/Desktop/ROV2026/src/build/description' returned '1': CMAKE_PREFIX_PATH=${CMAKE_PREFIX_PATH}:/opt/ros/jazzy VIRTUAL_ENV_PROMPT=(.venv) /usr/bin/cmake /home/artificer/Desktop/ROV2026/src/description -DCMAKE_INSTALL_PREFIX=/home/artificer/Desktop/ROV2026/src/install/description
