[0.009s] Invoking command in '/home/artificer/Desktop/ROV2026/build/rov_control': CMAKE_PREFIX_PATH=${CMAKE_PREFIX_PATH}:/opt/ros/jazzy /usr/bin/cmake /home/artificer/Desktop/ROV2026/src/rov_control -DAMENT_CMAKE_SYMLINK_INSTALL=1 -DCMAKE_INSTALL_PREFIX=/home/artificer/Desktop/ROV2026/install/rov_control
[0.054s] -- The C compiler identification is GNU 13.3.0
[0.101s] -- The CXX compiler identification is GNU 13.3.0
[0.115s] -- Detecting C compiler ABI info
[0.191s] -- Detecting C compiler ABI info - done
[0.201s] -- Check for working C compiler: /usr/bin/cc - skipped
[0.201s] -- Detecting C compile features
[0.201s] -- Detecting C compile features - done
[0.209s] -- Detecting CXX compiler ABI info
[0.295s] -- Detecting CXX compiler ABI info - done
[0.302s] -- Check for working CXX compiler: /usr/bin/c++ - skipped
[0.303s] -- Detecting CXX compile features
[0.303s] -- Detecting CXX compile features - done
[0.305s] -- Found ament_cmake: 2.5.4 (/opt/ros/jazzy/share/ament_cmake/cmake)
[0.427s] -- Found Python3: /usr/bin/python3 (found version "3.12.3") found components: Interpreter 
[0.491s] -- Override CMake install command with custom implementation using symlinks instead of copying resources
[0.520s] -- Found rclcpp: 28.1.9 (/opt/ros/jazzy/share/rclcpp/cmake)
[0.559s] -- Found rosidl_generator_c: 4.6.5 (/opt/ros/jazzy/share/rosidl_generator_c/cmake)
[0.571s] -- Found rosidl_generator_cpp: 4.6.5 (/opt/ros/jazzy/share/rosidl_generator_cpp/cmake)
[0.586s] -- Using all available rosidl_typesupport_c: rosidl_typesupport_fastrtps_c;rosidl_typesupport_introspection_c
[0.602s] -- Using all available rosidl_typesupport_cpp: rosidl_typesupport_fastrtps_cpp;rosidl_typesupport_introspection_cpp
[0.670s] -- Found rmw_implementation_cmake: 7.3.2 (/opt/ros/jazzy/share/rmw_implementation_cmake/cmake)
[0.673s] -- Found rmw_fastrtps_cpp: 8.4.2 (/opt/ros/jazzy/share/rmw_fastrtps_cpp/cmake)
[0.743s] -- Found OpenSSL: /usr/lib/x86_64-linux-gnu/libcrypto.so (found version "3.0.13")  
[0.761s] -- Found FastRTPS: /opt/ros/jazzy/include (Required is at least version "2.13") 
[0.781s] -- Using RMW implementation 'rmw_fastrtps_cpp' as default
[0.847s] -- Found hardware_interface: 4.29.0 (/opt/ros/jazzy/share/hardware_interface/cmake)
[1.168s] -- Found controller_interface: 4.29.0 (/opt/ros/jazzy/share/controller_interface/cmake)
[1.182s] -- Debug mode: 
[1.182s] -- We are on a Linux system
[1.182s] -- Embedded mode: OFF
[1.182s] -- Algebra backend: builtin
[1.182s] -- Solver profiling: ON
[1.182s] -- Solver interrupt: ON
[1.182s] -- Using double precision floating-point
[1.183s] -- Using long integers
[1.183s] -- Code generation: ON
[1.183s] -- Derivative support: ON
[1.188s] -- Fetching/configuring QDLDL solver
[1.656s] --   Using double precision floats
[1.657s] --   Long integers (64bit) are ON
[1.658s] --   Static library build is OFF
[1.658s] --   Shared library build is OFF
[1.658s] --   Demo executable build is OFF
[1.658s] --   Not building demo executable
[1.658s] --   Unit testing suite build is OFF
[1.659s] -- Build static library: ON
[1.659s] -- Build shared library: ON
[1.659s] -- Build demo executable: ON
[1.738s] -- Configuring done (1.7s)
[1.792s] -- Generating done (0.0s)
[1.804s] -- Build files have been written to: /home/artificer/Desktop/ROV2026/build/rov_control
