[0.014s] Invoking command in '/home/artificer/Desktop/ROV2026/build/description': CMAKE_PREFIX_PATH=${CMAKE_PREFIX_PATH}:/opt/ros/jazzy /usr/bin/cmake /home/artificer/Desktop/ROV2026/src/description -DAMENT_CMAKE_SYMLINK_INSTALL=1 -DCMAKE_INSTALL_PREFIX=/home/artificer/Desktop/ROV2026/install/description
[0.063s] -- The C compiler identification is GNU 13.3.0
[0.109s] -- The CXX compiler identification is GNU 13.3.0
[0.123s] -- Detecting C compiler ABI info
[0.195s] -- Detecting C compiler ABI info - done
[0.202s] -- Check for working C compiler: /usr/bin/cc - skipped
[0.203s] -- Detecting C compile features
[0.203s] -- Detecting C compile features - done
[0.211s] -- Detecting CXX compiler ABI info
[0.294s] -- Detecting CXX compiler ABI info - done
[0.302s] -- Check for working CXX compiler: /usr/bin/c++ - skipped
[0.302s] -- Detecting CXX compile features
[0.302s] -- Detecting CXX compile features - done
[0.305s] -- Found ament_cmake: 2.5.4 (/opt/ros/jazzy/share/ament_cmake/cmake)
[0.426s] -- Found Python3: /usr/bin/python3 (found version "3.12.3") found components: Interpreter 
[0.495s] -- Override CMake install command with custom implementation using symlinks instead of copying resources
[0.528s] -- Found ament_lint_auto: 0.17.2 (/opt/ros/jazzy/share/ament_lint_auto/cmake)
[0.617s] -- Added test 'lint_cmake' to check CMake code style
[0.618s] -- Added test 'xmllint' to check XML markup files
[0.619s] -- Configuring done (0.6s)
[0.623s] -- Generating done (0.0s)
[0.624s] -- Build files have been written to: /home/artificer/Desktop/ROV2026/build/description
[0.628s] Invoked command in '/home/artificer/Desktop/ROV2026/build/description' returned '0': CMAKE_PREFIX_PATH=${CMAKE_PREFIX_PATH}:/opt/ros/jazzy /usr/bin/cmake /home/artificer/Desktop/ROV2026/src/description -DAMENT_CMAKE_SYMLINK_INSTALL=1 -DCMAKE_INSTALL_PREFIX=/home/artificer/Desktop/ROV2026/install/description
[0.630s] Invoking command in '/home/artificer/Desktop/ROV2026/build/description': CMAKE_PREFIX_PATH=${CMAKE_PREFIX_PATH}:/opt/ros/jazzy /usr/bin/cmake --build /home/artificer/Desktop/ROV2026/build/description -- -j12 -l12
[0.664s] Invoked command in '/home/artificer/Desktop/ROV2026/build/description' returned '0': CMAKE_PREFIX_PATH=${CMAKE_PREFIX_PATH}:/opt/ros/jazzy /usr/bin/cmake --build /home/artificer/Desktop/ROV2026/build/description -- -j12 -l12
[0.672s] Invoking command in '/home/artificer/Desktop/ROV2026/build/description': CMAKE_PREFIX_PATH=${CMAKE_PREFIX_PATH}:/opt/ros/jazzy /usr/bin/cmake --install /home/artificer/Desktop/ROV2026/build/description
[0.678s] -- Install configuration: ""
[0.678s] -- Execute custom install script
[0.679s] -- Up-to-date symlink: /home/artificer/Desktop/ROV2026/install/description/share/description/urdf/ROV2026.urdf.xacro
[0.679s] -- Up-to-date symlink: /home/artificer/Desktop/ROV2026/install/description/share/ament_index/resource_index/package_run_dependencies/description
[0.679s] -- Up-to-date symlink: /home/artificer/Desktop/ROV2026/install/description/share/ament_index/resource_index/parent_prefix_path/description
[0.679s] -- Up-to-date symlink: /home/artificer/Desktop/ROV2026/install/description/share/description/environment/ament_prefix_path.sh
[0.679s] -- Up-to-date symlink: /home/artificer/Desktop/ROV2026/install/description/share/description/environment/ament_prefix_path.dsv
[0.679s] -- Up-to-date symlink: /home/artificer/Desktop/ROV2026/install/description/share/description/environment/path.sh
[0.679s] -- Up-to-date symlink: /home/artificer/Desktop/ROV2026/install/description/share/description/environment/path.dsv
[0.680s] -- Up-to-date symlink: /home/artificer/Desktop/ROV2026/install/description/share/description/local_setup.bash
[0.680s] -- Up-to-date symlink: /home/artificer/Desktop/ROV2026/install/description/share/description/local_setup.sh
[0.680s] -- Up-to-date symlink: /home/artificer/Desktop/ROV2026/install/description/share/description/local_setup.zsh
[0.680s] -- Up-to-date symlink: /home/artificer/Desktop/ROV2026/install/description/share/description/local_setup.dsv
[0.680s] -- Symlinking: /home/artificer/Desktop/ROV2026/install/description/share/description/package.dsv
[0.688s] -- Up-to-date symlink: /home/artificer/Desktop/ROV2026/install/description/share/ament_index/resource_index/packages/description
[0.688s] -- Up-to-date symlink: /home/artificer/Desktop/ROV2026/install/description/share/description/cmake/descriptionConfig.cmake
[0.688s] -- Up-to-date symlink: /home/artificer/Desktop/ROV2026/install/description/share/description/cmake/descriptionConfig-version.cmake
[0.688s] -- Up-to-date symlink: /home/artificer/Desktop/ROV2026/install/description/share/description/package.xml
[0.690s] Invoked command in '/home/artificer/Desktop/ROV2026/build/description' returned '0': CMAKE_PREFIX_PATH=${CMAKE_PREFIX_PATH}:/opt/ros/jazzy /usr/bin/cmake --install /home/artificer/Desktop/ROV2026/build/description
