[0.010s] Invoking command in '/home/artificer/Desktop/ROV2026/build/dummy_hardware': CMAKE_PREFIX_PATH=${CMAKE_PREFIX_PATH}:/opt/ros/jazzy /usr/bin/cmake /home/artificer/Desktop/ROV2026/src/dummy_hardware -DCMAKE_INSTALL_PREFIX=/home/artificer/Desktop/ROV2026/install/dummy_hardware
[0.055s] -- The C compiler identification is GNU 13.3.0
[0.100s] -- The CXX compiler identification is GNU 13.3.0
[0.114s] -- Detecting C compiler ABI info
[0.191s] -- Detecting C compiler ABI info - done
[0.198s] -- Check for working C compiler: /usr/bin/cc - skipped
[0.199s] -- Detecting C compile features
[0.199s] -- Detecting C compile features - done
[0.207s] -- Detecting CXX compiler ABI info
[0.296s] -- Detecting CXX compiler ABI info - done
[0.304s] -- Check for working CXX compiler: /usr/bin/c++ - skipped
[0.304s] -- Detecting CXX compile features
[0.304s] -- Detecting CXX compile features - done
[0.307s] -- Found ament_cmake: 2.5.4 (/opt/ros/jazzy/share/ament_cmake/cmake)
[0.432s] -- Found Python3: /usr/bin/python3 (found version "3.12.3") found components: Interpreter 
[0.552s] -- Found hardware_interface: 4.29.0 (/opt/ros/jazzy/share/hardware_interface/cmake)
[0.598s] -- Found rosidl_generator_c: 4.6.5 (/opt/ros/jazzy/share/rosidl_generator_c/cmake)
[0.610s] -- Found rosidl_generator_cpp: 4.6.5 (/opt/ros/jazzy/share/rosidl_generator_cpp/cmake)
[0.626s] -- Using all available rosidl_typesupport_c: rosidl_typesupport_fastrtps_c;rosidl_typesupport_introspection_c
[0.642s] -- Using all available rosidl_typesupport_cpp: rosidl_typesupport_fastrtps_cpp;rosidl_typesupport_introspection_cpp
[0.846s] -- Found TinyXML2 via Config file: /usr/lib/x86_64-linux-gnu/cmake/tinyxml2
[0.888s] -- Found rmw_implementation_cmake: 7.3.2 (/opt/ros/jazzy/share/rmw_implementation_cmake/cmake)
[0.891s] -- Found rmw_fastrtps_cpp: 8.4.2 (/opt/ros/jazzy/share/rmw_fastrtps_cpp/cmake)
[0.913s] -- Found TinyXML2 via Config file: /usr/lib/x86_64-linux-gnu/cmake/tinyxml2
[0.961s] -- Found OpenSSL: /usr/lib/x86_64-linux-gnu/libcrypto.so (found version "3.0.13")  
[0.964s] -- Found TinyXML2 via Config file: /usr/lib/x86_64-linux-gnu/cmake/tinyxml2
[0.979s] -- Found FastRTPS: /opt/ros/jazzy/include (Required is at least version "2.13") 
[0.982s] -- Found TinyXML2 via Config file: /usr/lib/x86_64-linux-gnu/cmake/tinyxml2
[0.990s] -- Found TinyXML2 via Config file: /usr/lib/x86_64-linux-gnu/cmake/tinyxml2
[1.001s] -- Using RMW implementation 'rmw_fastrtps_cpp' as default
[1.219s] -- Found ament_lint_auto: 0.17.2 (/opt/ros/jazzy/share/ament_lint_auto/cmake)
[1.314s] -- Added test 'cppcheck' to perform static code analysis on C / C++ code
[1.314s] -- Configured cppcheck include dirs: 
[1.314s] -- Configured cppcheck exclude dirs and/or files: 
[1.315s] -- Added test 'lint_cmake' to check CMake code style
[1.316s] -- Added test 'uncrustify' to check C / C++ code style
[1.316s] -- Configured uncrustify additional arguments: 
[1.317s] -- Added test 'xmllint' to check XML markup files
[1.318s] -- Configuring done (1.3s)
[1.336s] -- Generating done (0.0s)
[1.340s] -- Build files have been written to: /home/artificer/Desktop/ROV2026/build/dummy_hardware
[1.350s] Invoked command in '/home/artificer/Desktop/ROV2026/build/dummy_hardware' returned '0': CMAKE_PREFIX_PATH=${CMAKE_PREFIX_PATH}:/opt/ros/jazzy /usr/bin/cmake /home/artificer/Desktop/ROV2026/src/dummy_hardware -DCMAKE_INSTALL_PREFIX=/home/artificer/Desktop/ROV2026/install/dummy_hardware
[1.351s] Invoking command in '/home/artificer/Desktop/ROV2026/build/dummy_hardware': CMAKE_PREFIX_PATH=${CMAKE_PREFIX_PATH}:/opt/ros/jazzy /usr/bin/cmake --build /home/artificer/Desktop/ROV2026/build/dummy_hardware -- -j12 -l12
[1.408s] [100%] Built target dummy_hardware
[1.418s] Invoked command in '/home/artificer/Desktop/ROV2026/build/dummy_hardware' returned '0': CMAKE_PREFIX_PATH=${CMAKE_PREFIX_PATH}:/opt/ros/jazzy /usr/bin/cmake --build /home/artificer/Desktop/ROV2026/build/dummy_hardware -- -j12 -l12
[1.419s] Invoking command in '/home/artificer/Desktop/ROV2026/build/dummy_hardware': CMAKE_PREFIX_PATH=${CMAKE_PREFIX_PATH}:/opt/ros/jazzy /usr/bin/cmake --install /home/artificer/Desktop/ROV2026/build/dummy_hardware
[1.426s] -- Install configuration: ""
[1.426s] -- Installing: /home/artificer/Desktop/ROV2026/install/dummy_hardware/share/dummy_hardware/plugins/dummy_hardware_plugin.xml
[1.427s] -- Installing: /home/artificer/Desktop/ROV2026/install/dummy_hardware/lib/libdummy_hardware.so
[1.428s] -- Set non-toolchain portion of runtime path of "/home/artificer/Desktop/ROV2026/install/dummy_hardware/lib/libdummy_hardware.so" to ""
[1.428s] -- Installing: /home/artificer/Desktop/ROV2026/install/dummy_hardware/share/ament_index/resource_index/package_run_dependencies/dummy_hardware
[1.428s] -- Installing: /home/artificer/Desktop/ROV2026/install/dummy_hardware/share/ament_index/resource_index/parent_prefix_path/dummy_hardware
[1.429s] -- Installing: /home/artificer/Desktop/ROV2026/install/dummy_hardware/share/dummy_hardware/environment/ament_prefix_path.sh
[1.429s] -- Installing: /home/artificer/Desktop/ROV2026/install/dummy_hardware/share/dummy_hardware/environment/ament_prefix_path.dsv
[1.429s] -- Installing: /home/artificer/Desktop/ROV2026/install/dummy_hardware/share/dummy_hardware/environment/path.sh
[1.429s] -- Installing: /home/artificer/Desktop/ROV2026/install/dummy_hardware/share/dummy_hardware/environment/path.dsv
[1.429s] -- Installing: /home/artificer/Desktop/ROV2026/install/dummy_hardware/share/dummy_hardware/local_setup.bash
[1.429s] -- Installing: /home/artificer/Desktop/ROV2026/install/dummy_hardware/share/dummy_hardware/local_setup.sh
[1.429s] -- Installing: /home/artificer/Desktop/ROV2026/install/dummy_hardware/share/dummy_hardware/local_setup.zsh
[1.430s] -- Installing: /home/artificer/Desktop/ROV2026/install/dummy_hardware/share/dummy_hardware/local_setup.dsv
[1.430s] -- Installing: /home/artificer/Desktop/ROV2026/install/dummy_hardware/share/dummy_hardware/package.dsv
[1.430s] -- Installing: /home/artificer/Desktop/ROV2026/install/dummy_hardware/share/ament_index/resource_index/packages/dummy_hardware
[1.430s] -- Installing: /home/artificer/Desktop/ROV2026/install/dummy_hardware/share/ament_index/resource_index/hardware_interface__pluginlib__plugin/dummy_hardware
[1.430s] -- Installing: /home/artificer/Desktop/ROV2026/install/dummy_hardware/share/dummy_hardware/cmake/dummy_hardwareConfig.cmake
[1.430s] -- Installing: /home/artificer/Desktop/ROV2026/install/dummy_hardware/share/dummy_hardware/cmake/dummy_hardwareConfig-version.cmake
[1.431s] -- Installing: /home/artificer/Desktop/ROV2026/install/dummy_hardware/share/dummy_hardware/package.xml
[1.432s] Invoked command in '/home/artificer/Desktop/ROV2026/build/dummy_hardware' returned '0': CMAKE_PREFIX_PATH=${CMAKE_PREFIX_PATH}:/opt/ros/jazzy /usr/bin/cmake --install /home/artificer/Desktop/ROV2026/build/dummy_hardware
