[0.012s] Invoking command in '/home/artificer/Desktop/ROV2026/build/description': CMAKE_PREFIX_PATH=${CMAKE_PREFIX_PATH}:/opt/ros/jazzy /usr/bin/cmake /home/artificer/Desktop/ROV2026/src/description -DCMAKE_INSTALL_PREFIX=/home/artificer/Desktop/ROV2026/install/description
[0.088s] -- The C compiler identification is GNU 13.3.0
[0.155s] -- The CXX compiler identification is GNU 13.3.0
[0.172s] -- Detecting C compiler ABI info
[0.249s] -- Detecting C compiler ABI info - done
[0.257s] -- Check for working C compiler: /usr/bin/cc - skipped
[0.257s] -- Detecting C compile features
[0.258s] -- Detecting C compile features - done
[0.266s] -- Detecting CXX compiler ABI info
[0.348s] -- Detecting CXX compiler ABI info - done
[0.355s] -- Check for working CXX compiler: /usr/bin/c++ - skipped
[0.356s] -- Detecting CXX compile features
[0.356s] -- Detecting CXX compile features - done
[0.362s] -- Found ament_cmake: 2.5.4 (/opt/ros/jazzy/share/ament_cmake/cmake)
[0.486s] -- Found Python3: /usr/bin/python3 (found version "3.12.3") found components: Interpreter 
[0.592s] -- Found ament_lint_auto: 0.17.2 (/opt/ros/jazzy/share/ament_lint_auto/cmake)
[0.687s] -- Added test 'lint_cmake' to check CMake code style
[0.688s] -- Added test 'xmllint' to check XML markup files
[0.690s] -- Configuring done (0.7s)
[0.693s] -- Generating done (0.0s)
[0.695s] -- Build files have been written to: /home/artificer/Desktop/ROV2026/build/description
[0.699s] Invoked command in '/home/artificer/Desktop/ROV2026/build/description' returned '0': CMAKE_PREFIX_PATH=${CMAKE_PREFIX_PATH}:/opt/ros/jazzy /usr/bin/cmake /home/artificer/Desktop/ROV2026/src/description -DCMAKE_INSTALL_PREFIX=/home/artificer/Desktop/ROV2026/install/description
[0.700s] Invoking command in '/home/artificer/Desktop/ROV2026/build/description': CMAKE_PREFIX_PATH=${CMAKE_PREFIX_PATH}:/opt/ros/jazzy /usr/bin/cmake --build /home/artificer/Desktop/ROV2026/build/description -- -j12 -l12
[0.737s] Invoked command in '/home/artificer/Desktop/ROV2026/build/description' returned '0': CMAKE_PREFIX_PATH=${CMAKE_PREFIX_PATH}:/opt/ros/jazzy /usr/bin/cmake --build /home/artificer/Desktop/ROV2026/build/description -- -j12 -l12
[0.746s] Invoking command in '/home/artificer/Desktop/ROV2026/build/description': CMAKE_PREFIX_PATH=${CMAKE_PREFIX_PATH}:/opt/ros/jazzy /usr/bin/cmake --install /home/artificer/Desktop/ROV2026/build/description
[0.753s] -- Install configuration: ""
[0.754s] -- Up-to-date: /home/artificer/Desktop/ROV2026/install/description/share/description/urdf
[0.754s] -- Installing: /home/artificer/Desktop/ROV2026/install/description/share/description/urdf/ROV2026.urdf.xacro
[0.754s] -- Installing: /home/artificer/Desktop/ROV2026/install/description/share/ament_index/resource_index/package_run_dependencies/description
[0.754s] -- Installing: /home/artificer/Desktop/ROV2026/install/description/share/ament_index/resource_index/parent_prefix_path/description
[0.754s] -- Installing: /home/artificer/Desktop/ROV2026/install/description/share/description/environment/ament_prefix_path.sh
[0.754s] -- Installing: /home/artificer/Desktop/ROV2026/install/description/share/description/environment/ament_prefix_path.dsv
[0.754s] -- Installing: /home/artificer/Desktop/ROV2026/install/description/share/description/environment/path.sh
[0.754s] -- Installing: /home/artificer/Desktop/ROV2026/install/description/share/description/environment/path.dsv
[0.755s] -- Installing: /home/artificer/Desktop/ROV2026/install/description/share/description/local_setup.bash
[0.755s] -- Installing: /home/artificer/Desktop/ROV2026/install/description/share/description/local_setup.sh
[0.755s] -- Installing: /home/artificer/Desktop/ROV2026/install/description/share/description/local_setup.zsh
[0.755s] -- Installing: /home/artificer/Desktop/ROV2026/install/description/share/description/local_setup.dsv
[0.755s] -- Installing: /home/artificer/Desktop/ROV2026/install/description/share/description/package.dsv
[0.755s] -- Installing: /home/artificer/Desktop/ROV2026/install/description/share/ament_index/resource_index/packages/description
[0.755s] -- Installing: /home/artificer/Desktop/ROV2026/install/description/share/description/cmake/descriptionConfig.cmake
[0.756s] -- Installing: /home/artificer/Desktop/ROV2026/install/description/share/description/cmake/descriptionConfig-version.cmake
[0.756s] -- Installing: /home/artificer/Desktop/ROV2026/install/description/share/description/package.xml
[0.758s] Invoked command in '/home/artificer/Desktop/ROV2026/build/description' returned '0': CMAKE_PREFIX_PATH=${CMAKE_PREFIX_PATH}:/opt/ros/jazzy /usr/bin/cmake --install /home/artificer/Desktop/ROV2026/build/description
