-- Found ament_cmake: 2.5.4 (/opt/ros/jazzy/share/ament_cmake/cmake)
-- Override CMake install command with custom implementation using symlinks instead of copying resources
-- Found hardware_interface: 4.29.0 (/opt/ros/jazzy/share/hardware_interface/cmake)
-- Found rosidl_generator_c: 4.6.5 (/opt/ros/jazzy/share/rosidl_generator_c/cmake)
-- Found rosidl_generator_cpp: 4.6.5 (/opt/ros/jazzy/share/rosidl_generator_cpp/cmake)
-- Using all available rosidl_typesupport_c: rosidl_typesupport_fastrtps_c;rosidl_typesupport_introspection_c
-- Using all available rosidl_typesupport_cpp: rosidl_typesupport_fastrtps_cpp;rosidl_typesupport_introspection_cpp
-- Found TinyXML2 via Config file: /usr/lib/x86_64-linux-gnu/cmake/tinyxml2
-- Found rmw_implementation_cmake: 7.3.2 (/opt/ros/jazzy/share/rmw_implementation_cmake/cmake)
-- Found rmw_fastrtps_cpp: 8.4.2 (/opt/ros/jazzy/share/rmw_fastrtps_cpp/cmake)
-- Found TinyXML2 via Config file: /usr/lib/x86_64-linux-gnu/cmake/tinyxml2
-- Found TinyXML2 via Config file: /usr/lib/x86_64-linux-gnu/cmake/tinyxml2
-- Found TinyXML2 via Config file: /usr/lib/x86_64-linux-gnu/cmake/tinyxml2
-- Found TinyXML2 via Config file: /usr/lib/x86_64-linux-gnu/cmake/tinyxml2
-- Using RMW implementation 'rmw_fastrtps_cpp' as default
-- Found ament_lint_auto: 0.17.2 (/opt/ros/jazzy/share/ament_lint_auto/cmake)
-- Added test 'cppcheck' to perform static code analysis on C / C++ code
-- Configured cppcheck include dirs: 
-- Configured cppcheck exclude dirs and/or files: 
-- Added test 'lint_cmake' to check CMake code style
-- Added test 'uncrustify' to check C / C++ code style
-- Configured uncrustify additional arguments: 
-- Added test 'xmllint' to check XML markup files
-- Configuring done (1.1s)
-- Generating done (0.0s)
-- Build files have been written to: /home/student/Desktop/ROV2026/build/dummy_hardware
[100%] Built target dummy_hardware
-- Install configuration: ""
-- Execute custom install script
-- Symlinking: /home/student/Desktop/ROV2026/install/dummy_hardware/share/dummy_hardware/plugins/dummy_hardware_plugin.xml
-- Up-to-date symlink: /home/student/Desktop/ROV2026/install/dummy_hardware/lib/libdummy_hardware.so
-- Symlinking: /home/student/Desktop/ROV2026/install/dummy_hardware/share/ament_index/resource_index/package_run_dependencies/dummy_hardware
-- Symlinking: /home/student/Desktop/ROV2026/install/dummy_hardware/share/ament_index/resource_index/parent_prefix_path/dummy_hardware
-- Symlinking: /home/student/Desktop/ROV2026/install/dummy_hardware/share/dummy_hardware/environment/ament_prefix_path.sh
-- Symlinking: /home/student/Desktop/ROV2026/install/dummy_hardware/share/dummy_hardware/environment/ament_prefix_path.dsv
-- Symlinking: /home/student/Desktop/ROV2026/install/dummy_hardware/share/dummy_hardware/environment/path.sh
-- Symlinking: /home/student/Desktop/ROV2026/install/dummy_hardware/share/dummy_hardware/environment/path.dsv
-- Symlinking: /home/student/Desktop/ROV2026/install/dummy_hardware/share/dummy_hardware/local_setup.bash
-- Symlinking: /home/student/Desktop/ROV2026/install/dummy_hardware/share/dummy_hardware/local_setup.sh
-- Symlinking: /home/student/Desktop/ROV2026/install/dummy_hardware/share/dummy_hardware/local_setup.zsh
-- Symlinking: /home/student/Desktop/ROV2026/install/dummy_hardware/share/dummy_hardware/local_setup.dsv
-- Symlinking: /home/student/Desktop/ROV2026/install/dummy_hardware/share/dummy_hardware/package.dsv
-- Symlinking: /home/student/Desktop/ROV2026/install/dummy_hardware/share/ament_index/resource_index/packages/dummy_hardware
-- Symlinking: /home/student/Desktop/ROV2026/install/dummy_hardware/share/ament_index/resource_index/hardware_interface__pluginlib__plugin/dummy_hardware
-- Symlinking: /home/student/Desktop/ROV2026/install/dummy_hardware/share/dummy_hardware/cmake/dummy_hardwareConfig.cmake
-- Symlinking: /home/student/Desktop/ROV2026/install/dummy_hardware/share/dummy_hardware/cmake/dummy_hardwareConfig-version.cmake
-- Symlinking: /home/student/Desktop/ROV2026/install/dummy_hardware/share/dummy_hardware/package.xml
