[0.012s] Invoking command in '/home/student/Desktop/ROV2026/build/dummy_hardware': CMAKE_PREFIX_PATH=${CMAKE_PREFIX_PATH}:/opt/ros/jazzy /usr/bin/cmake /home/student/Desktop/ROV2026/src/dummy_hardware -DCMAKE_INSTALL_PREFIX=/home/student/Desktop/ROV2026/install/dummy_hardware
[0.047s] -- Found ament_cmake: 2.5.4 (/opt/ros/jazzy/share/ament_cmake/cmake)
[0.274s] -- Override CMake install command with custom implementation using symlinks instead of copying resources
[0.311s] -- Found hardware_interface: 4.29.0 (/opt/ros/jazzy/share/hardware_interface/cmake)
[0.361s] -- Found rosidl_generator_c: 4.6.5 (/opt/ros/jazzy/share/rosidl_generator_c/cmake)
[0.376s] -- Found rosidl_generator_cpp: 4.6.5 (/opt/ros/jazzy/share/rosidl_generator_cpp/cmake)
[0.400s] -- Using all available rosidl_typesupport_c: rosidl_typesupport_fastrtps_c;rosidl_typesupport_introspection_c
[0.424s] -- Using all available rosidl_typesupport_cpp: rosidl_typesupport_fastrtps_cpp;rosidl_typesupport_introspection_cpp
[0.696s] -- Found TinyXML2 via Config file: /usr/lib/x86_64-linux-gnu/cmake/tinyxml2
[0.733s] -- Found rmw_implementation_cmake: 7.3.2 (/opt/ros/jazzy/share/rmw_implementation_cmake/cmake)
[0.734s] -- Found rmw_fastrtps_cpp: 8.4.2 (/opt/ros/jazzy/share/rmw_fastrtps_cpp/cmake)
[0.751s] -- Found TinyXML2 via Config file: /usr/lib/x86_64-linux-gnu/cmake/tinyxml2
[0.759s] -- Found TinyXML2 via Config file: /usr/lib/x86_64-linux-gnu/cmake/tinyxml2
[0.774s] -- Found TinyXML2 via Config file: /usr/lib/x86_64-linux-gnu/cmake/tinyxml2
[0.781s] -- Found TinyXML2 via Config file: /usr/lib/x86_64-linux-gnu/cmake/tinyxml2
[0.791s] -- Using RMW implementation 'rmw_fastrtps_cpp' as default
[1.011s] -- Found ament_lint_auto: 0.17.2 (/opt/ros/jazzy/share/ament_lint_auto/cmake)
[1.125s] -- Added test 'cppcheck' to perform static code analysis on C / C++ code
[1.125s] -- Configured cppcheck include dirs: 
[1.125s] -- Configured cppcheck exclude dirs and/or files: 
[1.125s] -- Added test 'lint_cmake' to check CMake code style
[1.126s] -- Added test 'uncrustify' to check C / C++ code style
[1.126s] -- Configured uncrustify additional arguments: 
[1.126s] -- Added test 'xmllint' to check XML markup files
[1.128s] -- Configuring done (1.1s)
[1.173s] -- Generating done (0.0s)
[1.177s] -- Build files have been written to: /home/student/Desktop/ROV2026/build/dummy_hardware
[1.187s] Invoked command in '/home/student/Desktop/ROV2026/build/dummy_hardware' returned '0': CMAKE_PREFIX_PATH=${CMAKE_PREFIX_PATH}:/opt/ros/jazzy /usr/bin/cmake /home/student/Desktop/ROV2026/src/dummy_hardware -DCMAKE_INSTALL_PREFIX=/home/student/Desktop/ROV2026/install/dummy_hardware
[1.188s] Invoking command in '/home/student/Desktop/ROV2026/build/dummy_hardware': CMAKE_PREFIX_PATH=${CMAKE_PREFIX_PATH}:/opt/ros/jazzy /usr/bin/cmake --build /home/student/Desktop/ROV2026/build/dummy_hardware -- -j6 -l6
[1.244s] [100%] Built target dummy_hardware
[1.253s] Invoked command in '/home/student/Desktop/ROV2026/build/dummy_hardware' returned '0': CMAKE_PREFIX_PATH=${CMAKE_PREFIX_PATH}:/opt/ros/jazzy /usr/bin/cmake --build /home/student/Desktop/ROV2026/build/dummy_hardware -- -j6 -l6
[1.255s] Invoking command in '/home/student/Desktop/ROV2026/build/dummy_hardware': CMAKE_PREFIX_PATH=${CMAKE_PREFIX_PATH}:/opt/ros/jazzy /usr/bin/cmake --install /home/student/Desktop/ROV2026/build/dummy_hardware
[1.261s] -- Install configuration: ""
[1.261s] -- Execute custom install script
[1.262s] -- Symlinking: /home/student/Desktop/ROV2026/install/dummy_hardware/share/dummy_hardware/plugins/dummy_hardware_plugin.xml
[1.269s] -- Up-to-date symlink: /home/student/Desktop/ROV2026/install/dummy_hardware/lib/libdummy_hardware.so
[1.269s] -- Symlinking: /home/student/Desktop/ROV2026/install/dummy_hardware/share/ament_index/resource_index/package_run_dependencies/dummy_hardware
[1.277s] -- Symlinking: /home/student/Desktop/ROV2026/install/dummy_hardware/share/ament_index/resource_index/parent_prefix_path/dummy_hardware
[1.285s] -- Symlinking: /home/student/Desktop/ROV2026/install/dummy_hardware/share/dummy_hardware/environment/ament_prefix_path.sh
[1.292s] -- Symlinking: /home/student/Desktop/ROV2026/install/dummy_hardware/share/dummy_hardware/environment/ament_prefix_path.dsv
[1.300s] -- Symlinking: /home/student/Desktop/ROV2026/install/dummy_hardware/share/dummy_hardware/environment/path.sh
[1.307s] -- Symlinking: /home/student/Desktop/ROV2026/install/dummy_hardware/share/dummy_hardware/environment/path.dsv
[1.315s] -- Symlinking: /home/student/Desktop/ROV2026/install/dummy_hardware/share/dummy_hardware/local_setup.bash
[1.322s] -- Symlinking: /home/student/Desktop/ROV2026/install/dummy_hardware/share/dummy_hardware/local_setup.sh
[1.329s] -- Symlinking: /home/student/Desktop/ROV2026/install/dummy_hardware/share/dummy_hardware/local_setup.zsh
[1.337s] -- Symlinking: /home/student/Desktop/ROV2026/install/dummy_hardware/share/dummy_hardware/local_setup.dsv
[1.344s] -- Symlinking: /home/student/Desktop/ROV2026/install/dummy_hardware/share/dummy_hardware/package.dsv
[1.352s] -- Symlinking: /home/student/Desktop/ROV2026/install/dummy_hardware/share/ament_index/resource_index/packages/dummy_hardware
[1.360s] -- Symlinking: /home/student/Desktop/ROV2026/install/dummy_hardware/share/ament_index/resource_index/hardware_interface__pluginlib__plugin/dummy_hardware
[1.368s] -- Symlinking: /home/student/Desktop/ROV2026/install/dummy_hardware/share/dummy_hardware/cmake/dummy_hardwareConfig.cmake
[1.375s] -- Symlinking: /home/student/Desktop/ROV2026/install/dummy_hardware/share/dummy_hardware/cmake/dummy_hardwareConfig-version.cmake
[1.382s] -- Symlinking: /home/student/Desktop/ROV2026/install/dummy_hardware/share/dummy_hardware/package.xml
[1.391s] Invoked command in '/home/student/Desktop/ROV2026/build/dummy_hardware' returned '0': CMAKE_PREFIX_PATH=${CMAKE_PREFIX_PATH}:/opt/ros/jazzy /usr/bin/cmake --install /home/student/Desktop/ROV2026/build/dummy_hardware
