[0.009s] Invoking command in '/home/student/Desktop/ROV2026/build/rov_control': CMAKE_PREFIX_PATH=${CMAKE_PREFIX_PATH}:/opt/ros/jazzy /usr/bin/cmake --build /home/student/Desktop/ROV2026/build/rov_control -- -j6 -l6
[0.045s] -- Found ament_cmake: 2.5.4 (/opt/ros/jazzy/share/ament_cmake/cmake)
[0.239s] -- Found rclcpp: 28.1.9 (/opt/ros/jazzy/share/rclcpp/cmake)
[0.263s] -- Found rosidl_generator_c: 4.6.5 (/opt/ros/jazzy/share/rosidl_generator_c/cmake)
[0.272s] -- Found rosidl_generator_cpp: 4.6.5 (/opt/ros/jazzy/share/rosidl_generator_cpp/cmake)
[0.282s] -- Using all available rosidl_typesupport_c: rosidl_typesupport_fastrtps_c;rosidl_typesupport_introspection_c
[0.294s] -- Using all available rosidl_typesupport_cpp: rosidl_typesupport_fastrtps_cpp;rosidl_typesupport_introspection_cpp
[0.352s] -- Found rmw_implementation_cmake: 7.3.2 (/opt/ros/jazzy/share/rmw_implementation_cmake/cmake)
[0.353s] -- Found rmw_fastrtps_cpp: 8.4.2 (/opt/ros/jazzy/share/rmw_fastrtps_cpp/cmake)
[0.412s] -- Using RMW implementation 'rmw_fastrtps_cpp' as default
[0.472s] -- Found hardware_interface: 4.29.0 (/opt/ros/jazzy/share/hardware_interface/cmake)
[0.688s] -- Found controller_interface: 4.29.0 (/opt/ros/jazzy/share/controller_interface/cmake)
[0.695s] -- Debug mode: 
[0.695s] -- We are on a Linux system
[0.696s] -- Embedded mode: OFF
[0.696s] -- Algebra backend: builtin
[0.696s] -- Solver profiling: ON
[0.696s] -- Solver interrupt: ON
[0.696s] -- Using double precision floating-point
[0.696s] -- Using long integers
[0.696s] -- Code generation: ON
[0.696s] -- Derivative support: ON
[0.702s] -- Fetching/configuring QDLDL solver
[1.172s] --   Using double precision floats
[1.172s] --   Long integers (64bit) are ON
[1.174s] --   Static library build is OFF
[1.174s] --   Shared library build is OFF
[1.174s] --   Demo executable build is OFF
[1.174s] --   Not building demo executable
[1.174s] --   Unit testing suite build is OFF
[1.175s] -- Build static library: ON
[1.175s] -- Build shared library: ON
[1.175s] -- Build demo executable: ON
[1.255s] -- Configuring done (1.2s)
[1.309s] -- Generating done (0.0s)
[1.321s] -- Build files have been written to: /home/student/Desktop/ROV2026/build/rov_control
[1.360s] [  1%] Built target copy_codegen_makefile
[1.361s] [  2%] Built target qdldlobject
[1.362s] [  3%] [32mBuilding CXX object CMakeFiles/gamepad_parser_node.dir/src/gamepad_parser_node.cpp.o[0m
[1.367s] [ 20%] Built target copy_codegen_linalg
[1.374s] [ 40%] Built target copy_codegen_incs
[1.374s] [ 42%] Built target rov_control
[1.382s] [ 47%] Built target copy_codegen_srcs
[1.390s] [ 78%] Built target OSQPLIB
[1.403s] [ 78%] Built target copy_codegen_files
[1.409s] [ 80%] Built target osqpstatic
[1.418s] [ 82%] Built target osqp
[1.431s] [ 84%] Built target osqp_simple_demo
[1.437s] [ 86%] Built target osqp_codegen_demo
[1.438s] [ 96%] Built target osqp_demo
[1.440s] [ 98%] Built target axis_to_command_controller
[3.186s] [01m[K/home/student/Desktop/ROV2026/src/rov_control/src/gamepad_parser_node.cpp:83:1:[m[K [01;31m[Kerror: [m[K‘[01m[K::main[m[K’ must return ‘[01m[Kint[m[K’
[3.186s]    83 | [01;31m[Kuint8_t[m[K main(uint8_t argc, char **argv)
[3.187s]       | [01;31m[K^~~~~~~[m[K
[3.187s] [01m[K/home/student/Desktop/ROV2026/src/rov_control/src/gamepad_parser_node.cpp:83:9:[m[K [01;35m[Kwarning: [m[Kfirst argument of ‘[01m[Kint[01;32m[K main[m[K(uint8_t, char**)[m[K’ should be ‘[01m[Kint[m[K’ [[01;35m[K]8;;https://gcc.gnu.org/onlinedocs/gcc/Warning-Options.html#index-Wmain-Wmain]8;;[m[K]
[3.187s]    83 | uint8_t [01;35m[Kmain[m[K(uint8_t argc, char **argv)
[3.187s]       |         [01;35m[K^~~~[m[K
[3.281s] In file included from [01m[K/opt/ros/jazzy/include/rclcpp/rclcpp/copy_all_parameter_values.hpp:25[m[K,
[3.281s]                  from [01m[K/opt/ros/jazzy/include/rclcpp/rclcpp/rclcpp.hpp:171[m[K,
[3.281s]                  from [01m[K/home/student/Desktop/ROV2026/src/rov_control/include/rov_control/gamepad_parser_node.hpp:5[m[K,
[3.281s]                  from [01m[K/home/student/Desktop/ROV2026/src/rov_control/src/gamepad_parser_node.cpp:1[m[K:
[3.282s] /opt/ros/jazzy/include/rclcpp/rclcpp/parameter.hpp: In instantiation of ‘[01m[Kauto rclcpp::detail::[01;32m[Kget_value_helper[m[K(const rclcpp::Parameter*) [35m[K[with T = std::map<std::__cxx11::basic_string<char>, std::map<std::__cxx11::basic_string<char>, rclcpp::ParameterValue> >][m[K[m[K’:
[3.282s] [01m[K/opt/ros/jazzy/include/rclcpp/rclcpp/parameter.hpp:274:39:[m[K   required from ‘[01m[Kdecltype(auto) rclcpp::Parameter::[01;32m[Kget_value[m[K() const [35m[K[with T = std::map<std::__cxx11::basic_string<char>, std::map<std::__cxx11::basic_string<char>, rclcpp::ParameterValue> >][m[K[m[K’
[3.282s] [01m[K/opt/ros/jazzy/include/rclcpp/rclcpp/node_impl.hpp:345:80:[m[K   required from ‘[01m[Kbool rclcpp::Node::[01;32m[Kget_parameter[m[K(const std::string&, ParameterT&) const [35m[K[with ParameterT = std::map<std::__cxx11::basic_string<char>, std::map<std::__cxx11::basic_string<char>, rclcpp::ParameterValue> >; std::string = std::__cxx11::basic_string<char>][m[K[m[K’
[3.282s] [01m[K/home/student/Desktop/ROV2026/src/rov_control/src/gamepad_parser_node.cpp:12:22:[m[K   required from here
[3.282s] [01m[K/opt/ros/jazzy/include/rclcpp/rclcpp/parameter.hpp:239:49:[m[K [01;31m[Kerror: [m[Kno matching function for call to ‘[01m[Krclcpp::ParameterValue::get<std::map<std::__cxx11::basic_string<char, std::char_traits<char>, std::allocator<char> >, std::map<std::__cxx11::basic_string<char, std::char_traits<char>, std::allocator<char> >, rclcpp::ParameterValue, std::less<std::__cxx11::basic_string<char, std::char_traits<char>, std::allocator<char> > >, std::allocator<std::pair<const std::__cxx11::basic_string<char, std::char_traits<char>, std::allocator<char> >, rclcpp::ParameterValue> > >, std::less<std::__cxx11::basic_string<char, std::char_traits<char>, std::allocator<char> > >, std::allocator<std::pair<const std::__cxx11::basic_string<char, std::char_traits<char>, std::allocator<char> >, std::map<std::__cxx11::basic_string<char, std::char_traits<char>, std::allocator<char> >, rclcpp::ParameterValue, std::less<std::__cxx11::basic_string<char, std::char_traits<char>, std::allocator<char> > >, std::allocator<std::pair<const std::__cxx11::basic_string<char, std::char_traits<char>, std::allocator<char> >, rclcpp::ParameterValue> > > > > > >() const[m[K’
[3.282s]   239 |   return [01;31m[Kparameter->get_parameter_value().get<T>()[m[K;
[3.282s]       |          [01;31m[K~~~~~~~~~~~~~~~~~~~~~~~~~~~~~~~~~~~~~~~^~[m[K
[3.282s] In file included from [01m[K/opt/ros/jazzy/include/rclcpp/rclcpp/parameter.hpp:26[m[K:
[3.282s] [01m[K/opt/ros/jazzy/include/rclcpp/rclcpp/parameter_value.hpp:149:3:[m[K [01;36m[Knote: [m[Kcandidate: ‘[01m[Ktemplate<rclcpp::ParameterType type> constexpr typename std::enable_if<(type == rclcpp::PARAMETER_BOOL), const bool&>::type rclcpp::ParameterValue::[01;32m[Kget[m[K() const[m[K’
[3.282s]   149 |   [01;36m[Kget[m[K() const
[3.282s]       |   [01;36m[K^~~[m[K
[3.282s] [01m[K/opt/ros/jazzy/include/rclcpp/rclcpp/parameter_value.hpp:149:3:[m[K [01;36m[Knote: [m[K  template argument deduction/substitution failed:
[3.283s] [01m[K/opt/ros/jazzy/include/rclcpp/rclcpp/parameter.hpp:239:49:[m[K [01;31m[Kerror: [m[Ktype/value mismatch at argument 1 in template parameter list for ‘[01m[Ktemplate<rclcpp::ParameterType type> constexpr typename std::enable_if<(type == rclcpp::PARAMETER_BOOL), const bool&>::type rclcpp::ParameterValue::[01;32m[Kget[m[K() const[m[K’
[3.283s]   239 |   return [01;31m[Kparameter->get_parameter_value().get<T>()[m[K;
[3.283s]       |          [01;31m[K~~~~~~~~~~~~~~~~~~~~~~~~~~~~~~~~~~~~~~~^~[m[K
[3.283s] [01m[K/opt/ros/jazzy/include/rclcpp/rclcpp/parameter.hpp:239:49:[m[K [01;36m[Knote: [m[K  expected a constant of type ‘[01m[Krclcpp::ParameterType[m[K’, got ‘[01m[Kstd::map<std::__cxx11::basic_string<char>, std::map<std::__cxx11::basic_string<char>, rclcpp::ParameterValue> >[m[K’
[3.283s] [01m[K/opt/ros/jazzy/include/rclcpp/rclcpp/parameter_value.hpp:160:3:[m[K [01;36m[Knote: [m[Kcandidate: ‘[01m[Ktemplate<rclcpp::ParameterType type> constexpr typename std::enable_if<(type == rclcpp::PARAMETER_INTEGER), const long int&>::type rclcpp::ParameterValue::[01;32m[Kget[m[K() const[m[K’
[3.283s]   160 |   [01;36m[Kget[m[K() const
[3.283s]       |   [01;36m[K^~~[m[K
[3.283s] [01m[K/opt/ros/jazzy/include/rclcpp/rclcpp/parameter_value.hpp:160:3:[m[K [01;36m[Knote: [m[K  template argument deduction/substitution failed:
[3.283s] [01m[K/opt/ros/jazzy/include/rclcpp/rclcpp/parameter.hpp:239:49:[m[K [01;31m[Kerror: [m[Ktype/value mismatch at argument 1 in template parameter list for ‘[01m[Ktemplate<rclcpp::ParameterType type> constexpr typename std::enable_if<(type == rclcpp::PARAMETER_INTEGER), const long int&>::type rclcpp::ParameterValue::[01;32m[Kget[m[K() const[m[K’
[3.283s]   239 |   return [01;31m[Kparameter->get_parameter_value().get<T>()[m[K;
[3.283s]       |          [01;31m[K~~~~~~~~~~~~~~~~~~~~~~~~~~~~~~~~~~~~~~~^~[m[K
[3.283s] [01m[K/opt/ros/jazzy/include/rclcpp/rclcpp/parameter.hpp:239:49:[m[K [01;36m[Knote: [m[K  expected a constant of type ‘[01m[Krclcpp::ParameterType[m[K’, got ‘[01m[Kstd::map<std::__cxx11::basic_string<char>, std::map<std::__cxx11::basic_string<char>, rclcpp::ParameterValue> >[m[K’
[3.283s] [01m[K/opt/ros/jazzy/include/rclcpp/rclcpp/parameter_value.hpp:171:3:[m[K [01;36m[Knote: [m[Kcandidate: ‘[01m[Ktemplate<rclcpp::ParameterType type> constexpr typename std::enable_if<(type == rclcpp::PARAMETER_DOUBLE), const double&>::type rclcpp::ParameterValue::[01;32m[Kget[m[K() const[m[K’
[3.283s]   171 |   [01;36m[Kget[m[K() const
[3.283s]       |   [01;36m[K^~~[m[K
[3.283s] [01m[K/opt/ros/jazzy/include/rclcpp/rclcpp/parameter_value.hpp:171:3:[m[K [01;36m[Knote: [m[K  template argument deduction/substitution failed:
[3.283s] [01m[K/opt/ros/jazzy/include/rclcpp/rclcpp/parameter.hpp:239:49:[m[K [01;31m[Kerror: [m[Ktype/value mismatch at argument 1 in template parameter list for ‘[01m[Ktemplate<rclcpp::ParameterType type> constexpr typename std::enable_if<(type == rclcpp::PARAMETER_DOUBLE), const double&>::type rclcpp::ParameterValue::[01;32m[Kget[m[K() const[m[K’
[3.283s]   239 |   return [01;31m[Kparameter->get_parameter_value().get<T>()[m[K;
[3.284s]       |          [01;31m[K~~~~~~~~~~~~~~~~~~~~~~~~~~~~~~~~~~~~~~~^~[m[K
[3.284s] [01m[K/opt/ros/jazzy/include/rclcpp/rclcpp/parameter.hpp:239:49:[m[K [01;36m[Knote: [m[K  expected a constant of type ‘[01m[Krclcpp::ParameterType[m[K’, got ‘[01m[Kstd::map<std::__cxx11::basic_string<char>, std::map<std::__cxx11::basic_string<char>, rclcpp::ParameterValue> >[m[K’
[3.284s] [01m[K/opt/ros/jazzy/include/rclcpp/rclcpp/parameter_value.hpp:182:3:[m[K [01;36m[Knote: [m[Kcandidate: ‘[01m[Ktemplate<rclcpp::ParameterType type> constexpr typename std::enable_if<(type == rclcpp::PARAMETER_STRING), const std::__cxx11::basic_string<char>&>::type rclcpp::ParameterValue::[01;32m[Kget[m[K() const[m[K’
[3.284s]   182 |   [01;36m[Kget[m[K() const
[3.284s]       |   [01;36m[K^~~[m[K
[3.284s] [01m[K/opt/ros/jazzy/include/rclcpp/rclcpp/parameter_value.hpp:182:3:[m[K [01;36m[Knote: [m[K  template argument deduction/substitution failed:
[3.284s] [01m[K/opt/ros/jazzy/include/rclcpp/rclcpp/parameter.hpp:239:49:[m[K [01;31m[Kerror: [m[Ktype/value mismatch at argument 1 in template parameter list for ‘[01m[Ktemplate<rclcpp::ParameterType type> constexpr typename std::enable_if<(type == rclcpp::PARAMETER_STRING), const std::__cxx11::basic_string<char>&>::type rclcpp::ParameterValue::[01;32m[Kget[m[K() const[m[K’
[3.284s]   239 |   return [01;31m[Kparameter->get_parameter_value().get<T>()[m[K;
[3.284s]       |          [01;31m[K~~~~~~~~~~~~~~~~~~~~~~~~~~~~~~~~~~~~~~~^~[m[K
[3.284s] [01m[K/opt/ros/jazzy/include/rclcpp/rclcpp/parameter.hpp:239:49:[m[K [01;36m[Knote: [m[K  expected a constant of type ‘[01m[Krclcpp::ParameterType[m[K’, got ‘[01m[Kstd::map<std::__cxx11::basic_string<char>, std::map<std::__cxx11::basic_string<char>, rclcpp::ParameterValue> >[m[K’
[3.284s] [01m[K/opt/ros/jazzy/include/rclcpp/rclcpp/parameter_value.hpp:194:3:[m[K [01;36m[Knote: [m[Kcandidate: ‘[01m[Ktemplate<rclcpp::ParameterType type> constexpr typename std::enable_if<(type == rclcpp::PARAMETER_BYTE_ARRAY), const std::vector<unsigned char, std::allocator<unsigned char> >&>::type rclcpp::ParameterValue::[01;32m[Kget[m[K() const[m[K’
[3.284s]   194 |   [01;36m[Kget[m[K() const
[3.284s]       |   [01;36m[K^~~[m[K
[3.284s] [01m[K/opt/ros/jazzy/include/rclcpp/rclcpp/parameter_value.hpp:194:3:[m[K [01;36m[Knote: [m[K  template argument deduction/substitution failed:
[3.284s] [01m[K/opt/ros/jazzy/include/rclcpp/rclcpp/parameter.hpp:239:49:[m[K [01;31m[Kerror: [m[Ktype/value mismatch at argument 1 in template parameter list for ‘[01m[Ktemplate<rclcpp::ParameterType type> constexpr typename std::enable_if<(type == rclcpp::PARAMETER_BYTE_ARRAY), const std::vector<unsigned char, std::allocator<unsigned char> >&>::type rclcpp::ParameterValue::[01;32m[Kget[m[K() const[m[K’
[3.284s]   239 |   return [01;31m[Kparameter->get_parameter_value().get<T>()[m[K;
[3.284s]       |          [01;31m[K~~~~~~~~~~~~~~~~~~~~~~~~~~~~~~~~~~~~~~~^~[m[K
[3.285s] [01m[K/opt/ros/jazzy/include/rclcpp/rclcpp/parameter.hpp:239:49:[m[K [01;36m[Knote: [m[K  expected a constant of type ‘[01m[Krclcpp::ParameterType[m[K’, got ‘[01m[Kstd::map<std::__cxx11::basic_string<char>, std::map<std::__cxx11::basic_string<char>, rclcpp::ParameterValue> >[m[K’
[3.285s] [01m[K/opt/ros/jazzy/include/rclcpp/rclcpp/parameter_value.hpp:206:3:[m[K [01;36m[Knote: [m[Kcandidate: ‘[01m[Ktemplate<rclcpp::ParameterType type> constexpr typename std::enable_if<(type == rclcpp::PARAMETER_BOOL_ARRAY), const std::vector<bool, std::allocator<bool> >&>::type rclcpp::ParameterValue::[01;32m[Kget[m[K() const[m[K’
[3.285s]   206 |   [01;36m[Kget[m[K() const
[3.285s]       |   [01;36m[K^~~[m[K
[3.285s] [01m[K/opt/ros/jazzy/include/rclcpp/rclcpp/parameter_value.hpp:206:3:[m[K [01;36m[Knote: [m[K  template argument deduction/substitution failed:
[3.285s] [01m[K/opt/ros/jazzy/include/rclcpp/rclcpp/parameter.hpp:239:49:[m[K [01;31m[Kerror: [m[Ktype/value mismatch at argument 1 in template parameter list for ‘[01m[Ktemplate<rclcpp::ParameterType type> constexpr typename std::enable_if<(type == rclcpp::PARAMETER_BOOL_ARRAY), const std::vector<bool, std::allocator<bool> >&>::type rclcpp::ParameterValue::[01;32m[Kget[m[K() const[m[K’
[3.285s]   239 |   return [01;31m[Kparameter->get_parameter_value().get<T>()[m[K;
[3.285s]       |          [01;31m[K~~~~~~~~~~~~~~~~~~~~~~~~~~~~~~~~~~~~~~~^~[m[K
[3.285s] [01m[K/opt/ros/jazzy/include/rclcpp/rclcpp/parameter.hpp:239:49:[m[K [01;36m[Knote: [m[K  expected a constant of type ‘[01m[Krclcpp::ParameterType[m[K’, got ‘[01m[Kstd::map<std::__cxx11::basic_string<char>, std::map<std::__cxx11::basic_string<char>, rclcpp::ParameterValue> >[m[K’
[3.285s] [01m[K/opt/ros/jazzy/include/rclcpp/rclcpp/parameter_value.hpp:218:3:[m[K [01;36m[Knote: [m[Kcandidate: ‘[01m[Ktemplate<rclcpp::ParameterType type> constexpr typename std::enable_if<(type == rclcpp::PARAMETER_INTEGER_ARRAY), const std::vector<long int, std::allocator<long int> >&>::type rclcpp::ParameterValue::[01;32m[Kget[m[K() const[m[K’
[3.285s]   218 |   [01;36m[Kget[m[K() const
[3.285s]       |   [01;36m[K^~~[m[K
[3.285s] [01m[K/opt/ros/jazzy/include/rclcpp/rclcpp/parameter_value.hpp:218:3:[m[K [01;36m[Knote: [m[K  template argument deduction/substitution failed:
[3.285s] [01m[K/opt/ros/jazzy/include/rclcpp/rclcpp/parameter.hpp:239:49:[m[K [01;31m[Kerror: [m[Ktype/value mismatch at argument 1 in template parameter list for ‘[01m[Ktemplate<rclcpp::ParameterType type> constexpr typename std::enable_if<(type == rclcpp::PARAMETER_INTEGER_ARRAY), const std::vector<long int, std::allocator<long int> >&>::type rclcpp::ParameterValue::[01;32m[Kget[m[K() const[m[K’
[3.285s]   239 |   return [01;31m[Kparameter->get_parameter_value().get<T>()[m[K;
[3.285s]       |          [01;31m[K~~~~~~~~~~~~~~~~~~~~~~~~~~~~~~~~~~~~~~~^~[m[K
[3.285s] [01m[K/opt/ros/jazzy/include/rclcpp/rclcpp/parameter.hpp:239:49:[m[K [01;36m[Knote: [m[K  expected a constant of type ‘[01m[Krclcpp::ParameterType[m[K’, got ‘[01m[Kstd::map<std::__cxx11::basic_string<char>, std::map<std::__cxx11::basic_string<char>, rclcpp::ParameterValue> >[m[K’
[3.285s] [01m[K/opt/ros/jazzy/include/rclcpp/rclcpp/parameter_value.hpp:230:3:[m[K [01;36m[Knote: [m[Kcandidate: ‘[01m[Ktemplate<rclcpp::ParameterType type> constexpr typename std::enable_if<(type == rclcpp::PARAMETER_DOUBLE_ARRAY), const std::vector<double, std::allocator<double> >&>::type rclcpp::ParameterValue::[01;32m[Kget[m[K() const[m[K’
[3.286s]   230 |   [01;36m[Kget[m[K() const
[3.286s]       |   [01;36m[K^~~[m[K
[3.286s] [01m[K/opt/ros/jazzy/include/rclcpp/rclcpp/parameter_value.hpp:230:3:[m[K [01;36m[Knote: [m[K  template argument deduction/substitution failed:
[3.286s] [01m[K/opt/ros/jazzy/include/rclcpp/rclcpp/parameter.hpp:239:49:[m[K [01;31m[Kerror: [m[Ktype/value mismatch at argument 1 in template parameter list for ‘[01m[Ktemplate<rclcpp::ParameterType type> constexpr typename std::enable_if<(type == rclcpp::PARAMETER_DOUBLE_ARRAY), const std::vector<double, std::allocator<double> >&>::type rclcpp::ParameterValue::[01;32m[Kget[m[K() const[m[K’
[3.286s]   239 |   return [01;31m[Kparameter->get_parameter_value().get<T>()[m[K;
[3.286s]       |          [01;31m[K~~~~~~~~~~~~~~~~~~~~~~~~~~~~~~~~~~~~~~~^~[m[K
[3.286s] [01m[K/opt/ros/jazzy/include/rclcpp/rclcpp/parameter.hpp:239:49:[m[K [01;36m[Knote: [m[K  expected a constant of type ‘[01m[Krclcpp::ParameterType[m[K’, got ‘[01m[Kstd::map<std::__cxx11::basic_string<char>, std::map<std::__cxx11::basic_string<char>, rclcpp::ParameterValue> >[m[K’
[3.286s] [01m[K/opt/ros/jazzy/include/rclcpp/rclcpp/parameter_value.hpp:242:3:[m[K [01;36m[Knote: [m[Kcandidate: ‘[01m[Ktemplate<rclcpp::ParameterType type> constexpr typename std::enable_if<(type == rclcpp::PARAMETER_STRING_ARRAY), const std::vector<std::__cxx11::basic_string<char>, std::allocator<std::__cxx11::basic_string<char> > >&>::type rclcpp::ParameterValue::[01;32m[Kget[m[K() const[m[K’
[3.286s]   242 |   [01;36m[Kget[m[K() const
[3.286s]       |   [01;36m[K^~~[m[K
[3.286s] [01m[K/opt/ros/jazzy/include/rclcpp/rclcpp/parameter_value.hpp:242:3:[m[K [01;36m[Knote: [m[K  template argument deduction/substitution failed:
[3.286s] [01m[K/opt/ros/jazzy/include/rclcpp/rclcpp/parameter.hpp:239:49:[m[K [01;31m[Kerror: [m[Ktype/value mismatch at argument 1 in template parameter list for ‘[01m[Ktemplate<rclcpp::ParameterType type> constexpr typename std::enable_if<(type == rclcpp::PARAMETER_STRING_ARRAY), const std::vector<std::__cxx11::basic_string<char>, std::allocator<std::__cxx11::basic_string<char> > >&>::type rclcpp::ParameterValue::[01;32m[Kget[m[K() const[m[K’
[3.286s]   239 |   return [01;31m[Kparameter->get_parameter_value().get<T>()[m[K;
[3.286s]       |          [01;31m[K~~~~~~~~~~~~~~~~~~~~~~~~~~~~~~~~~~~~~~~^~[m[K
[3.286s] [01m[K/opt/ros/jazzy/include/rclcpp/rclcpp/parameter.hpp:239:49:[m[K [01;36m[Knote: [m[K  expected a constant of type ‘[01m[Krclcpp::ParameterType[m[K’, got ‘[01m[Kstd::map<std::__cxx11::basic_string<char>, std::map<std::__cxx11::basic_string<char>, rclcpp::ParameterValue> >[m[K’
[3.286s] [01m[K/opt/ros/jazzy/include/rclcpp/rclcpp/parameter_value.hpp:255:3:[m[K [01;36m[Knote: [m[Kcandidate: ‘[01m[Ktemplate<class type> constexpr typename std::enable_if<std::is_same<T, bool>::value, const bool&>::type rclcpp::ParameterValue::[01;32m[Kget[m[K() const[m[K’
[3.286s]   255 |   [01;36m[Kget[m[K() const
[3.287s]       |   [01;36m[K^~~[m[K
[3.287s] [01m[K/opt/ros/jazzy/include/rclcpp/rclcpp/parameter_value.hpp:255:3:[m[K [01;36m[Knote: [m[K  template argument deduction/substitution failed:
[3.287s] /opt/ros/jazzy/include/rclcpp/rclcpp/parameter_value.hpp: In substitution of ‘[01m[Ktemplate<class type> constexpr typename std::enable_if<std::is_same<T, bool>::value, const bool&>::type rclcpp::ParameterValue::[01;32m[Kget[m[K() const [35m[K[with type = std::map<std::__cxx11::basic_string<char>, std::map<std::__cxx11::basic_string<char>, rclcpp::ParameterValue> >][m[K[m[K’:
[3.287s] [01m[K/opt/ros/jazzy/include/rclcpp/rclcpp/parameter.hpp:239:49:[m[K   required from ‘[01m[Kauto rclcpp::detail::[01;32m[Kget_value_helper[m[K(const rclcpp::Parameter*) [35m[K[with T = std::map<std::__cxx11::basic_string<char>, std::map<std::__cxx11::basic_string<char>, rclcpp::ParameterValue> >][m[K[m[K’
[3.287s] [01m[K/opt/ros/jazzy/include/rclcpp/rclcpp/parameter.hpp:274:39:[m[K   required from ‘[01m[Kdecltype(auto) rclcpp::Parameter::[01;32m[Kget_value[m[K() const [35m[K[with T = std::map<std::__cxx11::basic_string<char>, std::map<std::__cxx11::basic_string<char>, rclcpp::ParameterValue> >][m[K[m[K’
[3.287s] [01m[K/opt/ros/jazzy/include/rclcpp/rclcpp/node_impl.hpp:345:80:[m[K   required from ‘[01m[Kbool rclcpp::Node::[01;32m[Kget_parameter[m[K(const std::string&, ParameterT&) const [35m[K[with ParameterT = std::map<std::__cxx11::basic_string<char>, std::map<std::__cxx11::basic_string<char>, rclcpp::ParameterValue> >; std::string = std::__cxx11::basic_string<char>][m[K[m[K’
[3.287s] [01m[K/home/student/Desktop/ROV2026/src/rov_control/src/gamepad_parser_node.cpp:12:22:[m[K   required from here
[3.287s] [01m[K/opt/ros/jazzy/include/rclcpp/rclcpp/parameter_value.hpp:255:3:[m[K [01;31m[Kerror: [m[Kno type named ‘[01m[Ktype[m[K’ in ‘[01m[Kstruct std::enable_if<false, const bool&>[m[K’
[3.287s] /opt/ros/jazzy/include/rclcpp/rclcpp/parameter.hpp: In instantiation of ‘[01m[Kauto rclcpp::detail::[01;32m[Kget_value_helper[m[K(const rclcpp::Parameter*) [35m[K[with T = std::map<std::__cxx11::basic_string<char>, std::map<std::__cxx11::basic_string<char>, rclcpp::ParameterValue> >][m[K[m[K’:
[3.287s] [01m[K/opt/ros/jazzy/include/rclcpp/rclcpp/parameter.hpp:274:39:[m[K   required from ‘[01m[Kdecltype(auto) rclcpp::Parameter::[01;32m[Kget_value[m[K() const [35m[K[with T = std::map<std::__cxx11::basic_string<char>, std::map<std::__cxx11::basic_string<char>, rclcpp::ParameterValue> >][m[K[m[K’
[3.287s] [01m[K/opt/ros/jazzy/include/rclcpp/rclcpp/node_impl.hpp:345:80:[m[K   required from ‘[01m[Kbool rclcpp::Node::[01;32m[Kget_parameter[m[K(const std::string&, ParameterT&) const [35m[K[with ParameterT = std::map<std::__cxx11::basic_string<char>, std::map<std::__cxx11::basic_string<char>, rclcpp::ParameterValue> >; std::string = std::__cxx11::basic_string<char>][m[K[m[K’
[3.287s] [01m[K/home/student/Desktop/ROV2026/src/rov_control/src/gamepad_parser_node.cpp:12:22:[m[K   required from here
[3.287s] [01m[K/opt/ros/jazzy/include/rclcpp/rclcpp/parameter_value.hpp:264:3:[m[K [01;36m[Knote: [m[Kcandidate: ‘[01m[Ktemplate<class type> constexpr typename std::enable_if<(std::is_integral<_Tp>::value && (! std::is_same<T, bool>::value)), const long int&>::type rclcpp::ParameterValue::[01;32m[Kget[m[K() const[m[K’
[3.287s]   264 |   [01;36m[Kget[m[K() const
[3.287s]       |   [01;36m[K^~~[m[K
[3.287s] [01m[K/opt/ros/jazzy/include/rclcpp/rclcpp/parameter_value.hpp:264:3:[m[K [01;36m[Knote: [m[K  template argument deduction/substitution failed:
[3.288s] /opt/ros/jazzy/include/rclcpp/rclcpp/parameter_value.hpp: In substitution of ‘[01m[Ktemplate<class type> constexpr typename std::enable_if<(std::is_integral<_Tp>::value && (! std::is_same<T, bool>::value)), const long int&>::type rclcpp::ParameterValue::[01;32m[Kget[m[K() const [35m[K[with type = std::map<std::__cxx11::basic_string<char>, std::map<std::__cxx11::basic_string<char>, rclcpp::ParameterValue> >][m[K[m[K’:
[3.288s] [01m[K/opt/ros/jazzy/include/rclcpp/rclcpp/parameter.hpp:239:49:[m[K   required from ‘[01m[Kauto rclcpp::detail::[01;32m[Kget_value_helper[m[K(const rclcpp::Parameter*) [35m[K[with T = std::map<std::__cxx11::basic_string<char>, std::map<std::__cxx11::basic_string<char>, rclcpp::ParameterValue> >][m[K[m[K’
[3.288s] [01m[K/opt/ros/jazzy/include/rclcpp/rclcpp/parameter.hpp:274:39:[m[K   required from ‘[01m[Kdecltype(auto) rclcpp::Parameter::[01;32m[Kget_value[m[K() const [35m[K[with T = std::map<std::__cxx11::basic_string<char>, std::map<std::__cxx11::basic_string<char>, rclcpp::ParameterValue> >][m[K[m[K’
[3.288s] [01m[K/opt/ros/jazzy/include/rclcpp/rclcpp/node_impl.hpp:345:80:[m[K   required from ‘[01m[Kbool rclcpp::Node::[01;32m[Kget_parameter[m[K(const std::string&, ParameterT&) const [35m[K[with ParameterT = std::map<std::__cxx11::basic_string<char>, std::map<std::__cxx11::basic_string<char>, rclcpp::ParameterValue> >; std::string = std::__cxx11::basic_string<char>][m[K[m[K’
[3.288s] [01m[K/home/student/Desktop/ROV2026/src/rov_control/src/gamepad_parser_node.cpp:12:22:[m[K   required from here
[3.288s] [01m[K/opt/ros/jazzy/include/rclcpp/rclcpp/parameter_value.hpp:264:3:[m[K [01;31m[Kerror: [m[Kno type named ‘[01m[Ktype[m[K’ in ‘[01m[Kstruct std::enable_if<false, const long int&>[m[K’
[3.288s] /opt/ros/jazzy/include/rclcpp/rclcpp/parameter.hpp: In instantiation of ‘[01m[Kauto rclcpp::detail::[01;32m[Kget_value_helper[m[K(const rclcpp::Parameter*) [35m[K[with T = std::map<std::__cxx11::basic_string<char>, std::map<std::__cxx11::basic_string<char>, rclcpp::ParameterValue> >][m[K[m[K’:
[3.288s] [01m[K/opt/ros/jazzy/include/rclcpp/rclcpp/parameter.hpp:274:39:[m[K   required from ‘[01m[Kdecltype(auto) rclcpp::Parameter::[01;32m[Kget_value[m[K() const [35m[K[with T = std::map<std::__cxx11::basic_string<char>, std::map<std::__cxx11::basic_string<char>, rclcpp::ParameterValue> >][m[K[m[K’
[3.288s] [01m[K/opt/ros/jazzy/include/rclcpp/rclcpp/node_impl.hpp:345:80:[m[K   required from ‘[01m[Kbool rclcpp::Node::[01;32m[Kget_parameter[m[K(const std::string&, ParameterT&) const [35m[K[with ParameterT = std::map<std::__cxx11::basic_string<char>, std::map<std::__cxx11::basic_string<char>, rclcpp::ParameterValue> >; std::string = std::__cxx11::basic_string<char>][m[K[m[K’
[3.288s] [01m[K/home/student/Desktop/ROV2026/src/rov_control/src/gamepad_parser_node.cpp:12:22:[m[K   required from here
[3.288s] [01m[K/opt/ros/jazzy/include/rclcpp/rclcpp/parameter_value.hpp:272:3:[m[K [01;36m[Knote: [m[Kcandidate: ‘[01m[Ktemplate<class type> constexpr typename std::enable_if<std::is_floating_point<_Tp>::value, const double&>::type rclcpp::ParameterValue::[01;32m[Kget[m[K() const[m[K’
[3.288s]   272 |   [01;36m[Kget[m[K() const
[3.288s]       |   [01;36m[K^~~[m[K
[3.288s] [01m[K/opt/ros/jazzy/include/rclcpp/rclcpp/parameter_value.hpp:272:3:[m[K [01;36m[Knote: [m[K  template argument deduction/substitution failed:
[3.288s] /opt/ros/jazzy/include/rclcpp/rclcpp/parameter_value.hpp: In substitution of ‘[01m[Ktemplate<class type> constexpr typename std::enable_if<std::is_floating_point<_Tp>::value, const double&>::type rclcpp::ParameterValue::[01;32m[Kget[m[K() const [35m[K[with type = std::map<std::__cxx11::basic_string<char>, std::map<std::__cxx11::basic_string<char>, rclcpp::ParameterValue> >][m[K[m[K’:
[3.288s] [01m[K/opt/ros/jazzy/include/rclcpp/rclcpp/parameter.hpp:239:49:[m[K   required from ‘[01m[Kauto rclcpp::detail::[01;32m[Kget_value_helper[m[K(const rclcpp::Parameter*) [35m[K[with T = std::map<std::__cxx11::basic_string<char>, std::map<std::__cxx11::basic_string<char>, rclcpp::ParameterValue> >][m[K[m[K’
[3.288s] [01m[K/opt/ros/jazzy/include/rclcpp/rclcpp/parameter.hpp:274:39:[m[K   required from ‘[01m[Kdecltype(auto) rclcpp::Parameter::[01;32m[Kget_value[m[K() const [35m[K[with T = std::map<std::__cxx11::basic_string<char>, std::map<std::__cxx11::basic_string<char>, rclcpp::ParameterValue> >][m[K[m[K’
[3.288s] [01m[K/opt/ros/jazzy/include/rclcpp/rclcpp/node_impl.hpp:345:80:[m[K   required from ‘[01m[Kbool rclcpp::Node::[01;32m[Kget_parameter[m[K(const std::string&, ParameterT&) const [35m[K[with ParameterT = std::map<std::__cxx11::basic_string<char>, std::map<std::__cxx11::basic_string<char>, rclcpp::ParameterValue> >; std::string = std::__cxx11::basic_string<char>][m[K[m[K’
[3.289s] [01m[K/home/student/Desktop/ROV2026/src/rov_control/src/gamepad_parser_node.cpp:12:22:[m[K   required from here
[3.289s] [01m[K/opt/ros/jazzy/include/rclcpp/rclcpp/parameter_value.hpp:272:3:[m[K [01;31m[Kerror: [m[Kno type named ‘[01m[Ktype[m[K’ in ‘[01m[Kstruct std::enable_if<false, const double&>[m[K’
[3.289s] /opt/ros/jazzy/include/rclcpp/rclcpp/parameter.hpp: In instantiation of ‘[01m[Kauto rclcpp::detail::[01;32m[Kget_value_helper[m[K(const rclcpp::Parameter*) [35m[K[with T = std::map<std::__cxx11::basic_string<char>, std::map<std::__cxx11::basic_string<char>, rclcpp::ParameterValue> >][m[K[m[K’:
[3.289s] [01m[K/opt/ros/jazzy/include/rclcpp/rclcpp/parameter.hpp:274:39:[m[K   required from ‘[01m[Kdecltype(auto) rclcpp::Parameter::[01;32m[Kget_value[m[K() const [35m[K[with T = std::map<std::__cxx11::basic_string<char>, std::map<std::__cxx11::basic_string<char>, rclcpp::ParameterValue> >][m[K[m[K’
[3.289s] [01m[K/opt/ros/jazzy/include/rclcpp/rclcpp/node_impl.hpp:345:80:[m[K   required from ‘[01m[Kbool rclcpp::Node::[01;32m[Kget_parameter[m[K(const std::string&, ParameterT&) const [35m[K[with ParameterT = std::map<std::__cxx11::basic_string<char>, std::map<std::__cxx11::basic_string<char>, rclcpp::ParameterValue> >; std::string = std::__cxx11::basic_string<char>][m[K[m[K’
[3.289s] [01m[K/home/student/Desktop/ROV2026/src/rov_control/src/gamepad_parser_node.cpp:12:22:[m[K   required from here
[3.289s] [01m[K/opt/ros/jazzy/include/rclcpp/rclcpp/parameter_value.hpp:280:3:[m[K [01;36m[Knote: [m[Kcandidate: ‘[01m[Ktemplate<class type> constexpr typename std::enable_if<std::is_convertible<type, std::__cxx11::basic_string<char> >::value, const std::__cxx11::basic_string<char>&>::type rclcpp::ParameterValue::[01;32m[Kget[m[K() const[m[K’
[3.289s]   280 |   [01;36m[Kget[m[K() const
[3.289s]       |   [01;36m[K^~~[m[K
[3.289s] [01m[K/opt/ros/jazzy/include/rclcpp/rclcpp/parameter_value.hpp:280:3:[m[K [01;36m[Knote: [m[K  template argument deduction/substitution failed:
[3.289s] /opt/ros/jazzy/include/rclcpp/rclcpp/parameter_value.hpp: In substitution of ‘[01m[Ktemplate<class type> constexpr typename std::enable_if<std::is_convertible<type, std::__cxx11::basic_string<char> >::value, const std::__cxx11::basic_string<char>&>::type rclcpp::ParameterValue::[01;32m[Kget[m[K() const [35m[K[with type = std::map<std::__cxx11::basic_string<char>, std::map<std::__cxx11::basic_string<char>, rclcpp::ParameterValue> >][m[K[m[K’:
[3.289s] [01m[K/opt/ros/jazzy/include/rclcpp/rclcpp/parameter.hpp:239:49:[m[K   required from ‘[01m[Kauto rclcpp::detail::[01;32m[Kget_value_helper[m[K(const rclcpp::Parameter*) [35m[K[with T = std::map<std::__cxx11::basic_string<char>, std::map<std::__cxx11::basic_string<char>, rclcpp::ParameterValue> >][m[K[m[K’
[3.289s] [01m[K/opt/ros/jazzy/include/rclcpp/rclcpp/parameter.hpp:274:39:[m[K   required from ‘[01m[Kdecltype(auto) rclcpp::Parameter::[01;32m[Kget_value[m[K() const [35m[K[with T = std::map<std::__cxx11::basic_string<char>, std::map<std::__cxx11::basic_string<char>, rclcpp::ParameterValue> >][m[K[m[K’
[3.289s] [01m[K/opt/ros/jazzy/include/rclcpp/rclcpp/node_impl.hpp:345:80:[m[K   required from ‘[01m[Kbool rclcpp::Node::[01;32m[Kget_parameter[m[K(const std::string&, ParameterT&) const [35m[K[with ParameterT = std::map<std::__cxx11::basic_string<char>, std::map<std::__cxx11::basic_string<char>, rclcpp::ParameterValue> >; std::string = std::__cxx11::basic_string<char>][m[K[m[K’
[3.289s] [01m[K/home/student/Desktop/ROV2026/src/rov_control/src/gamepad_parser_node.cpp:12:22:[m[K   required from here
[3.289s] [01m[K/opt/ros/jazzy/include/rclcpp/rclcpp/parameter_value.hpp:280:3:[m[K [01;31m[Kerror: [m[Kno type named ‘[01m[Ktype[m[K’ in ‘[01m[Kstruct std::enable_if<false, const std::__cxx11::basic_string<char>&>[m[K’
[3.289s] /opt/ros/jazzy/include/rclcpp/rclcpp/parameter.hpp: In instantiation of ‘[01m[Kauto rclcpp::detail::[01;32m[Kget_value_helper[m[K(const rclcpp::Parameter*) [35m[K[with T = std::map<std::__cxx11::basic_string<char>, std::map<std::__cxx11::basic_string<char>, rclcpp::ParameterValue> >][m[K[m[K’:
[3.289s] [01m[K/opt/ros/jazzy/include/rclcpp/rclcpp/parameter.hpp:274:39:[m[K   required from ‘[01m[Kdecltype(auto) rclcpp::Parameter::[01;32m[Kget_value[m[K() const [35m[K[with T = std::map<std::__cxx11::basic_string<char>, std::map<std::__cxx11::basic_string<char>, rclcpp::ParameterValue> >][m[K[m[K’
[3.290s] [01m[K/opt/ros/jazzy/include/rclcpp/rclcpp/node_impl.hpp:345:80:[m[K   required from ‘[01m[Kbool rclcpp::Node::[01;32m[Kget_parameter[m[K(const std::string&, ParameterT&) const [35m[K[with ParameterT = std::map<std::__cxx11::basic_string<char>, std::map<std::__cxx11::basic_string<char>, rclcpp::ParameterValue> >; std::string = std::__cxx11::basic_string<char>][m[K[m[K’
[3.290s] [01m[K/home/student/Desktop/ROV2026/src/rov_control/src/gamepad_parser_node.cpp:12:22:[m[K   required from here
[3.290s] [01m[K/opt/ros/jazzy/include/rclcpp/rclcpp/parameter_value.hpp:290:3:[m[K [01;36m[Knote: [m[Kcandidate: ‘[01m[Ktemplate<class type> constexpr typename std::enable_if<std::is_convertible<type, const std::vector<unsigned char, std::allocator<unsigned char> >&>::value, const std::vector<unsigned char, std::allocator<unsigned char> >&>::type rclcpp::ParameterValue::[01;32m[Kget[m[K() const[m[K’
[3.290s]   290 |   [01;36m[Kget[m[K() const
[3.290s]       |   [01;36m[K^~~[m[K
[3.290s] [01m[K/opt/ros/jazzy/include/rclcpp/rclcpp/parameter_value.hpp:290:3:[m[K [01;36m[Knote: [m[K  template argument deduction/substitution failed:
[3.290s] /opt/ros/jazzy/include/rclcpp/rclcpp/parameter_value.hpp: In substitution of ‘[01m[Ktemplate<class type> constexpr typename std::enable_if<std::is_convertible<type, const std::vector<unsigned char, std::allocator<unsigned char> >&>::value, const std::vector<unsigned char, std::allocator<unsigned char> >&>::type rclcpp::ParameterValue::[01;32m[Kget[m[K() const [35m[K[with type = std::map<std::__cxx11::basic_string<char>, std::map<std::__cxx11::basic_string<char>, rclcpp::ParameterValue> >][m[K[m[K’:
[3.290s] [01m[K/opt/ros/jazzy/include/rclcpp/rclcpp/parameter.hpp:239:49:[m[K   required from ‘[01m[Kauto rclcpp::detail::[01;32m[Kget_value_helper[m[K(const rclcpp::Parameter*) [35m[K[with T = std::map<std::__cxx11::basic_string<char>, std::map<std::__cxx11::basic_string<char>, rclcpp::ParameterValue> >][m[K[m[K’
[3.290s] [01m[K/opt/ros/jazzy/include/rclcpp/rclcpp/parameter.hpp:274:39:[m[K   required from ‘[01m[Kdecltype(auto) rclcpp::Parameter::[01;32m[Kget_value[m[K() const [35m[K[with T = std::map<std::__cxx11::basic_string<char>, std::map<std::__cxx11::basic_string<char>, rclcpp::ParameterValue> >][m[K[m[K’
[3.290s] [01m[K/opt/ros/jazzy/include/rclcpp/rclcpp/node_impl.hpp:345:80:[m[K   required from ‘[01m[Kbool rclcpp::Node::[01;32m[Kget_parameter[m[K(const std::string&, ParameterT&) const [35m[K[with ParameterT = std::map<std::__cxx11::basic_string<char>, std::map<std::__cxx11::basic_string<char>, rclcpp::ParameterValue> >; std::string = std::__cxx11::basic_string<char>][m[K[m[K’
[3.290s] [01m[K/home/student/Desktop/ROV2026/src/rov_control/src/gamepad_parser_node.cpp:12:22:[m[K   required from here
[3.290s] [01m[K/opt/ros/jazzy/include/rclcpp/rclcpp/parameter_value.hpp:290:3:[m[K [01;31m[Kerror: [m[Kno type named ‘[01m[Ktype[m[K’ in ‘[01m[Kstruct std::enable_if<false, const std::vector<unsigned char, std::allocator<unsigned char> >&>[m[K’
[3.290s] /opt/ros/jazzy/include/rclcpp/rclcpp/parameter.hpp: In instantiation of ‘[01m[Kauto rclcpp::detail::[01;32m[Kget_value_helper[m[K(const rclcpp::Parameter*) [35m[K[with T = std::map<std::__cxx11::basic_string<char>, std::map<std::__cxx11::basic_string<char>, rclcpp::ParameterValue> >][m[K[m[K’:
[3.290s] [01m[K/opt/ros/jazzy/include/rclcpp/rclcpp/parameter.hpp:274:39:[m[K   required from ‘[01m[Kdecltype(auto) rclcpp::Parameter::[01;32m[Kget_value[m[K() const [35m[K[with T = std::map<std::__cxx11::basic_string<char>, std::map<std::__cxx11::basic_string<char>, rclcpp::ParameterValue> >][m[K[m[K’
[3.290s] [01m[K/opt/ros/jazzy/include/rclcpp/rclcpp/node_impl.hpp:345:80:[m[K   required from ‘[01m[Kbool rclcpp::Node::[01;32m[Kget_parameter[m[K(const std::string&, ParameterT&) const [35m[K[with ParameterT = std::map<std::__cxx11::basic_string<char>, std::map<std::__cxx11::basic_string<char>, rclcpp::ParameterValue> >; std::string = std::__cxx11::basic_string<char>][m[K[m[K’
[3.290s] [01m[K/home/student/Desktop/ROV2026/src/rov_control/src/gamepad_parser_node.cpp:12:22:[m[K   required from here
[3.290s] [01m[K/opt/ros/jazzy/include/rclcpp/rclcpp/parameter_value.hpp:300:3:[m[K [01;36m[Knote: [m[Kcandidate: ‘[01m[Ktemplate<class type> constexpr typename std::enable_if<std::is_convertible<type, const std::vector<bool, std::allocator<bool> >&>::value, const std::vector<bool, std::allocator<bool> >&>::type rclcpp::ParameterValue::[01;32m[Kget[m[K() const[m[K’
[3.290s]   300 |   [01;36m[Kget[m[K() const
[3.291s]       |   [01;36m[K^~~[m[K
[3.291s] [01m[K/opt/ros/jazzy/include/rclcpp/rclcpp/parameter_value.hpp:300:3:[m[K [01;36m[Knote: [m[K  template argument deduction/substitution failed:
[3.291s] /opt/ros/jazzy/include/rclcpp/rclcpp/parameter_value.hpp: In substitution of ‘[01m[Ktemplate<class type> constexpr typename std::enable_if<std::is_convertible<type, const std::vector<bool, std::allocator<bool> >&>::value, const std::vector<bool, std::allocator<bool> >&>::type rclcpp::ParameterValue::[01;32m[Kget[m[K() const [35m[K[with type = std::map<std::__cxx11::basic_string<char>, std::map<std::__cxx11::basic_string<char>, rclcpp::ParameterValue> >][m[K[m[K’:
[3.291s] [01m[K/opt/ros/jazzy/include/rclcpp/rclcpp/parameter.hpp:239:49:[m[K   required from ‘[01m[Kauto rclcpp::detail::[01;32m[Kget_value_helper[m[K(const rclcpp::Parameter*) [35m[K[with T = std::map<std::__cxx11::basic_string<char>, std::map<std::__cxx11::basic_string<char>, rclcpp::ParameterValue> >][m[K[m[K’
[3.291s] [01m[K/opt/ros/jazzy/include/rclcpp/rclcpp/parameter.hpp:274:39:[m[K   required from ‘[01m[Kdecltype(auto) rclcpp::Parameter::[01;32m[Kget_value[m[K() const [35m[K[with T = std::map<std::__cxx11::basic_string<char>, std::map<std::__cxx11::basic_string<char>, rclcpp::ParameterValue> >][m[K[m[K’
[3.291s] [01m[K/opt/ros/jazzy/include/rclcpp/rclcpp/node_impl.hpp:345:80:[m[K   required from ‘[01m[Kbool rclcpp::Node::[01;32m[Kget_parameter[m[K(const std::string&, ParameterT&) const [35m[K[with ParameterT = std::map<std::__cxx11::basic_string<char>, std::map<std::__cxx11::basic_string<char>, rclcpp::ParameterValue> >; std::string = std::__cxx11::basic_string<char>][m[K[m[K’
[3.291s] [01m[K/home/student/Desktop/ROV2026/src/rov_control/src/gamepad_parser_node.cpp:12:22:[m[K   required from here
[3.291s] [01m[K/opt/ros/jazzy/include/rclcpp/rclcpp/parameter_value.hpp:300:3:[m[K [01;31m[Kerror: [m[Kno type named ‘[01m[Ktype[m[K’ in ‘[01m[Kstruct std::enable_if<false, const std::vector<bool, std::allocator<bool> >&>[m[K’
[3.291s] /opt/ros/jazzy/include/rclcpp/rclcpp/parameter.hpp: In instantiation of ‘[01m[Kauto rclcpp::detail::[01;32m[Kget_value_helper[m[K(const rclcpp::Parameter*) [35m[K[with T = std::map<std::__cxx11::basic_string<char>, std::map<std::__cxx11::basic_string<char>, rclcpp::ParameterValue> >][m[K[m[K’:
[3.291s] [01m[K/opt/ros/jazzy/include/rclcpp/rclcpp/parameter.hpp:274:39:[m[K   required from ‘[01m[Kdecltype(auto) rclcpp::Parameter::[01;32m[Kget_value[m[K() const [35m[K[with T = std::map<std::__cxx11::basic_string<char>, std::map<std::__cxx11::basic_string<char>, rclcpp::ParameterValue> >][m[K[m[K’
[3.291s] [01m[K/opt/ros/jazzy/include/rclcpp/rclcpp/node_impl.hpp:345:80:[m[K   required from ‘[01m[Kbool rclcpp::Node::[01;32m[Kget_parameter[m[K(const std::string&, ParameterT&) const [35m[K[with ParameterT = std::map<std::__cxx11::basic_string<char>, std::map<std::__cxx11::basic_string<char>, rclcpp::ParameterValue> >; std::string = std::__cxx11::basic_string<char>][m[K[m[K’
[3.291s] [01m[K/home/student/Desktop/ROV2026/src/rov_control/src/gamepad_parser_node.cpp:12:22:[m[K   required from here
[3.291s] [01m[K/opt/ros/jazzy/include/rclcpp/rclcpp/parameter_value.hpp:310:3:[m[K [01;36m[Knote: [m[Kcandidate: ‘[01m[Ktemplate<class type> constexpr typename std::enable_if<std::is_convertible<type, const std::vector<int>&>::value, const std::vector<long int, std::allocator<long int> >&>::type rclcpp::ParameterValue::[01;32m[Kget[m[K() const[m[K’
[3.291s]   310 |   [01;36m[Kget[m[K() const
[3.291s]       |   [01;36m[K^~~[m[K
[3.291s] [01m[K/opt/ros/jazzy/include/rclcpp/rclcpp/parameter_value.hpp:310:3:[m[K [01;36m[Knote: [m[K  template argument deduction/substitution failed:
[3.291s] /opt/ros/jazzy/include/rclcpp/rclcpp/parameter_value.hpp: In substitution of ‘[01m[Ktemplate<class type> constexpr typename std::enable_if<std::is_convertible<type, const std::vector<int>&>::value, const std::vector<long int, std::allocator<long int> >&>::type rclcpp::ParameterValue::[01;32m[Kget[m[K() const [35m[K[with type = std::map<std::__cxx11::basic_string<char>, std::map<std::__cxx11::basic_string<char>, rclcpp::ParameterValue> >][m[K[m[K’:
[3.292s] [01m[K/opt/ros/jazzy/include/rclcpp/rclcpp/parameter.hpp:239:49:[m[K   required from ‘[01m[Kauto rclcpp::detail::[01;32m[Kget_value_helper[m[K(const rclcpp::Parameter*) [35m[K[with T = std::map<std::__cxx11::basic_string<char>, std::map<std::__cxx11::basic_string<char>, rclcpp::ParameterValue> >][m[K[m[K’
[3.292s] [01m[K/opt/ros/jazzy/include/rclcpp/rclcpp/parameter.hpp:274:39:[m[K   required from ‘[01m[Kdecltype(auto) rclcpp::Parameter::[01;32m[Kget_value[m[K() const [35m[K[with T = std::map<std::__cxx11::basic_string<char>, std::map<std::__cxx11::basic_string<char>, rclcpp::ParameterValue> >][m[K[m[K’
[3.292s] [01m[K/opt/ros/jazzy/include/rclcpp/rclcpp/node_impl.hpp:345:80:[m[K   required from ‘[01m[Kbool rclcpp::Node::[01;32m[Kget_parameter[m[K(const std::string&, ParameterT&) const [35m[K[with ParameterT = std::map<std::__cxx11::basic_string<char>, std::map<std::__cxx11::basic_string<char>, rclcpp::ParameterValue> >; std::string = std::__cxx11::basic_string<char>][m[K[m[K’
[3.292s] [01m[K/home/student/Desktop/ROV2026/src/rov_control/src/gamepad_parser_node.cpp:12:22:[m[K   required from here
[3.292s] [01m[K/opt/ros/jazzy/include/rclcpp/rclcpp/parameter_value.hpp:310:3:[m[K [01;31m[Kerror: [m[Kno type named ‘[01m[Ktype[m[K’ in ‘[01m[Kstruct std::enable_if<false, const std::vector<long int, std::allocator<long int> >&>[m[K’
[3.292s] /opt/ros/jazzy/include/rclcpp/rclcpp/parameter.hpp: In instantiation of ‘[01m[Kauto rclcpp::detail::[01;32m[Kget_value_helper[m[K(const rclcpp::Parameter*) [35m[K[with T = std::map<std::__cxx11::basic_string<char>, std::map<std::__cxx11::basic_string<char>, rclcpp::ParameterValue> >][m[K[m[K’:
[3.292s] [01m[K/opt/ros/jazzy/include/rclcpp/rclcpp/parameter.hpp:274:39:[m[K   required from ‘[01m[Kdecltype(auto) rclcpp::Parameter::[01;32m[Kget_value[m[K() const [35m[K[with T = std::map<std::__cxx11::basic_string<char>, std::map<std::__cxx11::basic_string<char>, rclcpp::ParameterValue> >][m[K[m[K’
[3.292s] [01m[K/opt/ros/jazzy/include/rclcpp/rclcpp/node_impl.hpp:345:80:[m[K   required from ‘[01m[Kbool rclcpp::Node::[01;32m[Kget_parameter[m[K(const std::string&, ParameterT&) const [35m[K[with ParameterT = std::map<std::__cxx11::basic_string<char>, std::map<std::__cxx11::basic_string<char>, rclcpp::ParameterValue> >; std::string = std::__cxx11::basic_string<char>][m[K[m[K’
[3.292s] [01m[K/home/student/Desktop/ROV2026/src/rov_control/src/gamepad_parser_node.cpp:12:22:[m[K   required from here
[3.292s] [01m[K/opt/ros/jazzy/include/rclcpp/rclcpp/parameter_value.hpp:320:3:[m[K [01;36m[Knote: [m[Kcandidate: ‘[01m[Ktemplate<class type> constexpr typename std::enable_if<std::is_convertible<type, const std::vector<long int, std::allocator<long int> >&>::value, const std::vector<long int, std::allocator<long int> >&>::type rclcpp::ParameterValue::[01;32m[Kget[m[K() const[m[K’
[3.292s]   320 |   [01;36m[Kget[m[K() const
[3.292s]       |   [01;36m[K^~~[m[K
[3.292s] [01m[K/opt/ros/jazzy/include/rclcpp/rclcpp/parameter_value.hpp:320:3:[m[K [01;36m[Knote: [m[K  template argument deduction/substitution failed:
[3.292s] /opt/ros/jazzy/include/rclcpp/rclcpp/parameter_value.hpp: In substitution of ‘[01m[Ktemplate<class type> constexpr typename std::enable_if<std::is_convertible<type, const std::vector<long int, std::allocator<long int> >&>::value, const std::vector<long int, std::allocator<long int> >&>::type rclcpp::ParameterValue::[01;32m[Kget[m[K() const [35m[K[with type = std::map<std::__cxx11::basic_string<char>, std::map<std::__cxx11::basic_string<char>, rclcpp::ParameterValue> >][m[K[m[K’:
[3.292s] [01m[K/opt/ros/jazzy/include/rclcpp/rclcpp/parameter.hpp:239:49:[m[K   required from ‘[01m[Kauto rclcpp::detail::[01;32m[Kget_value_helper[m[K(const rclcpp::Parameter*) [35m[K[with T = std::map<std::__cxx11::basic_string<char>, std::map<std::__cxx11::basic_string<char>, rclcpp::ParameterValue> >][m[K[m[K’
[3.292s] [01m[K/opt/ros/jazzy/include/rclcpp/rclcpp/parameter.hpp:274:39:[m[K   required from ‘[01m[Kdecltype(auto) rclcpp::Parameter::[01;32m[Kget_value[m[K() const [35m[K[with T = std::map<std::__cxx11::basic_string<char>, std::map<std::__cxx11::basic_string<char>, rclcpp::ParameterValue> >][m[K[m[K’
[3.292s] [01m[K/opt/ros/jazzy/include/rclcpp/rclcpp/node_impl.hpp:345:80:[m[K   required from ‘[01m[Kbool rclcpp::Node::[01;32m[Kget_parameter[m[K(const std::string&, ParameterT&) const [35m[K[with ParameterT = std::map<std::__cxx11::basic_string<char>, std::map<std::__cxx11::basic_string<char>, rclcpp::ParameterValue> >; std::string = std::__cxx11::basic_string<char>][m[K[m[K’
[3.292s] [01m[K/home/student/Desktop/ROV2026/src/rov_control/src/gamepad_parser_node.cpp:12:22:[m[K   required from here
[3.293s] [01m[K/opt/ros/jazzy/include/rclcpp/rclcpp/parameter_value.hpp:320:3:[m[K [01;31m[Kerror: [m[Kno type named ‘[01m[Ktype[m[K’ in ‘[01m[Kstruct std::enable_if<false, const std::vector<long int, std::allocator<long int> >&>[m[K’
[3.293s] /opt/ros/jazzy/include/rclcpp/rclcpp/parameter.hpp: In instantiation of ‘[01m[Kauto rclcpp::detail::[01;32m[Kget_value_helper[m[K(const rclcpp::Parameter*) [35m[K[with T = std::map<std::__cxx11::basic_string<char>, std::map<std::__cxx11::basic_string<char>, rclcpp::ParameterValue> >][m[K[m[K’:
[3.293s] [01m[K/opt/ros/jazzy/include/rclcpp/rclcpp/parameter.hpp:274:39:[m[K   required from ‘[01m[Kdecltype(auto) rclcpp::Parameter::[01;32m[Kget_value[m[K() const [35m[K[with T = std::map<std::__cxx11::basic_string<char>, std::map<std::__cxx11::basic_string<char>, rclcpp::ParameterValue> >][m[K[m[K’
[3.293s] [01m[K/opt/ros/jazzy/include/rclcpp/rclcpp/node_impl.hpp:345:80:[m[K   required from ‘[01m[Kbool rclcpp::Node::[01;32m[Kget_parameter[m[K(const std::string&, ParameterT&) const [35m[K[with ParameterT = std::map<std::__cxx11::basic_string<char>, std::map<std::__cxx11::basic_string<char>, rclcpp::ParameterValue> >; std::string = std::__cxx11::basic_string<char>][m[K[m[K’
[3.293s] [01m[K/home/student/Desktop/ROV2026/src/rov_control/src/gamepad_parser_node.cpp:12:22:[m[K   required from here
[3.293s] [01m[K/opt/ros/jazzy/include/rclcpp/rclcpp/parameter_value.hpp:330:3:[m[K [01;36m[Knote: [m[Kcandidate: ‘[01m[Ktemplate<class type> constexpr typename std::enable_if<std::is_convertible<type, const std::vector<float>&>::value, const std::vector<double, std::allocator<double> >&>::type rclcpp::ParameterValue::[01;32m[Kget[m[K() const[m[K’
[3.293s]   330 |   [01;36m[Kget[m[K() const
[3.293s]       |   [01;36m[K^~~[m[K
[3.293s] [01m[K/opt/ros/jazzy/include/rclcpp/rclcpp/parameter_value.hpp:330:3:[m[K [01;36m[Knote: [m[K  template argument deduction/substitution failed:
[3.293s] /opt/ros/jazzy/include/rclcpp/rclcpp/parameter_value.hpp: In substitution of ‘[01m[Ktemplate<class type> constexpr typename std::enable_if<std::is_convertible<type, const std::vector<float>&>::value, const std::vector<double, std::allocator<double> >&>::type rclcpp::ParameterValue::[01;32m[Kget[m[K() const [35m[K[with type = std::map<std::__cxx11::basic_string<char>, std::map<std::__cxx11::basic_string<char>, rclcpp::ParameterValue> >][m[K[m[K’:
[3.293s] [01m[K/opt/ros/jazzy/include/rclcpp/rclcpp/parameter.hpp:239:49:[m[K   required from ‘[01m[Kauto rclcpp::detail::[01;32m[Kget_value_helper[m[K(const rclcpp::Parameter*) [35m[K[with T = std::map<std::__cxx11::basic_string<char>, std::map<std::__cxx11::basic_string<char>, rclcpp::ParameterValue> >][m[K[m[K’
[3.293s] [01m[K/opt/ros/jazzy/include/rclcpp/rclcpp/parameter.hpp:274:39:[m[K   required from ‘[01m[Kdecltype(auto) rclcpp::Parameter::[01;32m[Kget_value[m[K() const [35m[K[with T = std::map<std::__cxx11::basic_string<char>, std::map<std::__cxx11::basic_string<char>, rclcpp::ParameterValue> >][m[K[m[K’
[3.293s] [01m[K/opt/ros/jazzy/include/rclcpp/rclcpp/node_impl.hpp:345:80:[m[K   required from ‘[01m[Kbool rclcpp::Node::[01;32m[Kget_parameter[m[K(const std::string&, ParameterT&) const [35m[K[with ParameterT = std::map<std::__cxx11::basic_string<char>, std::map<std::__cxx11::basic_string<char>, rclcpp::ParameterValue> >; std::string = std::__cxx11::basic_string<char>][m[K[m[K’
[3.293s] [01m[K/home/student/Desktop/ROV2026/src/rov_control/src/gamepad_parser_node.cpp:12:22:[m[K   required from here
[3.293s] [01m[K/opt/ros/jazzy/include/rclcpp/rclcpp/parameter_value.hpp:330:3:[m[K [01;31m[Kerror: [m[Kno type named ‘[01m[Ktype[m[K’ in ‘[01m[Kstruct std::enable_if<false, const std::vector<double, std::allocator<double> >&>[m[K’
[3.293s] /opt/ros/jazzy/include/rclcpp/rclcpp/parameter.hpp: In instantiation of ‘[01m[Kauto rclcpp::detail::[01;32m[Kget_value_helper[m[K(const rclcpp::Parameter*) [35m[K[with T = std::map<std::__cxx11::basic_string<char>, std::map<std::__cxx11::basic_string<char>, rclcpp::ParameterValue> >][m[K[m[K’:
[3.293s] [01m[K/opt/ros/jazzy/include/rclcpp/rclcpp/parameter.hpp:274:39:[m[K   required from ‘[01m[Kdecltype(auto) rclcpp::Parameter::[01;32m[Kget_value[m[K() const [35m[K[with T = std::map<std::__cxx11::basic_string<char>, std::map<std::__cxx11::basic_string<char>, rclcpp::ParameterValue> >][m[K[m[K’
[3.293s] [01m[K/opt/ros/jazzy/include/rclcpp/rclcpp/node_impl.hpp:345:80:[m[K   required from ‘[01m[Kbool rclcpp::Node::[01;32m[Kget_parameter[m[K(const std::string&, ParameterT&) const [35m[K[with ParameterT = std::map<std::__cxx11::basic_string<char>, std::map<std::__cxx11::basic_string<char>, rclcpp::ParameterValue> >; std::string = std::__cxx11::basic_string<char>][m[K[m[K’
[3.294s] [01m[K/home/student/Desktop/ROV2026/src/rov_control/src/gamepad_parser_node.cpp:12:22:[m[K   required from here
[3.294s] [01m[K/opt/ros/jazzy/include/rclcpp/rclcpp/parameter_value.hpp:340:3:[m[K [01;36m[Knote: [m[Kcandidate: ‘[01m[Ktemplate<class type> constexpr typename std::enable_if<std::is_convertible<type, const std::vector<double, std::allocator<double> >&>::value, const std::vector<double, std::allocator<double> >&>::type rclcpp::ParameterValue::[01;32m[Kget[m[K() const[m[K’
[3.294s]   340 |   [01;36m[Kget[m[K() const
[3.294s]       |   [01;36m[K^~~[m[K
[3.294s] [01m[K/opt/ros/jazzy/include/rclcpp/rclcpp/parameter_value.hpp:340:3:[m[K [01;36m[Knote: [m[K  template argument deduction/substitution failed:
[3.294s] /opt/ros/jazzy/include/rclcpp/rclcpp/parameter_value.hpp: In substitution of ‘[01m[Ktemplate<class type> constexpr typename std::enable_if<std::is_convertible<type, const std::vector<double, std::allocator<double> >&>::value, const std::vector<double, std::allocator<double> >&>::type rclcpp::ParameterValue::[01;32m[Kget[m[K() const [35m[K[with type = std::map<std::__cxx11::basic_string<char>, std::map<std::__cxx11::basic_string<char>, rclcpp::ParameterValue> >][m[K[m[K’:
[3.294s] [01m[K/opt/ros/jazzy/include/rclcpp/rclcpp/parameter.hpp:239:49:[m[K   required from ‘[01m[Kauto rclcpp::detail::[01;32m[Kget_value_helper[m[K(const rclcpp::Parameter*) [35m[K[with T = std::map<std::__cxx11::basic_string<char>, std::map<std::__cxx11::basic_string<char>, rclcpp::ParameterValue> >][m[K[m[K’
[3.294s] [01m[K/opt/ros/jazzy/include/rclcpp/rclcpp/parameter.hpp:274:39:[m[K   required from ‘[01m[Kdecltype(auto) rclcpp::Parameter::[01;32m[Kget_value[m[K() const [35m[K[with T = std::map<std::__cxx11::basic_string<char>, std::map<std::__cxx11::basic_string<char>, rclcpp::ParameterValue> >][m[K[m[K’
[3.294s] [01m[K/opt/ros/jazzy/include/rclcpp/rclcpp/node_impl.hpp:345:80:[m[K   required from ‘[01m[Kbool rclcpp::Node::[01;32m[Kget_parameter[m[K(const std::string&, ParameterT&) const [35m[K[with ParameterT = std::map<std::__cxx11::basic_string<char>, std::map<std::__cxx11::basic_string<char>, rclcpp::ParameterValue> >; std::string = std::__cxx11::basic_string<char>][m[K[m[K’
[3.294s] [01m[K/home/student/Desktop/ROV2026/src/rov_control/src/gamepad_parser_node.cpp:12:22:[m[K   required from here
[3.294s] [01m[K/opt/ros/jazzy/include/rclcpp/rclcpp/parameter_value.hpp:340:3:[m[K [01;31m[Kerror: [m[Kno type named ‘[01m[Ktype[m[K’ in ‘[01m[Kstruct std::enable_if<false, const std::vector<double, std::allocator<double> >&>[m[K’
[3.294s] /opt/ros/jazzy/include/rclcpp/rclcpp/parameter.hpp: In instantiation of ‘[01m[Kauto rclcpp::detail::[01;32m[Kget_value_helper[m[K(const rclcpp::Parameter*) [35m[K[with T = std::map<std::__cxx11::basic_string<char>, std::map<std::__cxx11::basic_string<char>, rclcpp::ParameterValue> >][m[K[m[K’:
[3.294s] [01m[K/opt/ros/jazzy/include/rclcpp/rclcpp/parameter.hpp:274:39:[m[K   required from ‘[01m[Kdecltype(auto) rclcpp::Parameter::[01;32m[Kget_value[m[K() const [35m[K[with T = std::map<std::__cxx11::basic_string<char>, std::map<std::__cxx11::basic_string<char>, rclcpp::ParameterValue> >][m[K[m[K’
[3.294s] [01m[K/opt/ros/jazzy/include/rclcpp/rclcpp/node_impl.hpp:345:80:[m[K   required from ‘[01m[Kbool rclcpp::Node::[01;32m[Kget_parameter[m[K(const std::string&, ParameterT&) const [35m[K[with ParameterT = std::map<std::__cxx11::basic_string<char>, std::map<std::__cxx11::basic_string<char>, rclcpp::ParameterValue> >; std::string = std::__cxx11::basic_string<char>][m[K[m[K’
[3.294s] [01m[K/home/student/Desktop/ROV2026/src/rov_control/src/gamepad_parser_node.cpp:12:22:[m[K   required from here
[3.294s] [01m[K/opt/ros/jazzy/include/rclcpp/rclcpp/parameter_value.hpp:350:3:[m[K [01;36m[Knote: [m[Kcandidate: ‘[01m[Ktemplate<class type> constexpr typename std::enable_if<std::is_convertible<type, const std::vector<std::__cxx11::basic_string<char>, std::allocator<std::__cxx11::basic_string<char> > >&>::value, const std::vector<std::__cxx11::basic_string<char>, std::allocator<std::__cxx11::basic_string<char> > >&>::type rclcpp::ParameterValue::[01;32m[Kget[m[K() const[m[K’
[3.294s]   350 |   [01;36m[Kget[m[K() const
[3.294s]       |   [01;36m[K^~~[m[K
[3.295s] [01m[K/opt/ros/jazzy/include/rclcpp/rclcpp/parameter_value.hpp:350:3:[m[K [01;36m[Knote: [m[K  template argument deduction/substitution failed:
[3.295s] /opt/ros/jazzy/include/rclcpp/rclcpp/parameter_value.hpp: In substitution of ‘[01m[Ktemplate<class type> constexpr typename std::enable_if<std::is_convertible<type, const std::vector<std::__cxx11::basic_string<char>, std::allocator<std::__cxx11::basic_string<char> > >&>::value, const std::vector<std::__cxx11::basic_string<char>, std::allocator<std::__cxx11::basic_string<char> > >&>::type rclcpp::ParameterValue::[01;32m[Kget[m[K() const [35m[K[with type = std::map<std::__cxx11::basic_string<char>, std::map<std::__cxx11::basic_string<char>, rclcpp::ParameterValue> >][m[K[m[K’:
[3.295s] [01m[K/opt/ros/jazzy/include/rclcpp/rclcpp/parameter.hpp:239:49:[m[K   required from ‘[01m[Kauto rclcpp::detail::[01;32m[Kget_value_helper[m[K(const rclcpp::Parameter*) [35m[K[with T = std::map<std::__cxx11::basic_string<char>, std::map<std::__cxx11::basic_string<char>, rclcpp::ParameterValue> >][m[K[m[K’
[3.295s] [01m[K/opt/ros/jazzy/include/rclcpp/rclcpp/parameter.hpp:274:39:[m[K   required from ‘[01m[Kdecltype(auto) rclcpp::Parameter::[01;32m[Kget_value[m[K() const [35m[K[with T = std::map<std::__cxx11::basic_string<char>, std::map<std::__cxx11::basic_string<char>, rclcpp::ParameterValue> >][m[K[m[K’
[3.295s] [01m[K/opt/ros/jazzy/include/rclcpp/rclcpp/node_impl.hpp:345:80:[m[K   required from ‘[01m[Kbool rclcpp::Node::[01;32m[Kget_parameter[m[K(const std::string&, ParameterT&) const [35m[K[with ParameterT = std::map<std::__cxx11::basic_string<char>, std::map<std::__cxx11::basic_string<char>, rclcpp::ParameterValue> >; std::string = std::__cxx11::basic_string<char>][m[K[m[K’
[3.295s] [01m[K/home/student/Desktop/ROV2026/src/rov_control/src/gamepad_parser_node.cpp:12:22:[m[K   required from here
[3.295s] [01m[K/opt/ros/jazzy/include/rclcpp/rclcpp/parameter_value.hpp:350:3:[m[K [01;31m[Kerror: [m[Kno type named ‘[01m[Ktype[m[K’ in ‘[01m[Kstruct std::enable_if<false, const std::vector<std::__cxx11::basic_string<char>, std::allocator<std::__cxx11::basic_string<char> > >&>[m[K’
[5.067s] gmake[2]: *** [CMakeFiles/gamepad_parser_node.dir/build.make:76: CMakeFiles/gamepad_parser_node.dir/src/gamepad_parser_node.cpp.o] Error 1
[5.067s] gmake[1]: *** [CMakeFiles/Makefile2:281: CMakeFiles/gamepad_parser_node.dir/all] Error 2
[5.067s] gmake: *** [Makefile:146: all] Error 2
[5.069s] Invoked command in '/home/student/Desktop/ROV2026/build/rov_control' returned '2': CMAKE_PREFIX_PATH=${CMAKE_PREFIX_PATH}:/opt/ros/jazzy /usr/bin/cmake --build /home/student/Desktop/ROV2026/build/rov_control -- -j6 -l6
