[0.010s] Invoking command in '/home/artificer/Desktop/ROV2026/build/rov_control': CMAKE_PREFIX_PATH=${CMAKE_PREFIX_PATH}:/opt/ros/jazzy /usr/bin/cmake /home/artificer/Desktop/ROV2026/src/rov_control -DCMAKE_INSTALL_PREFIX=/home/artificer/Desktop/ROV2026/install/rov_control
[0.052s] -- The C compiler identification is GNU 13.3.0
[0.097s] -- The CXX compiler identification is GNU 13.3.0
[0.112s] -- Detecting C compiler ABI info
[0.188s] -- Detecting C compiler ABI info - done
[0.197s] -- Check for working C compiler: /usr/bin/cc - skipped
[0.197s] -- Detecting C compile features
[0.197s] -- Detecting C compile features - done
[0.206s] -- Detecting CXX compiler ABI info
[0.293s] -- Detecting CXX compiler ABI info - done
[0.301s] -- Check for working CXX compiler: /usr/bin/c++ - skipped
[0.301s] -- Detecting CXX compile features
[0.302s] -- Detecting CXX compile features - done
[0.304s] -- Found ament_cmake: 2.5.4 (/opt/ros/jazzy/share/ament_cmake/cmake)
[0.429s] -- Found Python3: /usr/bin/python3 (found version "3.12.3") found components: Interpreter 
[0.545s] -- Found rclcpp: 28.1.9 (/opt/ros/jazzy/share/rclcpp/cmake)
[0.583s] -- Found rosidl_generator_c: 4.6.5 (/opt/ros/jazzy/share/rosidl_generator_c/cmake)
[0.596s] -- Found rosidl_generator_cpp: 4.6.5 (/opt/ros/jazzy/share/rosidl_generator_cpp/cmake)
[0.611s] -- Using all available rosidl_typesupport_c: rosidl_typesupport_fastrtps_c;rosidl_typesupport_introspection_c
[0.627s] -- Using all available rosidl_typesupport_cpp: rosidl_typesupport_fastrtps_cpp;rosidl_typesupport_introspection_cpp
[0.697s] -- Found rmw_implementation_cmake: 7.3.2 (/opt/ros/jazzy/share/rmw_implementation_cmake/cmake)
[0.700s] -- Found rmw_fastrtps_cpp: 8.4.2 (/opt/ros/jazzy/share/rmw_fastrtps_cpp/cmake)
[0.772s] -- Found OpenSSL: /usr/lib/x86_64-linux-gnu/libcrypto.so (found version "3.0.13")  
[0.792s] -- Found FastRTPS: /opt/ros/jazzy/include (Required is at least version "2.13") 
[0.816s] -- Using RMW implementation 'rmw_fastrtps_cpp' as default
[0.885s] -- Found hardware_interface: 4.29.0 (/opt/ros/jazzy/share/hardware_interface/cmake)
[1.207s] -- Found controller_interface: 4.29.0 (/opt/ros/jazzy/share/controller_interface/cmake)
[1.221s] -- Debug mode: 
[1.221s] -- We are on a Linux system
[1.221s] -- Embedded mode: OFF
[1.221s] -- Algebra backend: builtin
[1.221s] -- Solver profiling: ON
[1.221s] -- Solver interrupt: ON
[1.221s] -- Using double precision floating-point
[1.221s] -- Using long integers
[1.221s] -- Code generation: ON
[1.222s] -- Derivative support: ON
[1.227s] -- Fetching/configuring QDLDL solver
[1.719s] --   Using double precision floats
[1.719s] --   Long integers (64bit) are ON
[1.720s] --   Static library build is OFF
[1.721s] --   Shared library build is OFF
[1.721s] --   Demo executable build is OFF
[1.721s] --   Not building demo executable
[1.721s] --   Unit testing suite build is OFF
[1.721s] -- Build static library: ON
[1.722s] -- Build shared library: ON
[1.722s] -- Build demo executable: ON
[1.800s] -- Configuring done (1.8s)
[1.855s] -- Generating done (0.0s)
[1.866s] -- Build files have been written to: /home/artificer/Desktop/ROV2026/build/rov_control
[1.881s] Invoked command in '/home/artificer/Desktop/ROV2026/build/rov_control' returned '0': CMAKE_PREFIX_PATH=${CMAKE_PREFIX_PATH}:/opt/ros/jazzy /usr/bin/cmake /home/artificer/Desktop/ROV2026/src/rov_control -DCMAKE_INSTALL_PREFIX=/home/artificer/Desktop/ROV2026/install/rov_control
[1.882s] Invoking command in '/home/artificer/Desktop/ROV2026/build/rov_control': CMAKE_PREFIX_PATH=${CMAKE_PREFIX_PATH}:/opt/ros/jazzy /usr/bin/cmake --build /home/artificer/Desktop/ROV2026/build/rov_control -- -j12 -l12
[1.944s] [  6%] [34m[1mCopying csc_math.h[0m
[1.944s] [  6%] [32mBuilding CXX object CMakeFiles/gamepad_parser_node.dir/src/gamepad_parser_node.cpp.o[0m
[1.944s] [  6%] [34m[1mCopying csc_utils.h[0m
[1.944s] [  7%] [32mBuilding C object _deps/qdldl-build/CMakeFiles/qdldlobject.dir/src/qdldl.c.o[0m
[1.945s] [  6%] [34m[1mCopying algebra_impl.h[0m
[1.946s] [  9%] [34m[1mCopying algebra_matrix.h[0m
[1.947s] [ 10%] [32mBuilding C object CMakeFiles/rov_control.dir/src/libdriver_pca9685/src/driver_pca9685.c.o[0m
[1.947s] [  6%] [32mBuilding CXX object CMakeFiles/rov_control.dir/src/pwm_interface.cpp.o[0m
[1.947s] [ 11%] [32mBuilding C object CMakeFiles/rov_control.dir/src/libdriver_pca9685/interface/driver_pca9685_interface.c.o[0m
[1.947s] [  6%] [34m[1mCopying codegen makefile[0m
[1.947s] [  8%] [34m[1mCopying auxil.c[0m
[1.947s] [ 12%] [34m[1mCopying kkt.h[0m
[1.970s] [ 13%] [34m[1mCopying qdldl.h[0m
[1.970s] [ 14%] [34m[1mCopying auxil.h[0m
[1.970s] [ 15%] [34m[1mCopying error.c[0m
[1.970s] [ 15%] Built target copy_codegen_makefile
[1.971s] [ 17%] [34m[1mCopying algebra_vector.h[0m
[1.977s] [ 18%] [34m[1mCopying osqp_api.c[0m
[1.977s] [ 19%] [34m[1mCopying error.h[0m
[1.982s] [ 20%] [34m[1mCopying glob_opts.h[0m
[1.990s] [ 21%] [34m[1mCopying qdldl_interface.h[0m
[2.000s] [ 22%] [34m[1mCopying qdldl_types.h[0m
[2.002s] [ 24%] [34m[1mCopying scaling.c[0m
[2.002s] [ 24%] [34m[1mCopying qdldl_version.h[0m
[2.007s] [ 25%] [34m[1mCopying util.c[0m
[2.014s] [ 27%] [34m[1mCopying algebra_libs.c[0m
[2.014s] [ 27%] [34m[1mCopying lin_alg.h[0m
[2.025s] [ 29%] [34m[1mCopying csc_utils.c[0m
[2.026s] [ 30%] [34m[1mCopying printing.h[0m
[2.027s] [ 30%] [34m[1mCopying csc_math.c[0m
[2.029s] [ 31%] [34m[1mCopying kkt.c[0m
[2.032s] [ 31%] Built target copy_codegen_srcs
[2.040s] [ 32%] [34m[1mCopying profilers.h[0m
[2.040s] [ 34%] [34m[1mCopying matrix.c[0m
[2.049s] [ 35%] [34m[1mCopying qdldl.c[0m
[2.049s] [ 36%] [34m[1mCopying scaling.h[0m
[2.050s] [ 37%] [34m[1mCopying timing.h[0m
[2.057s] [ 38%] [34m[1mCopying qdldl_interface.c[0m
[2.058s] [ 39%] [34m[1mCopying vector.c[0m
[2.062s] [ 40%] [34m[1mCopying types.h[0m
[2.069s] [ 41%] [34m[1mCopying util.h[0m
[2.069s] [ 42%] [34m[1mCopying version.h[0m
[2.076s] [ 43%] [34m[1mCopying osqp_api_functions.h[0m
[2.076s] [ 44%] [34m[1mCopying osqp_api_constants.h[0m
[2.077s] [ 45%] [34m[1mCopying osqp.h[0m
[2.082s] [ 46%] [34m[1mCopying osqp_api_types.h[0m
[2.084s] [ 46%] Built target copy_codegen_linalg
[2.088s] [ 47%] [34m[1mCopying osqp_export_define.h[0m
[2.101s] [ 47%] Built target qdldlobject
[2.106s] [ 47%] Built target copy_codegen_incs
[2.124s] [ 52%] [32mBuilding C object external/osqp/CMakeFiles/OSQPLIB.dir/src/auxil.c.o[0m
[2.125s] [ 52%] [32mBuilding C object external/osqp/CMakeFiles/OSQPLIB.dir/src/scaling.c.o[0m
[2.125s] [ 54%] [32mBuilding C object external/osqp/CMakeFiles/OSQPLIB.dir/src/derivative.c.o[0m
[2.125s] [ 52%] [32mBuilding C object external/osqp/CMakeFiles/OSQPLIB.dir/src/error.c.o[0m
[2.129s] [ 52%] [32mBuilding C object external/osqp/CMakeFiles/OSQPLIB.dir/src/polish.c.o[0m
[2.129s] [ 55%] [32mBuilding C object external/osqp/CMakeFiles/OSQPLIB.dir/src/interrupt_unix.c.o[0m
[2.130s] [ 54%] [32mBuilding C object external/osqp/CMakeFiles/OSQPLIB.dir/src/util.c.o[0m
[2.132s] [ 56%] [32mBuilding C object external/osqp/CMakeFiles/OSQPLIB.dir/src/codegen.c.o[0m
[2.132s] [ 56%] Built target copy_codegen_files
[2.135s] [ 57%] [32mBuilding C object external/osqp/CMakeFiles/OSQPLIB.dir/src/timing_linux.c.o[0m
[2.146s] [ 58%] [32mBuilding C object external/osqp/CMakeFiles/OSQPLIB.dir/algebra/_common/csc_math.c.o[0m
[2.186s] [ 59%] [32mBuilding C object external/osqp/CMakeFiles/OSQPLIB.dir/algebra/_common/csc_utils.c.o[0m
[2.194s] [ 60%] [32mBuilding C object external/osqp/CMakeFiles/OSQPLIB.dir/algebra/builtin/algebra_libs.c.o[0m
[2.201s] [ 61%] [32mBuilding C object external/osqp/CMakeFiles/OSQPLIB.dir/algebra/builtin/vector.c.o[0m
[2.212s] [ 62%] [32mBuilding C object external/osqp/CMakeFiles/OSQPLIB.dir/algebra/builtin/matrix.c.o[0m
[2.256s] [ 63%] [32mBuilding C object external/osqp/CMakeFiles/OSQPLIB.dir/algebra/_common/lin_sys/qdldl/amd/src/amd_1.c.o[0m
[2.258s] [ 64%] [32mBuilding C object external/osqp/CMakeFiles/OSQPLIB.dir/algebra/_common/lin_sys/qdldl/amd/src/SuiteSparse_config.c.o[0m
[2.276s] [ 65%] [32mBuilding C object external/osqp/CMakeFiles/OSQPLIB.dir/algebra/_common/lin_sys/qdldl/amd/src/amd_2.c.o[0m
[2.282s] [ 67%] [32mBuilding C object external/osqp/CMakeFiles/OSQPLIB.dir/algebra/_common/lin_sys/qdldl/amd/src/amd_aat.c.o[0m
[2.318s] [ 68%] [32mBuilding C object external/osqp/CMakeFiles/OSQPLIB.dir/algebra/_common/lin_sys/qdldl/amd/src/amd_control.c.o[0m
[2.358s] [ 69%] [32mBuilding C object external/osqp/CMakeFiles/OSQPLIB.dir/algebra/_common/lin_sys/qdldl/amd/src/amd_defaults.c.o[0m
[2.373s] [ 70%] [32mBuilding C object external/osqp/CMakeFiles/OSQPLIB.dir/algebra/_common/lin_sys/qdldl/amd/src/amd_info.c.o[0m
[2.377s] [ 71%] [32mBuilding C object external/osqp/CMakeFiles/OSQPLIB.dir/algebra/_common/lin_sys/qdldl/amd/src/amd_post_tree.c.o[0m
[2.378s] [ 72%] [32mBuilding C object external/osqp/CMakeFiles/OSQPLIB.dir/algebra/_common/lin_sys/qdldl/amd/src/amd_order.c.o[0m
[2.394s] [ 73%] [32mBuilding C object external/osqp/CMakeFiles/OSQPLIB.dir/algebra/_common/lin_sys/qdldl/amd/src/amd_postorder.c.o[0m
[2.423s] [ 74%] [32mBuilding C object external/osqp/CMakeFiles/OSQPLIB.dir/algebra/_common/lin_sys/qdldl/amd/src/amd_preprocess.c.o[0m
[2.447s] [ 75%] [32mBuilding C object external/osqp/CMakeFiles/OSQPLIB.dir/algebra/_common/lin_sys/qdldl/amd/src/amd_valid.c.o[0m
[2.458s] [ 76%] [32mBuilding C object external/osqp/CMakeFiles/OSQPLIB.dir/algebra/_common/kkt.c.o[0m
[2.477s] [ 77%] [32mBuilding C object external/osqp/CMakeFiles/OSQPLIB.dir/algebra/_common/lin_sys/qdldl/qdldl_interface.c.o[0m
[2.750s] [ 77%] Built target OSQPLIB
[2.769s] [ 79%] [32mBuilding C object external/osqp/CMakeFiles/osqp.dir/src/osqp_api.c.o[0m
[2.770s] [ 79%] [32mBuilding C object external/osqp/CMakeFiles/osqpstatic.dir/src/osqp_api.c.o[0m
[2.988s] [ 80%] [32m[1mLinking C static library out/libosqpstatic.a[0m
[2.993s] [ 81%] [32m[1mLinking C shared library out/libosqp.so[0m
[3.032s] [ 81%] Built target osqpstatic
[3.040s] [ 81%] Built target osqp
[3.055s] [ 82%] [32mBuilding C object external/osqp/CMakeFiles/osqp_demo.dir/examples/osqp_demo.c.o[0m
[3.056s] [ 84%] [32mBuilding C object external/osqp/CMakeFiles/osqp_codegen_demo.dir/examples/osqp_codegen_demo.c.o[0m
[3.056s] [ 85%] [32mBuilding CXX object CMakeFiles/axis_to_command_controller.dir/src/axis_to_command_controller.cpp.o[0m
[3.056s] [ 86%] [32mBuilding C object external/osqp/CMakeFiles/osqp_simple_demo.dir/examples/osqp_simple_demo.c.o[0m
[3.056s] [ 87%] [32mBuilding C object external/osqp/CMakeFiles/osqp_demo.dir/examples/problems/hs21.c.o[0m
[3.056s] [ 88%] [32mBuilding C object external/osqp/CMakeFiles/osqp_demo.dir/examples/problems/cvxqp2_s.c.o[0m
[3.057s] [ 89%] [32mBuilding C object external/osqp/CMakeFiles/osqp_demo.dir/examples/problems/primalc1.c.o[0m
[3.057s] [ 90%] [32mBuilding C object external/osqp/CMakeFiles/osqp_demo.dir/examples/problems/hs35.c.o[0m
[3.063s] [ 91%] [32mBuilding C object external/osqp/CMakeFiles/osqp_demo.dir/examples/problems/qpcblend.c.o[0m
[3.065s] [ 92%] [32mBuilding C object external/osqp/CMakeFiles/osqp_demo.dir/examples/problems/qptest.c.o[0m
[3.103s] [ 93%] [32mBuilding C object external/osqp/CMakeFiles/osqp_demo.dir/examples/problems/largeqp.c.o[0m
[3.110s] [ 94%] [32m[1mLinking C executable out/osqp_simple_demo[0m
[3.118s] [ 95%] [32m[1mLinking C executable out/osqp_codegen_demo[0m
[3.153s] [ 96%] [32m[1mLinking C executable out/osqp_demo[0m
[3.163s] [ 96%] Built target osqp_simple_demo
[3.174s] [ 96%] Built target osqp_codegen_demo
[3.200s] [ 96%] Built target osqp_demo
[6.439s] [ 97%] [32m[1mLinking CXX shared library librov_control.so[0m
[6.634s] [ 97%] Built target rov_control
[8.929s] [ 98%] [32m[1mLinking CXX executable gamepad_parser_node[0m
[9.213s] [ 98%] Built target gamepad_parser_node
[13.267s] [100%] [32m[1mLinking CXX shared library libaxis_to_command_controller.so[0m
[13.612s] [100%] Built target axis_to_command_controller
[13.624s] Invoked command in '/home/artificer/Desktop/ROV2026/build/rov_control' returned '0': CMAKE_PREFIX_PATH=${CMAKE_PREFIX_PATH}:/opt/ros/jazzy /usr/bin/cmake --build /home/artificer/Desktop/ROV2026/build/rov_control -- -j12 -l12
[13.625s] Invoking command in '/home/artificer/Desktop/ROV2026/build/rov_control': CMAKE_PREFIX_PATH=${CMAKE_PREFIX_PATH}:/opt/ros/jazzy /usr/bin/cmake --install /home/artificer/Desktop/ROV2026/build/rov_control
[13.632s] -- Install configuration: ""
[13.633s] -- Installing: /home/artificer/Desktop/ROV2026/install/rov_control/include/qdldl/qdldl.h
[13.633s] -- Installing: /home/artificer/Desktop/ROV2026/install/rov_control/include/qdldl/qdldl_types.h
[13.633s] -- Installing: /home/artificer/Desktop/ROV2026/install/rov_control/include/qdldl/qdldl_version.h
[13.634s] -- Installing: /home/artificer/Desktop/ROV2026/install/rov_control/include/osqp/osqp.h
[13.634s] -- Installing: /home/artificer/Desktop/ROV2026/install/rov_control/include/osqp/osqp_api_constants.h
[13.634s] -- Installing: /home/artificer/Desktop/ROV2026/install/rov_control/include/osqp/osqp_api_functions.h
[13.634s] -- Installing: /home/artificer/Desktop/ROV2026/install/rov_control/include/osqp/osqp_api_types.h
[13.634s] -- Installing: /home/artificer/Desktop/ROV2026/install/rov_control/include/osqp/osqp_export_define.h
[13.634s] -- Installing: /home/artificer/Desktop/ROV2026/install/rov_control/include/osqp/osqp_configure.h
[13.634s] -- Installing: /home/artificer/Desktop/ROV2026/install/rov_control/lib/libosqpstatic.a
[13.635s] -- Installing: /home/artificer/Desktop/ROV2026/install/rov_control/lib/cmake/osqp/osqpstatic-targets.cmake
[13.635s] -- Installing: /home/artificer/Desktop/ROV2026/install/rov_control/lib/cmake/osqp/osqpstatic-targets-noconfig.cmake
[13.635s] -- Installing: /home/artificer/Desktop/ROV2026/install/rov_control/lib/libosqp.so
[13.635s] -- Installing: /home/artificer/Desktop/ROV2026/install/rov_control/lib/cmake/osqp/osqp-targets.cmake
[13.635s] -- Installing: /home/artificer/Desktop/ROV2026/install/rov_control/lib/cmake/osqp/osqp-targets-noconfig.cmake
[13.636s] -- Installing: /home/artificer/Desktop/ROV2026/install/rov_control/lib/cmake/osqp/osqp-config.cmake
[13.636s] -- Installing: /home/artificer/Desktop/ROV2026/install/rov_control/lib/cmake/osqp/osqp-config-version.cmake
[13.636s] -- Installing: /home/artificer/Desktop/ROV2026/install/rov_control/share/osqp/codegen_files
[13.636s] -- Installing: /home/artificer/Desktop/ROV2026/install/rov_control/share/osqp/codegen_files/Makefile
[13.636s] -- Installing: /home/artificer/Desktop/ROV2026/install/rov_control/share/osqp/codegen_files/inc
[13.636s] -- Installing: /home/artificer/Desktop/ROV2026/install/rov_control/share/osqp/codegen_files/inc/public
[13.636s] -- Installing: /home/artificer/Desktop/ROV2026/install/rov_control/share/osqp/codegen_files/inc/public/osqp.h
[13.636s] -- Installing: /home/artificer/Desktop/ROV2026/install/rov_control/share/osqp/codegen_files/inc/public/osqp_export_define.h
[13.637s] -- Installing: /home/artificer/Desktop/ROV2026/install/rov_control/share/osqp/codegen_files/inc/public/osqp_api_constants.h
[13.637s] -- Installing: /home/artificer/Desktop/ROV2026/install/rov_control/share/osqp/codegen_files/inc/public/osqp_api_functions.h
[13.637s] -- Installing: /home/artificer/Desktop/ROV2026/install/rov_control/share/osqp/codegen_files/inc/public/osqp_api_types.h
[13.637s] -- Installing: /home/artificer/Desktop/ROV2026/install/rov_control/share/osqp/codegen_files/inc/private
[13.637s] -- Installing: /home/artificer/Desktop/ROV2026/install/rov_control/share/osqp/codegen_files/inc/private/csc_utils.h
[13.637s] -- Installing: /home/artificer/Desktop/ROV2026/install/rov_control/share/osqp/codegen_files/inc/private/scaling.h
[13.637s] -- Installing: /home/artificer/Desktop/ROV2026/install/rov_control/share/osqp/codegen_files/inc/private/csc_math.h
[13.637s] -- Installing: /home/artificer/Desktop/ROV2026/install/rov_control/share/osqp/codegen_files/inc/private/glob_opts.h
[13.638s] -- Installing: /home/artificer/Desktop/ROV2026/install/rov_control/share/osqp/codegen_files/inc/private/error.h
[13.638s] -- Installing: /home/artificer/Desktop/ROV2026/install/rov_control/share/osqp/codegen_files/inc/private/qdldl.h
[13.638s] -- Installing: /home/artificer/Desktop/ROV2026/install/rov_control/share/osqp/codegen_files/inc/private/timing.h
[13.638s] -- Installing: /home/artificer/Desktop/ROV2026/install/rov_control/share/osqp/codegen_files/inc/private/printing.h
[13.638s] -- Installing: /home/artificer/Desktop/ROV2026/install/rov_control/share/osqp/codegen_files/inc/private/qdldl_interface.h
[13.638s] -- Installing: /home/artificer/Desktop/ROV2026/install/rov_control/share/osqp/codegen_files/inc/private/auxil.h
[13.639s] -- Installing: /home/artificer/Desktop/ROV2026/install/rov_control/share/osqp/codegen_files/inc/private/qdldl_version.h
[13.639s] -- Installing: /home/artificer/Desktop/ROV2026/install/rov_control/share/osqp/codegen_files/inc/private/util.h
[13.639s] -- Installing: /home/artificer/Desktop/ROV2026/install/rov_control/share/osqp/codegen_files/inc/private/kkt.h
[13.639s] -- Installing: /home/artificer/Desktop/ROV2026/install/rov_control/share/osqp/codegen_files/inc/private/algebra_impl.h
[13.639s] -- Installing: /home/artificer/Desktop/ROV2026/install/rov_control/share/osqp/codegen_files/inc/private/profilers.h
[13.639s] -- Installing: /home/artificer/Desktop/ROV2026/install/rov_control/share/osqp/codegen_files/inc/private/algebra_vector.h
[13.639s] -- Installing: /home/artificer/Desktop/ROV2026/install/rov_control/share/osqp/codegen_files/inc/private/version.h
[13.639s] -- Installing: /home/artificer/Desktop/ROV2026/install/rov_control/share/osqp/codegen_files/inc/private/lin_alg.h
[13.639s] -- Installing: /home/artificer/Desktop/ROV2026/install/rov_control/share/osqp/codegen_files/inc/private/qdldl_types.h
[13.640s] -- Installing: /home/artificer/Desktop/ROV2026/install/rov_control/share/osqp/codegen_files/inc/private/algebra_matrix.h
[13.640s] -- Installing: /home/artificer/Desktop/ROV2026/install/rov_control/share/osqp/codegen_files/inc/private/types.h
[13.640s] -- Installing: /home/artificer/Desktop/ROV2026/install/rov_control/share/osqp/codegen_files/src
[13.640s] -- Installing: /home/artificer/Desktop/ROV2026/install/rov_control/share/osqp/codegen_files/src/qdldl.c
[13.640s] -- Installing: /home/artificer/Desktop/ROV2026/install/rov_control/share/osqp/codegen_files/src/vector.c
[13.640s] -- Installing: /home/artificer/Desktop/ROV2026/install/rov_control/share/osqp/codegen_files/src/util.c
[13.640s] -- Installing: /home/artificer/Desktop/ROV2026/install/rov_control/share/osqp/codegen_files/src/error.c
[13.640s] -- Installing: /home/artificer/Desktop/ROV2026/install/rov_control/share/osqp/codegen_files/src/qdldl_interface.c
[13.640s] -- Installing: /home/artificer/Desktop/ROV2026/install/rov_control/share/osqp/codegen_files/src/csc_math.c
[13.641s] -- Installing: /home/artificer/Desktop/ROV2026/install/rov_control/share/osqp/codegen_files/src/matrix.c
[13.641s] -- Installing: /home/artificer/Desktop/ROV2026/install/rov_control/share/osqp/codegen_files/src/algebra_libs.c
[13.641s] -- Installing: /home/artificer/Desktop/ROV2026/install/rov_control/share/osqp/codegen_files/src/scaling.c
[13.641s] -- Installing: /home/artificer/Desktop/ROV2026/install/rov_control/share/osqp/codegen_files/src/csc_utils.c
[13.641s] -- Installing: /home/artificer/Desktop/ROV2026/install/rov_control/share/osqp/codegen_files/src/kkt.c
[13.641s] -- Installing: /home/artificer/Desktop/ROV2026/install/rov_control/share/osqp/codegen_files/src/osqp_api.c
[13.641s] -- Installing: /home/artificer/Desktop/ROV2026/install/rov_control/share/osqp/codegen_files/src/auxil.c
[13.642s] -- Installing: /home/artificer/Desktop/ROV2026/install/rov_control/share/rov_control/plugins/pwm_interface_plugin.xml
[13.642s] -- Installing: /home/artificer/Desktop/ROV2026/install/rov_control/share/rov_control/plugins/axis_to_command_controller_plugin.xml
[13.642s] -- Installing: /home/artificer/Desktop/ROV2026/install/rov_control/lib/librov_control.so
[13.643s] -- Set non-toolchain portion of runtime path of "/home/artificer/Desktop/ROV2026/install/rov_control/lib/librov_control.so" to ""
[13.644s] -- Installing: /home/artificer/Desktop/ROV2026/install/rov_control/lib/libaxis_to_command_controller.so
[13.651s] -- Set non-toolchain portion of runtime path of "/home/artificer/Desktop/ROV2026/install/rov_control/lib/libaxis_to_command_controller.so" to ""
[13.651s] -- Installing: /home/artificer/Desktop/ROV2026/install/rov_control/lib/rov_control/gamepad_parser_node
[13.657s] -- Set non-toolchain portion of runtime path of "/home/artificer/Desktop/ROV2026/install/rov_control/lib/rov_control/gamepad_parser_node" to ""
[13.657s] -- Up-to-date: /home/artificer/Desktop/ROV2026/install/rov_control/include/
[13.657s] -- Installing: /home/artificer/Desktop/ROV2026/install/rov_control/include//rov_control
[13.657s] -- Installing: /home/artificer/Desktop/ROV2026/install/rov_control/include//rov_control/axis_to_command_controller.hpp
[13.657s] -- Installing: /home/artificer/Desktop/ROV2026/install/rov_control/include//rov_control/gamepad_parser_node.hpp
[13.657s] -- Installing: /home/artificer/Desktop/ROV2026/install/rov_control/include//rov_control/pwm_interface.hpp
[13.657s] -- Installing: /home/artificer/Desktop/ROV2026/install/rov_control/include//rov_control/thruster_pid_controller.hpp
[13.657s] -- Installing: /home/artificer/Desktop/ROV2026/install/rov_control/include//rov_control/libdriver_pca9685
[13.657s] -- Installing: /home/artificer/Desktop/ROV2026/install/rov_control/include//rov_control/libdriver_pca9685/driver_pca9685.h
[13.658s] -- Installing: /home/artificer/Desktop/ROV2026/install/rov_control/include//rov_control/libdriver_pca9685/driver_pca9685_interface.h
[13.658s] -- Installing: /home/artificer/Desktop/ROV2026/install/rov_control/share/rov_control/launch
[13.658s] -- Installing: /home/artificer/Desktop/ROV2026/install/rov_control/share/rov_control/launch/rov_control_launch.py
[13.658s] -- Installing: /home/artificer/Desktop/ROV2026/install/rov_control/share/rov_control/launch/rov_control_launch_test.py
[13.658s] -- Installing: /home/artificer/Desktop/ROV2026/install/rov_control/share/rov_control/environment/library_path.sh
[13.658s] -- Installing: /home/artificer/Desktop/ROV2026/install/rov_control/share/rov_control/environment/library_path.dsv
[13.658s] -- Installing: /home/artificer/Desktop/ROV2026/install/rov_control/share/ament_index/resource_index/package_run_dependencies/rov_control
[13.659s] -- Installing: /home/artificer/Desktop/ROV2026/install/rov_control/share/ament_index/resource_index/parent_prefix_path/rov_control
[13.659s] -- Installing: /home/artificer/Desktop/ROV2026/install/rov_control/share/rov_control/environment/ament_prefix_path.sh
[13.659s] -- Installing: /home/artificer/Desktop/ROV2026/install/rov_control/share/rov_control/environment/ament_prefix_path.dsv
[13.659s] -- Installing: /home/artificer/Desktop/ROV2026/install/rov_control/share/rov_control/environment/path.sh
[13.659s] -- Installing: /home/artificer/Desktop/ROV2026/install/rov_control/share/rov_control/environment/path.dsv
[13.659s] -- Installing: /home/artificer/Desktop/ROV2026/install/rov_control/share/rov_control/local_setup.bash
[13.659s] -- Installing: /home/artificer/Desktop/ROV2026/install/rov_control/share/rov_control/local_setup.sh
[13.659s] -- Installing: /home/artificer/Desktop/ROV2026/install/rov_control/share/rov_control/local_setup.zsh
[13.660s] -- Installing: /home/artificer/Desktop/ROV2026/install/rov_control/share/rov_control/local_setup.dsv
[13.660s] -- Installing: /home/artificer/Desktop/ROV2026/install/rov_control/share/rov_control/package.dsv
[13.660s] -- Installing: /home/artificer/Desktop/ROV2026/install/rov_control/share/ament_index/resource_index/packages/rov_control
[13.660s] -- Installing: /home/artificer/Desktop/ROV2026/install/rov_control/share/ament_index/resource_index/hardware_interface__pluginlib__plugin/rov_control
[13.660s] -- Installing: /home/artificer/Desktop/ROV2026/install/rov_control/share/ament_index/resource_index/controller_interface__pluginlib__plugin/rov_control
[13.660s] -- Installing: /home/artificer/Desktop/ROV2026/install/rov_control/share/rov_control/cmake/export_rov_controlExport.cmake
[13.661s] -- Installing: /home/artificer/Desktop/ROV2026/install/rov_control/share/rov_control/cmake/export_rov_controlExport-noconfig.cmake
[13.661s] -- Installing: /home/artificer/Desktop/ROV2026/install/rov_control/share/rov_control/cmake/ament_cmake_export_libraries-extras.cmake
[13.661s] -- Installing: /home/artificer/Desktop/ROV2026/install/rov_control/share/rov_control/cmake/ament_cmake_export_targets-extras.cmake
[13.661s] -- Installing: /home/artificer/Desktop/ROV2026/install/rov_control/share/rov_control/cmake/rov_controlConfig.cmake
[13.661s] -- Installing: /home/artificer/Desktop/ROV2026/install/rov_control/share/rov_control/cmake/rov_controlConfig-version.cmake
[13.661s] -- Installing: /home/artificer/Desktop/ROV2026/install/rov_control/share/rov_control/package.xml
[13.663s] Invoked command in '/home/artificer/Desktop/ROV2026/build/rov_control' returned '0': CMAKE_PREFIX_PATH=${CMAKE_PREFIX_PATH}:/opt/ros/jazzy /usr/bin/cmake --install /home/artificer/Desktop/ROV2026/build/rov_control
