-- Found ament_cmake: 2.5.4 (/opt/ros/jazzy/share/ament_cmake/cmake)
-- Found rclcpp: 28.1.9 (/opt/ros/jazzy/share/rclcpp/cmake)
-- Found rosidl_generator_c: 4.6.5 (/opt/ros/jazzy/share/rosidl_generator_c/cmake)
-- Found rosidl_generator_cpp: 4.6.5 (/opt/ros/jazzy/share/rosidl_generator_cpp/cmake)
-- Using all available rosidl_typesupport_c: rosidl_typesupport_fastrtps_c;rosidl_typesupport_introspection_c
-- Using all available rosidl_typesupport_cpp: rosidl_typesupport_fastrtps_cpp;rosidl_typesupport_introspection_cpp
-- Found rmw_implementation_cmake: 7.3.2 (/opt/ros/jazzy/share/rmw_implementation_cmake/cmake)
-- Found rmw_fastrtps_cpp: 8.4.2 (/opt/ros/jazzy/share/rmw_fastrtps_cpp/cmake)
-- Using RMW implementation 'rmw_fastrtps_cpp' as default
-- Found hardware_interface: 4.29.0 (/opt/ros/jazzy/share/hardware_interface/cmake)
-- Found controller_interface: 4.29.0 (/opt/ros/jazzy/share/controller_interface/cmake)
-- Debug mode: 
-- We are on a Linux system
-- Embedded mode: OFF
-- Algebra backend: builtin
-- Solver profiling: ON
-- Solver interrupt: ON
-- Using double precision floating-point
-- Using long integers
-- Code generation: ON
-- Derivative support: ON
-- Fetching/configuring QDLDL solver
--   Using double precision floats
--   Long integers (64bit) are ON
--   Static library build is OFF
--   Shared library build is OFF
--   Demo executable build is OFF
--   Not building demo executable
--   Unit testing suite build is OFF
-- Build static library: ON
-- Build shared library: ON
-- Build demo executable: ON
-- Configuring done (1.1s)
-- Generating done (0.0s)
-- Build files have been written to: /home/artificer/Desktop/ROV2026/build/rov_control
[  7%] [34m[1mCopying algebra_impl.h[0m
[  7%] [34m[1mCopying algebra_vector.h[0m
[  7%] [32mBuilding CXX object CMakeFiles/rov_control.dir/src/pwm_interface.cpp.o[0m
[  8%] [34m[1mCopying kkt.h[0m
[  8%] [34m[1mCopying csc_utils.h[0m
[  7%] [34m[1mCopying codegen makefile[0m
[  8%] [34m[1mCopying csc_math.h[0m
[ 10%] [34m[1mCopying algebra_matrix.h[0m
[ 10%] [34m[1mCopying auxil.c[0m
[ 11%] [34m[1mCopying qdldl.h[0m
[ 12%] [34m[1mCopying auxil.h[0m
[ 13%] [32mBuilding C object _deps/qdldl-build/CMakeFiles/qdldlobject.dir/src/qdldl.c.o[0m
[ 18%] [34m[1mCopying osqp_api.c[0m
[ 18%] [34m[1mCopying scaling.c[0m
[ 18%] Built target copy_codegen_makefile
[ 18%] [34m[1mCopying error.h[0m
[ 18%] [34m[1mCopying glob_opts.h[0m
[ 20%] [34m[1mCopying error.c[0m
[ 18%] [34m[1mCopying qdldl_interface.h[0m
[ 21%] [34m[1mCopying qdldl_types.h[0m
[ 22%] [34m[1mCopying lin_alg.h[0m
[ 23%] [34m[1mCopying printing.h[0m
[ 24%] [34m[1mCopying qdldl_version.h[0m
[ 30%] [34m[1mCopying csc_math.c[0m
[ 30%] [34m[1mCopying algebra_libs.c[0m
[ 30%] [34m[1mCopying util.c[0m
[ 30%] [34m[1mCopying timing.h[0m
[ 30%] [34m[1mCopying scaling.h[0m
[ 31%] [34m[1mCopying profilers.h[0m
[ 32%] [34m[1mCopying csc_utils.c[0m
[ 33%] [34m[1mCopying types.h[0m
[ 34%] [34m[1mCopying kkt.c[0m
[ 35%] [34m[1mCopying matrix.c[0m
[ 38%] [34m[1mCopying util.h[0m
[ 38%] [34m[1mCopying version.h[0m
[ 40%] [34m[1mCopying qdldl.c[0m
[ 40%] [34m[1mCopying qdldl_interface.c[0m
[ 41%] [34m[1mCopying osqp_api_constants.h[0m
[ 42%] [34m[1mCopying osqp.h[0m
[ 42%] Built target copy_codegen_srcs
[ 43%] [34m[1mCopying osqp_api_functions.h[0m
[ 44%] [34m[1mCopying osqp_api_types.h[0m
[ 45%] [34m[1mCopying vector.c[0m
[ 46%] [34m[1mCopying osqp_export_define.h[0m
[ 46%] Built target copy_codegen_linalg
[ 46%] Built target copy_codegen_incs
[ 46%] Built target copy_codegen_files
[ 46%] Built target qdldlobject
[ 53%] [32mBuilding C object external/osqp/CMakeFiles/OSQPLIB.dir/src/auxil.c.o[0m
[ 53%] [32mBuilding C object external/osqp/CMakeFiles/OSQPLIB.dir/src/error.c.o[0m
[ 53%] [32mBuilding C object external/osqp/CMakeFiles/OSQPLIB.dir/src/scaling.c.o[0m
[ 53%] [32mBuilding C object external/osqp/CMakeFiles/OSQPLIB.dir/src/polish.c.o[0m
[ 53%] [32mBuilding C object external/osqp/CMakeFiles/OSQPLIB.dir/src/derivative.c.o[0m
[ 53%] [32mBuilding C object external/osqp/CMakeFiles/OSQPLIB.dir/src/util.c.o[0m
[ 54%] [32mBuilding C object external/osqp/CMakeFiles/OSQPLIB.dir/src/interrupt_unix.c.o[0m
[ 55%] [32mBuilding C object external/osqp/CMakeFiles/OSQPLIB.dir/algebra/_common/csc_math.c.o[0m
[ 56%] [32mBuilding C object external/osqp/CMakeFiles/OSQPLIB.dir/algebra/_common/csc_utils.c.o[0m
[ 57%] [32mBuilding C object external/osqp/CMakeFiles/OSQPLIB.dir/src/timing_linux.c.o[0m
[ 58%] [32mBuilding C object external/osqp/CMakeFiles/OSQPLIB.dir/src/codegen.c.o[0m
[ 60%] [32mBuilding C object external/osqp/CMakeFiles/OSQPLIB.dir/algebra/builtin/algebra_libs.c.o[0m
[ 61%] [32mBuilding C object external/osqp/CMakeFiles/OSQPLIB.dir/algebra/builtin/vector.c.o[0m
[ 62%] [32mBuilding C object external/osqp/CMakeFiles/OSQPLIB.dir/algebra/builtin/matrix.c.o[0m
[ 63%] [32mBuilding C object external/osqp/CMakeFiles/OSQPLIB.dir/algebra/_common/lin_sys/qdldl/amd/src/SuiteSparse_config.c.o[0m
[ 64%] [32mBuilding C object external/osqp/CMakeFiles/OSQPLIB.dir/algebra/_common/lin_sys/qdldl/amd/src/amd_1.c.o[0m
[ 65%] [32mBuilding C object external/osqp/CMakeFiles/OSQPLIB.dir/algebra/_common/lin_sys/qdldl/amd/src/amd_2.c.o[0m
[ 66%] [32mBuilding C object external/osqp/CMakeFiles/OSQPLIB.dir/algebra/_common/lin_sys/qdldl/amd/src/amd_aat.c.o[0m
[ 67%] [32mBuilding C object external/osqp/CMakeFiles/OSQPLIB.dir/algebra/_common/lin_sys/qdldl/amd/src/amd_control.c.o[0m
[ 68%] [32mBuilding C object external/osqp/CMakeFiles/OSQPLIB.dir/algebra/_common/lin_sys/qdldl/amd/src/amd_defaults.c.o[0m
[ 70%] [32mBuilding C object external/osqp/CMakeFiles/OSQPLIB.dir/algebra/_common/lin_sys/qdldl/amd/src/amd_info.c.o[0m
[ 71%] [32mBuilding C object external/osqp/CMakeFiles/OSQPLIB.dir/algebra/_common/lin_sys/qdldl/amd/src/amd_order.c.o[0m
[ 72%] [32mBuilding C object external/osqp/CMakeFiles/OSQPLIB.dir/algebra/_common/lin_sys/qdldl/amd/src/amd_post_tree.c.o[0m
[ 73%] [32mBuilding C object external/osqp/CMakeFiles/OSQPLIB.dir/algebra/_common/lin_sys/qdldl/amd/src/amd_postorder.c.o[0m
[ 74%] [32mBuilding C object external/osqp/CMakeFiles/OSQPLIB.dir/algebra/_common/lin_sys/qdldl/amd/src/amd_preprocess.c.o[0m
[ 75%] [32mBuilding C object external/osqp/CMakeFiles/OSQPLIB.dir/algebra/_common/lin_sys/qdldl/amd/src/amd_valid.c.o[0m
[ 76%] [32mBuilding C object external/osqp/CMakeFiles/OSQPLIB.dir/algebra/_common/kkt.c.o[0m
[ 77%] [32mBuilding C object external/osqp/CMakeFiles/OSQPLIB.dir/algebra/_common/lin_sys/qdldl/qdldl_interface.c.o[0m
[ 77%] Built target OSQPLIB
[ 80%] [32mBuilding C object external/osqp/CMakeFiles/osqp.dir/src/osqp_api.c.o[0m
[ 80%] [32mBuilding C object external/osqp/CMakeFiles/osqpstatic.dir/src/osqp_api.c.o[0m
[ 82%] [32m[1mLinking C shared library out/libosqp.so[0m
[ 82%] [32m[1mLinking C static library out/libosqpstatic.a[0m
[ 82%] Built target osqp
[ 82%] Built target osqpstatic
[ 88%] [32mBuilding C object external/osqp/CMakeFiles/osqp_demo.dir/examples/problems/hs21.c.o[0m
[ 88%] [32mBuilding C object external/osqp/CMakeFiles/osqp_demo.dir/examples/problems/cvxqp2_s.c.o[0m
[ 88%] [32mBuilding C object external/osqp/CMakeFiles/osqp_demo.dir/examples/problems/hs35.c.o[0m
[ 88%] [32mBuilding C object external/osqp/CMakeFiles/osqp_demo.dir/examples/problems/qpcblend.c.o[0m
[ 88%] [32mBuilding C object external/osqp/CMakeFiles/osqp_simple_demo.dir/examples/osqp_simple_demo.c.o[0m
[ 90%] [32mBuilding C object external/osqp/CMakeFiles/osqp_demo.dir/examples/osqp_demo.c.o[0m
[ 88%] [32mBuilding C object external/osqp/CMakeFiles/osqp_codegen_demo.dir/examples/osqp_codegen_demo.c.o[0m
[ 93%] [32mBuilding C object external/osqp/CMakeFiles/osqp_demo.dir/examples/problems/largeqp.c.o[0m
[ 93%] [32mBuilding C object external/osqp/CMakeFiles/osqp_demo.dir/examples/problems/qptest.c.o[0m
[ 93%] [32mBuilding CXX object CMakeFiles/axis_to_command_controller.dir/src/axis_to_command_controller.cpp.o[0m
[ 94%] [32mBuilding C object external/osqp/CMakeFiles/osqp_demo.dir/examples/problems/primalc1.c.o[0m
[ 95%] [32m[1mLinking C executable out/osqp_simple_demo[0m
[ 96%] [32m[1mLinking C executable out/osqp_codegen_demo[0m
[ 97%] [32m[1mLinking C executable out/osqp_demo[0m
[ 97%] Built target osqp_simple_demo
[ 97%] Built target osqp_codegen_demo
[ 97%] Built target osqp_demo
