[0.008s] Invoking command in '/home/artificer/Desktop/ROV2026/build/rov_control': CMAKE_PREFIX_PATH=${CMAKE_PREFIX_PATH}:/opt/ros/jazzy /usr/bin/cmake --build /home/artificer/Desktop/ROV2026/build/rov_control -- -j12 -l12
[0.063s] [  1%] Built target copy_codegen_makefile
[0.064s] [ 21%] Built target copy_codegen_incs
[0.065s] [ 37%] Built target copy_codegen_srcs
[0.065s] [ 45%] Built target qdldlobject
[0.065s] [ 45%] Built target copy_codegen_linalg
[0.073s] [ 46%] [32mBuilding CXX object CMakeFiles/rov_control.dir/src/pwm_interface.cpp.o[0m
[0.082s] [ 46%] Built target copy_codegen_files
[0.093s] [ 77%] Built target OSQPLIB
[0.112s] [ 82%] Built target osqp
[0.112s] [ 82%] Built target osqpstatic
[0.132s] [ 84%] Built target osqp_simple_demo
[0.133s] [ 86%] Built target osqp_codegen_demo
[0.134s] [ 96%] Built target osqp_demo
[0.145s] [ 97%] [32mBuilding CXX object CMakeFiles/axis_to_command_controller.dir/src/axis_to_command_controller.cpp.o[0m
[2.126s] [01m[K/home/artificer/Desktop/ROV2026/src/rov_control/src/axis_to_command_controller.cpp:15:1:[m[K [01;31m[Kerror: [m[Kexpected class-name before ‘[01m[K{[m[K’ token
[2.126s]    15 | [01;31m[K{[m[K
[2.126s]       | [01;31m[K^[m[K
[2.129s] [01m[K/home/artificer/Desktop/ROV2026/src/rov_control/src/axis_to_command_controller.cpp:28:3:[m[K [01;31m[Kerror: [m[K‘[01m[KCallbackReturn[m[K’ does not name a type
[2.129s]    28 |   [01;31m[KCallbackReturn[m[K on_init() override
[2.129s]       |   [01;31m[K^~~~~~~~~~~~~~[m[K
[2.131s] [01m[K/home/artificer/Desktop/ROV2026/src/rov_control/src/axis_to_command_controller.cpp:37:3:[m[K [01;31m[Kerror: [m[K‘[01m[KCallbackReturn[m[K’ does not name a type
[2.131s]    37 |   [01;31m[KCallbackReturn[m[K on_configure(const rclcpp_lifecycle::State & previous_state) override
[2.131s]       |   [01;31m[K^~~~~~~~~~~~~~[m[K
[2.133s] [01m[K/home/artificer/Desktop/ROV2026/src/rov_control/src/axis_to_command_controller.cpp:62:3:[m[K [01;31m[Kerror: [m[K‘[01m[KCallbackReturn[m[K’ does not name a type
[2.133s]    62 |   [01;31m[KCallbackReturn[m[K on_activate(const rclcpp_lifecycle::State & previous_state) override
[2.134s]       |   [01;31m[K^~~~~~~~~~~~~~[m[K
[2.136s] [01m[K/home/artificer/Desktop/ROV2026/src/rov_control/src/axis_to_command_controller.cpp:67:3:[m[K [01;31m[Kerror: [m[K‘[01m[KCallbackReturn[m[K’ does not name a type
[2.136s]    67 |   [01;31m[KCallbackReturn[m[K on_deactivate(const rclcpp_lifecycle::State & previous_state) override
[2.136s]       |   [01;31m[K^~~~~~~~~~~~~~[m[K
[2.143s] [01m[K/home/artificer/Desktop/ROV2026/src/rov_control/src/axis_to_command_controller.cpp:106:19:[m[K [01;31m[Kerror: [m[K‘[01m[KOSQPData[m[K’ was not declared in this scope
[2.143s]   106 |   std::unique_ptr<[01;31m[KOSQPData[m[K> qp_data_;
[2.143s]       |                   [01;31m[K^~~~~~~~[m[K
[2.143s] [01m[K/home/artificer/Desktop/ROV2026/src/rov_control/src/axis_to_command_controller.cpp:106:27:[m[K [01;31m[Kerror: [m[Ktemplate argument 1 is invalid
[2.143s]   106 |   std::unique_ptr<OSQPData[01;31m[K>[m[K qp_data_;
[2.143s]       |                           [01;31m[K^[m[K
[2.143s] [01m[K/home/artificer/Desktop/ROV2026/src/rov_control/src/axis_to_command_controller.cpp:106:27:[m[K [01;31m[Kerror: [m[Ktemplate argument 2 is invalid
[2.143s] [01m[K/home/artificer/Desktop/ROV2026/src/rov_control/src/axis_to_command_controller.cpp:18:48:[m[K [01;31m[Kerror: [m[K‘[01m[Kcontroller_interface::InterfaceConfiguration rov_controllers::AxisToCommandController::[01;32m[Kcommand_interface_configuration[m[K() const[m[K’ marked ‘[01m[Koverride[m[K’, but does not override
[2.143s]    18 |   controller_interface::InterfaceConfiguration [01;31m[Kcommand_interface_configuration[m[K() const override
[2.143s]       |                                                [01;31m[K^~~~~~~~~~~~~~~~~~~~~~~~~~~~~~~[m[K
[2.143s] [01m[K/home/artificer/Desktop/ROV2026/src/rov_control/src/axis_to_command_controller.cpp:23:48:[m[K [01;31m[Kerror: [m[K‘[01m[Kcontroller_interface::InterfaceConfiguration rov_controllers::AxisToCommandController::[01;32m[Kstate_interface_configuration[m[K() const[m[K’ marked ‘[01m[Koverride[m[K’, but does not override
[2.143s]    23 |   controller_interface::InterfaceConfiguration [01;31m[Kstate_interface_configuration[m[K() const override
[2.143s]       |                                                [01;31m[K^~~~~~~~~~~~~~~~~~~~~~~~~~~~~[m[K
[2.143s] [01m[K/home/artificer/Desktop/ROV2026/src/rov_control/src/axis_to_command_controller.cpp:72:37:[m[K [01;31m[Kerror: [m[K‘[01m[Kcontroller_interface::return_type rov_controllers::AxisToCommandController::[01;32m[Kupdate[m[K(const rclcpp::Time&, const rclcpp::Duration&)[m[K’ marked ‘[01m[Koverride[m[K’, but does not override
[2.143s]    72 |   controller_interface::return_type [01;31m[Kupdate[m[K(const rclcpp::Time & time, const rclcpp::Duration & period) override
[2.143s]       |                                     [01;31m[K^~~~~~[m[K
[2.144s] [01m[K/home/artificer/Desktop/ROV2026/src/rov_control/src/axis_to_command_controller.cpp:[m[K In member function ‘[01m[Kcontroller_interface::InterfaceConfiguration rov_controllers::AxisToCommandController::[01;32m[Kcommand_interface_configuration[m[K() const[m[K’:
[2.144s] [01m[K/home/artificer/Desktop/ROV2026/src/rov_control/src/axis_to_command_controller.cpp:20:64:[m[K [01;31m[Kerror: [m[Kcould not convert ‘[01m[Kcontroller_interface::interface_configuration_type::INDIVIDUAL[m[K’ from ‘[01m[Kcontroller_interface::interface_configuration_type[m[K’ to ‘[01m[Kcontroller_interface::InterfaceConfiguration[m[K’
[2.144s]    20 |     return [01;31m[Kcontroller_interface::interface_configuration_type::INDIVIDUAL[m[K;
[2.144s]       |            [01;31m[K~~~~~~~~~~~~~~~~~~~~~~~~~~~~~~~~~~~~~~~~~~~~~~~~~~~~^~~~~~~~~~[m[K
[2.144s]       |                                                                [01;31m[K|[m[K
[2.144s]       |                                                                [01;31m[Kcontroller_interface::interface_configuration_type[m[K
[2.144s] [01m[K/home/artificer/Desktop/ROV2026/src/rov_control/src/axis_to_command_controller.cpp:[m[K In member function ‘[01m[Kcontroller_interface::InterfaceConfiguration rov_controllers::AxisToCommandController::[01;32m[Kstate_interface_configuration[m[K() const[m[K’:
[2.144s] [01m[K/home/artificer/Desktop/ROV2026/src/rov_control/src/axis_to_command_controller.cpp:25:64:[m[K [01;31m[Kerror: [m[Kcould not convert ‘[01m[Kcontroller_interface::interface_configuration_type::INDIVIDUAL[m[K’ from ‘[01m[Kcontroller_interface::interface_configuration_type[m[K’ to ‘[01m[Kcontroller_interface::InterfaceConfiguration[m[K’
[2.144s]    25 |     return [01;31m[Kcontroller_interface::interface_configuration_type::INDIVIDUAL[m[K;
[2.144s]       |            [01;31m[K~~~~~~~~~~~~~~~~~~~~~~~~~~~~~~~~~~~~~~~~~~~~~~~~~~~~^~~~~~~~~~[m[K
[2.144s]       |                                                                [01;31m[K|[m[K
[2.144s]       |                                                                [01;31m[Kcontroller_interface::interface_configuration_type[m[K
[2.144s] [01m[K/home/artificer/Desktop/ROV2026/src/rov_control/src/axis_to_command_controller.cpp:[m[K In member function ‘[01m[Kcontroller_interface::return_type rov_controllers::AxisToCommandController::[01;32m[Kupdate[m[K(const rclcpp::Time&, const rclcpp::Duration&)[m[K’:
[2.144s] [01m[K/home/artificer/Desktop/ROV2026/src/rov_control/src/axis_to_command_controller.cpp:75:5:[m[K [01;31m[Kerror: [m[K‘[01m[KEigen[m[K’ has not been declared
[2.144s]    75 |     [01;31m[KEigen[m[K::VectorXd desired_wrench(6);
[2.144s]       |     [01;31m[K^~~~~[m[K
[2.149s] [01m[K/home/artificer/Desktop/ROV2026/src/rov_control/src/axis_to_command_controller.cpp:76:5:[m[K [01;31m[Kerror: [m[K‘[01m[Kdesired_wrench[m[K’ was not declared in this scope
[2.150s]    76 |     [01;31m[Kdesired_wrench[m[K.setZero();
[2.150s]       |     [01;31m[K^~~~~~~~~~~~~~[m[K
[2.150s] In file included from [01m[K/opt/ros/jazzy/include/class_loader/class_loader/class_loader.hpp:56[m[K,
[2.150s]                  from [01m[K/opt/ros/jazzy/include/pluginlib/pluginlib/class_list_macros.hpp:40[m[K,
[2.150s]                  from [01m[K/home/artificer/Desktop/ROV2026/src/rov_control/src/axis_to_command_controller.cpp:8[m[K:
[2.150s] [01m[K/home/artificer/Desktop/ROV2026/src/rov_control/src/axis_to_command_controller.cpp:[m[K At global scope:
[2.150s] [01m[K/home/artificer/Desktop/ROV2026/src/rov_control/src/axis_to_command_controller.cpp:112:88:[m[K [01;31m[Kerror: [m[K‘[01m[KChainableControllerInterface[m[K’ in namespace ‘[01m[Kcontroller_interface[m[K’ does not name a type; did you mean ‘[01m[KControllerInterface[m[K’?
[2.150s]   112 | PLUGINLIB_EXPORT_CLASS(rov_controllers::AxisToCommandController, controller_interface::[01;31m[KChainableControllerInterface[m[K)
[2.150s]       |                                                                                        [01;31m[K^~~~~~~~~~~~~~~~~~~~~~~~~~~~[m[K
[2.155s] [01m[K/home/artificer/Desktop/ROV2026/src/rov_control/src/axis_to_command_controller.cpp:[m[K In constructor ‘[01m[K{anonymous}::ProxyExec0::[01;32m[KProxyExec0[m[K()[m[K’:
[2.155s] [01m[K/home/artificer/Desktop/ROV2026/src/rov_control/src/axis_to_command_controller.cpp:112:1:[m[K [01;31m[Kerror: [m[K‘[01m[K_base[m[K’ was not declared in this scope; did you mean ‘[01m[K__bases[m[K’?
[2.155s]   112 | [01;31m[KPLUGINLIB_EXPORT_CLASS[m[K(rov_controllers::AxisToCommandController, controller_interface::ChainableControllerInterface)
[2.155s]       | [01;31m[K^~~~~~~~~~~~~~~~~~~~~~[m[K
[2.155s] [01m[K/home/artificer/Desktop/ROV2026/src/rov_control/src/axis_to_command_controller.cpp:112:1:[m[K [01;31m[Kerror: [m[Kno matching function for call to ‘[01m[KregisterPlugin<{anonymous}::ProxyExec0::_derived, <expression error> >(const char [41], const char [51])[m[K’
[2.155s]   112 | [01;31m[KPLUGINLIB_EXPORT_CLASS[m[K(rov_controllers::AxisToCommandController, controller_interface::ChainableControllerInterface)
[2.155s]       | [01;31m[K^~~~~~~~~~~~~~~~~~~~~~[m[K
[2.155s] In file included from [01m[K/opt/ros/jazzy/include/class_loader/class_loader/class_loader.hpp:55[m[K:
[2.155s] [01m[K/opt/ros/jazzy/include/class_loader/class_loader/class_loader_core.hpp:241:1:[m[K [01;36m[Knote: [m[Kcandidate: ‘[01m[Ktemplate<class Derived, class Base> class_loader::impl::UniquePtr<class_loader::impl::AbstractMetaObjectBase> class_loader::impl::[01;32m[KregisterPlugin[m[K(const std::string&, const std::string&)[m[K’
[2.155s]   241 | [01;36m[KregisterPlugin[m[K(const std::string & class_name, const std::string & base_class_name)
[2.155s]       | [01;36m[K^~~~~~~~~~~~~~[m[K
[2.155s] [01m[K/opt/ros/jazzy/include/class_loader/class_loader/class_loader_core.hpp:241:1:[m[K [01;36m[Knote: [m[K  template argument deduction/substitution failed:
[2.155s] [01m[K/home/artificer/Desktop/ROV2026/src/rov_control/src/axis_to_command_controller.cpp:112:1:[m[K [01;31m[Kerror: [m[Ktemplate argument 2 is invalid
[2.155s]   112 | [01;31m[KPLUGINLIB_EXPORT_CLASS[m[K(rov_controllers::AxisToCommandController, controller_interface::ChainableControllerInterface)
[2.155s]       | [01;31m[K^~~~~~~~~~~~~~~~~~~~~~[m[K
[2.766s] gmake[2]: *** [CMakeFiles/axis_to_command_controller.dir/build.make:76: CMakeFiles/axis_to_command_controller.dir/src/axis_to_command_controller.cpp.o] Error 1
[2.766s] gmake[1]: *** [CMakeFiles/Makefile2:279: CMakeFiles/axis_to_command_controller.dir/all] Error 2
[2.766s] gmake[1]: *** Waiting for unfinished jobs....
[2.814s] In file included from [01m[K/opt/ros/jazzy/include/class_loader/class_loader/class_loader_core.hpp:58[m[K,
[2.814s]                  from [01m[K/opt/ros/jazzy/include/class_loader/class_loader/class_loader.hpp:55[m[K,
[2.814s]                  from [01m[K/opt/ros/jazzy/include/pluginlib/pluginlib/class_list_macros.hpp:40[m[K,
[2.814s]                  from [01m[K/home/artificer/Desktop/ROV2026/src/rov_control/src/pwm_interface.cpp:7[m[K:
[2.814s] /opt/ros/jazzy/include/class_loader/class_loader/meta_object.hpp: In instantiation of ‘[01m[KB* class_loader::impl::MetaObject<C, B>::[01;32m[Kcreate[m[K() const [35m[K[with C = rov_control::PWMInterface; B = hardware_interface::SystemInterface][m[K[m[K’:
[2.814s] [01m[K/opt/ros/jazzy/include/class_loader/class_loader/meta_object.hpp:216:7:[m[K   required from here
[2.814s] [01m[K/opt/ros/jazzy/include/class_loader/class_loader/meta_object.hpp:218:12:[m[K [01;31m[Kerror: [m[Kinvalid new-expression of abstract class type ‘[01m[Krov_control::PWMInterface[m[K’
[2.814s]   218 |     return [01;31m[Knew C[m[K;
[2.815s]       |            [01;31m[K^~~~~[m[K
[2.815s] In file included from [01m[K/home/artificer/Desktop/ROV2026/src/rov_control/src/pwm_interface.cpp:6[m[K:
[2.815s] [01m[K/home/artificer/Desktop/ROV2026/src/rov_control/include/rov_control/pwm_interface.hpp:13:9:[m[K [01;36m[Knote: [m[K  because the following virtual functions are pure within ‘[01m[Krov_control::PWMInterface[m[K’:
[2.815s]    13 |   class [01;36m[KPWMInterface[m[K : public hardware_interface::SystemInterface
[2.815s]       |         [01;36m[K^~~~~~~~~~~~[m[K
[2.815s] In file included from [01m[K/home/artificer/Desktop/ROV2026/src/rov_control/include/rov_control/pwm_interface.hpp:5[m[K:
[2.815s] [01m[K/opt/ros/jazzy/include/hardware_interface/hardware_interface/system_interface.hpp:474:23:[m[K [01;36m[Knote: [m[K    ‘[01m[Kvirtual hardware_interface::return_type hardware_interface::SystemInterface::[01;32m[Kread[m[K(const rclcpp::Time&, const rclcpp::Duration&)[m[K’
[2.815s]   474 |   virtual return_type [01;36m[Kread[m[K(const rclcpp::Time & time, const rclcpp::Duration & period) = 0;
[2.815s]       |                       [01;36m[K^~~~[m[K
[2.815s] [01m[K/opt/ros/jazzy/include/hardware_interface/hardware_interface/system_interface.hpp:521:23:[m[K [01;36m[Knote: [m[K    ‘[01m[Kvirtual hardware_interface::return_type hardware_interface::SystemInterface::[01;32m[Kwrite[m[K(const rclcpp::Time&, const rclcpp::Duration&)[m[K’
[2.815s]   521 |   virtual return_type [01;36m[Kwrite[m[K(const rclcpp::Time & time, const rclcpp::Duration & period) = 0;
[2.815s]       |                       [01;36m[K^~~~~[m[K
[2.933s] gmake[2]: *** [CMakeFiles/rov_control.dir/build.make:76: CMakeFiles/rov_control.dir/src/pwm_interface.cpp.o] Error 1
[2.933s] gmake[1]: *** [CMakeFiles/Makefile2:253: CMakeFiles/rov_control.dir/all] Error 2
[2.933s] gmake: *** [Makefile:146: all] Error 2
[2.935s] Invoked command in '/home/artificer/Desktop/ROV2026/build/rov_control' returned '2': CMAKE_PREFIX_PATH=${CMAKE_PREFIX_PATH}:/opt/ros/jazzy /usr/bin/cmake --build /home/artificer/Desktop/ROV2026/build/rov_control -- -j12 -l12
