[0.010s] Invoking command in '/home/student/Desktop/ROV2026/build/description': CMAKE_PREFIX_PATH=${CMAKE_PREFIX_PATH}:/opt/ros/jazzy /usr/bin/cmake --build /home/student/Desktop/ROV2026/build/description -- -j6 -l6
[0.043s] Invoked command in '/home/student/Desktop/ROV2026/build/description' returned '0': CMAKE_PREFIX_PATH=${CMAKE_PREFIX_PATH}:/opt/ros/jazzy /usr/bin/cmake --build /home/student/Desktop/ROV2026/build/description -- -j6 -l6
[0.052s] Invoking command in '/home/student/Desktop/ROV2026/build/description': CMAKE_PREFIX_PATH=${CMAKE_PREFIX_PATH}:/opt/ros/jazzy /usr/bin/cmake --install /home/student/Desktop/ROV2026/build/description
[0.065s] -- Install configuration: ""
[0.065s] -- Up-to-date: /home/student/Desktop/ROV2026/install/description/share/description/urdf
[0.065s] -- Up-to-date: /home/student/Desktop/ROV2026/install/description/share/description/urdf/ROV2026.urdf.xacro
[0.065s] -- Up-to-date: /home/student/Desktop/ROV2026/install/description/share/ament_index/resource_index/package_run_dependencies/description
[0.066s] -- Up-to-date: /home/student/Desktop/ROV2026/install/description/share/ament_index/resource_index/parent_prefix_path/description
[0.066s] -- Up-to-date: /home/student/Desktop/ROV2026/install/description/share/description/environment/ament_prefix_path.sh
[0.066s] -- Up-to-date: /home/student/Desktop/ROV2026/install/description/share/description/environment/ament_prefix_path.dsv
[0.066s] -- Up-to-date: /home/student/Desktop/ROV2026/install/description/share/description/environment/path.sh
[0.066s] -- Up-to-date: /home/student/Desktop/ROV2026/install/description/share/description/environment/path.dsv
[0.066s] -- Up-to-date: /home/student/Desktop/ROV2026/install/description/share/description/local_setup.bash
[0.066s] -- Up-to-date: /home/student/Desktop/ROV2026/install/description/share/description/local_setup.sh
[0.066s] -- Up-to-date: /home/student/Desktop/ROV2026/install/description/share/description/local_setup.zsh
[0.066s] -- Up-to-date: /home/student/Desktop/ROV2026/install/description/share/description/local_setup.dsv
[0.066s] -- Installing: /home/student/Desktop/ROV2026/install/description/share/description/package.dsv
[0.066s] -- Up-to-date: /home/student/Desktop/ROV2026/install/description/share/ament_index/resource_index/packages/description
[0.066s] -- Up-to-date: /home/student/Desktop/ROV2026/install/description/share/description/cmake/descriptionConfig.cmake
[0.066s] -- Up-to-date: /home/student/Desktop/ROV2026/install/description/share/description/cmake/descriptionConfig-version.cmake
[0.066s] -- Up-to-date: /home/student/Desktop/ROV2026/install/description/share/description/package.xml
[0.067s] Invoked command in '/home/student/Desktop/ROV2026/build/description' returned '0': CMAKE_PREFIX_PATH=${CMAKE_PREFIX_PATH}:/opt/ros/jazzy /usr/bin/cmake --install /home/student/Desktop/ROV2026/build/description
