[0.117s] DEBUG:colcon:Command line arguments: ['/usr/bin/colcon', 'list', '-p', '--base-paths', '/home/artificer/Desktop/ROV2026']
[0.117s] DEBUG:colcon:Parsed command line arguments: Namespace(log_base=None, log_level=None, verb_name='list', build_base='build', ignore_user_meta=False, metas=['./colcon.meta'], base_paths=['/home/artificer/Desktop/ROV2026'], packages_ignore=None, packages_ignore_regex=None, paths=None, packages_up_to=None, packages_up_to_regex=None, packages_above=None, packages_above_and_dependencies=None, packages_above_depth=None, packages_select_by_dep=None, packages_skip_by_dep=None, packages_skip_up_to=None, packages_select_build_failed=False, packages_skip_build_finished=False, packages_select_test_failures=False, packages_skip_test_passed=False, packages_select=None, packages_skip=None, packages_select_regex=None, packages_skip_regex=None, packages_start=None, packages_end=None, allow_overriding=[], topological_order=False, names_only=False, paths_only=True, topological_graph=False, topological_graph_dot=False, topological_graph_density=False, topological_graph_legend=False, topological_graph_dot_cluster=False, topological_graph_dot_include_skipped=False, mixin_files=None, mixin=None, verb_parser=<colcon_mixin.mixin.mixin_argument.MixinArgumentDecorator object at 0x7aeeb02a2cf0>, verb_extension=<colcon_package_information.verb.list.ListVerb object at 0x7aeeb0ab6270>, main=<bound method ListVerb.main of <colcon_package_information.verb.list.ListVerb object at 0x7aeeb0ab6270>>, mixin_verb=('list',))
[0.161s] Level 1:colcon.colcon_core.package_discovery:discover_packages(colcon_meta) check parameters
[0.161s] Level 1:colcon.colcon_core.package_discovery:discover_packages(recursive) check parameters
[0.161s] Level 1:colcon.colcon_core.package_discovery:discover_packages(ignore) check parameters
[0.161s] Level 1:colcon.colcon_core.package_discovery:discover_packages(path) check parameters
[0.161s] Level 1:colcon.colcon_core.package_discovery:discover_packages(recursive) discover
[0.161s] INFO:colcon.colcon_core.package_discovery:Crawling recursively for packages in '/home/artificer/Desktop/ROV2026'
[0.162s] Level 1:colcon.colcon_core.package_identification:_identify(/home/artificer/Desktop/ROV2026) by extensions ['ignore', 'ignore_ament_install']
[0.162s] Level 1:colcon.colcon_core.package_identification:_identify(/home/artificer/Desktop/ROV2026) by extension 'ignore'
[0.162s] Level 1:colcon.colcon_core.package_identification:_identify(/home/artificer/Desktop/ROV2026) by extension 'ignore_ament_install'
[0.162s] Level 1:colcon.colcon_core.package_identification:_identify(/home/artificer/Desktop/ROV2026) by extensions ['colcon_pkg']
[0.162s] Level 1:colcon.colcon_core.package_identification:_identify(/home/artificer/Desktop/ROV2026) by extension 'colcon_pkg'
[0.162s] Level 1:colcon.colcon_core.package_identification:_identify(/home/artificer/Desktop/ROV2026) by extensions ['colcon_meta']
[0.162s] Level 1:colcon.colcon_core.package_identification:_identify(/home/artificer/Desktop/ROV2026) by extension 'colcon_meta'
[0.162s] Level 1:colcon.colcon_core.package_identification:_identify(/home/artificer/Desktop/ROV2026) by extensions ['ros']
[0.162s] Level 1:colcon.colcon_core.package_identification:_identify(/home/artificer/Desktop/ROV2026) by extension 'ros'
[0.185s] Level 1:colcon.colcon_core.package_identification:_identify(/home/artificer/Desktop/ROV2026) by extensions ['cmake', 'python']
[0.185s] Level 1:colcon.colcon_core.package_identification:_identify(/home/artificer/Desktop/ROV2026) by extension 'cmake'
[0.185s] Level 1:colcon.colcon_core.package_identification:_identify(/home/artificer/Desktop/ROV2026) by extension 'python'
[0.185s] Level 1:colcon.colcon_core.package_identification:_identify(/home/artificer/Desktop/ROV2026) by extensions ['python_setup_py']
[0.185s] Level 1:colcon.colcon_core.package_identification:_identify(/home/artificer/Desktop/ROV2026) by extension 'python_setup_py'
[0.185s] Level 1:colcon.colcon_core.package_identification:_identify(/home/artificer/Desktop/ROV2026/log) by extensions ['ignore', 'ignore_ament_install']
[0.185s] Level 1:colcon.colcon_core.package_identification:_identify(/home/artificer/Desktop/ROV2026/log) by extension 'ignore'
[0.185s] Level 1:colcon.colcon_core.package_identification:_identify(/home/artificer/Desktop/ROV2026/log) ignored
[0.185s] Level 1:colcon.colcon_core.package_identification:_identify(/home/artificer/Desktop/ROV2026/src) by extensions ['ignore', 'ignore_ament_install']
[0.185s] Level 1:colcon.colcon_core.package_identification:_identify(/home/artificer/Desktop/ROV2026/src) by extension 'ignore'
[0.185s] Level 1:colcon.colcon_core.package_identification:_identify(/home/artificer/Desktop/ROV2026/src) by extension 'ignore_ament_install'
[0.185s] Level 1:colcon.colcon_core.package_identification:_identify(/home/artificer/Desktop/ROV2026/src) by extensions ['colcon_pkg']
[0.185s] Level 1:colcon.colcon_core.package_identification:_identify(/home/artificer/Desktop/ROV2026/src) by extension 'colcon_pkg'
[0.185s] Level 1:colcon.colcon_core.package_identification:_identify(/home/artificer/Desktop/ROV2026/src) by extensions ['colcon_meta']
[0.186s] Level 1:colcon.colcon_core.package_identification:_identify(/home/artificer/Desktop/ROV2026/src) by extension 'colcon_meta'
[0.186s] Level 1:colcon.colcon_core.package_identification:_identify(/home/artificer/Desktop/ROV2026/src) by extensions ['ros']
[0.186s] Level 1:colcon.colcon_core.package_identification:_identify(/home/artificer/Desktop/ROV2026/src) by extension 'ros'
[0.186s] Level 1:colcon.colcon_core.package_identification:_identify(/home/artificer/Desktop/ROV2026/src) by extensions ['cmake', 'python']
[0.186s] Level 1:colcon.colcon_core.package_identification:_identify(/home/artificer/Desktop/ROV2026/src) by extension 'cmake'
[0.186s] Level 1:colcon.colcon_core.package_identification:_identify(/home/artificer/Desktop/ROV2026/src) by extension 'python'
[0.186s] Level 1:colcon.colcon_core.package_identification:_identify(/home/artificer/Desktop/ROV2026/src) by extensions ['python_setup_py']
[0.186s] Level 1:colcon.colcon_core.package_identification:_identify(/home/artificer/Desktop/ROV2026/src) by extension 'python_setup_py'
[0.186s] Level 1:colcon.colcon_core.package_identification:_identify(/home/artificer/Desktop/ROV2026/src/control) by extensions ['ignore', 'ignore_ament_install']
[0.186s] Level 1:colcon.colcon_core.package_identification:_identify(/home/artificer/Desktop/ROV2026/src/control) by extension 'ignore'
[0.186s] Level 1:colcon.colcon_core.package_identification:_identify(/home/artificer/Desktop/ROV2026/src/control) by extension 'ignore_ament_install'
[0.186s] Level 1:colcon.colcon_core.package_identification:_identify(/home/artificer/Desktop/ROV2026/src/control) by extensions ['colcon_pkg']
[0.186s] Level 1:colcon.colcon_core.package_identification:_identify(/home/artificer/Desktop/ROV2026/src/control) by extension 'colcon_pkg'
[0.186s] Level 1:colcon.colcon_core.package_identification:_identify(/home/artificer/Desktop/ROV2026/src/control) by extensions ['colcon_meta']
[0.186s] Level 1:colcon.colcon_core.package_identification:_identify(/home/artificer/Desktop/ROV2026/src/control) by extension 'colcon_meta'
[0.186s] Level 1:colcon.colcon_core.package_identification:_identify(/home/artificer/Desktop/ROV2026/src/control) by extensions ['ros']
[0.186s] Level 1:colcon.colcon_core.package_identification:_identify(/home/artificer/Desktop/ROV2026/src/control) by extension 'ros'
[0.188s] DEBUG:colcon.colcon_core.package_identification:Package '/home/artificer/Desktop/ROV2026/src/control' with type 'ros.ament_cmake' and name 'control'
[0.189s] Level 1:colcon.colcon_core.package_identification:_identify(/home/artificer/Desktop/ROV2026/src/description) by extensions ['ignore', 'ignore_ament_install']
[0.189s] Level 1:colcon.colcon_core.package_identification:_identify(/home/artificer/Desktop/ROV2026/src/description) by extension 'ignore'
[0.189s] Level 1:colcon.colcon_core.package_identification:_identify(/home/artificer/Desktop/ROV2026/src/description) by extension 'ignore_ament_install'
[0.189s] Level 1:colcon.colcon_core.package_identification:_identify(/home/artificer/Desktop/ROV2026/src/description) by extensions ['colcon_pkg']
[0.189s] Level 1:colcon.colcon_core.package_identification:_identify(/home/artificer/Desktop/ROV2026/src/description) by extension 'colcon_pkg'
[0.189s] Level 1:colcon.colcon_core.package_identification:_identify(/home/artificer/Desktop/ROV2026/src/description) by extensions ['colcon_meta']
[0.189s] Level 1:colcon.colcon_core.package_identification:_identify(/home/artificer/Desktop/ROV2026/src/description) by extension 'colcon_meta'
[0.189s] Level 1:colcon.colcon_core.package_identification:_identify(/home/artificer/Desktop/ROV2026/src/description) by extensions ['ros']
[0.189s] Level 1:colcon.colcon_core.package_identification:_identify(/home/artificer/Desktop/ROV2026/src/description) by extension 'ros'
[0.189s] DEBUG:colcon.colcon_core.package_identification:Package '/home/artificer/Desktop/ROV2026/src/description' with type 'ros.ament_cmake' and name 'description'
[0.189s] Level 1:colcon.colcon_core.package_discovery:discover_packages(recursive) using defaults
