[0.016s] Invoking command in '/home/artificer/Desktop/ROV2026/build/description': CMAKE_PREFIX_PATH=${CMAKE_PREFIX_PATH}:/opt/ros/jazzy /usr/bin/cmake /home/artificer/Desktop/ROV2026/src/description -DCMAKE_INSTALL_PREFIX=/home/artificer/Desktop/ROV2026/install/description
[0.089s] -- The C compiler identification is GNU 13.3.0
[0.139s] -- The CXX compiler identification is GNU 13.3.0
[0.153s] -- Detecting C compiler ABI info
[0.231s] -- Detecting C compiler ABI info - done
[0.239s] -- Check for working C compiler: /usr/bin/cc - skipped
[0.240s] -- Detecting C compile features
[0.240s] -- Detecting C compile features - done
[0.247s] -- Detecting CXX compiler ABI info
[0.337s] -- Detecting CXX compiler ABI info - done
[0.344s] -- Check for working CXX compiler: /usr/bin/c++ - skipped
[0.345s] -- Detecting CXX compile features
[0.345s] -- Detecting CXX compile features - done
[0.348s] -- Found ament_cmake: 2.5.4 (/opt/ros/jazzy/share/ament_cmake/cmake)
[0.480s] -- Found Python3: /usr/bin/python3 (found version "3.12.3") found components: Interpreter 
[0.586s] -- Found ament_lint_auto: 0.17.2 (/opt/ros/jazzy/share/ament_lint_auto/cmake)
[0.683s] -- Added test 'lint_cmake' to check CMake code style
[0.684s] -- Added test 'xmllint' to check XML markup files
[0.685s] -- Configuring done (0.7s)
[0.688s] -- Generating done (0.0s)
[0.690s] -- Build files have been written to: /home/artificer/Desktop/ROV2026/build/description
[0.694s] Invoked command in '/home/artificer/Desktop/ROV2026/build/description' returned '0': CMAKE_PREFIX_PATH=${CMAKE_PREFIX_PATH}:/opt/ros/jazzy /usr/bin/cmake /home/artificer/Desktop/ROV2026/src/description -DCMAKE_INSTALL_PREFIX=/home/artificer/Desktop/ROV2026/install/description
[0.695s] Invoking command in '/home/artificer/Desktop/ROV2026/build/description': CMAKE_PREFIX_PATH=${CMAKE_PREFIX_PATH}:/opt/ros/jazzy /usr/bin/cmake --build /home/artificer/Desktop/ROV2026/build/description -- -j12 -l12
[0.732s] Invoked command in '/home/artificer/Desktop/ROV2026/build/description' returned '0': CMAKE_PREFIX_PATH=${CMAKE_PREFIX_PATH}:/opt/ros/jazzy /usr/bin/cmake --build /home/artificer/Desktop/ROV2026/build/description -- -j12 -l12
[0.743s] Invoking command in '/home/artificer/Desktop/ROV2026/build/description': CMAKE_PREFIX_PATH=${CMAKE_PREFIX_PATH}:/opt/ros/jazzy /usr/bin/cmake --install /home/artificer/Desktop/ROV2026/build/description
[0.750s] -- Install configuration: ""
[0.750s] -- Up-to-date: /home/artificer/Desktop/ROV2026/install/description/share/description/urdf
[0.750s] -- Up-to-date: /home/artificer/Desktop/ROV2026/install/description/share/description/urdf/ROV2026.urdf.xacro
[0.750s] -- Up-to-date: /home/artificer/Desktop/ROV2026/install/description/share/ament_index/resource_index/package_run_dependencies/description
[0.751s] -- Up-to-date: /home/artificer/Desktop/ROV2026/install/description/share/ament_index/resource_index/parent_prefix_path/description
[0.751s] -- Up-to-date: /home/artificer/Desktop/ROV2026/install/description/share/description/environment/ament_prefix_path.sh
[0.751s] -- Up-to-date: /home/artificer/Desktop/ROV2026/install/description/share/description/environment/ament_prefix_path.dsv
[0.751s] -- Up-to-date: /home/artificer/Desktop/ROV2026/install/description/share/description/environment/path.sh
[0.751s] -- Up-to-date: /home/artificer/Desktop/ROV2026/install/description/share/description/environment/path.dsv
[0.751s] -- Up-to-date: /home/artificer/Desktop/ROV2026/install/description/share/description/local_setup.bash
[0.751s] -- Up-to-date: /home/artificer/Desktop/ROV2026/install/description/share/description/local_setup.sh
[0.751s] -- Up-to-date: /home/artificer/Desktop/ROV2026/install/description/share/description/local_setup.zsh
[0.751s] -- Up-to-date: /home/artificer/Desktop/ROV2026/install/description/share/description/local_setup.dsv
[0.751s] -- Installing: /home/artificer/Desktop/ROV2026/install/description/share/description/package.dsv
[0.751s] -- Up-to-date: /home/artificer/Desktop/ROV2026/install/description/share/ament_index/resource_index/packages/description
[0.751s] -- Up-to-date: /home/artificer/Desktop/ROV2026/install/description/share/description/cmake/descriptionConfig.cmake
[0.751s] -- Up-to-date: /home/artificer/Desktop/ROV2026/install/description/share/description/cmake/descriptionConfig-version.cmake
[0.752s] -- Up-to-date: /home/artificer/Desktop/ROV2026/install/description/share/description/package.xml
[0.754s] Invoked command in '/home/artificer/Desktop/ROV2026/build/description' returned '0': CMAKE_PREFIX_PATH=${CMAKE_PREFIX_PATH}:/opt/ros/jazzy /usr/bin/cmake --install /home/artificer/Desktop/ROV2026/build/description
