[0.014s] Invoking command in '/home/artificer/Desktop/ROV2026/build/description': CMAKE_PREFIX_PATH=${CMAKE_PREFIX_PATH}:/opt/ros/jazzy VIRTUAL_ENV_PROMPT=(.venv) /usr/bin/cmake --build /home/artificer/Desktop/ROV2026/build/description -- -j12 -l12
[0.049s] Invoked command in '/home/artificer/Desktop/ROV2026/build/description' returned '0': CMAKE_PREFIX_PATH=${CMAKE_PREFIX_PATH}:/opt/ros/jazzy VIRTUAL_ENV_PROMPT=(.venv) /usr/bin/cmake --build /home/artificer/Desktop/ROV2026/build/description -- -j12 -l12
[0.058s] Invoking command in '/home/artificer/Desktop/ROV2026/build/description': CMAKE_PREFIX_PATH=${CMAKE_PREFIX_PATH}:/opt/ros/jazzy VIRTUAL_ENV_PROMPT=(.venv) /usr/bin/cmake --install /home/artificer/Desktop/ROV2026/build/description
[0.066s] -- Install configuration: ""
[0.066s] -- Up-to-date: /home/artificer/Desktop/ROV2026/install/description/share/description/urdf
[0.066s] -- Up-to-date: /home/artificer/Desktop/ROV2026/install/description/share/description/urdf/ROV2026.urdf.xacro
[0.066s] -- Up-to-date: /home/artificer/Desktop/ROV2026/install/description/share/ament_index/resource_index/package_run_dependencies/description
[0.066s] -- Up-to-date: /home/artificer/Desktop/ROV2026/install/description/share/ament_index/resource_index/parent_prefix_path/description
[0.066s] -- Up-to-date: /home/artificer/Desktop/ROV2026/install/description/share/description/environment/ament_prefix_path.dsv
[0.067s] -- Up-to-date: /home/artificer/Desktop/ROV2026/install/description/share/description/environment/path.dsv
[0.067s] -- Up-to-date: /home/artificer/Desktop/ROV2026/install/description/share/description/local_setup.bash
[0.067s] -- Up-to-date: /home/artificer/Desktop/ROV2026/install/description/share/description/local_setup.sh
[0.067s] -- Up-to-date: /home/artificer/Desktop/ROV2026/install/description/share/description/local_setup.zsh
[0.067s] -- Up-to-date: /home/artificer/Desktop/ROV2026/install/description/share/description/local_setup.dsv
[0.067s] -- Installing: /home/artificer/Desktop/ROV2026/install/description/share/description/package.dsv
[0.067s] -- Up-to-date: /home/artificer/Desktop/ROV2026/install/description/share/ament_index/resource_index/packages/description
[0.067s] -- Up-to-date: /home/artificer/Desktop/ROV2026/install/description/share/description/cmake/descriptionConfig.cmake
[0.067s] -- Up-to-date: /home/artificer/Desktop/ROV2026/install/description/share/description/cmake/descriptionConfig-version.cmake
[0.068s] -- Up-to-date: /home/artificer/Desktop/ROV2026/install/description/share/description/package.xml
[0.072s] Invoked command in '/home/artificer/Desktop/ROV2026/build/description' returned '0': CMAKE_PREFIX_PATH=${CMAKE_PREFIX_PATH}:/opt/ros/jazzy VIRTUAL_ENV_PROMPT=(.venv) /usr/bin/cmake --install /home/artificer/Desktop/ROV2026/build/description
