[0.013s] Invoking command in '/home/student/Desktop/ROV2026/build/description': CMAKE_PREFIX_PATH=${CMAKE_PREFIX_PATH}:/opt/ros/jazzy /usr/bin/cmake /home/student/Desktop/ROV2026/src/description -DAMENT_CMAKE_SYMLINK_INSTALL=1 -DCMAKE_INSTALL_PREFIX=/home/student/Desktop/ROV2026/install/description
[0.060s] -- The C compiler identification is GNU 13.3.0
[0.112s] -- The CXX compiler identification is GNU 13.3.0
[0.125s] -- Detecting C compiler ABI info
[0.205s] -- Detecting C compiler ABI info - done
[0.214s] -- Check for working C compiler: /usr/bin/cc - skipped
[0.214s] -- Detecting C compile features
[0.215s] -- Detecting C compile features - done
[0.224s] -- Detecting CXX compiler ABI info
[0.328s] -- Detecting CXX compiler ABI info - done
[0.338s] -- Check for working CXX compiler: /usr/bin/c++ - skipped
[0.339s] -- Detecting CXX compile features
[0.339s] -- Detecting CXX compile features - done
[0.342s] -- Found ament_cmake: 2.5.4 (/opt/ros/jazzy/share/ament_cmake/cmake)
[0.477s] -- Found Python3: /usr/bin/python3 (found version "3.12.3") found components: Interpreter 
[0.562s] -- Override CMake install command with custom implementation using symlinks instead of copying resources
[0.591s] -- Found ament_lint_auto: 0.17.2 (/opt/ros/jazzy/share/ament_lint_auto/cmake)
[0.689s] -- Added test 'lint_cmake' to check CMake code style
[0.690s] -- Added test 'xmllint' to check XML markup files
[0.693s] -- Configuring done (0.7s)
[0.696s] -- Generating done (0.0s)
[0.698s] -- Build files have been written to: /home/student/Desktop/ROV2026/build/description
[0.706s] Invoked command in '/home/student/Desktop/ROV2026/build/description' returned '0': CMAKE_PREFIX_PATH=${CMAKE_PREFIX_PATH}:/opt/ros/jazzy /usr/bin/cmake /home/student/Desktop/ROV2026/src/description -DAMENT_CMAKE_SYMLINK_INSTALL=1 -DCMAKE_INSTALL_PREFIX=/home/student/Desktop/ROV2026/install/description
[0.707s] Invoking command in '/home/student/Desktop/ROV2026/build/description': CMAKE_PREFIX_PATH=${CMAKE_PREFIX_PATH}:/opt/ros/jazzy /usr/bin/cmake --build /home/student/Desktop/ROV2026/build/description -- -j6 -l6
[0.741s] Invoked command in '/home/student/Desktop/ROV2026/build/description' returned '0': CMAKE_PREFIX_PATH=${CMAKE_PREFIX_PATH}:/opt/ros/jazzy /usr/bin/cmake --build /home/student/Desktop/ROV2026/build/description -- -j6 -l6
[0.749s] Invoking command in '/home/student/Desktop/ROV2026/build/description': CMAKE_PREFIX_PATH=${CMAKE_PREFIX_PATH}:/opt/ros/jazzy /usr/bin/cmake --install /home/student/Desktop/ROV2026/build/description
[0.756s] -- Install configuration: ""
[0.756s] -- Execute custom install script
[0.757s] -- Symlinking: /home/student/Desktop/ROV2026/install/description/share/description/urdf/ROV2026.urdf.xacro
[0.764s] -- Symlinking: /home/student/Desktop/ROV2026/install/description/share/ament_index/resource_index/package_run_dependencies/description
[0.772s] -- Symlinking: /home/student/Desktop/ROV2026/install/description/share/ament_index/resource_index/parent_prefix_path/description
[0.780s] -- Symlinking: /home/student/Desktop/ROV2026/install/description/share/description/environment/ament_prefix_path.sh
[0.788s] -- Symlinking: /home/student/Desktop/ROV2026/install/description/share/description/environment/ament_prefix_path.dsv
[0.796s] -- Symlinking: /home/student/Desktop/ROV2026/install/description/share/description/environment/path.sh
[0.805s] -- Symlinking: /home/student/Desktop/ROV2026/install/description/share/description/environment/path.dsv
[0.812s] -- Symlinking: /home/student/Desktop/ROV2026/install/description/share/description/local_setup.bash
[0.820s] -- Symlinking: /home/student/Desktop/ROV2026/install/description/share/description/local_setup.sh
[0.829s] -- Symlinking: /home/student/Desktop/ROV2026/install/description/share/description/local_setup.zsh
[0.835s] -- Symlinking: /home/student/Desktop/ROV2026/install/description/share/description/local_setup.dsv
[0.843s] -- Symlinking: /home/student/Desktop/ROV2026/install/description/share/description/package.dsv
[0.851s] -- Symlinking: /home/student/Desktop/ROV2026/install/description/share/ament_index/resource_index/packages/description
[0.859s] -- Symlinking: /home/student/Desktop/ROV2026/install/description/share/description/cmake/descriptionConfig.cmake
[0.867s] -- Symlinking: /home/student/Desktop/ROV2026/install/description/share/description/cmake/descriptionConfig-version.cmake
[0.875s] -- Symlinking: /home/student/Desktop/ROV2026/install/description/share/description/package.xml
[0.883s] Invoked command in '/home/student/Desktop/ROV2026/build/description' returned '0': CMAKE_PREFIX_PATH=${CMAKE_PREFIX_PATH}:/opt/ros/jazzy /usr/bin/cmake --install /home/student/Desktop/ROV2026/build/description
