[0.015s] Invoking command in '/home/artificer/Desktop/ROV2026/build/description': CMAKE_PREFIX_PATH=${CMAKE_PREFIX_PATH}:/opt/ros/jazzy /usr/bin/cmake /home/artificer/Desktop/ROV2026/src/description -DAMENT_CMAKE_SYMLINK_INSTALL=1 -DCMAKE_INSTALL_PREFIX=/home/artificer/Desktop/ROV2026/install/description
[0.094s] -- The C compiler identification is GNU 13.3.0
[0.160s] -- The CXX compiler identification is GNU 13.3.0
[0.177s] -- Detecting C compiler ABI info
[0.253s] -- Detecting C compiler ABI info - done
[0.261s] -- Check for working C compiler: /usr/bin/cc - skipped
[0.261s] -- Detecting C compile features
[0.262s] -- Detecting C compile features - done
[0.270s] -- Detecting CXX compiler ABI info
[0.353s] -- Detecting CXX compiler ABI info - done
[0.360s] -- Check for working CXX compiler: /usr/bin/c++ - skipped
[0.361s] -- Detecting CXX compile features
[0.361s] -- Detecting CXX compile features - done
[0.366s] -- Found ament_cmake: 2.5.4 (/opt/ros/jazzy/share/ament_cmake/cmake)
[0.491s] -- Found Python3: /usr/bin/python3 (found version "3.12.3") found components: Interpreter 
[0.560s] -- Override CMake install command with custom implementation using symlinks instead of copying resources
[0.597s] -- Found ament_lint_auto: 0.17.2 (/opt/ros/jazzy/share/ament_lint_auto/cmake)
[0.690s] -- Added test 'lint_cmake' to check CMake code style
[0.691s] -- Added test 'xmllint' to check XML markup files
[0.693s] -- Configuring done (0.7s)
[0.697s] -- Generating done (0.0s)
[0.698s] -- Build files have been written to: /home/artificer/Desktop/ROV2026/build/description
[0.702s] Invoked command in '/home/artificer/Desktop/ROV2026/build/description' returned '0': CMAKE_PREFIX_PATH=${CMAKE_PREFIX_PATH}:/opt/ros/jazzy /usr/bin/cmake /home/artificer/Desktop/ROV2026/src/description -DAMENT_CMAKE_SYMLINK_INSTALL=1 -DCMAKE_INSTALL_PREFIX=/home/artificer/Desktop/ROV2026/install/description
[0.703s] Invoking command in '/home/artificer/Desktop/ROV2026/build/description': CMAKE_PREFIX_PATH=${CMAKE_PREFIX_PATH}:/opt/ros/jazzy /usr/bin/cmake --build /home/artificer/Desktop/ROV2026/build/description -- -j12 -l12
[0.737s] Invoked command in '/home/artificer/Desktop/ROV2026/build/description' returned '0': CMAKE_PREFIX_PATH=${CMAKE_PREFIX_PATH}:/opt/ros/jazzy /usr/bin/cmake --build /home/artificer/Desktop/ROV2026/build/description -- -j12 -l12
[0.746s] Invoking command in '/home/artificer/Desktop/ROV2026/build/description': CMAKE_PREFIX_PATH=${CMAKE_PREFIX_PATH}:/opt/ros/jazzy /usr/bin/cmake --install /home/artificer/Desktop/ROV2026/build/description
[0.753s] -- Install configuration: ""
[0.753s] -- Execute custom install script
[0.754s] -- Symlinking: /home/artificer/Desktop/ROV2026/install/description/share/description/urdf/ROV2026.urdf.xacro
[0.762s] -- Symlinking: /home/artificer/Desktop/ROV2026/install/description/share/ament_index/resource_index/package_run_dependencies/description
[0.770s] -- Symlinking: /home/artificer/Desktop/ROV2026/install/description/share/ament_index/resource_index/parent_prefix_path/description
[0.778s] -- Up-to-date symlink: /home/artificer/Desktop/ROV2026/install/description/share/description/environment/ament_prefix_path.sh
[0.778s] -- Symlinking: /home/artificer/Desktop/ROV2026/install/description/share/description/environment/ament_prefix_path.dsv
[0.786s] -- Up-to-date symlink: /home/artificer/Desktop/ROV2026/install/description/share/description/environment/path.sh
[0.786s] -- Symlinking: /home/artificer/Desktop/ROV2026/install/description/share/description/environment/path.dsv
[0.794s] -- Symlinking: /home/artificer/Desktop/ROV2026/install/description/share/description/local_setup.bash
[0.802s] -- Symlinking: /home/artificer/Desktop/ROV2026/install/description/share/description/local_setup.sh
[0.811s] -- Symlinking: /home/artificer/Desktop/ROV2026/install/description/share/description/local_setup.zsh
[0.818s] -- Symlinking: /home/artificer/Desktop/ROV2026/install/description/share/description/local_setup.dsv
[0.826s] -- Symlinking: /home/artificer/Desktop/ROV2026/install/description/share/description/package.dsv
[0.834s] -- Symlinking: /home/artificer/Desktop/ROV2026/install/description/share/ament_index/resource_index/packages/description
[0.842s] -- Symlinking: /home/artificer/Desktop/ROV2026/install/description/share/description/cmake/descriptionConfig.cmake
[0.850s] -- Symlinking: /home/artificer/Desktop/ROV2026/install/description/share/description/cmake/descriptionConfig-version.cmake
[0.858s] -- Symlinking: /home/artificer/Desktop/ROV2026/install/description/share/description/package.xml
[0.867s] Invoked command in '/home/artificer/Desktop/ROV2026/build/description' returned '0': CMAKE_PREFIX_PATH=${CMAKE_PREFIX_PATH}:/opt/ros/jazzy /usr/bin/cmake --install /home/artificer/Desktop/ROV2026/build/description
