[0.007s] Invoking command in '/home/artificer/Desktop/ROV2026/build/rov_control': CMAKE_PREFIX_PATH=${CMAKE_PREFIX_PATH}:/opt/ros/jazzy /usr/bin/cmake /home/artificer/Desktop/ROV2026/src/rov_control -DAMENT_CMAKE_SYMLINK_INSTALL=1 -DCMAKE_INSTALL_PREFIX=/home/artificer/Desktop/ROV2026/install/rov_control
[0.054s] -- The C compiler identification is GNU 13.3.0
[0.099s] -- The CXX compiler identification is GNU 13.3.0
[0.113s] -- Detecting C compiler ABI info
[0.187s] -- Detecting C compiler ABI info - done
[0.194s] -- Check for working C compiler: /usr/bin/cc - skipped
[0.194s] -- Detecting C compile features
[0.195s] -- Detecting C compile features - done
[0.202s] -- Detecting CXX compiler ABI info
[0.286s] -- Detecting CXX compiler ABI info - done
[0.293s] -- Check for working CXX compiler: /usr/bin/c++ - skipped
[0.294s] -- Detecting CXX compile features
[0.294s] -- Detecting CXX compile features - done
[0.297s] -- Found ament_cmake: 2.5.4 (/opt/ros/jazzy/share/ament_cmake/cmake)
[0.419s] -- Found Python3: /usr/bin/python3 (found version "3.12.3") found components: Interpreter 
[0.480s] -- Override CMake install command with custom implementation using symlinks instead of copying resources
[0.512s] -- Found rclcpp: 28.1.9 (/opt/ros/jazzy/share/rclcpp/cmake)
[0.552s] -- Found rosidl_generator_c: 4.6.5 (/opt/ros/jazzy/share/rosidl_generator_c/cmake)
[0.565s] -- Found rosidl_generator_cpp: 4.6.5 (/opt/ros/jazzy/share/rosidl_generator_cpp/cmake)
[0.579s] -- Using all available rosidl_typesupport_c: rosidl_typesupport_fastrtps_c;rosidl_typesupport_introspection_c
[0.595s] -- Using all available rosidl_typesupport_cpp: rosidl_typesupport_fastrtps_cpp;rosidl_typesupport_introspection_cpp
[0.665s] -- Found rmw_implementation_cmake: 7.3.2 (/opt/ros/jazzy/share/rmw_implementation_cmake/cmake)
[0.668s] -- Found rmw_fastrtps_cpp: 8.4.2 (/opt/ros/jazzy/share/rmw_fastrtps_cpp/cmake)
[0.738s] -- Found OpenSSL: /usr/lib/x86_64-linux-gnu/libcrypto.so (found version "3.0.13")  
[0.756s] -- Found FastRTPS: /opt/ros/jazzy/include (Required is at least version "2.13") 
[0.777s] -- Using RMW implementation 'rmw_fastrtps_cpp' as default
[0.845s] -- Found hardware_interface: 4.29.0 (/opt/ros/jazzy/share/hardware_interface/cmake)
[1.168s] -- Found controller_interface: 4.29.0 (/opt/ros/jazzy/share/controller_interface/cmake)
[1.181s] -- Debug mode: 
[1.181s] -- We are on a Linux system
[1.181s] -- Embedded mode: OFF
[1.181s] -- Algebra backend: builtin
[1.181s] -- Solver profiling: ON
[1.181s] -- Solver interrupt: ON
[1.181s] -- Using double precision floating-point
[1.181s] -- Using long integers
[1.181s] -- Code generation: ON
[1.181s] -- Derivative support: ON
[1.186s] -- Fetching/configuring QDLDL solver
[1.640s] --   Using double precision floats
[1.640s] --   Long integers (64bit) are ON
[1.642s] --   Static library build is OFF
[1.642s] --   Shared library build is OFF
[1.642s] --   Demo executable build is OFF
[1.642s] --   Not building demo executable
[1.642s] --   Unit testing suite build is OFF
[1.643s] -- Build static library: ON
[1.643s] -- Build shared library: ON
[1.643s] -- Build demo executable: ON
[1.648s] [31mCMake Error at /opt/ros/jazzy/share/pluginlib/cmake/pluginlib_export_plugin_description_file.cmake:84 (message):
[1.648s]   Given plugin description file
[1.648s]   '/home/artificer/Desktop/ROV2026/src/rov_control/plugins/axis_to_command_controller.xml'
[1.648s]   does not exist
[1.648s] Call Stack (most recent call first):
[1.648s]   CMakeLists.txt:75 (pluginlib_export_plugin_description_file)
[1.648s] 
[1.648s] [0m
[1.648s] -- Configuring incomplete, errors occurred!
[1.661s] Invoked command in '/home/artificer/Desktop/ROV2026/build/rov_control' returned '1': CMAKE_PREFIX_PATH=${CMAKE_PREFIX_PATH}:/opt/ros/jazzy /usr/bin/cmake /home/artificer/Desktop/ROV2026/src/rov_control -DAMENT_CMAKE_SYMLINK_INSTALL=1 -DCMAKE_INSTALL_PREFIX=/home/artificer/Desktop/ROV2026/install/rov_control
