-- Found ament_cmake: 2.5.4 (/opt/ros/jazzy/share/ament_cmake/cmake)
-- Found rclcpp: 28.1.9 (/opt/ros/jazzy/share/rclcpp/cmake)
-- Found rosidl_generator_c: 4.6.5 (/opt/ros/jazzy/share/rosidl_generator_c/cmake)
-- Found rosidl_generator_cpp: 4.6.5 (/opt/ros/jazzy/share/rosidl_generator_cpp/cmake)
-- Using all available rosidl_typesupport_c: rosidl_typesupport_fastrtps_c;rosidl_typesupport_introspection_c
-- Using all available rosidl_typesupport_cpp: rosidl_typesupport_fastrtps_cpp;rosidl_typesupport_introspection_cpp
-- Found rmw_implementation_cmake: 7.3.2 (/opt/ros/jazzy/share/rmw_implementation_cmake/cmake)
-- Found rmw_fastrtps_cpp: 8.4.2 (/opt/ros/jazzy/share/rmw_fastrtps_cpp/cmake)
-- Using RMW implementation 'rmw_fastrtps_cpp' as default
-- Found hardware_interface: 4.29.0 (/opt/ros/jazzy/share/hardware_interface/cmake)
-- Found controller_interface: 4.29.0 (/opt/ros/jazzy/share/controller_interface/cmake)
-- Debug mode: 
-- We are on a Linux system
-- Embedded mode: OFF
-- Algebra backend: builtin
-- Solver profiling: ON
-- Solver interrupt: ON
-- Using double precision floating-point
-- Using long integers
-- Code generation: ON
-- Derivative support: ON
-- Fetching/configuring QDLDL solver
--   Using double precision floats
--   Long integers (64bit) are ON
--   Static library build is OFF
--   Shared library build is OFF
--   Demo executable build is OFF
--   Not building demo executable
--   Unit testing suite build is OFF
-- Build static library: ON
-- Build shared library: ON
-- Build demo executable: ON
[31mCMake Error at /opt/ros/jazzy/share/ament_cmake_target_dependencies/cmake/ament_target_dependencies.cmake:77 (message):
  ament_target_dependencies() the passed package name 'control_toolbox' was
  not found before
Call Stack (most recent call first):
  CMakeLists.txt:90 (ament_target_dependencies)

[0m
-- Configuring incomplete, errors occurred!
gmake: *** [Makefile:573: cmake_check_build_system] Error 1
