[0.010s] Invoking command in '/home/artificer/Desktop/ROV2026/build/rov_control': CMAKE_PREFIX_PATH=${CMAKE_PREFIX_PATH}:/opt/ros/jazzy /usr/bin/cmake /home/artificer/Desktop/ROV2026/src/rov_control -DAMENT_CMAKE_SYMLINK_INSTALL=1 -DCMAKE_INSTALL_PREFIX=/home/artificer/Desktop/ROV2026/install/rov_control
[0.085s] -- The C compiler identification is GNU 13.3.0
[0.151s] -- The CXX compiler identification is GNU 13.3.0
[0.168s] -- Detecting C compiler ABI info
[0.245s] -- Detecting C compiler ABI info - done
[0.252s] -- Check for working C compiler: /usr/bin/cc - skipped
[0.252s] -- Detecting C compile features
[0.253s] -- Detecting C compile features - done
[0.261s] -- Detecting CXX compiler ABI info
[0.344s] -- Detecting CXX compiler ABI info - done
[0.352s] -- Check for working CXX compiler: /usr/bin/c++ - skipped
[0.352s] -- Detecting CXX compile features
[0.352s] -- Detecting CXX compile features - done
[0.357s] -- Found ament_cmake: 2.5.4 (/opt/ros/jazzy/share/ament_cmake/cmake)
[0.483s] -- Found Python3: /usr/bin/python3 (found version "3.12.3") found components: Interpreter 
[0.551s] -- Override CMake install command with custom implementation using symlinks instead of copying resources
[0.588s] -- Found rclcpp: 28.1.9 (/opt/ros/jazzy/share/rclcpp/cmake)
[0.637s] -- Found rosidl_generator_c: 4.6.5 (/opt/ros/jazzy/share/rosidl_generator_c/cmake)
[0.651s] -- Found rosidl_generator_cpp: 4.6.5 (/opt/ros/jazzy/share/rosidl_generator_cpp/cmake)
[0.669s] -- Using all available rosidl_typesupport_c: rosidl_typesupport_fastrtps_c;rosidl_typesupport_introspection_c
[0.688s] -- Using all available rosidl_typesupport_cpp: rosidl_typesupport_fastrtps_cpp;rosidl_typesupport_introspection_cpp
[0.773s] -- Found rmw_implementation_cmake: 7.3.2 (/opt/ros/jazzy/share/rmw_implementation_cmake/cmake)
[0.776s] -- Found rmw_fastrtps_cpp: 8.4.2 (/opt/ros/jazzy/share/rmw_fastrtps_cpp/cmake)
[0.856s] -- Found OpenSSL: /usr/lib/x86_64-linux-gnu/libcrypto.so (found version "3.0.13")  
[0.875s] -- Found FastRTPS: /opt/ros/jazzy/include (Required is at least version "2.13") 
[0.896s] -- Using RMW implementation 'rmw_fastrtps_cpp' as default
[0.975s] -- Found hardware_interface: 4.29.0 (/opt/ros/jazzy/share/hardware_interface/cmake)
[1.304s] -- Found controller_interface: 4.29.0 (/opt/ros/jazzy/share/controller_interface/cmake)
[1.319s] -- Debug mode: 
[1.319s] -- We are on a Linux system
[1.319s] -- Embedded mode: OFF
[1.320s] -- Algebra backend: builtin
[1.320s] -- Solver profiling: ON
[1.320s] -- Solver interrupt: ON
[1.320s] -- Using double precision floating-point
[1.320s] -- Using long integers
[1.320s] -- Code generation: ON
[1.320s] -- Derivative support: ON
[1.326s] -- Fetching/configuring QDLDL solver
[1.789s] --   Using double precision floats
[1.789s] --   Long integers (64bit) are ON
[1.791s] --   Static library build is OFF
[1.791s] --   Shared library build is OFF
[1.791s] --   Demo executable build is OFF
[1.791s] --   Not building demo executable
[1.792s] --   Unit testing suite build is OFF
[1.792s] -- Build static library: ON
[1.792s] -- Build shared library: ON
[1.792s] -- Build demo executable: ON
[1.873s] -- Configuring done (1.9s)
[1.940s] -- Generating done (0.1s)
[1.952s] -- Build files have been written to: /home/artificer/Desktop/ROV2026/build/rov_control
[1.966s] Invoked command in '/home/artificer/Desktop/ROV2026/build/rov_control' returned '0': CMAKE_PREFIX_PATH=${CMAKE_PREFIX_PATH}:/opt/ros/jazzy /usr/bin/cmake /home/artificer/Desktop/ROV2026/src/rov_control -DAMENT_CMAKE_SYMLINK_INSTALL=1 -DCMAKE_INSTALL_PREFIX=/home/artificer/Desktop/ROV2026/install/rov_control
[1.967s] Invoking command in '/home/artificer/Desktop/ROV2026/build/rov_control': CMAKE_PREFIX_PATH=${CMAKE_PREFIX_PATH}:/opt/ros/jazzy /usr/bin/cmake --build /home/artificer/Desktop/ROV2026/build/rov_control -- -j12 -l12
[2.021s] [ 19%] Built target copy_codegen_incs
[2.021s] [ 20%] Built target copy_codegen_makefile
[2.021s] [ 30%] Built target copy_codegen_srcs
[2.022s] [ 42%] Built target copy_codegen_linalg
[2.022s] [ 43%] Built target qdldlobject
[2.030s] [ 45%] Built target gamepad_parser_node
[2.033s] [ 50%] Built target rov_control
[2.039s] [ 50%] Built target copy_codegen_files
[2.054s] [ 79%] Built target OSQPLIB
[2.072s] [ 82%] Built target osqp
[2.073s] [ 84%] Built target osqpstatic
[2.091s] [ 88%] Built target osqp_codegen_demo
[2.091s] [ 88%] Built target osqp_simple_demo
[2.093s] [ 97%] Built target osqp_demo
[2.104s] [ 98%] [32mBuilding CXX object CMakeFiles/axis_to_command_controller.dir/src/axis_to_command_controller.cpp.o[0m
[11.467s] [100%] [32m[1mLinking CXX shared library libaxis_to_command_controller.so[0m
[11.853s] [100%] Built target axis_to_command_controller
[11.864s] Invoked command in '/home/artificer/Desktop/ROV2026/build/rov_control' returned '0': CMAKE_PREFIX_PATH=${CMAKE_PREFIX_PATH}:/opt/ros/jazzy /usr/bin/cmake --build /home/artificer/Desktop/ROV2026/build/rov_control -- -j12 -l12
[11.865s] Invoking command in '/home/artificer/Desktop/ROV2026/build/rov_control': CMAKE_PREFIX_PATH=${CMAKE_PREFIX_PATH}:/opt/ros/jazzy /usr/bin/cmake --install /home/artificer/Desktop/ROV2026/build/rov_control
[11.871s] -- Install configuration: ""
[11.872s] -- Execute custom install script
[11.872s] -- Symlinking: /home/artificer/Desktop/ROV2026/install/rov_control/include/qdldl/qdldl.h
[11.879s] -- Symlinking: /home/artificer/Desktop/ROV2026/install/rov_control/include/qdldl/qdldl_types.h
[11.887s] -- Symlinking: /home/artificer/Desktop/ROV2026/install/rov_control/include/qdldl/qdldl_version.h
[11.894s] -- Symlinking: /home/artificer/Desktop/ROV2026/install/rov_control/include/osqp/osqp.h
[11.901s] -- Symlinking: /home/artificer/Desktop/ROV2026/install/rov_control/include/osqp/osqp_api_constants.h
[11.908s] -- Symlinking: /home/artificer/Desktop/ROV2026/install/rov_control/include/osqp/osqp_api_functions.h
[11.914s] -- Symlinking: /home/artificer/Desktop/ROV2026/install/rov_control/include/osqp/osqp_api_types.h
[11.921s] -- Symlinking: /home/artificer/Desktop/ROV2026/install/rov_control/include/osqp/osqp_export_define.h
[11.930s] -- Symlinking: /home/artificer/Desktop/ROV2026/install/rov_control/include/osqp/osqp_configure.h
[11.937s] -- Up-to-date symlink: /home/artificer/Desktop/ROV2026/install/rov_control/lib/cmake/osqp/osqp-config.cmake
[11.937s] -- Up-to-date symlink: /home/artificer/Desktop/ROV2026/install/rov_control/lib/cmake/osqp/osqp-config-version.cmake
[11.937s] -- Symlinking: /home/artificer/Desktop/ROV2026/install/rov_control/share/rov_control/plugins/pwm_interface_plugin.xml
[11.945s] -- Symlinking: /home/artificer/Desktop/ROV2026/install/rov_control/share/rov_control/plugins/axis_to_command_controller_plugin.xml
[11.953s] -- Symlinking: /home/artificer/Desktop/ROV2026/install/rov_control/include//rov_control/axis_to_command_controller.hpp
[11.960s] -- Symlinking: /home/artificer/Desktop/ROV2026/install/rov_control/include//rov_control/gamepad_parser_node.hpp
[11.967s] -- Symlinking: /home/artificer/Desktop/ROV2026/install/rov_control/include//rov_control/libdriver_pca9685/driver_pca9685.h
[11.975s] -- Symlinking: /home/artificer/Desktop/ROV2026/install/rov_control/include//rov_control/libdriver_pca9685/driver_pca9685_interface.h
[11.982s] -- Symlinking: /home/artificer/Desktop/ROV2026/install/rov_control/include//rov_control/pwm_interface.hpp
[11.989s] -- Symlinking: /home/artificer/Desktop/ROV2026/install/rov_control/include//rov_control/thruster_pid_controller.hpp
[11.996s] -- Symlinking: /home/artificer/Desktop/ROV2026/install/rov_control/share/rov_control/launch/rov_control_launch.py
[12.003s] -- Symlinking: /home/artificer/Desktop/ROV2026/install/rov_control/share/rov_control/launch/rov_control_launch_test.py
[12.010s] -- Up-to-date symlink: /home/artificer/Desktop/ROV2026/install/rov_control/share/rov_control/environment/library_path.sh
[12.010s] -- Symlinking: /home/artificer/Desktop/ROV2026/install/rov_control/share/rov_control/environment/library_path.dsv
[12.017s] -- Symlinking: /home/artificer/Desktop/ROV2026/install/rov_control/share/ament_index/resource_index/package_run_dependencies/rov_control
[12.024s] -- Symlinking: /home/artificer/Desktop/ROV2026/install/rov_control/share/ament_index/resource_index/parent_prefix_path/rov_control
[12.033s] -- Up-to-date symlink: /home/artificer/Desktop/ROV2026/install/rov_control/share/rov_control/environment/ament_prefix_path.sh
[12.033s] -- Symlinking: /home/artificer/Desktop/ROV2026/install/rov_control/share/rov_control/environment/ament_prefix_path.dsv
[12.040s] -- Up-to-date symlink: /home/artificer/Desktop/ROV2026/install/rov_control/share/rov_control/environment/path.sh
[12.040s] -- Symlinking: /home/artificer/Desktop/ROV2026/install/rov_control/share/rov_control/environment/path.dsv
[12.049s] -- Symlinking: /home/artificer/Desktop/ROV2026/install/rov_control/share/rov_control/local_setup.bash
[12.056s] -- Symlinking: /home/artificer/Desktop/ROV2026/install/rov_control/share/rov_control/local_setup.sh
[12.064s] -- Symlinking: /home/artificer/Desktop/ROV2026/install/rov_control/share/rov_control/local_setup.zsh
[12.071s] -- Symlinking: /home/artificer/Desktop/ROV2026/install/rov_control/share/rov_control/local_setup.dsv
[12.079s] -- Symlinking: /home/artificer/Desktop/ROV2026/install/rov_control/share/rov_control/package.dsv
[12.086s] -- Symlinking: /home/artificer/Desktop/ROV2026/install/rov_control/share/ament_index/resource_index/packages/rov_control
[12.093s] -- Symlinking: /home/artificer/Desktop/ROV2026/install/rov_control/share/ament_index/resource_index/hardware_interface__pluginlib__plugin/rov_control
[12.101s] -- Symlinking: /home/artificer/Desktop/ROV2026/install/rov_control/share/ament_index/resource_index/controller_interface__pluginlib__plugin/rov_control
[12.109s] -- Symlinking: /home/artificer/Desktop/ROV2026/install/rov_control/share/rov_control/cmake/ament_cmake_export_libraries-extras.cmake
[12.116s] -- Symlinking: /home/artificer/Desktop/ROV2026/install/rov_control/share/rov_control/cmake/ament_cmake_export_targets-extras.cmake
[12.123s] -- Symlinking: /home/artificer/Desktop/ROV2026/install/rov_control/share/rov_control/cmake/rov_controlConfig.cmake
[12.131s] -- Symlinking: /home/artificer/Desktop/ROV2026/install/rov_control/share/rov_control/cmake/rov_controlConfig-version.cmake
[12.139s] -- Symlinking: /home/artificer/Desktop/ROV2026/install/rov_control/share/rov_control/package.xml
[12.147s] -- Up-to-date: /home/artificer/Desktop/ROV2026/install/rov_control/lib/libosqpstatic.a
[12.148s] -- Up-to-date: /home/artificer/Desktop/ROV2026/install/rov_control/lib/cmake/osqp/osqpstatic-targets.cmake
[12.148s] -- Up-to-date: /home/artificer/Desktop/ROV2026/install/rov_control/lib/cmake/osqp/osqpstatic-targets-noconfig.cmake
[12.148s] -- Up-to-date: /home/artificer/Desktop/ROV2026/install/rov_control/lib/libosqp.so
[12.149s] -- Up-to-date: /home/artificer/Desktop/ROV2026/install/rov_control/lib/cmake/osqp/osqp-targets.cmake
[12.149s] -- Up-to-date: /home/artificer/Desktop/ROV2026/install/rov_control/lib/cmake/osqp/osqp-targets-noconfig.cmake
[12.149s] -- Up-to-date: /home/artificer/Desktop/ROV2026/install/rov_control/share/osqp/codegen_files
[12.149s] -- Up-to-date: /home/artificer/Desktop/ROV2026/install/rov_control/share/osqp/codegen_files/Makefile
[12.149s] -- Up-to-date: /home/artificer/Desktop/ROV2026/install/rov_control/share/osqp/codegen_files/inc
[12.149s] -- Up-to-date: /home/artificer/Desktop/ROV2026/install/rov_control/share/osqp/codegen_files/inc/public
[12.149s] -- Up-to-date: /home/artificer/Desktop/ROV2026/install/rov_control/share/osqp/codegen_files/inc/public/osqp.h
[12.149s] -- Up-to-date: /home/artificer/Desktop/ROV2026/install/rov_control/share/osqp/codegen_files/inc/public/osqp_export_define.h
[12.149s] -- Up-to-date: /home/artificer/Desktop/ROV2026/install/rov_control/share/osqp/codegen_files/inc/public/osqp_api_constants.h
[12.149s] -- Up-to-date: /home/artificer/Desktop/ROV2026/install/rov_control/share/osqp/codegen_files/inc/public/osqp_api_functions.h
[12.149s] -- Up-to-date: /home/artificer/Desktop/ROV2026/install/rov_control/share/osqp/codegen_files/inc/public/osqp_api_types.h
[12.149s] -- Up-to-date: /home/artificer/Desktop/ROV2026/install/rov_control/share/osqp/codegen_files/inc/private
[12.150s] -- Up-to-date: /home/artificer/Desktop/ROV2026/install/rov_control/share/osqp/codegen_files/inc/private/csc_utils.h
[12.150s] -- Up-to-date: /home/artificer/Desktop/ROV2026/install/rov_control/share/osqp/codegen_files/inc/private/scaling.h
[12.150s] -- Up-to-date: /home/artificer/Desktop/ROV2026/install/rov_control/share/osqp/codegen_files/inc/private/csc_math.h
[12.150s] -- Up-to-date: /home/artificer/Desktop/ROV2026/install/rov_control/share/osqp/codegen_files/inc/private/glob_opts.h
[12.150s] -- Up-to-date: /home/artificer/Desktop/ROV2026/install/rov_control/share/osqp/codegen_files/inc/private/error.h
[12.150s] -- Up-to-date: /home/artificer/Desktop/ROV2026/install/rov_control/share/osqp/codegen_files/inc/private/qdldl.h
[12.150s] -- Up-to-date: /home/artificer/Desktop/ROV2026/install/rov_control/share/osqp/codegen_files/inc/private/timing.h
[12.150s] -- Up-to-date: /home/artificer/Desktop/ROV2026/install/rov_control/share/osqp/codegen_files/inc/private/printing.h
[12.150s] -- Up-to-date: /home/artificer/Desktop/ROV2026/install/rov_control/share/osqp/codegen_files/inc/private/qdldl_interface.h
[12.150s] -- Up-to-date: /home/artificer/Desktop/ROV2026/install/rov_control/share/osqp/codegen_files/inc/private/auxil.h
[12.150s] -- Up-to-date: /home/artificer/Desktop/ROV2026/install/rov_control/share/osqp/codegen_files/inc/private/qdldl_version.h
[12.150s] -- Up-to-date: /home/artificer/Desktop/ROV2026/install/rov_control/share/osqp/codegen_files/inc/private/util.h
[12.150s] -- Up-to-date: /home/artificer/Desktop/ROV2026/install/rov_control/share/osqp/codegen_files/inc/private/kkt.h
[12.150s] -- Up-to-date: /home/artificer/Desktop/ROV2026/install/rov_control/share/osqp/codegen_files/inc/private/algebra_impl.h
[12.150s] -- Up-to-date: /home/artificer/Desktop/ROV2026/install/rov_control/share/osqp/codegen_files/inc/private/profilers.h
[12.150s] -- Up-to-date: /home/artificer/Desktop/ROV2026/install/rov_control/share/osqp/codegen_files/inc/private/algebra_vector.h
[12.150s] -- Up-to-date: /home/artificer/Desktop/ROV2026/install/rov_control/share/osqp/codegen_files/inc/private/version.h
[12.151s] -- Up-to-date: /home/artificer/Desktop/ROV2026/install/rov_control/share/osqp/codegen_files/inc/private/lin_alg.h
[12.151s] -- Up-to-date: /home/artificer/Desktop/ROV2026/install/rov_control/share/osqp/codegen_files/inc/private/qdldl_types.h
[12.151s] -- Up-to-date: /home/artificer/Desktop/ROV2026/install/rov_control/share/osqp/codegen_files/inc/private/algebra_matrix.h
[12.151s] -- Up-to-date: /home/artificer/Desktop/ROV2026/install/rov_control/share/osqp/codegen_files/inc/private/types.h
[12.151s] -- Up-to-date: /home/artificer/Desktop/ROV2026/install/rov_control/share/osqp/codegen_files/src
[12.151s] -- Up-to-date: /home/artificer/Desktop/ROV2026/install/rov_control/share/osqp/codegen_files/src/qdldl.c
[12.151s] -- Up-to-date: /home/artificer/Desktop/ROV2026/install/rov_control/share/osqp/codegen_files/src/vector.c
[12.151s] -- Up-to-date: /home/artificer/Desktop/ROV2026/install/rov_control/share/osqp/codegen_files/src/util.c
[12.151s] -- Up-to-date: /home/artificer/Desktop/ROV2026/install/rov_control/share/osqp/codegen_files/src/error.c
[12.151s] -- Up-to-date: /home/artificer/Desktop/ROV2026/install/rov_control/share/osqp/codegen_files/src/qdldl_interface.c
[12.151s] -- Up-to-date: /home/artificer/Desktop/ROV2026/install/rov_control/share/osqp/codegen_files/src/csc_math.c
[12.151s] -- Up-to-date: /home/artificer/Desktop/ROV2026/install/rov_control/share/osqp/codegen_files/src/matrix.c
[12.151s] -- Up-to-date: /home/artificer/Desktop/ROV2026/install/rov_control/share/osqp/codegen_files/src/algebra_libs.c
[12.151s] -- Up-to-date: /home/artificer/Desktop/ROV2026/install/rov_control/share/osqp/codegen_files/src/scaling.c
[12.151s] -- Up-to-date: /home/artificer/Desktop/ROV2026/install/rov_control/share/osqp/codegen_files/src/csc_utils.c
[12.151s] -- Up-to-date: /home/artificer/Desktop/ROV2026/install/rov_control/share/osqp/codegen_files/src/kkt.c
[12.151s] -- Up-to-date: /home/artificer/Desktop/ROV2026/install/rov_control/share/osqp/codegen_files/src/osqp_api.c
[12.151s] -- Up-to-date: /home/artificer/Desktop/ROV2026/install/rov_control/share/osqp/codegen_files/src/auxil.c
[12.151s] -- Up-to-date: /home/artificer/Desktop/ROV2026/install/rov_control/lib/librov_control.so
[12.152s] -- Installing: /home/artificer/Desktop/ROV2026/install/rov_control/lib/libaxis_to_command_controller.so
[12.158s] -- Set non-toolchain portion of runtime path of "/home/artificer/Desktop/ROV2026/install/rov_control/lib/libaxis_to_command_controller.so" to ""
[12.159s] -- Up-to-date: /home/artificer/Desktop/ROV2026/install/rov_control/lib/rov_control/gamepad_parser_node
[12.159s] -- Installing: /home/artificer/Desktop/ROV2026/install/rov_control/share/rov_control/cmake/export_rov_controlExport.cmake
[12.159s] -- Up-to-date: /home/artificer/Desktop/ROV2026/install/rov_control/share/rov_control/cmake/export_rov_controlExport-noconfig.cmake
[12.161s] Invoked command in '/home/artificer/Desktop/ROV2026/build/rov_control' returned '0': CMAKE_PREFIX_PATH=${CMAKE_PREFIX_PATH}:/opt/ros/jazzy /usr/bin/cmake --install /home/artificer/Desktop/ROV2026/build/rov_control
