[0.011s] Invoking command in '/home/student/Desktop/ROV2026/build/dummy_hardware': CMAKE_PREFIX_PATH=${CMAKE_PREFIX_PATH}:/opt/ros/jazzy /usr/bin/cmake /home/student/Desktop/ROV2026/src/dummy_hardware -DAMENT_CMAKE_SYMLINK_INSTALL=1 -DCMAKE_INSTALL_PREFIX=/home/student/Desktop/ROV2026/install/dummy_hardware
[0.059s] -- The C compiler identification is GNU 13.3.0
[0.109s] -- The CXX compiler identification is GNU 13.3.0
[0.124s] -- Detecting C compiler ABI info
[0.196s] -- Detecting C compiler ABI info - done
[0.205s] -- Check for working C compiler: /usr/bin/cc - skipped
[0.205s] -- Detecting C compile features
[0.205s] -- Detecting C compile features - done
[0.213s] -- Detecting CXX compiler ABI info
[0.299s] -- Detecting CXX compiler ABI info - done
[0.308s] -- Check for working CXX compiler: /usr/bin/c++ - skipped
[0.309s] -- Detecting CXX compile features
[0.309s] -- Detecting CXX compile features - done
[0.311s] -- Found ament_cmake: 2.5.4 (/opt/ros/jazzy/share/ament_cmake/cmake)
[0.450s] -- Found Python3: /usr/bin/python3 (found version "3.12.3") found components: Interpreter 
[0.520s] -- Override CMake install command with custom implementation using symlinks instead of copying resources
[0.550s] -- Found hardware_interface: 4.29.0 (/opt/ros/jazzy/share/hardware_interface/cmake)
[0.593s] -- Found rosidl_generator_c: 4.6.5 (/opt/ros/jazzy/share/rosidl_generator_c/cmake)
[0.606s] -- Found rosidl_generator_cpp: 4.6.5 (/opt/ros/jazzy/share/rosidl_generator_cpp/cmake)
[0.622s] -- Using all available rosidl_typesupport_c: rosidl_typesupport_fastrtps_c;rosidl_typesupport_introspection_c
[0.639s] -- Using all available rosidl_typesupport_cpp: rosidl_typesupport_fastrtps_cpp;rosidl_typesupport_introspection_cpp
[0.850s] -- Found TinyXML2 via Config file: /usr/lib/x86_64-linux-gnu/cmake/tinyxml2
[0.894s] -- Found rmw_implementation_cmake: 7.3.2 (/opt/ros/jazzy/share/rmw_implementation_cmake/cmake)
[0.897s] -- Found rmw_fastrtps_cpp: 8.4.2 (/opt/ros/jazzy/share/rmw_fastrtps_cpp/cmake)
[0.920s] -- Found TinyXML2 via Config file: /usr/lib/x86_64-linux-gnu/cmake/tinyxml2
[0.965s] -- Found OpenSSL: /usr/lib/x86_64-linux-gnu/libcrypto.so (found version "3.0.13")  
[0.967s] -- Found TinyXML2 via Config file: /usr/lib/x86_64-linux-gnu/cmake/tinyxml2
[0.982s] -- Found FastRTPS: /opt/ros/jazzy/include (Required is at least version "2.13") 
[0.985s] -- Found TinyXML2 via Config file: /usr/lib/x86_64-linux-gnu/cmake/tinyxml2
[0.993s] -- Found TinyXML2 via Config file: /usr/lib/x86_64-linux-gnu/cmake/tinyxml2
[1.002s] -- Using RMW implementation 'rmw_fastrtps_cpp' as default
[1.225s] -- Found ament_lint_auto: 0.17.2 (/opt/ros/jazzy/share/ament_lint_auto/cmake)
[1.318s] -- Added test 'cppcheck' to perform static code analysis on C / C++ code
[1.319s] -- Configured cppcheck include dirs: 
[1.319s] -- Configured cppcheck exclude dirs and/or files: 
[1.319s] -- Added test 'lint_cmake' to check CMake code style
[1.320s] -- Added test 'uncrustify' to check C / C++ code style
[1.320s] -- Configured uncrustify additional arguments: 
[1.321s] -- Added test 'xmllint' to check XML markup files
[1.322s] -- Configuring done (1.3s)
[1.342s] -- Generating done (0.0s)
[1.345s] -- Build files have been written to: /home/student/Desktop/ROV2026/build/dummy_hardware
[1.355s] Invoked command in '/home/student/Desktop/ROV2026/build/dummy_hardware' returned '0': CMAKE_PREFIX_PATH=${CMAKE_PREFIX_PATH}:/opt/ros/jazzy /usr/bin/cmake /home/student/Desktop/ROV2026/src/dummy_hardware -DAMENT_CMAKE_SYMLINK_INSTALL=1 -DCMAKE_INSTALL_PREFIX=/home/student/Desktop/ROV2026/install/dummy_hardware
[1.355s] Invoking command in '/home/student/Desktop/ROV2026/build/dummy_hardware': CMAKE_PREFIX_PATH=${CMAKE_PREFIX_PATH}:/opt/ros/jazzy /usr/bin/cmake --build /home/student/Desktop/ROV2026/build/dummy_hardware -- -j6 -l6
[1.406s] [100%] Built target dummy_hardware
[1.416s] Invoked command in '/home/student/Desktop/ROV2026/build/dummy_hardware' returned '0': CMAKE_PREFIX_PATH=${CMAKE_PREFIX_PATH}:/opt/ros/jazzy /usr/bin/cmake --build /home/student/Desktop/ROV2026/build/dummy_hardware -- -j6 -l6
[1.417s] Invoking command in '/home/student/Desktop/ROV2026/build/dummy_hardware': CMAKE_PREFIX_PATH=${CMAKE_PREFIX_PATH}:/opt/ros/jazzy /usr/bin/cmake --install /home/student/Desktop/ROV2026/build/dummy_hardware
[1.423s] -- Install configuration: ""
[1.424s] -- Execute custom install script
[1.424s] -- Up-to-date symlink: /home/student/Desktop/ROV2026/install/dummy_hardware/share/dummy_hardware/plugins/dummy_hardware_plugin.xml
[1.424s] -- Up-to-date symlink: /home/student/Desktop/ROV2026/install/dummy_hardware/lib/libdummy_hardware.so
[1.424s] -- Up-to-date symlink: /home/student/Desktop/ROV2026/install/dummy_hardware/share/ament_index/resource_index/package_run_dependencies/dummy_hardware
[1.424s] -- Up-to-date symlink: /home/student/Desktop/ROV2026/install/dummy_hardware/share/ament_index/resource_index/parent_prefix_path/dummy_hardware
[1.425s] -- Up-to-date symlink: /home/student/Desktop/ROV2026/install/dummy_hardware/share/dummy_hardware/environment/ament_prefix_path.sh
[1.425s] -- Up-to-date symlink: /home/student/Desktop/ROV2026/install/dummy_hardware/share/dummy_hardware/environment/ament_prefix_path.dsv
[1.425s] -- Up-to-date symlink: /home/student/Desktop/ROV2026/install/dummy_hardware/share/dummy_hardware/environment/path.sh
[1.425s] -- Up-to-date symlink: /home/student/Desktop/ROV2026/install/dummy_hardware/share/dummy_hardware/environment/path.dsv
[1.425s] -- Up-to-date symlink: /home/student/Desktop/ROV2026/install/dummy_hardware/share/dummy_hardware/local_setup.bash
[1.425s] -- Up-to-date symlink: /home/student/Desktop/ROV2026/install/dummy_hardware/share/dummy_hardware/local_setup.sh
[1.425s] -- Up-to-date symlink: /home/student/Desktop/ROV2026/install/dummy_hardware/share/dummy_hardware/local_setup.zsh
[1.426s] -- Up-to-date symlink: /home/student/Desktop/ROV2026/install/dummy_hardware/share/dummy_hardware/local_setup.dsv
[1.426s] -- Symlinking: /home/student/Desktop/ROV2026/install/dummy_hardware/share/dummy_hardware/package.dsv
[1.433s] -- Up-to-date symlink: /home/student/Desktop/ROV2026/install/dummy_hardware/share/ament_index/resource_index/packages/dummy_hardware
[1.433s] -- Up-to-date symlink: /home/student/Desktop/ROV2026/install/dummy_hardware/share/ament_index/resource_index/hardware_interface__pluginlib__plugin/dummy_hardware
[1.434s] -- Up-to-date symlink: /home/student/Desktop/ROV2026/install/dummy_hardware/share/dummy_hardware/cmake/dummy_hardwareConfig.cmake
[1.434s] -- Up-to-date symlink: /home/student/Desktop/ROV2026/install/dummy_hardware/share/dummy_hardware/cmake/dummy_hardwareConfig-version.cmake
[1.434s] -- Up-to-date symlink: /home/student/Desktop/ROV2026/install/dummy_hardware/share/dummy_hardware/package.xml
[1.436s] Invoked command in '/home/student/Desktop/ROV2026/build/dummy_hardware' returned '0': CMAKE_PREFIX_PATH=${CMAKE_PREFIX_PATH}:/opt/ros/jazzy /usr/bin/cmake --install /home/student/Desktop/ROV2026/build/dummy_hardware
