[0.013s] Invoking command in '/home/artificer/Desktop/ROV2026/build/rov_control': CMAKE_PREFIX_PATH=${CMAKE_PREFIX_PATH}:/opt/ros/jazzy VIRTUAL_ENV_PROMPT=(.venv) /usr/bin/cmake --build /home/artificer/Desktop/ROV2026/build/rov_control -- -j12 -l12
[0.046s] -- Found ament_cmake: 2.5.4 (/opt/ros/jazzy/share/ament_cmake/cmake)
[0.230s] -- Found rclcpp: 28.1.9 (/opt/ros/jazzy/share/rclcpp/cmake)
[0.256s] -- Found rosidl_generator_c: 4.6.5 (/opt/ros/jazzy/share/rosidl_generator_c/cmake)
[0.264s] -- Found rosidl_generator_cpp: 4.6.5 (/opt/ros/jazzy/share/rosidl_generator_cpp/cmake)
[0.274s] -- Using all available rosidl_typesupport_c: rosidl_typesupport_fastrtps_c;rosidl_typesupport_introspection_c
[0.286s] -- Using all available rosidl_typesupport_cpp: rosidl_typesupport_fastrtps_cpp;rosidl_typesupport_introspection_cpp
[0.340s] -- Found rmw_implementation_cmake: 7.3.2 (/opt/ros/jazzy/share/rmw_implementation_cmake/cmake)
[0.341s] -- Found rmw_fastrtps_cpp: 8.4.2 (/opt/ros/jazzy/share/rmw_fastrtps_cpp/cmake)
[0.398s] -- Using RMW implementation 'rmw_fastrtps_cpp' as default
[0.455s] -- Found hardware_interface: 4.29.0 (/opt/ros/jazzy/share/hardware_interface/cmake)
[0.664s] -- Found controller_interface: 4.29.0 (/opt/ros/jazzy/share/controller_interface/cmake)
[0.668s] -- Found control_toolbox: 4.3.0 (/opt/ros/jazzy/share/control_toolbox/cmake)
[0.705s] -- Found eigen3_cmake_module: 0.3.0 (/opt/ros/jazzy/share/eigen3_cmake_module/cmake)
[0.707s] -- Ensuring Eigen3 include directory is part of orocos-kdl CMake target
[0.778s] -- Debug mode: 
[0.778s] -- We are on a Linux system
[0.778s] -- Embedded mode: OFF
[0.778s] -- Algebra backend: builtin
[0.779s] -- Solver profiling: ON
[0.779s] -- Solver interrupt: ON
[0.779s] -- Using double precision floating-point
[0.779s] -- Using long integers
[0.779s] -- Code generation: ON
[0.779s] -- Derivative support: ON
[0.784s] -- Fetching/configuring QDLDL solver
[1.293s] --   Using double precision floats
[1.293s] --   Long integers (64bit) are ON
[1.294s] --   Static library build is OFF
[1.294s] --   Shared library build is OFF
[1.294s] --   Demo executable build is OFF
[1.294s] --   Not building demo executable
[1.295s] --   Unit testing suite build is OFF
[1.295s] -- Build static library: ON
[1.295s] -- Build shared library: ON
[1.295s] -- Build demo executable: ON
[1.378s] -- Configuring done (1.3s)
[1.449s] -- Generating done (0.1s)
[1.464s] -- Build files have been written to: /home/artificer/Desktop/ROV2026/build/rov_control
[1.509s] [ 10%] Built target copy_codegen_srcs
[1.509s] [ 12%] Built target qdldlobject
[1.510s] [ 41%] Built target copy_codegen_incs
[1.511s] [ 32%] Built target copy_codegen_linalg
[1.511s] [ 42%] Built target copy_codegen_makefile
[1.519s] [ 44%] Built target gamepad_parser_node
[1.519s] [ 46%] Built target thruster_pid_controller
[1.522s] [ 51%] Built target rov_control
[1.529s] [ 51%] Built target copy_codegen_files
[1.542s] [ 80%] Built target OSQPLIB
[1.562s] [ 84%] Built target osqp
[1.562s] [ 84%] Built target osqpstatic
[1.583s] [ 88%] Built target osqp_codegen_demo
[1.583s] [ 88%] Built target osqp_simple_demo
[1.584s] [ 97%] Built target osqp_demo
[1.595s] [100%] Built target axis_to_command_controller
[1.608s] Invoked command in '/home/artificer/Desktop/ROV2026/build/rov_control' returned '0': CMAKE_PREFIX_PATH=${CMAKE_PREFIX_PATH}:/opt/ros/jazzy VIRTUAL_ENV_PROMPT=(.venv) /usr/bin/cmake --build /home/artificer/Desktop/ROV2026/build/rov_control -- -j12 -l12
[1.610s] Invoking command in '/home/artificer/Desktop/ROV2026/build/rov_control': CMAKE_PREFIX_PATH=${CMAKE_PREFIX_PATH}:/opt/ros/jazzy VIRTUAL_ENV_PROMPT=(.venv) /usr/bin/cmake --install /home/artificer/Desktop/ROV2026/build/rov_control
[1.617s] -- Install configuration: ""
[1.618s] -- Up-to-date: /home/artificer/Desktop/ROV2026/install/rov_control/include/qdldl/qdldl.h
[1.618s] -- Up-to-date: /home/artificer/Desktop/ROV2026/install/rov_control/include/qdldl/qdldl_types.h
[1.618s] -- Up-to-date: /home/artificer/Desktop/ROV2026/install/rov_control/include/qdldl/qdldl_version.h
[1.618s] -- Up-to-date: /home/artificer/Desktop/ROV2026/install/rov_control/include/osqp/osqp.h
[1.618s] -- Up-to-date: /home/artificer/Desktop/ROV2026/install/rov_control/include/osqp/osqp_api_constants.h
[1.618s] -- Up-to-date: /home/artificer/Desktop/ROV2026/install/rov_control/include/osqp/osqp_api_functions.h
[1.618s] -- Up-to-date: /home/artificer/Desktop/ROV2026/install/rov_control/include/osqp/osqp_api_types.h
[1.618s] -- Up-to-date: /home/artificer/Desktop/ROV2026/install/rov_control/include/osqp/osqp_export_define.h
[1.618s] -- Up-to-date: /home/artificer/Desktop/ROV2026/install/rov_control/include/osqp/osqp_configure.h
[1.618s] -- Up-to-date: /home/artificer/Desktop/ROV2026/install/rov_control/lib/libosqpstatic.a
[1.618s] -- Up-to-date: /home/artificer/Desktop/ROV2026/install/rov_control/lib/cmake/osqp/osqpstatic-targets.cmake
[1.618s] -- Up-to-date: /home/artificer/Desktop/ROV2026/install/rov_control/lib/cmake/osqp/osqpstatic-targets-noconfig.cmake
[1.618s] -- Up-to-date: /home/artificer/Desktop/ROV2026/install/rov_control/lib/libosqp.so
[1.619s] -- Up-to-date: /home/artificer/Desktop/ROV2026/install/rov_control/lib/cmake/osqp/osqp-targets.cmake
[1.619s] -- Up-to-date: /home/artificer/Desktop/ROV2026/install/rov_control/lib/cmake/osqp/osqp-targets-noconfig.cmake
[1.619s] -- Up-to-date: /home/artificer/Desktop/ROV2026/install/rov_control/lib/cmake/osqp/osqp-config.cmake
[1.619s] -- Up-to-date: /home/artificer/Desktop/ROV2026/install/rov_control/lib/cmake/osqp/osqp-config-version.cmake
[1.619s] -- Up-to-date: /home/artificer/Desktop/ROV2026/install/rov_control/share/osqp/codegen_files
[1.619s] -- Up-to-date: /home/artificer/Desktop/ROV2026/install/rov_control/share/osqp/codegen_files/Makefile
[1.619s] -- Up-to-date: /home/artificer/Desktop/ROV2026/install/rov_control/share/osqp/codegen_files/inc
[1.619s] -- Up-to-date: /home/artificer/Desktop/ROV2026/install/rov_control/share/osqp/codegen_files/inc/public
[1.619s] -- Up-to-date: /home/artificer/Desktop/ROV2026/install/rov_control/share/osqp/codegen_files/inc/public/osqp.h
[1.619s] -- Up-to-date: /home/artificer/Desktop/ROV2026/install/rov_control/share/osqp/codegen_files/inc/public/osqp_export_define.h
[1.619s] -- Up-to-date: /home/artificer/Desktop/ROV2026/install/rov_control/share/osqp/codegen_files/inc/public/osqp_api_constants.h
[1.619s] -- Up-to-date: /home/artificer/Desktop/ROV2026/install/rov_control/share/osqp/codegen_files/inc/public/osqp_api_functions.h
[1.619s] -- Up-to-date: /home/artificer/Desktop/ROV2026/install/rov_control/share/osqp/codegen_files/inc/public/osqp_api_types.h
[1.619s] -- Up-to-date: /home/artificer/Desktop/ROV2026/install/rov_control/share/osqp/codegen_files/inc/private
[1.619s] -- Up-to-date: /home/artificer/Desktop/ROV2026/install/rov_control/share/osqp/codegen_files/inc/private/csc_utils.h
[1.620s] -- Up-to-date: /home/artificer/Desktop/ROV2026/install/rov_control/share/osqp/codegen_files/inc/private/scaling.h
[1.620s] -- Up-to-date: /home/artificer/Desktop/ROV2026/install/rov_control/share/osqp/codegen_files/inc/private/csc_math.h
[1.620s] -- Up-to-date: /home/artificer/Desktop/ROV2026/install/rov_control/share/osqp/codegen_files/inc/private/glob_opts.h
[1.620s] -- Up-to-date: /home/artificer/Desktop/ROV2026/install/rov_control/share/osqp/codegen_files/inc/private/error.h
[1.620s] -- Up-to-date: /home/artificer/Desktop/ROV2026/install/rov_control/share/osqp/codegen_files/inc/private/qdldl.h
[1.620s] -- Up-to-date: /home/artificer/Desktop/ROV2026/install/rov_control/share/osqp/codegen_files/inc/private/timing.h
[1.620s] -- Up-to-date: /home/artificer/Desktop/ROV2026/install/rov_control/share/osqp/codegen_files/inc/private/printing.h
[1.620s] -- Up-to-date: /home/artificer/Desktop/ROV2026/install/rov_control/share/osqp/codegen_files/inc/private/qdldl_interface.h
[1.620s] -- Up-to-date: /home/artificer/Desktop/ROV2026/install/rov_control/share/osqp/codegen_files/inc/private/auxil.h
[1.620s] -- Up-to-date: /home/artificer/Desktop/ROV2026/install/rov_control/share/osqp/codegen_files/inc/private/qdldl_version.h
[1.620s] -- Up-to-date: /home/artificer/Desktop/ROV2026/install/rov_control/share/osqp/codegen_files/inc/private/util.h
[1.620s] -- Up-to-date: /home/artificer/Desktop/ROV2026/install/rov_control/share/osqp/codegen_files/inc/private/kkt.h
[1.620s] -- Up-to-date: /home/artificer/Desktop/ROV2026/install/rov_control/share/osqp/codegen_files/inc/private/algebra_impl.h
[1.620s] -- Up-to-date: /home/artificer/Desktop/ROV2026/install/rov_control/share/osqp/codegen_files/inc/private/profilers.h
[1.620s] -- Up-to-date: /home/artificer/Desktop/ROV2026/install/rov_control/share/osqp/codegen_files/inc/private/algebra_vector.h
[1.620s] -- Up-to-date: /home/artificer/Desktop/ROV2026/install/rov_control/share/osqp/codegen_files/inc/private/version.h
[1.620s] -- Up-to-date: /home/artificer/Desktop/ROV2026/install/rov_control/share/osqp/codegen_files/inc/private/lin_alg.h
[1.620s] -- Up-to-date: /home/artificer/Desktop/ROV2026/install/rov_control/share/osqp/codegen_files/inc/private/qdldl_types.h
[1.621s] -- Up-to-date: /home/artificer/Desktop/ROV2026/install/rov_control/share/osqp/codegen_files/inc/private/algebra_matrix.h
[1.621s] -- Up-to-date: /home/artificer/Desktop/ROV2026/install/rov_control/share/osqp/codegen_files/inc/private/types.h
[1.621s] -- Up-to-date: /home/artificer/Desktop/ROV2026/install/rov_control/share/osqp/codegen_files/src
[1.621s] -- Up-to-date: /home/artificer/Desktop/ROV2026/install/rov_control/share/osqp/codegen_files/src/qdldl.c
[1.621s] -- Up-to-date: /home/artificer/Desktop/ROV2026/install/rov_control/share/osqp/codegen_files/src/vector.c
[1.621s] -- Up-to-date: /home/artificer/Desktop/ROV2026/install/rov_control/share/osqp/codegen_files/src/util.c
[1.621s] -- Up-to-date: /home/artificer/Desktop/ROV2026/install/rov_control/share/osqp/codegen_files/src/error.c
[1.621s] -- Up-to-date: /home/artificer/Desktop/ROV2026/install/rov_control/share/osqp/codegen_files/src/qdldl_interface.c
[1.621s] -- Up-to-date: /home/artificer/Desktop/ROV2026/install/rov_control/share/osqp/codegen_files/src/csc_math.c
[1.621s] -- Up-to-date: /home/artificer/Desktop/ROV2026/install/rov_control/share/osqp/codegen_files/src/matrix.c
[1.621s] -- Up-to-date: /home/artificer/Desktop/ROV2026/install/rov_control/share/osqp/codegen_files/src/algebra_libs.c
[1.621s] -- Up-to-date: /home/artificer/Desktop/ROV2026/install/rov_control/share/osqp/codegen_files/src/scaling.c
[1.621s] -- Up-to-date: /home/artificer/Desktop/ROV2026/install/rov_control/share/osqp/codegen_files/src/csc_utils.c
[1.621s] -- Up-to-date: /home/artificer/Desktop/ROV2026/install/rov_control/share/osqp/codegen_files/src/kkt.c
[1.621s] -- Up-to-date: /home/artificer/Desktop/ROV2026/install/rov_control/share/osqp/codegen_files/src/osqp_api.c
[1.621s] -- Up-to-date: /home/artificer/Desktop/ROV2026/install/rov_control/share/osqp/codegen_files/src/auxil.c
[1.622s] -- Up-to-date: /home/artificer/Desktop/ROV2026/install/rov_control/share/rov_control/plugins/thruster_pid_controller_plugin.xml
[1.622s] -- Up-to-date: /home/artificer/Desktop/ROV2026/install/rov_control/lib/libthruster_pid_controller.so
[1.622s] -- Up-to-date: /home/artificer/Desktop/ROV2026/install/rov_control/share/rov_control/plugins/pwm_interface_plugin.xml
[1.622s] -- Up-to-date: /home/artificer/Desktop/ROV2026/install/rov_control/share/rov_control/plugins/axis_to_command_controller_plugin.xml
[1.622s] -- Up-to-date: /home/artificer/Desktop/ROV2026/install/rov_control/lib/librov_control.so
[1.622s] -- Up-to-date: /home/artificer/Desktop/ROV2026/install/rov_control/lib/libaxis_to_command_controller.so
[1.622s] -- Up-to-date: /home/artificer/Desktop/ROV2026/install/rov_control/lib/rov_control/gamepad_parser_node
[1.622s] -- Up-to-date: /home/artificer/Desktop/ROV2026/install/rov_control/include/
[1.622s] -- Up-to-date: /home/artificer/Desktop/ROV2026/install/rov_control/include//rov_control
[1.622s] -- Up-to-date: /home/artificer/Desktop/ROV2026/install/rov_control/include//rov_control/axis_to_command_controller.hpp
[1.622s] -- Up-to-date: /home/artificer/Desktop/ROV2026/install/rov_control/include//rov_control/gamepad_parser_node.hpp
[1.622s] -- Up-to-date: /home/artificer/Desktop/ROV2026/install/rov_control/include//rov_control/pwm_interface.hpp
[1.623s] -- Up-to-date: /home/artificer/Desktop/ROV2026/install/rov_control/include//rov_control/thruster_pid_controller.hpp
[1.623s] -- Up-to-date: /home/artificer/Desktop/ROV2026/install/rov_control/include//rov_control/libdriver_pca9685
[1.623s] -- Up-to-date: /home/artificer/Desktop/ROV2026/install/rov_control/include//rov_control/libdriver_pca9685/driver_pca9685.h
[1.623s] -- Up-to-date: /home/artificer/Desktop/ROV2026/install/rov_control/include//rov_control/libdriver_pca9685/driver_pca9685_interface.h
[1.623s] -- Up-to-date: /home/artificer/Desktop/ROV2026/install/rov_control/share/rov_control/launch
[1.623s] -- Up-to-date: /home/artificer/Desktop/ROV2026/install/rov_control/share/rov_control/launch/rov_control_launch.py
[1.623s] -- Up-to-date: /home/artificer/Desktop/ROV2026/install/rov_control/share/rov_control/launch/rov_control_launch_test.py
[1.623s] -- Up-to-date: /home/artificer/Desktop/ROV2026/install/rov_control/share/rov_control/config
[1.623s] -- Up-to-date: /home/artificer/Desktop/ROV2026/install/rov_control/share/rov_control/config/gamepad_parser_parameters.yaml
[1.623s] -- Up-to-date: /home/artificer/Desktop/ROV2026/install/rov_control/share/rov_control/config/joy_parameters.yaml
[1.623s] -- Up-to-date: /home/artificer/Desktop/ROV2026/install/rov_control/share/rov_control/config/bar100_sensor.yaml
[1.623s] -- Up-to-date: /home/artificer/Desktop/ROV2026/install/rov_control/share/rov_control/config/control_parameters.yaml
[1.624s] -- Installing: /home/artificer/Desktop/ROV2026/install/rov_control/lib/rov_control/bar100_sensor
[1.624s] -- Up-to-date: /home/artificer/Desktop/ROV2026/install/rov_control/share/rov_control/environment/library_path.dsv
[1.624s] -- Up-to-date: /home/artificer/Desktop/ROV2026/install/rov_control/share/ament_index/resource_index/package_run_dependencies/rov_control
[1.624s] -- Up-to-date: /home/artificer/Desktop/ROV2026/install/rov_control/share/ament_index/resource_index/parent_prefix_path/rov_control
[1.624s] -- Up-to-date: /home/artificer/Desktop/ROV2026/install/rov_control/share/rov_control/environment/ament_prefix_path.dsv
[1.624s] -- Up-to-date: /home/artificer/Desktop/ROV2026/install/rov_control/share/rov_control/environment/path.dsv
[1.624s] -- Up-to-date: /home/artificer/Desktop/ROV2026/install/rov_control/share/rov_control/local_setup.bash
[1.624s] -- Up-to-date: /home/artificer/Desktop/ROV2026/install/rov_control/share/rov_control/local_setup.sh
[1.624s] -- Up-to-date: /home/artificer/Desktop/ROV2026/install/rov_control/share/rov_control/local_setup.zsh
[1.624s] -- Up-to-date: /home/artificer/Desktop/ROV2026/install/rov_control/share/rov_control/local_setup.dsv
[1.625s] -- Installing: /home/artificer/Desktop/ROV2026/install/rov_control/share/rov_control/package.dsv
[1.625s] -- Up-to-date: /home/artificer/Desktop/ROV2026/install/rov_control/share/ament_index/resource_index/packages/rov_control
[1.625s] -- Up-to-date: /home/artificer/Desktop/ROV2026/install/rov_control/share/ament_index/resource_index/controller_interface__pluginlib__plugin/rov_control
[1.625s] -- Up-to-date: /home/artificer/Desktop/ROV2026/install/rov_control/share/ament_index/resource_index/hardware_interface__pluginlib__plugin/rov_control
[1.625s] -- Up-to-date: /home/artificer/Desktop/ROV2026/install/rov_control/share/rov_control/cmake/export_rov_controlExport.cmake
[1.625s] -- Up-to-date: /home/artificer/Desktop/ROV2026/install/rov_control/share/rov_control/cmake/export_rov_controlExport-noconfig.cmake
[1.625s] -- Up-to-date: /home/artificer/Desktop/ROV2026/install/rov_control/share/rov_control/cmake/ament_cmake_export_libraries-extras.cmake
[1.625s] -- Up-to-date: /home/artificer/Desktop/ROV2026/install/rov_control/share/rov_control/cmake/ament_cmake_export_targets-extras.cmake
[1.625s] -- Up-to-date: /home/artificer/Desktop/ROV2026/install/rov_control/share/rov_control/cmake/rov_controlConfig.cmake
[1.625s] -- Up-to-date: /home/artificer/Desktop/ROV2026/install/rov_control/share/rov_control/cmake/rov_controlConfig-version.cmake
[1.625s] -- Up-to-date: /home/artificer/Desktop/ROV2026/install/rov_control/share/rov_control/package.xml
[1.626s] Invoked command in '/home/artificer/Desktop/ROV2026/build/rov_control' returned '0': CMAKE_PREFIX_PATH=${CMAKE_PREFIX_PATH}:/opt/ros/jazzy VIRTUAL_ENV_PROMPT=(.venv) /usr/bin/cmake --install /home/artificer/Desktop/ROV2026/build/rov_control
