[0.086s] DEBUG:colcon:Command line arguments: ['/usr/bin/colcon', 'build', '--symlink-install', '--cmake-clean-cache']
[0.086s] DEBUG:colcon:Parsed command line arguments: Namespace(log_base=None, log_level=None, verb_name='build', build_base='build', install_base='install', merge_install=False, symlink_install=True, test_result_base=None, continue_on_error=False, executor='parallel', parallel_workers=12, event_handlers=None, ignore_user_meta=False, metas=['./colcon.meta'], base_paths=['.'], packages_ignore=None, packages_ignore_regex=None, paths=None, packages_up_to=None, packages_up_to_regex=None, packages_above=None, packages_above_and_dependencies=None, packages_above_depth=None, packages_select_by_dep=None, packages_skip_by_dep=None, packages_skip_up_to=None, packages_select_build_failed=False, packages_skip_build_finished=False, packages_select_test_failures=False, packages_skip_test_passed=False, packages_select=None, packages_skip=None, packages_select_regex=None, packages_skip_regex=None, packages_start=None, packages_end=None, allow_overriding=[], cmake_args=None, cmake_target=None, cmake_target_skip_unavailable=False, cmake_clean_cache=True, cmake_clean_first=False, cmake_force_configure=False, ament_cmake_args=None, catkin_cmake_args=None, catkin_skip_building_tests=False, mixin_files=None, mixin=None, verb_parser=<colcon_mixin.mixin.mixin_argument.MixinArgumentDecorator object at 0x72ec33ea63c0>, verb_extension=<colcon_core.verb.build.BuildVerb object at 0x72ec33fc6a80>, main=<bound method BuildVerb.main of <colcon_core.verb.build.BuildVerb object at 0x72ec33fc6a80>>, mixin_verb=('build',))
[0.117s] Level 1:colcon.colcon_core.package_discovery:discover_packages(colcon_meta) check parameters
[0.117s] Level 1:colcon.colcon_core.package_discovery:discover_packages(recursive) check parameters
[0.117s] Level 1:colcon.colcon_core.package_discovery:discover_packages(ignore) check parameters
[0.117s] Level 1:colcon.colcon_core.package_discovery:discover_packages(path) check parameters
[0.117s] Level 1:colcon.colcon_core.package_discovery:discover_packages(colcon_meta) discover
[0.118s] Level 1:colcon.colcon_core.package_discovery:discover_packages(recursive) discover
[0.118s] INFO:colcon.colcon_core.package_discovery:Crawling recursively for packages in '/home/artificer/Desktop/ROV2026'
[0.118s] Level 1:colcon.colcon_core.package_identification:_identify(.) by extensions ['ignore', 'ignore_ament_install']
[0.118s] Level 1:colcon.colcon_core.package_identification:_identify(.) by extension 'ignore'
[0.118s] Level 1:colcon.colcon_core.package_identification:_identify(.) by extension 'ignore_ament_install'
[0.118s] Level 1:colcon.colcon_core.package_identification:_identify(.) by extensions ['colcon_pkg']
[0.118s] Level 1:colcon.colcon_core.package_identification:_identify(.) by extension 'colcon_pkg'
[0.118s] Level 1:colcon.colcon_core.package_identification:_identify(.) by extensions ['colcon_meta']
[0.118s] Level 1:colcon.colcon_core.package_identification:_identify(.) by extension 'colcon_meta'
[0.118s] Level 1:colcon.colcon_core.package_identification:_identify(.) by extensions ['ros']
[0.118s] Level 1:colcon.colcon_core.package_identification:_identify(.) by extension 'ros'
[0.137s] Level 1:colcon.colcon_core.package_identification:_identify(.) by extensions ['cmake', 'python']
[0.137s] Level 1:colcon.colcon_core.package_identification:_identify(.) by extension 'cmake'
[0.137s] Level 1:colcon.colcon_core.package_identification:_identify(.) by extension 'python'
[0.137s] Level 1:colcon.colcon_core.package_identification:_identify(.) by extensions ['python_setup_py']
[0.137s] Level 1:colcon.colcon_core.package_identification:_identify(.) by extension 'python_setup_py'
[0.138s] Level 1:colcon.colcon_core.package_identification:_identify(build) by extensions ['ignore', 'ignore_ament_install']
[0.138s] Level 1:colcon.colcon_core.package_identification:_identify(build) by extension 'ignore'
[0.138s] Level 1:colcon.colcon_core.package_identification:_identify(build) ignored
[0.138s] Level 1:colcon.colcon_core.package_identification:_identify(doxygen) by extensions ['ignore', 'ignore_ament_install']
[0.138s] Level 1:colcon.colcon_core.package_identification:_identify(doxygen) by extension 'ignore'
[0.138s] Level 1:colcon.colcon_core.package_identification:_identify(doxygen) by extension 'ignore_ament_install'
[0.138s] Level 1:colcon.colcon_core.package_identification:_identify(doxygen) by extensions ['colcon_pkg']
[0.138s] Level 1:colcon.colcon_core.package_identification:_identify(doxygen) by extension 'colcon_pkg'
[0.138s] Level 1:colcon.colcon_core.package_identification:_identify(doxygen) by extensions ['colcon_meta']
[0.138s] Level 1:colcon.colcon_core.package_identification:_identify(doxygen) by extension 'colcon_meta'
[0.138s] Level 1:colcon.colcon_core.package_identification:_identify(doxygen) by extensions ['ros']
[0.138s] Level 1:colcon.colcon_core.package_identification:_identify(doxygen) by extension 'ros'
[0.138s] Level 1:colcon.colcon_core.package_identification:_identify(doxygen) by extensions ['cmake', 'python']
[0.138s] Level 1:colcon.colcon_core.package_identification:_identify(doxygen) by extension 'cmake'
[0.138s] Level 1:colcon.colcon_core.package_identification:_identify(doxygen) by extension 'python'
[0.139s] Level 1:colcon.colcon_core.package_identification:_identify(doxygen) by extensions ['python_setup_py']
[0.139s] Level 1:colcon.colcon_core.package_identification:_identify(doxygen) by extension 'python_setup_py'
[0.139s] Level 1:colcon.colcon_core.package_identification:_identify(doxygen/html) by extensions ['ignore', 'ignore_ament_install']
[0.139s] Level 1:colcon.colcon_core.package_identification:_identify(doxygen/html) by extension 'ignore'
[0.139s] Level 1:colcon.colcon_core.package_identification:_identify(doxygen/html) by extension 'ignore_ament_install'
[0.139s] Level 1:colcon.colcon_core.package_identification:_identify(doxygen/html) by extensions ['colcon_pkg']
[0.139s] Level 1:colcon.colcon_core.package_identification:_identify(doxygen/html) by extension 'colcon_pkg'
[0.139s] Level 1:colcon.colcon_core.package_identification:_identify(doxygen/html) by extensions ['colcon_meta']
[0.139s] Level 1:colcon.colcon_core.package_identification:_identify(doxygen/html) by extension 'colcon_meta'
[0.139s] Level 1:colcon.colcon_core.package_identification:_identify(doxygen/html) by extensions ['ros']
[0.139s] Level 1:colcon.colcon_core.package_identification:_identify(doxygen/html) by extension 'ros'
[0.139s] Level 1:colcon.colcon_core.package_identification:_identify(doxygen/html) by extensions ['cmake', 'python']
[0.139s] Level 1:colcon.colcon_core.package_identification:_identify(doxygen/html) by extension 'cmake'
[0.139s] Level 1:colcon.colcon_core.package_identification:_identify(doxygen/html) by extension 'python'
[0.139s] Level 1:colcon.colcon_core.package_identification:_identify(doxygen/html) by extensions ['python_setup_py']
[0.139s] Level 1:colcon.colcon_core.package_identification:_identify(doxygen/html) by extension 'python_setup_py'
[0.140s] Level 1:colcon.colcon_core.package_identification:_identify(doxygen/html/doxygen-awesome-css) by extensions ['ignore', 'ignore_ament_install']
[0.140s] Level 1:colcon.colcon_core.package_identification:_identify(doxygen/html/doxygen-awesome-css) by extension 'ignore'
[0.140s] Level 1:colcon.colcon_core.package_identification:_identify(doxygen/html/doxygen-awesome-css) by extension 'ignore_ament_install'
[0.140s] Level 1:colcon.colcon_core.package_identification:_identify(doxygen/html/doxygen-awesome-css) by extensions ['colcon_pkg']
[0.140s] Level 1:colcon.colcon_core.package_identification:_identify(doxygen/html/doxygen-awesome-css) by extension 'colcon_pkg'
[0.140s] Level 1:colcon.colcon_core.package_identification:_identify(doxygen/html/doxygen-awesome-css) by extensions ['colcon_meta']
[0.140s] Level 1:colcon.colcon_core.package_identification:_identify(doxygen/html/doxygen-awesome-css) by extension 'colcon_meta'
[0.140s] Level 1:colcon.colcon_core.package_identification:_identify(doxygen/html/doxygen-awesome-css) by extensions ['ros']
[0.140s] Level 1:colcon.colcon_core.package_identification:_identify(doxygen/html/doxygen-awesome-css) by extension 'ros'
[0.140s] Level 1:colcon.colcon_core.package_identification:_identify(doxygen/html/doxygen-awesome-css) by extensions ['cmake', 'python']
[0.140s] Level 1:colcon.colcon_core.package_identification:_identify(doxygen/html/doxygen-awesome-css) by extension 'cmake'
[0.140s] Level 1:colcon.colcon_core.package_identification:_identify(doxygen/html/doxygen-awesome-css) by extension 'python'
[0.140s] Level 1:colcon.colcon_core.package_identification:_identify(doxygen/html/doxygen-awesome-css) by extensions ['python_setup_py']
[0.140s] Level 1:colcon.colcon_core.package_identification:_identify(doxygen/html/doxygen-awesome-css) by extension 'python_setup_py'
[0.140s] Level 1:colcon.colcon_core.package_identification:_identify(doxygen/html/doxygen-awesome-css/docs) by extensions ['ignore', 'ignore_ament_install']
[0.140s] Level 1:colcon.colcon_core.package_identification:_identify(doxygen/html/doxygen-awesome-css/docs) by extension 'ignore'
[0.140s] Level 1:colcon.colcon_core.package_identification:_identify(doxygen/html/doxygen-awesome-css/docs) by extension 'ignore_ament_install'
[0.140s] Level 1:colcon.colcon_core.package_identification:_identify(doxygen/html/doxygen-awesome-css/docs) by extensions ['colcon_pkg']
[0.141s] Level 1:colcon.colcon_core.package_identification:_identify(doxygen/html/doxygen-awesome-css/docs) by extension 'colcon_pkg'
[0.141s] Level 1:colcon.colcon_core.package_identification:_identify(doxygen/html/doxygen-awesome-css/docs) by extensions ['colcon_meta']
[0.141s] Level 1:colcon.colcon_core.package_identification:_identify(doxygen/html/doxygen-awesome-css/docs) by extension 'colcon_meta'
[0.141s] Level 1:colcon.colcon_core.package_identification:_identify(doxygen/html/doxygen-awesome-css/docs) by extensions ['ros']
[0.141s] Level 1:colcon.colcon_core.package_identification:_identify(doxygen/html/doxygen-awesome-css/docs) by extension 'ros'
[0.141s] Level 1:colcon.colcon_core.package_identification:_identify(doxygen/html/doxygen-awesome-css/docs) by extensions ['cmake', 'python']
[0.141s] Level 1:colcon.colcon_core.package_identification:_identify(doxygen/html/doxygen-awesome-css/docs) by extension 'cmake'
[0.141s] Level 1:colcon.colcon_core.package_identification:_identify(doxygen/html/doxygen-awesome-css/docs) by extension 'python'
[0.141s] Level 1:colcon.colcon_core.package_identification:_identify(doxygen/html/doxygen-awesome-css/docs) by extensions ['python_setup_py']
[0.141s] Level 1:colcon.colcon_core.package_identification:_identify(doxygen/html/doxygen-awesome-css/docs) by extension 'python_setup_py'
[0.141s] Level 1:colcon.colcon_core.package_identification:_identify(doxygen/html/doxygen-awesome-css/docs/img) by extensions ['ignore', 'ignore_ament_install']
[0.141s] Level 1:colcon.colcon_core.package_identification:_identify(doxygen/html/doxygen-awesome-css/docs/img) by extension 'ignore'
[0.141s] Level 1:colcon.colcon_core.package_identification:_identify(doxygen/html/doxygen-awesome-css/docs/img) by extension 'ignore_ament_install'
[0.141s] Level 1:colcon.colcon_core.package_identification:_identify(doxygen/html/doxygen-awesome-css/docs/img) by extensions ['colcon_pkg']
[0.141s] Level 1:colcon.colcon_core.package_identification:_identify(doxygen/html/doxygen-awesome-css/docs/img) by extension 'colcon_pkg'
[0.141s] Level 1:colcon.colcon_core.package_identification:_identify(doxygen/html/doxygen-awesome-css/docs/img) by extensions ['colcon_meta']
[0.141s] Level 1:colcon.colcon_core.package_identification:_identify(doxygen/html/doxygen-awesome-css/docs/img) by extension 'colcon_meta'
[0.141s] Level 1:colcon.colcon_core.package_identification:_identify(doxygen/html/doxygen-awesome-css/docs/img) by extensions ['ros']
[0.141s] Level 1:colcon.colcon_core.package_identification:_identify(doxygen/html/doxygen-awesome-css/docs/img) by extension 'ros'
[0.142s] Level 1:colcon.colcon_core.package_identification:_identify(doxygen/html/doxygen-awesome-css/docs/img) by extensions ['cmake', 'python']
[0.142s] Level 1:colcon.colcon_core.package_identification:_identify(doxygen/html/doxygen-awesome-css/docs/img) by extension 'cmake'
[0.142s] Level 1:colcon.colcon_core.package_identification:_identify(doxygen/html/doxygen-awesome-css/docs/img) by extension 'python'
[0.142s] Level 1:colcon.colcon_core.package_identification:_identify(doxygen/html/doxygen-awesome-css/docs/img) by extensions ['python_setup_py']
[0.142s] Level 1:colcon.colcon_core.package_identification:_identify(doxygen/html/doxygen-awesome-css/docs/img) by extension 'python_setup_py'
[0.142s] Level 1:colcon.colcon_core.package_identification:_identify(doxygen/html/doxygen-awesome-css/doxygen-custom) by extensions ['ignore', 'ignore_ament_install']
[0.142s] Level 1:colcon.colcon_core.package_identification:_identify(doxygen/html/doxygen-awesome-css/doxygen-custom) by extension 'ignore'
[0.142s] Level 1:colcon.colcon_core.package_identification:_identify(doxygen/html/doxygen-awesome-css/doxygen-custom) by extension 'ignore_ament_install'
[0.142s] Level 1:colcon.colcon_core.package_identification:_identify(doxygen/html/doxygen-awesome-css/doxygen-custom) by extensions ['colcon_pkg']
[0.142s] Level 1:colcon.colcon_core.package_identification:_identify(doxygen/html/doxygen-awesome-css/doxygen-custom) by extension 'colcon_pkg'
[0.142s] Level 1:colcon.colcon_core.package_identification:_identify(doxygen/html/doxygen-awesome-css/doxygen-custom) by extensions ['colcon_meta']
[0.142s] Level 1:colcon.colcon_core.package_identification:_identify(doxygen/html/doxygen-awesome-css/doxygen-custom) by extension 'colcon_meta'
[0.142s] Level 1:colcon.colcon_core.package_identification:_identify(doxygen/html/doxygen-awesome-css/doxygen-custom) by extensions ['ros']
[0.142s] Level 1:colcon.colcon_core.package_identification:_identify(doxygen/html/doxygen-awesome-css/doxygen-custom) by extension 'ros'
[0.142s] Level 1:colcon.colcon_core.package_identification:_identify(doxygen/html/doxygen-awesome-css/doxygen-custom) by extensions ['cmake', 'python']
[0.142s] Level 1:colcon.colcon_core.package_identification:_identify(doxygen/html/doxygen-awesome-css/doxygen-custom) by extension 'cmake'
[0.142s] Level 1:colcon.colcon_core.package_identification:_identify(doxygen/html/doxygen-awesome-css/doxygen-custom) by extension 'python'
[0.142s] Level 1:colcon.colcon_core.package_identification:_identify(doxygen/html/doxygen-awesome-css/doxygen-custom) by extensions ['python_setup_py']
[0.142s] Level 1:colcon.colcon_core.package_identification:_identify(doxygen/html/doxygen-awesome-css/doxygen-custom) by extension 'python_setup_py'
[0.143s] Level 1:colcon.colcon_core.package_identification:_identify(doxygen/html/doxygen-awesome-css/img) by extensions ['ignore', 'ignore_ament_install']
[0.143s] Level 1:colcon.colcon_core.package_identification:_identify(doxygen/html/doxygen-awesome-css/img) by extension 'ignore'
[0.143s] Level 1:colcon.colcon_core.package_identification:_identify(doxygen/html/doxygen-awesome-css/img) by extension 'ignore_ament_install'
[0.143s] Level 1:colcon.colcon_core.package_identification:_identify(doxygen/html/doxygen-awesome-css/img) by extensions ['colcon_pkg']
[0.143s] Level 1:colcon.colcon_core.package_identification:_identify(doxygen/html/doxygen-awesome-css/img) by extension 'colcon_pkg'
[0.143s] Level 1:colcon.colcon_core.package_identification:_identify(doxygen/html/doxygen-awesome-css/img) by extensions ['colcon_meta']
[0.143s] Level 1:colcon.colcon_core.package_identification:_identify(doxygen/html/doxygen-awesome-css/img) by extension 'colcon_meta'
[0.143s] Level 1:colcon.colcon_core.package_identification:_identify(doxygen/html/doxygen-awesome-css/img) by extensions ['ros']
[0.143s] Level 1:colcon.colcon_core.package_identification:_identify(doxygen/html/doxygen-awesome-css/img) by extension 'ros'
[0.143s] Level 1:colcon.colcon_core.package_identification:_identify(doxygen/html/doxygen-awesome-css/img) by extensions ['cmake', 'python']
[0.143s] Level 1:colcon.colcon_core.package_identification:_identify(doxygen/html/doxygen-awesome-css/img) by extension 'cmake'
[0.143s] Level 1:colcon.colcon_core.package_identification:_identify(doxygen/html/doxygen-awesome-css/img) by extension 'python'
[0.143s] Level 1:colcon.colcon_core.package_identification:_identify(doxygen/html/doxygen-awesome-css/img) by extensions ['python_setup_py']
[0.143s] Level 1:colcon.colcon_core.package_identification:_identify(doxygen/html/doxygen-awesome-css/img) by extension 'python_setup_py'
[0.143s] Level 1:colcon.colcon_core.package_identification:_identify(doxygen/html/doxygen-awesome-css/include) by extensions ['ignore', 'ignore_ament_install']
[0.143s] Level 1:colcon.colcon_core.package_identification:_identify(doxygen/html/doxygen-awesome-css/include) by extension 'ignore'
[0.143s] Level 1:colcon.colcon_core.package_identification:_identify(doxygen/html/doxygen-awesome-css/include) by extension 'ignore_ament_install'
[0.143s] Level 1:colcon.colcon_core.package_identification:_identify(doxygen/html/doxygen-awesome-css/include) by extensions ['colcon_pkg']
[0.144s] Level 1:colcon.colcon_core.package_identification:_identify(doxygen/html/doxygen-awesome-css/include) by extension 'colcon_pkg'
[0.144s] Level 1:colcon.colcon_core.package_identification:_identify(doxygen/html/doxygen-awesome-css/include) by extensions ['colcon_meta']
[0.144s] Level 1:colcon.colcon_core.package_identification:_identify(doxygen/html/doxygen-awesome-css/include) by extension 'colcon_meta'
[0.144s] Level 1:colcon.colcon_core.package_identification:_identify(doxygen/html/doxygen-awesome-css/include) by extensions ['ros']
[0.144s] Level 1:colcon.colcon_core.package_identification:_identify(doxygen/html/doxygen-awesome-css/include) by extension 'ros'
[0.144s] Level 1:colcon.colcon_core.package_identification:_identify(doxygen/html/doxygen-awesome-css/include) by extensions ['cmake', 'python']
[0.144s] Level 1:colcon.colcon_core.package_identification:_identify(doxygen/html/doxygen-awesome-css/include) by extension 'cmake'
[0.144s] Level 1:colcon.colcon_core.package_identification:_identify(doxygen/html/doxygen-awesome-css/include) by extension 'python'
[0.144s] Level 1:colcon.colcon_core.package_identification:_identify(doxygen/html/doxygen-awesome-css/include) by extensions ['python_setup_py']
[0.144s] Level 1:colcon.colcon_core.package_identification:_identify(doxygen/html/doxygen-awesome-css/include) by extension 'python_setup_py'
[0.144s] Level 1:colcon.colcon_core.package_identification:_identify(doxygen/html/doxygen-awesome-css/include/MyLibrary) by extensions ['ignore', 'ignore_ament_install']
[0.144s] Level 1:colcon.colcon_core.package_identification:_identify(doxygen/html/doxygen-awesome-css/include/MyLibrary) by extension 'ignore'
[0.144s] Level 1:colcon.colcon_core.package_identification:_identify(doxygen/html/doxygen-awesome-css/include/MyLibrary) by extension 'ignore_ament_install'
[0.144s] Level 1:colcon.colcon_core.package_identification:_identify(doxygen/html/doxygen-awesome-css/include/MyLibrary) by extensions ['colcon_pkg']
[0.144s] Level 1:colcon.colcon_core.package_identification:_identify(doxygen/html/doxygen-awesome-css/include/MyLibrary) by extension 'colcon_pkg'
[0.144s] Level 1:colcon.colcon_core.package_identification:_identify(doxygen/html/doxygen-awesome-css/include/MyLibrary) by extensions ['colcon_meta']
[0.144s] Level 1:colcon.colcon_core.package_identification:_identify(doxygen/html/doxygen-awesome-css/include/MyLibrary) by extension 'colcon_meta'
[0.144s] Level 1:colcon.colcon_core.package_identification:_identify(doxygen/html/doxygen-awesome-css/include/MyLibrary) by extensions ['ros']
[0.144s] Level 1:colcon.colcon_core.package_identification:_identify(doxygen/html/doxygen-awesome-css/include/MyLibrary) by extension 'ros'
[0.144s] Level 1:colcon.colcon_core.package_identification:_identify(doxygen/html/doxygen-awesome-css/include/MyLibrary) by extensions ['cmake', 'python']
[0.145s] Level 1:colcon.colcon_core.package_identification:_identify(doxygen/html/doxygen-awesome-css/include/MyLibrary) by extension 'cmake'
[0.145s] Level 1:colcon.colcon_core.package_identification:_identify(doxygen/html/doxygen-awesome-css/include/MyLibrary) by extension 'python'
[0.145s] Level 1:colcon.colcon_core.package_identification:_identify(doxygen/html/doxygen-awesome-css/include/MyLibrary) by extensions ['python_setup_py']
[0.145s] Level 1:colcon.colcon_core.package_identification:_identify(doxygen/html/doxygen-awesome-css/include/MyLibrary) by extension 'python_setup_py'
[0.145s] Level 1:colcon.colcon_core.package_identification:_identify(doxygen/html/search) by extensions ['ignore', 'ignore_ament_install']
[0.145s] Level 1:colcon.colcon_core.package_identification:_identify(doxygen/html/search) by extension 'ignore'
[0.145s] Level 1:colcon.colcon_core.package_identification:_identify(doxygen/html/search) by extension 'ignore_ament_install'
[0.145s] Level 1:colcon.colcon_core.package_identification:_identify(doxygen/html/search) by extensions ['colcon_pkg']
[0.145s] Level 1:colcon.colcon_core.package_identification:_identify(doxygen/html/search) by extension 'colcon_pkg'
[0.145s] Level 1:colcon.colcon_core.package_identification:_identify(doxygen/html/search) by extensions ['colcon_meta']
[0.145s] Level 1:colcon.colcon_core.package_identification:_identify(doxygen/html/search) by extension 'colcon_meta'
[0.145s] Level 1:colcon.colcon_core.package_identification:_identify(doxygen/html/search) by extensions ['ros']
[0.145s] Level 1:colcon.colcon_core.package_identification:_identify(doxygen/html/search) by extension 'ros'
[0.145s] Level 1:colcon.colcon_core.package_identification:_identify(doxygen/html/search) by extensions ['cmake', 'python']
[0.145s] Level 1:colcon.colcon_core.package_identification:_identify(doxygen/html/search) by extension 'cmake'
[0.145s] Level 1:colcon.colcon_core.package_identification:_identify(doxygen/html/search) by extension 'python'
[0.145s] Level 1:colcon.colcon_core.package_identification:_identify(doxygen/html/search) by extensions ['python_setup_py']
[0.145s] Level 1:colcon.colcon_core.package_identification:_identify(doxygen/html/search) by extension 'python_setup_py'
[0.146s] Level 1:colcon.colcon_core.package_identification:_identify(doxygen/latex) by extensions ['ignore', 'ignore_ament_install']
[0.146s] Level 1:colcon.colcon_core.package_identification:_identify(doxygen/latex) by extension 'ignore'
[0.146s] Level 1:colcon.colcon_core.package_identification:_identify(doxygen/latex) by extension 'ignore_ament_install'
[0.146s] Level 1:colcon.colcon_core.package_identification:_identify(doxygen/latex) by extensions ['colcon_pkg']
[0.146s] Level 1:colcon.colcon_core.package_identification:_identify(doxygen/latex) by extension 'colcon_pkg'
[0.146s] Level 1:colcon.colcon_core.package_identification:_identify(doxygen/latex) by extensions ['colcon_meta']
[0.146s] Level 1:colcon.colcon_core.package_identification:_identify(doxygen/latex) by extension 'colcon_meta'
[0.146s] Level 1:colcon.colcon_core.package_identification:_identify(doxygen/latex) by extensions ['ros']
[0.146s] Level 1:colcon.colcon_core.package_identification:_identify(doxygen/latex) by extension 'ros'
[0.146s] Level 1:colcon.colcon_core.package_identification:_identify(doxygen/latex) by extensions ['cmake', 'python']
[0.146s] Level 1:colcon.colcon_core.package_identification:_identify(doxygen/latex) by extension 'cmake'
[0.146s] Level 1:colcon.colcon_core.package_identification:_identify(doxygen/latex) by extension 'python'
[0.146s] Level 1:colcon.colcon_core.package_identification:_identify(doxygen/latex) by extensions ['python_setup_py']
[0.146s] Level 1:colcon.colcon_core.package_identification:_identify(doxygen/latex) by extension 'python_setup_py'
[0.146s] Level 1:colcon.colcon_core.package_identification:_identify(install) by extensions ['ignore', 'ignore_ament_install']
[0.146s] Level 1:colcon.colcon_core.package_identification:_identify(install) by extension 'ignore'
[0.146s] Level 1:colcon.colcon_core.package_identification:_identify(install) ignored
[0.146s] Level 1:colcon.colcon_core.package_identification:_identify(log) by extensions ['ignore', 'ignore_ament_install']
[0.147s] Level 1:colcon.colcon_core.package_identification:_identify(log) by extension 'ignore'
[0.147s] Level 1:colcon.colcon_core.package_identification:_identify(log) ignored
[0.147s] Level 1:colcon.colcon_core.package_identification:_identify(src) by extensions ['ignore', 'ignore_ament_install']
[0.147s] Level 1:colcon.colcon_core.package_identification:_identify(src) by extension 'ignore'
[0.147s] Level 1:colcon.colcon_core.package_identification:_identify(src) by extension 'ignore_ament_install'
[0.147s] Level 1:colcon.colcon_core.package_identification:_identify(src) by extensions ['colcon_pkg']
[0.147s] Level 1:colcon.colcon_core.package_identification:_identify(src) by extension 'colcon_pkg'
[0.147s] Level 1:colcon.colcon_core.package_identification:_identify(src) by extensions ['colcon_meta']
[0.147s] Level 1:colcon.colcon_core.package_identification:_identify(src) by extension 'colcon_meta'
[0.147s] Level 1:colcon.colcon_core.package_identification:_identify(src) by extensions ['ros']
[0.147s] Level 1:colcon.colcon_core.package_identification:_identify(src) by extension 'ros'
[0.147s] Level 1:colcon.colcon_core.package_identification:_identify(src) by extensions ['cmake', 'python']
[0.147s] Level 1:colcon.colcon_core.package_identification:_identify(src) by extension 'cmake'
[0.147s] Level 1:colcon.colcon_core.package_identification:_identify(src) by extension 'python'
[0.147s] Level 1:colcon.colcon_core.package_identification:_identify(src) by extensions ['python_setup_py']
[0.147s] Level 1:colcon.colcon_core.package_identification:_identify(src) by extension 'python_setup_py'
[0.147s] Level 1:colcon.colcon_core.package_identification:_identify(src/description) by extensions ['ignore', 'ignore_ament_install']
[0.147s] Level 1:colcon.colcon_core.package_identification:_identify(src/description) by extension 'ignore'
[0.147s] Level 1:colcon.colcon_core.package_identification:_identify(src/description) by extension 'ignore_ament_install'
[0.147s] Level 1:colcon.colcon_core.package_identification:_identify(src/description) by extensions ['colcon_pkg']
[0.147s] Level 1:colcon.colcon_core.package_identification:_identify(src/description) by extension 'colcon_pkg'
[0.148s] Level 1:colcon.colcon_core.package_identification:_identify(src/description) by extensions ['colcon_meta']
[0.148s] Level 1:colcon.colcon_core.package_identification:_identify(src/description) by extension 'colcon_meta'
[0.148s] Level 1:colcon.colcon_core.package_identification:_identify(src/description) by extensions ['ros']
[0.148s] Level 1:colcon.colcon_core.package_identification:_identify(src/description) by extension 'ros'
[0.149s] DEBUG:colcon.colcon_core.package_identification:Package 'src/description' with type 'ros.ament_cmake' and name 'description'
[0.149s] Level 1:colcon.colcon_core.package_identification:_identify(src/dummy_hardware) by extensions ['ignore', 'ignore_ament_install']
[0.149s] Level 1:colcon.colcon_core.package_identification:_identify(src/dummy_hardware) by extension 'ignore'
[0.149s] Level 1:colcon.colcon_core.package_identification:_identify(src/dummy_hardware) by extension 'ignore_ament_install'
[0.150s] Level 1:colcon.colcon_core.package_identification:_identify(src/dummy_hardware) by extensions ['colcon_pkg']
[0.150s] Level 1:colcon.colcon_core.package_identification:_identify(src/dummy_hardware) by extension 'colcon_pkg'
[0.150s] Level 1:colcon.colcon_core.package_identification:_identify(src/dummy_hardware) by extensions ['colcon_meta']
[0.150s] Level 1:colcon.colcon_core.package_identification:_identify(src/dummy_hardware) by extension 'colcon_meta'
[0.150s] Level 1:colcon.colcon_core.package_identification:_identify(src/dummy_hardware) by extensions ['ros']
[0.150s] Level 1:colcon.colcon_core.package_identification:_identify(src/dummy_hardware) by extension 'ros'
[0.150s] DEBUG:colcon.colcon_core.package_identification:Package 'src/dummy_hardware' with type 'ros.ament_cmake' and name 'dummy_hardware'
[0.150s] Level 1:colcon.colcon_core.package_identification:_identify(src/rov_control) by extensions ['ignore', 'ignore_ament_install']
[0.150s] Level 1:colcon.colcon_core.package_identification:_identify(src/rov_control) by extension 'ignore'
[0.150s] Level 1:colcon.colcon_core.package_identification:_identify(src/rov_control) by extension 'ignore_ament_install'
[0.150s] Level 1:colcon.colcon_core.package_identification:_identify(src/rov_control) by extensions ['colcon_pkg']
[0.150s] Level 1:colcon.colcon_core.package_identification:_identify(src/rov_control) by extension 'colcon_pkg'
[0.150s] Level 1:colcon.colcon_core.package_identification:_identify(src/rov_control) by extensions ['colcon_meta']
[0.150s] Level 1:colcon.colcon_core.package_identification:_identify(src/rov_control) by extension 'colcon_meta'
[0.151s] Level 1:colcon.colcon_core.package_identification:_identify(src/rov_control) by extensions ['ros']
[0.151s] Level 1:colcon.colcon_core.package_identification:_identify(src/rov_control) by extension 'ros'
[0.151s] DEBUG:colcon.colcon_core.package_identification:Package 'src/rov_control' with type 'ros.ament_cmake' and name 'rov_control'
[0.151s] Level 1:colcon.colcon_core.package_discovery:discover_packages(recursive) using defaults
[0.151s] Level 1:colcon.colcon_core.package_discovery:discover_packages(ignore) discover
[0.151s] Level 1:colcon.colcon_core.package_discovery:discover_packages(ignore) using defaults
[0.151s] Level 1:colcon.colcon_core.package_discovery:discover_packages(path) discover
[0.151s] Level 1:colcon.colcon_core.package_discovery:discover_packages(path) using defaults
[0.165s] Level 1:colcon.colcon_core.package_discovery:discover_packages(prefix_path) check parameters
[0.165s] Level 1:colcon.colcon_core.package_discovery:discover_packages(prefix_path) discover
[0.166s] DEBUG:colcon.colcon_installed_package_information.package_discovery:Found 3 installed packages in /home/artificer/Desktop/ROV2026/install
[0.168s] DEBUG:colcon.colcon_installed_package_information.package_discovery:Found 337 installed packages in /opt/ros/jazzy
[0.169s] Level 1:colcon.colcon_core.package_discovery:discover_packages(prefix_path) using defaults
[0.206s] Level 5:colcon.colcon_core.verb:set package 'description' build argument 'cmake_args' from command line to 'None'
[0.206s] Level 5:colcon.colcon_core.verb:set package 'description' build argument 'cmake_target' from command line to 'None'
[0.206s] Level 5:colcon.colcon_core.verb:set package 'description' build argument 'cmake_target_skip_unavailable' from command line to 'False'
[0.206s] Level 5:colcon.colcon_core.verb:set package 'description' build argument 'cmake_clean_cache' from command line to 'True'
[0.206s] Level 5:colcon.colcon_core.verb:set package 'description' build argument 'cmake_clean_first' from command line to 'False'
[0.206s] Level 5:colcon.colcon_core.verb:set package 'description' build argument 'cmake_force_configure' from command line to 'False'
[0.206s] Level 5:colcon.colcon_core.verb:set package 'description' build argument 'ament_cmake_args' from command line to 'None'
[0.206s] Level 5:colcon.colcon_core.verb:set package 'description' build argument 'catkin_cmake_args' from command line to 'None'
[0.206s] Level 5:colcon.colcon_core.verb:set package 'description' build argument 'catkin_skip_building_tests' from command line to 'False'
[0.206s] DEBUG:colcon.colcon_core.verb:Building package 'description' with the following arguments: {'ament_cmake_args': None, 'build_base': '/home/artificer/Desktop/ROV2026/build/description', 'catkin_cmake_args': None, 'catkin_skip_building_tests': False, 'cmake_args': None, 'cmake_clean_cache': True, 'cmake_clean_first': False, 'cmake_force_configure': False, 'cmake_target': None, 'cmake_target_skip_unavailable': False, 'install_base': '/home/artificer/Desktop/ROV2026/install/description', 'merge_install': False, 'path': '/home/artificer/Desktop/ROV2026/src/description', 'symlink_install': True, 'test_result_base': None}
[0.206s] Level 5:colcon.colcon_core.verb:set package 'dummy_hardware' build argument 'cmake_args' from command line to 'None'
[0.206s] Level 5:colcon.colcon_core.verb:set package 'dummy_hardware' build argument 'cmake_target' from command line to 'None'
[0.206s] Level 5:colcon.colcon_core.verb:set package 'dummy_hardware' build argument 'cmake_target_skip_unavailable' from command line to 'False'
[0.206s] Level 5:colcon.colcon_core.verb:set package 'dummy_hardware' build argument 'cmake_clean_cache' from command line to 'True'
[0.206s] Level 5:colcon.colcon_core.verb:set package 'dummy_hardware' build argument 'cmake_clean_first' from command line to 'False'
[0.206s] Level 5:colcon.colcon_core.verb:set package 'dummy_hardware' build argument 'cmake_force_configure' from command line to 'False'
[0.206s] Level 5:colcon.colcon_core.verb:set package 'dummy_hardware' build argument 'ament_cmake_args' from command line to 'None'
[0.206s] Level 5:colcon.colcon_core.verb:set package 'dummy_hardware' build argument 'catkin_cmake_args' from command line to 'None'
[0.206s] Level 5:colcon.colcon_core.verb:set package 'dummy_hardware' build argument 'catkin_skip_building_tests' from command line to 'False'
[0.206s] DEBUG:colcon.colcon_core.verb:Building package 'dummy_hardware' with the following arguments: {'ament_cmake_args': None, 'build_base': '/home/artificer/Desktop/ROV2026/build/dummy_hardware', 'catkin_cmake_args': None, 'catkin_skip_building_tests': False, 'cmake_args': None, 'cmake_clean_cache': True, 'cmake_clean_first': False, 'cmake_force_configure': False, 'cmake_target': None, 'cmake_target_skip_unavailable': False, 'install_base': '/home/artificer/Desktop/ROV2026/install/dummy_hardware', 'merge_install': False, 'path': '/home/artificer/Desktop/ROV2026/src/dummy_hardware', 'symlink_install': True, 'test_result_base': None}
[0.206s] Level 5:colcon.colcon_core.verb:set package 'rov_control' build argument 'cmake_args' from command line to 'None'
[0.206s] Level 5:colcon.colcon_core.verb:set package 'rov_control' build argument 'cmake_target' from command line to 'None'
[0.206s] Level 5:colcon.colcon_core.verb:set package 'rov_control' build argument 'cmake_target_skip_unavailable' from command line to 'False'
[0.207s] Level 5:colcon.colcon_core.verb:set package 'rov_control' build argument 'cmake_clean_cache' from command line to 'True'
[0.207s] Level 5:colcon.colcon_core.verb:set package 'rov_control' build argument 'cmake_clean_first' from command line to 'False'
[0.207s] Level 5:colcon.colcon_core.verb:set package 'rov_control' build argument 'cmake_force_configure' from command line to 'False'
[0.207s] Level 5:colcon.colcon_core.verb:set package 'rov_control' build argument 'ament_cmake_args' from command line to 'None'
[0.207s] Level 5:colcon.colcon_core.verb:set package 'rov_control' build argument 'catkin_cmake_args' from command line to 'None'
[0.207s] Level 5:colcon.colcon_core.verb:set package 'rov_control' build argument 'catkin_skip_building_tests' from command line to 'False'
[0.207s] DEBUG:colcon.colcon_core.verb:Building package 'rov_control' with the following arguments: {'ament_cmake_args': None, 'build_base': '/home/artificer/Desktop/ROV2026/build/rov_control', 'catkin_cmake_args': None, 'catkin_skip_building_tests': False, 'cmake_args': None, 'cmake_clean_cache': True, 'cmake_clean_first': False, 'cmake_force_configure': False, 'cmake_target': None, 'cmake_target_skip_unavailable': False, 'install_base': '/home/artificer/Desktop/ROV2026/install/rov_control', 'merge_install': False, 'path': '/home/artificer/Desktop/ROV2026/src/rov_control', 'symlink_install': True, 'test_result_base': None}
[0.207s] INFO:colcon.colcon_core.executor:Executing jobs using 'parallel' executor
[0.207s] DEBUG:colcon.colcon_parallel_executor.executor.parallel:run_until_complete
[0.207s] INFO:colcon.colcon_ros.task.ament_cmake.build:Building ROS package in '/home/artificer/Desktop/ROV2026/src/description' with build type 'ament_cmake'
[0.208s] INFO:colcon.colcon_cmake.task.cmake.build:Building CMake package in '/home/artificer/Desktop/ROV2026/src/description'
[0.209s] INFO:colcon.colcon_core.plugin_system:Skipping extension 'colcon_core.shell.bat': Not used on non-Windows systems
[0.209s] INFO:colcon.colcon_core.shell:Skip shell extension 'powershell' for command environment: Not usable outside of PowerShell
[0.209s] DEBUG:colcon.colcon_core.shell:Skip shell extension 'dsv' for command environment
[0.212s] INFO:colcon.colcon_ros.task.ament_cmake.build:Building ROS package in '/home/artificer/Desktop/ROV2026/src/dummy_hardware' with build type 'ament_cmake'
[0.212s] INFO:colcon.colcon_cmake.task.cmake.build:Building CMake package in '/home/artificer/Desktop/ROV2026/src/dummy_hardware'
[0.212s] INFO:colcon.colcon_core.shell:Skip shell extension 'powershell' for command environment: Not usable outside of PowerShell
[0.212s] DEBUG:colcon.colcon_core.shell:Skip shell extension 'dsv' for command environment
[0.215s] INFO:colcon.colcon_ros.task.ament_cmake.build:Building ROS package in '/home/artificer/Desktop/ROV2026/src/rov_control' with build type 'ament_cmake'
[0.215s] INFO:colcon.colcon_cmake.task.cmake.build:Building CMake package in '/home/artificer/Desktop/ROV2026/src/rov_control'
[0.215s] INFO:colcon.colcon_core.shell:Skip shell extension 'powershell' for command environment: Not usable outside of PowerShell
[0.215s] DEBUG:colcon.colcon_core.shell:Skip shell extension 'dsv' for command environment
[0.220s] DEBUG:colcon.colcon_core.event_handler.log_command:Invoking command in '/home/artificer/Desktop/ROV2026/build/description': CMAKE_PREFIX_PATH=${CMAKE_PREFIX_PATH}:/opt/ros/jazzy /usr/bin/cmake /home/artificer/Desktop/ROV2026/src/description -DAMENT_CMAKE_SYMLINK_INSTALL=1 -DCMAKE_INSTALL_PREFIX=/home/artificer/Desktop/ROV2026/install/description
[0.222s] DEBUG:colcon.colcon_core.event_handler.log_command:Invoking command in '/home/artificer/Desktop/ROV2026/build/dummy_hardware': CMAKE_PREFIX_PATH=${CMAKE_PREFIX_PATH}:/opt/ros/jazzy /usr/bin/cmake /home/artificer/Desktop/ROV2026/src/dummy_hardware -DAMENT_CMAKE_SYMLINK_INSTALL=1 -DCMAKE_INSTALL_PREFIX=/home/artificer/Desktop/ROV2026/install/dummy_hardware
[0.224s] DEBUG:colcon.colcon_core.event_handler.log_command:Invoking command in '/home/artificer/Desktop/ROV2026/build/rov_control': CMAKE_PREFIX_PATH=${CMAKE_PREFIX_PATH}:/opt/ros/jazzy /usr/bin/cmake /home/artificer/Desktop/ROV2026/src/rov_control -DAMENT_CMAKE_SYMLINK_INSTALL=1 -DCMAKE_INSTALL_PREFIX=/home/artificer/Desktop/ROV2026/install/rov_control
[0.834s] DEBUG:colcon.colcon_core.event_handler.log_command:Invoked command in '/home/artificer/Desktop/ROV2026/build/description' returned '0': CMAKE_PREFIX_PATH=${CMAKE_PREFIX_PATH}:/opt/ros/jazzy /usr/bin/cmake /home/artificer/Desktop/ROV2026/src/description -DAMENT_CMAKE_SYMLINK_INSTALL=1 -DCMAKE_INSTALL_PREFIX=/home/artificer/Desktop/ROV2026/install/description
[0.835s] DEBUG:colcon.colcon_core.event_handler.log_command:Invoking command in '/home/artificer/Desktop/ROV2026/build/description': CMAKE_PREFIX_PATH=${CMAKE_PREFIX_PATH}:/opt/ros/jazzy /usr/bin/cmake --build /home/artificer/Desktop/ROV2026/build/description -- -j12 -l12
[0.870s] DEBUG:colcon.colcon_core.event_handler.log_command:Invoked command in '/home/artificer/Desktop/ROV2026/build/description' returned '0': CMAKE_PREFIX_PATH=${CMAKE_PREFIX_PATH}:/opt/ros/jazzy /usr/bin/cmake --build /home/artificer/Desktop/ROV2026/build/description -- -j12 -l12
[0.878s] DEBUG:colcon.colcon_core.event_handler.log_command:Invoking command in '/home/artificer/Desktop/ROV2026/build/description': CMAKE_PREFIX_PATH=${CMAKE_PREFIX_PATH}:/opt/ros/jazzy /usr/bin/cmake --install /home/artificer/Desktop/ROV2026/build/description
[0.897s] Level 1:colcon.colcon_core.environment:create_environment_scripts_only(description)
[0.897s] DEBUG:colcon.colcon_core.event_handler.log_command:Invoked command in '/home/artificer/Desktop/ROV2026/build/description' returned '0': CMAKE_PREFIX_PATH=${CMAKE_PREFIX_PATH}:/opt/ros/jazzy /usr/bin/cmake --install /home/artificer/Desktop/ROV2026/build/description
[0.899s] Level 1:colcon.colcon_core.environment:checking '/home/artificer/Desktop/ROV2026/install/description' for CMake module files
[0.899s] Level 1:colcon.colcon_core.environment:checking '/home/artificer/Desktop/ROV2026/install/description' for CMake config files
[0.900s] Level 1:colcon.colcon_core.shell:create_environment_hook('description', 'cmake_prefix_path')
[0.900s] INFO:colcon.colcon_core.shell:Creating environment hook '/home/artificer/Desktop/ROV2026/install/description/share/description/hook/cmake_prefix_path.ps1'
[0.901s] INFO:colcon.colcon_core.shell:Creating environment descriptor '/home/artificer/Desktop/ROV2026/install/description/share/description/hook/cmake_prefix_path.dsv'
[0.901s] INFO:colcon.colcon_core.shell:Creating environment hook '/home/artificer/Desktop/ROV2026/install/description/share/description/hook/cmake_prefix_path.sh'
[0.901s] Level 1:colcon.colcon_core.environment:checking '/home/artificer/Desktop/ROV2026/install/description/bin'
[0.902s] Level 1:colcon.colcon_core.environment:checking '/home/artificer/Desktop/ROV2026/install/description/lib/pkgconfig/description.pc'
[0.902s] Level 1:colcon.colcon_core.environment:checking '/home/artificer/Desktop/ROV2026/install/description/lib/python3.12/site-packages'
[0.902s] Level 1:colcon.colcon_core.environment:checking '/home/artificer/Desktop/ROV2026/install/description/bin'
[0.902s] INFO:colcon.colcon_core.shell:Creating package script '/home/artificer/Desktop/ROV2026/install/description/share/description/package.ps1'
[0.903s] INFO:colcon.colcon_core.shell:Creating package descriptor '/home/artificer/Desktop/ROV2026/install/description/share/description/package.dsv'
[0.903s] INFO:colcon.colcon_core.shell:Creating package script '/home/artificer/Desktop/ROV2026/install/description/share/description/package.sh'
[0.903s] INFO:colcon.colcon_core.shell:Creating package script '/home/artificer/Desktop/ROV2026/install/description/share/description/package.bash'
[0.904s] INFO:colcon.colcon_core.shell:Creating package script '/home/artificer/Desktop/ROV2026/install/description/share/description/package.zsh'
[0.904s] Level 1:colcon.colcon_core.environment:create_file_with_runtime_dependencies(/home/artificer/Desktop/ROV2026/install/description/share/colcon-core/packages/description)
[0.905s] Level 1:colcon.colcon_core.environment:create_environment_scripts_only(description)
[0.905s] Level 1:colcon.colcon_core.environment:checking '/home/artificer/Desktop/ROV2026/install/description' for CMake module files
[0.905s] Level 1:colcon.colcon_core.environment:checking '/home/artificer/Desktop/ROV2026/install/description' for CMake config files
[0.905s] Level 1:colcon.colcon_core.shell:create_environment_hook('description', 'cmake_prefix_path')
[0.905s] INFO:colcon.colcon_core.shell:Creating environment hook '/home/artificer/Desktop/ROV2026/install/description/share/description/hook/cmake_prefix_path.ps1'
[0.906s] INFO:colcon.colcon_core.shell:Creating environment descriptor '/home/artificer/Desktop/ROV2026/install/description/share/description/hook/cmake_prefix_path.dsv'
[0.906s] INFO:colcon.colcon_core.shell:Creating environment hook '/home/artificer/Desktop/ROV2026/install/description/share/description/hook/cmake_prefix_path.sh'
[0.906s] Level 1:colcon.colcon_core.environment:checking '/home/artificer/Desktop/ROV2026/install/description/bin'
[0.907s] Level 1:colcon.colcon_core.environment:checking '/home/artificer/Desktop/ROV2026/install/description/lib/pkgconfig/description.pc'
[0.907s] Level 1:colcon.colcon_core.environment:checking '/home/artificer/Desktop/ROV2026/install/description/lib/python3.12/site-packages'
[0.907s] Level 1:colcon.colcon_core.environment:checking '/home/artificer/Desktop/ROV2026/install/description/bin'
[0.907s] INFO:colcon.colcon_core.shell:Creating package script '/home/artificer/Desktop/ROV2026/install/description/share/description/package.ps1'
[0.907s] INFO:colcon.colcon_core.shell:Creating package descriptor '/home/artificer/Desktop/ROV2026/install/description/share/description/package.dsv'
[0.908s] INFO:colcon.colcon_core.shell:Creating package script '/home/artificer/Desktop/ROV2026/install/description/share/description/package.sh'
[0.908s] INFO:colcon.colcon_core.shell:Creating package script '/home/artificer/Desktop/ROV2026/install/description/share/description/package.bash'
[0.908s] INFO:colcon.colcon_core.shell:Creating package script '/home/artificer/Desktop/ROV2026/install/description/share/description/package.zsh'
[0.909s] Level 1:colcon.colcon_core.environment:create_file_with_runtime_dependencies(/home/artificer/Desktop/ROV2026/install/description/share/colcon-core/packages/description)
[1.506s] DEBUG:colcon.colcon_core.event_handler.log_command:Invoked command in '/home/artificer/Desktop/ROV2026/build/dummy_hardware' returned '0': CMAKE_PREFIX_PATH=${CMAKE_PREFIX_PATH}:/opt/ros/jazzy /usr/bin/cmake /home/artificer/Desktop/ROV2026/src/dummy_hardware -DAMENT_CMAKE_SYMLINK_INSTALL=1 -DCMAKE_INSTALL_PREFIX=/home/artificer/Desktop/ROV2026/install/dummy_hardware
[1.507s] DEBUG:colcon.colcon_core.event_handler.log_command:Invoking command in '/home/artificer/Desktop/ROV2026/build/dummy_hardware': CMAKE_PREFIX_PATH=${CMAKE_PREFIX_PATH}:/opt/ros/jazzy /usr/bin/cmake --build /home/artificer/Desktop/ROV2026/build/dummy_hardware -- -j12 -l12
[2.045s] DEBUG:colcon.colcon_core.event_handler.log_command:Invoked command in '/home/artificer/Desktop/ROV2026/build/rov_control' returned '0': CMAKE_PREFIX_PATH=${CMAKE_PREFIX_PATH}:/opt/ros/jazzy /usr/bin/cmake /home/artificer/Desktop/ROV2026/src/rov_control -DAMENT_CMAKE_SYMLINK_INSTALL=1 -DCMAKE_INSTALL_PREFIX=/home/artificer/Desktop/ROV2026/install/rov_control
[2.046s] DEBUG:colcon.colcon_core.event_handler.log_command:Invoking command in '/home/artificer/Desktop/ROV2026/build/rov_control': CMAKE_PREFIX_PATH=${CMAKE_PREFIX_PATH}:/opt/ros/jazzy /usr/bin/cmake --build /home/artificer/Desktop/ROV2026/build/rov_control -- -j12 -l12
[2.201s] DEBUG:colcon.colcon_core.event_handler.log_command:Invoked command in '/home/artificer/Desktop/ROV2026/build/rov_control' returned '0': CMAKE_PREFIX_PATH=${CMAKE_PREFIX_PATH}:/opt/ros/jazzy /usr/bin/cmake --build /home/artificer/Desktop/ROV2026/build/rov_control -- -j12 -l12
[2.202s] DEBUG:colcon.colcon_core.event_handler.log_command:Invoking command in '/home/artificer/Desktop/ROV2026/build/rov_control': CMAKE_PREFIX_PATH=${CMAKE_PREFIX_PATH}:/opt/ros/jazzy /usr/bin/cmake --install /home/artificer/Desktop/ROV2026/build/rov_control
[2.229s] Level 1:colcon.colcon_core.environment:create_environment_scripts_only(rov_control)
[2.229s] Level 1:colcon.colcon_core.environment:checking '/home/artificer/Desktop/ROV2026/install/rov_control' for CMake module files
[2.230s] DEBUG:colcon.colcon_core.event_handler.log_command:Invoked command in '/home/artificer/Desktop/ROV2026/build/rov_control' returned '0': CMAKE_PREFIX_PATH=${CMAKE_PREFIX_PATH}:/opt/ros/jazzy /usr/bin/cmake --install /home/artificer/Desktop/ROV2026/build/rov_control
[2.230s] Level 1:colcon.colcon_core.environment:checking '/home/artificer/Desktop/ROV2026/install/rov_control' for CMake config files
[2.230s] Level 1:colcon.colcon_core.shell:create_environment_hook('rov_control', 'cmake_prefix_path')
[2.231s] INFO:colcon.colcon_core.shell:Creating environment hook '/home/artificer/Desktop/ROV2026/install/rov_control/share/rov_control/hook/cmake_prefix_path.ps1'
[2.231s] INFO:colcon.colcon_core.shell:Creating environment descriptor '/home/artificer/Desktop/ROV2026/install/rov_control/share/rov_control/hook/cmake_prefix_path.dsv'
[2.231s] INFO:colcon.colcon_core.shell:Creating environment hook '/home/artificer/Desktop/ROV2026/install/rov_control/share/rov_control/hook/cmake_prefix_path.sh'
[2.232s] Level 1:colcon.colcon_core.environment:checking '/home/artificer/Desktop/ROV2026/install/rov_control/lib'
[2.232s] Level 1:colcon.colcon_core.shell:create_environment_hook('rov_control', 'ld_library_path_lib')
[2.232s] INFO:colcon.colcon_core.shell:Creating environment hook '/home/artificer/Desktop/ROV2026/install/rov_control/share/rov_control/hook/ld_library_path_lib.ps1'
[2.233s] INFO:colcon.colcon_core.shell:Creating environment descriptor '/home/artificer/Desktop/ROV2026/install/rov_control/share/rov_control/hook/ld_library_path_lib.dsv'
[2.233s] INFO:colcon.colcon_core.shell:Creating environment hook '/home/artificer/Desktop/ROV2026/install/rov_control/share/rov_control/hook/ld_library_path_lib.sh'
[2.234s] Level 1:colcon.colcon_core.environment:checking '/home/artificer/Desktop/ROV2026/install/rov_control/bin'
[2.234s] Level 1:colcon.colcon_core.environment:checking '/home/artificer/Desktop/ROV2026/install/rov_control/lib/pkgconfig/rov_control.pc'
[2.234s] Level 1:colcon.colcon_core.environment:checking '/home/artificer/Desktop/ROV2026/install/rov_control/lib/python3.12/site-packages'
[2.234s] Level 1:colcon.colcon_core.environment:checking '/home/artificer/Desktop/ROV2026/install/rov_control/bin'
[2.234s] INFO:colcon.colcon_core.shell:Creating package script '/home/artificer/Desktop/ROV2026/install/rov_control/share/rov_control/package.ps1'
[2.235s] INFO:colcon.colcon_core.shell:Creating package descriptor '/home/artificer/Desktop/ROV2026/install/rov_control/share/rov_control/package.dsv'
[2.235s] INFO:colcon.colcon_core.shell:Creating package script '/home/artificer/Desktop/ROV2026/install/rov_control/share/rov_control/package.sh'
[2.235s] INFO:colcon.colcon_core.shell:Creating package script '/home/artificer/Desktop/ROV2026/install/rov_control/share/rov_control/package.bash'
[2.236s] INFO:colcon.colcon_core.shell:Creating package script '/home/artificer/Desktop/ROV2026/install/rov_control/share/rov_control/package.zsh'
[2.236s] Level 1:colcon.colcon_core.environment:create_file_with_runtime_dependencies(/home/artificer/Desktop/ROV2026/install/rov_control/share/colcon-core/packages/rov_control)
[2.236s] Level 1:colcon.colcon_core.environment:create_environment_scripts_only(rov_control)
[2.236s] Level 1:colcon.colcon_core.environment:checking '/home/artificer/Desktop/ROV2026/install/rov_control' for CMake module files
[2.237s] Level 1:colcon.colcon_core.environment:checking '/home/artificer/Desktop/ROV2026/install/rov_control' for CMake config files
[2.237s] Level 1:colcon.colcon_core.shell:create_environment_hook('rov_control', 'cmake_prefix_path')
[2.237s] INFO:colcon.colcon_core.shell:Creating environment hook '/home/artificer/Desktop/ROV2026/install/rov_control/share/rov_control/hook/cmake_prefix_path.ps1'
[2.238s] INFO:colcon.colcon_core.shell:Creating environment descriptor '/home/artificer/Desktop/ROV2026/install/rov_control/share/rov_control/hook/cmake_prefix_path.dsv'
[2.238s] INFO:colcon.colcon_core.shell:Creating environment hook '/home/artificer/Desktop/ROV2026/install/rov_control/share/rov_control/hook/cmake_prefix_path.sh'
[2.238s] Level 1:colcon.colcon_core.environment:checking '/home/artificer/Desktop/ROV2026/install/rov_control/lib'
[2.238s] Level 1:colcon.colcon_core.shell:create_environment_hook('rov_control', 'ld_library_path_lib')
[2.239s] INFO:colcon.colcon_core.shell:Creating environment hook '/home/artificer/Desktop/ROV2026/install/rov_control/share/rov_control/hook/ld_library_path_lib.ps1'
[2.239s] INFO:colcon.colcon_core.shell:Creating environment descriptor '/home/artificer/Desktop/ROV2026/install/rov_control/share/rov_control/hook/ld_library_path_lib.dsv'
[2.239s] INFO:colcon.colcon_core.shell:Creating environment hook '/home/artificer/Desktop/ROV2026/install/rov_control/share/rov_control/hook/ld_library_path_lib.sh'
[2.239s] Level 1:colcon.colcon_core.environment:checking '/home/artificer/Desktop/ROV2026/install/rov_control/bin'
[2.239s] Level 1:colcon.colcon_core.environment:checking '/home/artificer/Desktop/ROV2026/install/rov_control/lib/pkgconfig/rov_control.pc'
[2.240s] Level 1:colcon.colcon_core.environment:checking '/home/artificer/Desktop/ROV2026/install/rov_control/lib/python3.12/site-packages'
[2.240s] Level 1:colcon.colcon_core.environment:checking '/home/artificer/Desktop/ROV2026/install/rov_control/bin'
[2.240s] INFO:colcon.colcon_core.shell:Creating package script '/home/artificer/Desktop/ROV2026/install/rov_control/share/rov_control/package.ps1'
[2.240s] INFO:colcon.colcon_core.shell:Creating package descriptor '/home/artificer/Desktop/ROV2026/install/rov_control/share/rov_control/package.dsv'
[2.241s] INFO:colcon.colcon_core.shell:Creating package script '/home/artificer/Desktop/ROV2026/install/rov_control/share/rov_control/package.sh'
[2.241s] INFO:colcon.colcon_core.shell:Creating package script '/home/artificer/Desktop/ROV2026/install/rov_control/share/rov_control/package.bash'
[2.242s] INFO:colcon.colcon_core.shell:Creating package script '/home/artificer/Desktop/ROV2026/install/rov_control/share/rov_control/package.zsh'
[2.242s] Level 1:colcon.colcon_core.environment:create_file_with_runtime_dependencies(/home/artificer/Desktop/ROV2026/install/rov_control/share/colcon-core/packages/rov_control)
[5.638s] DEBUG:colcon.colcon_core.event_handler.log_command:Invoked command in '/home/artificer/Desktop/ROV2026/build/dummy_hardware' returned '0': CMAKE_PREFIX_PATH=${CMAKE_PREFIX_PATH}:/opt/ros/jazzy /usr/bin/cmake --build /home/artificer/Desktop/ROV2026/build/dummy_hardware -- -j12 -l12
[5.639s] DEBUG:colcon.colcon_core.event_handler.log_command:Invoking command in '/home/artificer/Desktop/ROV2026/build/dummy_hardware': CMAKE_PREFIX_PATH=${CMAKE_PREFIX_PATH}:/opt/ros/jazzy /usr/bin/cmake --install /home/artificer/Desktop/ROV2026/build/dummy_hardware
[5.788s] Level 1:colcon.colcon_core.environment:create_environment_scripts_only(dummy_hardware)
[5.788s] Level 1:colcon.colcon_core.environment:checking '/home/artificer/Desktop/ROV2026/install/dummy_hardware' for CMake module files
[5.788s] DEBUG:colcon.colcon_core.event_handler.log_command:Invoked command in '/home/artificer/Desktop/ROV2026/build/dummy_hardware' returned '0': CMAKE_PREFIX_PATH=${CMAKE_PREFIX_PATH}:/opt/ros/jazzy /usr/bin/cmake --install /home/artificer/Desktop/ROV2026/build/dummy_hardware
[5.788s] Level 1:colcon.colcon_core.environment:checking '/home/artificer/Desktop/ROV2026/install/dummy_hardware' for CMake config files
[5.789s] Level 1:colcon.colcon_core.shell:create_environment_hook('dummy_hardware', 'cmake_prefix_path')
[5.789s] INFO:colcon.colcon_core.shell:Creating environment hook '/home/artificer/Desktop/ROV2026/install/dummy_hardware/share/dummy_hardware/hook/cmake_prefix_path.ps1'
[5.789s] INFO:colcon.colcon_core.shell:Creating environment descriptor '/home/artificer/Desktop/ROV2026/install/dummy_hardware/share/dummy_hardware/hook/cmake_prefix_path.dsv'
[5.790s] INFO:colcon.colcon_core.shell:Creating environment hook '/home/artificer/Desktop/ROV2026/install/dummy_hardware/share/dummy_hardware/hook/cmake_prefix_path.sh'
[5.790s] Level 1:colcon.colcon_core.environment:checking '/home/artificer/Desktop/ROV2026/install/dummy_hardware/lib'
[5.790s] Level 1:colcon.colcon_core.shell:create_environment_hook('dummy_hardware', 'ld_library_path_lib')
[5.790s] INFO:colcon.colcon_core.shell:Creating environment hook '/home/artificer/Desktop/ROV2026/install/dummy_hardware/share/dummy_hardware/hook/ld_library_path_lib.ps1'
[5.790s] INFO:colcon.colcon_core.shell:Creating environment descriptor '/home/artificer/Desktop/ROV2026/install/dummy_hardware/share/dummy_hardware/hook/ld_library_path_lib.dsv'
[5.791s] INFO:colcon.colcon_core.shell:Creating environment hook '/home/artificer/Desktop/ROV2026/install/dummy_hardware/share/dummy_hardware/hook/ld_library_path_lib.sh'
[5.791s] Level 1:colcon.colcon_core.environment:checking '/home/artificer/Desktop/ROV2026/install/dummy_hardware/bin'
[5.791s] Level 1:colcon.colcon_core.environment:checking '/home/artificer/Desktop/ROV2026/install/dummy_hardware/lib/pkgconfig/dummy_hardware.pc'
[5.791s] Level 1:colcon.colcon_core.environment:checking '/home/artificer/Desktop/ROV2026/install/dummy_hardware/lib/python3.12/site-packages'
[5.791s] Level 1:colcon.colcon_core.environment:checking '/home/artificer/Desktop/ROV2026/install/dummy_hardware/bin'
[5.791s] INFO:colcon.colcon_core.shell:Creating package script '/home/artificer/Desktop/ROV2026/install/dummy_hardware/share/dummy_hardware/package.ps1'
[5.792s] INFO:colcon.colcon_core.shell:Creating package descriptor '/home/artificer/Desktop/ROV2026/install/dummy_hardware/share/dummy_hardware/package.dsv'
[5.792s] INFO:colcon.colcon_core.shell:Creating package script '/home/artificer/Desktop/ROV2026/install/dummy_hardware/share/dummy_hardware/package.sh'
[5.792s] INFO:colcon.colcon_core.shell:Creating package script '/home/artificer/Desktop/ROV2026/install/dummy_hardware/share/dummy_hardware/package.bash'
[5.793s] INFO:colcon.colcon_core.shell:Creating package script '/home/artificer/Desktop/ROV2026/install/dummy_hardware/share/dummy_hardware/package.zsh'
[5.793s] Level 1:colcon.colcon_core.environment:create_file_with_runtime_dependencies(/home/artificer/Desktop/ROV2026/install/dummy_hardware/share/colcon-core/packages/dummy_hardware)
[5.793s] Level 1:colcon.colcon_core.environment:create_environment_scripts_only(dummy_hardware)
[5.793s] Level 1:colcon.colcon_core.environment:checking '/home/artificer/Desktop/ROV2026/install/dummy_hardware' for CMake module files
[5.794s] Level 1:colcon.colcon_core.environment:checking '/home/artificer/Desktop/ROV2026/install/dummy_hardware' for CMake config files
[5.794s] Level 1:colcon.colcon_core.shell:create_environment_hook('dummy_hardware', 'cmake_prefix_path')
[5.794s] INFO:colcon.colcon_core.shell:Creating environment hook '/home/artificer/Desktop/ROV2026/install/dummy_hardware/share/dummy_hardware/hook/cmake_prefix_path.ps1'
[5.794s] INFO:colcon.colcon_core.shell:Creating environment descriptor '/home/artificer/Desktop/ROV2026/install/dummy_hardware/share/dummy_hardware/hook/cmake_prefix_path.dsv'
[5.795s] INFO:colcon.colcon_core.shell:Creating environment hook '/home/artificer/Desktop/ROV2026/install/dummy_hardware/share/dummy_hardware/hook/cmake_prefix_path.sh'
[5.795s] Level 1:colcon.colcon_core.environment:checking '/home/artificer/Desktop/ROV2026/install/dummy_hardware/lib'
[5.795s] Level 1:colcon.colcon_core.shell:create_environment_hook('dummy_hardware', 'ld_library_path_lib')
[5.795s] INFO:colcon.colcon_core.shell:Creating environment hook '/home/artificer/Desktop/ROV2026/install/dummy_hardware/share/dummy_hardware/hook/ld_library_path_lib.ps1'
[5.796s] INFO:colcon.colcon_core.shell:Creating environment descriptor '/home/artificer/Desktop/ROV2026/install/dummy_hardware/share/dummy_hardware/hook/ld_library_path_lib.dsv'
[5.796s] INFO:colcon.colcon_core.shell:Creating environment hook '/home/artificer/Desktop/ROV2026/install/dummy_hardware/share/dummy_hardware/hook/ld_library_path_lib.sh'
[5.796s] Level 1:colcon.colcon_core.environment:checking '/home/artificer/Desktop/ROV2026/install/dummy_hardware/bin'
[5.796s] Level 1:colcon.colcon_core.environment:checking '/home/artificer/Desktop/ROV2026/install/dummy_hardware/lib/pkgconfig/dummy_hardware.pc'
[5.796s] Level 1:colcon.colcon_core.environment:checking '/home/artificer/Desktop/ROV2026/install/dummy_hardware/lib/python3.12/site-packages'
[5.796s] Level 1:colcon.colcon_core.environment:checking '/home/artificer/Desktop/ROV2026/install/dummy_hardware/bin'
[5.797s] INFO:colcon.colcon_core.shell:Creating package script '/home/artificer/Desktop/ROV2026/install/dummy_hardware/share/dummy_hardware/package.ps1'
[5.797s] INFO:colcon.colcon_core.shell:Creating package descriptor '/home/artificer/Desktop/ROV2026/install/dummy_hardware/share/dummy_hardware/package.dsv'
[5.797s] INFO:colcon.colcon_core.shell:Creating package script '/home/artificer/Desktop/ROV2026/install/dummy_hardware/share/dummy_hardware/package.sh'
[5.798s] INFO:colcon.colcon_core.shell:Creating package script '/home/artificer/Desktop/ROV2026/install/dummy_hardware/share/dummy_hardware/package.bash'
[5.798s] INFO:colcon.colcon_core.shell:Creating package script '/home/artificer/Desktop/ROV2026/install/dummy_hardware/share/dummy_hardware/package.zsh'
[5.798s] Level 1:colcon.colcon_core.environment:create_file_with_runtime_dependencies(/home/artificer/Desktop/ROV2026/install/dummy_hardware/share/colcon-core/packages/dummy_hardware)
[5.798s] DEBUG:colcon.colcon_parallel_executor.executor.parallel:closing loop
[5.799s] DEBUG:colcon.colcon_parallel_executor.executor.parallel:loop closed
[5.799s] DEBUG:colcon.colcon_parallel_executor.executor.parallel:run_until_complete finished with '0'
[5.799s] DEBUG:colcon.colcon_core.event_reactor:joining thread
[5.803s] INFO:colcon.colcon_core.plugin_system:Skipping extension 'colcon_notification.desktop_notification.terminal_notifier': Not used on non-Darwin systems
[5.803s] INFO:colcon.colcon_core.plugin_system:Skipping extension 'colcon_notification.desktop_notification.win32': Not used on non-Windows systems
[5.803s] INFO:colcon.colcon_notification.desktop_notification:Sending desktop notification using 'notify2'
[5.805s] DEBUG:colcon.colcon_core.event_reactor:joined thread
[5.806s] INFO:colcon.colcon_core.shell:Creating prefix script '/home/artificer/Desktop/ROV2026/install/local_setup.ps1'
[5.806s] INFO:colcon.colcon_core.shell:Creating prefix util module '/home/artificer/Desktop/ROV2026/install/_local_setup_util_ps1.py'
[5.807s] INFO:colcon.colcon_core.shell:Creating prefix chain script '/home/artificer/Desktop/ROV2026/install/setup.ps1'
[5.808s] INFO:colcon.colcon_core.shell:Creating prefix script '/home/artificer/Desktop/ROV2026/install/local_setup.sh'
[5.808s] INFO:colcon.colcon_core.shell:Creating prefix util module '/home/artificer/Desktop/ROV2026/install/_local_setup_util_sh.py'
[5.808s] INFO:colcon.colcon_core.shell:Creating prefix chain script '/home/artificer/Desktop/ROV2026/install/setup.sh'
[5.809s] INFO:colcon.colcon_core.shell:Creating prefix script '/home/artificer/Desktop/ROV2026/install/local_setup.bash'
[5.809s] INFO:colcon.colcon_core.shell:Creating prefix chain script '/home/artificer/Desktop/ROV2026/install/setup.bash'
[5.810s] INFO:colcon.colcon_core.shell:Creating prefix script '/home/artificer/Desktop/ROV2026/install/local_setup.zsh'
[5.810s] INFO:colcon.colcon_core.shell:Creating prefix chain script '/home/artificer/Desktop/ROV2026/install/setup.zsh'
