[0.009s] Invoking command in '/home/artificer/Desktop/ROV2026/build/rov_control': CMAKE_PREFIX_PATH=${CMAKE_PREFIX_PATH}:/opt/ros/jazzy /usr/bin/cmake /home/artificer/Desktop/ROV2026/src/rov_control -DCMAKE_INSTALL_PREFIX=/home/artificer/Desktop/ROV2026/install/rov_control
[0.083s] -- The C compiler identification is GNU 13.3.0
[0.150s] -- The CXX compiler identification is GNU 13.3.0
[0.167s] -- Detecting C compiler ABI info
[0.244s] -- Detecting C compiler ABI info - done
[0.252s] -- Check for working C compiler: /usr/bin/cc - skipped
[0.252s] -- Detecting C compile features
[0.252s] -- Detecting C compile features - done
[0.260s] -- Detecting CXX compiler ABI info
[0.343s] -- Detecting CXX compiler ABI info - done
[0.350s] -- Check for working CXX compiler: /usr/bin/c++ - skipped
[0.350s] -- Detecting CXX compile features
[0.351s] -- Detecting CXX compile features - done
[0.356s] -- Found ament_cmake: 2.5.4 (/opt/ros/jazzy/share/ament_cmake/cmake)
[0.481s] -- Found Python3: /usr/bin/python3 (found version "3.12.3") found components: Interpreter 
[0.588s] -- Found rclcpp: 28.1.9 (/opt/ros/jazzy/share/rclcpp/cmake)
[0.637s] -- Found rosidl_generator_c: 4.6.5 (/opt/ros/jazzy/share/rosidl_generator_c/cmake)
[0.652s] -- Found rosidl_generator_cpp: 4.6.5 (/opt/ros/jazzy/share/rosidl_generator_cpp/cmake)
[0.670s] -- Using all available rosidl_typesupport_c: rosidl_typesupport_fastrtps_c;rosidl_typesupport_introspection_c
[0.690s] -- Using all available rosidl_typesupport_cpp: rosidl_typesupport_fastrtps_cpp;rosidl_typesupport_introspection_cpp
[0.779s] -- Found rmw_implementation_cmake: 7.3.2 (/opt/ros/jazzy/share/rmw_implementation_cmake/cmake)
[0.782s] -- Found rmw_fastrtps_cpp: 8.4.2 (/opt/ros/jazzy/share/rmw_fastrtps_cpp/cmake)
[0.862s] -- Found OpenSSL: /usr/lib/x86_64-linux-gnu/libcrypto.so (found version "3.0.13")  
[0.881s] -- Found FastRTPS: /opt/ros/jazzy/include (Required is at least version "2.13") 
[0.901s] -- Using RMW implementation 'rmw_fastrtps_cpp' as default
[0.983s] -- Found hardware_interface: 4.29.0 (/opt/ros/jazzy/share/hardware_interface/cmake)
[1.356s] -- Found controller_interface: 4.29.0 (/opt/ros/jazzy/share/controller_interface/cmake)
[1.364s] -- Debug mode: 
[1.364s] -- We are on a Linux system
[1.364s] -- Embedded mode: OFF
[1.364s] -- Algebra backend: builtin
[1.364s] -- Solver profiling: ON
[1.364s] -- Solver interrupt: ON
[1.364s] -- Using double precision floating-point
[1.364s] -- Using long integers
[1.364s] -- Code generation: ON
[1.364s] -- Derivative support: ON
[1.371s] -- Fetching/configuring QDLDL solver
[2.236s] --   Using double precision floats
[2.236s] --   Long integers (64bit) are ON
[2.238s] --   Static library build is OFF
[2.238s] --   Shared library build is OFF
[2.238s] --   Demo executable build is OFF
[2.238s] --   Not building demo executable
[2.238s] --   Unit testing suite build is OFF
[2.239s] -- Build static library: ON
[2.239s] -- Build shared library: ON
[2.239s] -- Build demo executable: ON
[2.320s] -- Configuring done (2.3s)
[2.325s] [31mCMake Error at CMakeLists.txt:16 (add_library):
[2.326s]   Cannot find source file:
[2.326s] 
[2.326s]     src/thruster_interface.cpp
[2.326s] 
[2.326s]   Tried extensions .c .C .c++ .cc .cpp .cxx .cu .mpp .m .M .mm .ixx .cppm
[2.326s]   .ccm .cxxm .c++m .h .hh .h++ .hm .hpp .hxx .in .txx .f .F .for .f77 .f90
[2.326s]   .f95 .f03 .hip .ispc
[2.326s] 
[2.326s] [0m
[2.334s] [31mCMake Error at CMakeLists.txt:16 (add_library):
[2.334s]   No SOURCES given to target: rov_control
[2.334s] 
[2.334s] [0m
[2.334s] [0mCMake Generate step failed.  Build files cannot be regenerated correctly.[0m
[2.349s] Invoked command in '/home/artificer/Desktop/ROV2026/build/rov_control' returned '1': CMAKE_PREFIX_PATH=${CMAKE_PREFIX_PATH}:/opt/ros/jazzy /usr/bin/cmake /home/artificer/Desktop/ROV2026/src/rov_control -DCMAKE_INSTALL_PREFIX=/home/artificer/Desktop/ROV2026/install/rov_control
