[0.010s] Invoking command in '/home/artificer/Desktop/ROV2026/build/dummy_hardware': CMAKE_PREFIX_PATH=${CMAKE_PREFIX_PATH}:/opt/ros/jazzy VIRTUAL_ENV_PROMPT=(.venv) /usr/bin/cmake --build /home/artificer/Desktop/ROV2026/build/dummy_hardware -- -j12 -l12
[0.065s] [100%] Built target dummy_hardware
[0.080s] Invoked command in '/home/artificer/Desktop/ROV2026/build/dummy_hardware' returned '0': CMAKE_PREFIX_PATH=${CMAKE_PREFIX_PATH}:/opt/ros/jazzy VIRTUAL_ENV_PROMPT=(.venv) /usr/bin/cmake --build /home/artificer/Desktop/ROV2026/build/dummy_hardware -- -j12 -l12
[0.080s] Invoking command in '/home/artificer/Desktop/ROV2026/build/dummy_hardware': CMAKE_PREFIX_PATH=${CMAKE_PREFIX_PATH}:/opt/ros/jazzy VIRTUAL_ENV_PROMPT=(.venv) /usr/bin/cmake --install /home/artificer/Desktop/ROV2026/build/dummy_hardware
[0.087s] -- Install configuration: ""
[0.087s] -- Up-to-date: /home/artificer/Desktop/ROV2026/install/dummy_hardware/share/dummy_hardware/plugins/dummy_hardware_plugin.xml
[0.087s] -- Up-to-date: /home/artificer/Desktop/ROV2026/install/dummy_hardware/lib/libdummy_hardware.so
[0.087s] -- Up-to-date: /home/artificer/Desktop/ROV2026/install/dummy_hardware/share/ament_index/resource_index/package_run_dependencies/dummy_hardware
[0.087s] -- Up-to-date: /home/artificer/Desktop/ROV2026/install/dummy_hardware/share/ament_index/resource_index/parent_prefix_path/dummy_hardware
[0.088s] -- Up-to-date: /home/artificer/Desktop/ROV2026/install/dummy_hardware/share/dummy_hardware/environment/ament_prefix_path.dsv
[0.088s] -- Up-to-date: /home/artificer/Desktop/ROV2026/install/dummy_hardware/share/dummy_hardware/environment/path.dsv
[0.088s] -- Up-to-date: /home/artificer/Desktop/ROV2026/install/dummy_hardware/share/dummy_hardware/local_setup.bash
[0.088s] -- Up-to-date: /home/artificer/Desktop/ROV2026/install/dummy_hardware/share/dummy_hardware/local_setup.sh
[0.088s] -- Up-to-date: /home/artificer/Desktop/ROV2026/install/dummy_hardware/share/dummy_hardware/local_setup.zsh
[0.088s] -- Up-to-date: /home/artificer/Desktop/ROV2026/install/dummy_hardware/share/dummy_hardware/local_setup.dsv
[0.088s] -- Installing: /home/artificer/Desktop/ROV2026/install/dummy_hardware/share/dummy_hardware/package.dsv
[0.088s] -- Up-to-date: /home/artificer/Desktop/ROV2026/install/dummy_hardware/share/ament_index/resource_index/packages/dummy_hardware
[0.088s] -- Up-to-date: /home/artificer/Desktop/ROV2026/install/dummy_hardware/share/ament_index/resource_index/hardware_interface__pluginlib__plugin/dummy_hardware
[0.088s] -- Up-to-date: /home/artificer/Desktop/ROV2026/install/dummy_hardware/share/dummy_hardware/cmake/dummy_hardwareConfig.cmake
[0.088s] -- Up-to-date: /home/artificer/Desktop/ROV2026/install/dummy_hardware/share/dummy_hardware/cmake/dummy_hardwareConfig-version.cmake
[0.088s] -- Up-to-date: /home/artificer/Desktop/ROV2026/install/dummy_hardware/share/dummy_hardware/package.xml
[0.090s] Invoked command in '/home/artificer/Desktop/ROV2026/build/dummy_hardware' returned '0': CMAKE_PREFIX_PATH=${CMAKE_PREFIX_PATH}:/opt/ros/jazzy VIRTUAL_ENV_PROMPT=(.venv) /usr/bin/cmake --install /home/artificer/Desktop/ROV2026/build/dummy_hardware
