[0.009s] Invoking command in '/home/artificer/Desktop/ROV2026/build/rov_control': CMAKE_PREFIX_PATH=${CMAKE_PREFIX_PATH}:/opt/ros/jazzy /usr/bin/cmake --build /home/artificer/Desktop/ROV2026/build/rov_control -- -j12 -l12
[0.062s] [  3%] Built target copy_codegen_makefile
[0.062s] [ 35%] Built target qdldlobject
[0.063s] [ 35%] Built target copy_codegen_incs
[0.063s] [ 39%] Built target copy_codegen_linalg
[0.063s] [ 44%] Built target copy_codegen_srcs
[0.067s] [ 45%] [32mBuilding CXX object CMakeFiles/gamepad_parser_node.dir/src/gamepad_parser_node.cpp.o[0m
[0.070s] [ 47%] Built target rov_control
[0.080s] [ 47%] Built target copy_codegen_files
[0.085s] [ 78%] Built target OSQPLIB
[0.104s] [ 81%] Built target osqp
[0.104s] [ 82%] Built target osqpstatic
[0.123s] [ 86%] Built target osqp_codegen_demo
[0.124s] [ 86%] Built target osqp_simple_demo
[0.124s] [ 96%] Built target osqp_demo
[0.133s] [ 98%] Built target axis_to_command_controller
[6.226s] [100%] [32m[1mLinking CXX executable gamepad_parser_node[0m
[6.456s] [100%] Built target gamepad_parser_node
[6.468s] Invoked command in '/home/artificer/Desktop/ROV2026/build/rov_control' returned '0': CMAKE_PREFIX_PATH=${CMAKE_PREFIX_PATH}:/opt/ros/jazzy /usr/bin/cmake --build /home/artificer/Desktop/ROV2026/build/rov_control -- -j12 -l12
[6.469s] Invoking command in '/home/artificer/Desktop/ROV2026/build/rov_control': CMAKE_PREFIX_PATH=${CMAKE_PREFIX_PATH}:/opt/ros/jazzy /usr/bin/cmake --install /home/artificer/Desktop/ROV2026/build/rov_control
[6.476s] -- Install configuration: ""
[6.477s] -- Up-to-date: /home/artificer/Desktop/ROV2026/install/rov_control/include/qdldl/qdldl.h
[6.477s] -- Up-to-date: /home/artificer/Desktop/ROV2026/install/rov_control/include/qdldl/qdldl_types.h
[6.477s] -- Up-to-date: /home/artificer/Desktop/ROV2026/install/rov_control/include/qdldl/qdldl_version.h
[6.477s] -- Up-to-date: /home/artificer/Desktop/ROV2026/install/rov_control/include/osqp/osqp.h
[6.477s] -- Up-to-date: /home/artificer/Desktop/ROV2026/install/rov_control/include/osqp/osqp_api_constants.h
[6.478s] -- Up-to-date: /home/artificer/Desktop/ROV2026/install/rov_control/include/osqp/osqp_api_functions.h
[6.478s] -- Up-to-date: /home/artificer/Desktop/ROV2026/install/rov_control/include/osqp/osqp_api_types.h
[6.478s] -- Up-to-date: /home/artificer/Desktop/ROV2026/install/rov_control/include/osqp/osqp_export_define.h
[6.478s] -- Up-to-date: /home/artificer/Desktop/ROV2026/install/rov_control/include/osqp/osqp_configure.h
[6.478s] -- Up-to-date: /home/artificer/Desktop/ROV2026/install/rov_control/lib/libosqpstatic.a
[6.478s] -- Up-to-date: /home/artificer/Desktop/ROV2026/install/rov_control/lib/cmake/osqp/osqpstatic-targets.cmake
[6.478s] -- Up-to-date: /home/artificer/Desktop/ROV2026/install/rov_control/lib/cmake/osqp/osqpstatic-targets-noconfig.cmake
[6.478s] -- Up-to-date: /home/artificer/Desktop/ROV2026/install/rov_control/lib/libosqp.so
[6.478s] -- Up-to-date: /home/artificer/Desktop/ROV2026/install/rov_control/lib/cmake/osqp/osqp-targets.cmake
[6.479s] -- Up-to-date: /home/artificer/Desktop/ROV2026/install/rov_control/lib/cmake/osqp/osqp-targets-noconfig.cmake
[6.479s] -- Up-to-date: /home/artificer/Desktop/ROV2026/install/rov_control/lib/cmake/osqp/osqp-config.cmake
[6.479s] -- Up-to-date: /home/artificer/Desktop/ROV2026/install/rov_control/lib/cmake/osqp/osqp-config-version.cmake
[6.479s] -- Up-to-date: /home/artificer/Desktop/ROV2026/install/rov_control/share/osqp/codegen_files
[6.479s] -- Up-to-date: /home/artificer/Desktop/ROV2026/install/rov_control/share/osqp/codegen_files/Makefile
[6.479s] -- Up-to-date: /home/artificer/Desktop/ROV2026/install/rov_control/share/osqp/codegen_files/inc
[6.479s] -- Up-to-date: /home/artificer/Desktop/ROV2026/install/rov_control/share/osqp/codegen_files/inc/public
[6.479s] -- Up-to-date: /home/artificer/Desktop/ROV2026/install/rov_control/share/osqp/codegen_files/inc/public/osqp.h
[6.479s] -- Up-to-date: /home/artificer/Desktop/ROV2026/install/rov_control/share/osqp/codegen_files/inc/public/osqp_export_define.h
[6.479s] -- Up-to-date: /home/artificer/Desktop/ROV2026/install/rov_control/share/osqp/codegen_files/inc/public/osqp_api_constants.h
[6.479s] -- Up-to-date: /home/artificer/Desktop/ROV2026/install/rov_control/share/osqp/codegen_files/inc/public/osqp_api_functions.h
[6.480s] -- Up-to-date: /home/artificer/Desktop/ROV2026/install/rov_control/share/osqp/codegen_files/inc/public/osqp_api_types.h
[6.480s] -- Up-to-date: /home/artificer/Desktop/ROV2026/install/rov_control/share/osqp/codegen_files/inc/private
[6.480s] -- Up-to-date: /home/artificer/Desktop/ROV2026/install/rov_control/share/osqp/codegen_files/inc/private/csc_utils.h
[6.480s] -- Up-to-date: /home/artificer/Desktop/ROV2026/install/rov_control/share/osqp/codegen_files/inc/private/scaling.h
[6.480s] -- Up-to-date: /home/artificer/Desktop/ROV2026/install/rov_control/share/osqp/codegen_files/inc/private/csc_math.h
[6.480s] -- Up-to-date: /home/artificer/Desktop/ROV2026/install/rov_control/share/osqp/codegen_files/inc/private/glob_opts.h
[6.480s] -- Up-to-date: /home/artificer/Desktop/ROV2026/install/rov_control/share/osqp/codegen_files/inc/private/error.h
[6.480s] -- Up-to-date: /home/artificer/Desktop/ROV2026/install/rov_control/share/osqp/codegen_files/inc/private/qdldl.h
[6.480s] -- Up-to-date: /home/artificer/Desktop/ROV2026/install/rov_control/share/osqp/codegen_files/inc/private/timing.h
[6.480s] -- Up-to-date: /home/artificer/Desktop/ROV2026/install/rov_control/share/osqp/codegen_files/inc/private/printing.h
[6.480s] -- Up-to-date: /home/artificer/Desktop/ROV2026/install/rov_control/share/osqp/codegen_files/inc/private/qdldl_interface.h
[6.480s] -- Up-to-date: /home/artificer/Desktop/ROV2026/install/rov_control/share/osqp/codegen_files/inc/private/auxil.h
[6.480s] -- Up-to-date: /home/artificer/Desktop/ROV2026/install/rov_control/share/osqp/codegen_files/inc/private/qdldl_version.h
[6.480s] -- Up-to-date: /home/artificer/Desktop/ROV2026/install/rov_control/share/osqp/codegen_files/inc/private/util.h
[6.481s] -- Up-to-date: /home/artificer/Desktop/ROV2026/install/rov_control/share/osqp/codegen_files/inc/private/kkt.h
[6.481s] -- Up-to-date: /home/artificer/Desktop/ROV2026/install/rov_control/share/osqp/codegen_files/inc/private/algebra_impl.h
[6.481s] -- Up-to-date: /home/artificer/Desktop/ROV2026/install/rov_control/share/osqp/codegen_files/inc/private/profilers.h
[6.481s] -- Up-to-date: /home/artificer/Desktop/ROV2026/install/rov_control/share/osqp/codegen_files/inc/private/algebra_vector.h
[6.481s] -- Up-to-date: /home/artificer/Desktop/ROV2026/install/rov_control/share/osqp/codegen_files/inc/private/version.h
[6.481s] -- Up-to-date: /home/artificer/Desktop/ROV2026/install/rov_control/share/osqp/codegen_files/inc/private/lin_alg.h
[6.481s] -- Up-to-date: /home/artificer/Desktop/ROV2026/install/rov_control/share/osqp/codegen_files/inc/private/qdldl_types.h
[6.481s] -- Up-to-date: /home/artificer/Desktop/ROV2026/install/rov_control/share/osqp/codegen_files/inc/private/algebra_matrix.h
[6.481s] -- Up-to-date: /home/artificer/Desktop/ROV2026/install/rov_control/share/osqp/codegen_files/inc/private/types.h
[6.481s] -- Up-to-date: /home/artificer/Desktop/ROV2026/install/rov_control/share/osqp/codegen_files/src
[6.481s] -- Up-to-date: /home/artificer/Desktop/ROV2026/install/rov_control/share/osqp/codegen_files/src/qdldl.c
[6.481s] -- Up-to-date: /home/artificer/Desktop/ROV2026/install/rov_control/share/osqp/codegen_files/src/vector.c
[6.481s] -- Up-to-date: /home/artificer/Desktop/ROV2026/install/rov_control/share/osqp/codegen_files/src/util.c
[6.481s] -- Up-to-date: /home/artificer/Desktop/ROV2026/install/rov_control/share/osqp/codegen_files/src/error.c
[6.481s] -- Up-to-date: /home/artificer/Desktop/ROV2026/install/rov_control/share/osqp/codegen_files/src/qdldl_interface.c
[6.481s] -- Up-to-date: /home/artificer/Desktop/ROV2026/install/rov_control/share/osqp/codegen_files/src/csc_math.c
[6.481s] -- Up-to-date: /home/artificer/Desktop/ROV2026/install/rov_control/share/osqp/codegen_files/src/matrix.c
[6.481s] -- Up-to-date: /home/artificer/Desktop/ROV2026/install/rov_control/share/osqp/codegen_files/src/algebra_libs.c
[6.481s] -- Up-to-date: /home/artificer/Desktop/ROV2026/install/rov_control/share/osqp/codegen_files/src/scaling.c
[6.482s] -- Up-to-date: /home/artificer/Desktop/ROV2026/install/rov_control/share/osqp/codegen_files/src/csc_utils.c
[6.482s] -- Up-to-date: /home/artificer/Desktop/ROV2026/install/rov_control/share/osqp/codegen_files/src/kkt.c
[6.482s] -- Up-to-date: /home/artificer/Desktop/ROV2026/install/rov_control/share/osqp/codegen_files/src/osqp_api.c
[6.482s] -- Up-to-date: /home/artificer/Desktop/ROV2026/install/rov_control/share/osqp/codegen_files/src/auxil.c
[6.482s] -- Up-to-date: /home/artificer/Desktop/ROV2026/install/rov_control/share/rov_control/plugins/axis_to_command_controller_plugin.xml
[6.482s] -- Up-to-date: /home/artificer/Desktop/ROV2026/install/rov_control/lib/librov_control.so
[6.482s] -- Up-to-date: /home/artificer/Desktop/ROV2026/install/rov_control/lib/libaxis_to_command_controller.so
[6.482s] -- Installing: /home/artificer/Desktop/ROV2026/install/rov_control/lib/rov_control/gamepad_parser_node
[6.486s] -- Set non-toolchain portion of runtime path of "/home/artificer/Desktop/ROV2026/install/rov_control/lib/rov_control/gamepad_parser_node" to ""
[6.486s] -- Up-to-date: /home/artificer/Desktop/ROV2026/install/rov_control/include/
[6.486s] -- Up-to-date: /home/artificer/Desktop/ROV2026/install/rov_control/include//rov_control
[6.487s] -- Up-to-date: /home/artificer/Desktop/ROV2026/install/rov_control/include//rov_control/axis_to_command_controller.hpp
[6.487s] -- Up-to-date: /home/artificer/Desktop/ROV2026/install/rov_control/include//rov_control/gamepad_parser_node.hpp
[6.487s] -- Up-to-date: /home/artificer/Desktop/ROV2026/install/rov_control/include//rov_control/pwm_interface.hpp
[6.487s] -- Up-to-date: /home/artificer/Desktop/ROV2026/install/rov_control/include//rov_control/thruster_pid_controller.hpp
[6.487s] -- Up-to-date: /home/artificer/Desktop/ROV2026/install/rov_control/include//rov_control/libdriver_pca9685
[6.487s] -- Up-to-date: /home/artificer/Desktop/ROV2026/install/rov_control/include//rov_control/libdriver_pca9685/driver_pca9685.h
[6.487s] -- Up-to-date: /home/artificer/Desktop/ROV2026/install/rov_control/include//rov_control/libdriver_pca9685/driver_pca9685_interface.h
[6.487s] -- Up-to-date: /home/artificer/Desktop/ROV2026/install/rov_control/share/rov_control/environment/library_path.sh
[6.487s] -- Up-to-date: /home/artificer/Desktop/ROV2026/install/rov_control/share/rov_control/environment/library_path.dsv
[6.487s] -- Up-to-date: /home/artificer/Desktop/ROV2026/install/rov_control/share/ament_index/resource_index/package_run_dependencies/rov_control
[6.487s] -- Up-to-date: /home/artificer/Desktop/ROV2026/install/rov_control/share/ament_index/resource_index/parent_prefix_path/rov_control
[6.487s] -- Up-to-date: /home/artificer/Desktop/ROV2026/install/rov_control/share/rov_control/environment/ament_prefix_path.sh
[6.487s] -- Up-to-date: /home/artificer/Desktop/ROV2026/install/rov_control/share/rov_control/environment/ament_prefix_path.dsv
[6.487s] -- Up-to-date: /home/artificer/Desktop/ROV2026/install/rov_control/share/rov_control/environment/path.sh
[6.487s] -- Up-to-date: /home/artificer/Desktop/ROV2026/install/rov_control/share/rov_control/environment/path.dsv
[6.487s] -- Up-to-date: /home/artificer/Desktop/ROV2026/install/rov_control/share/rov_control/local_setup.bash
[6.488s] -- Up-to-date: /home/artificer/Desktop/ROV2026/install/rov_control/share/rov_control/local_setup.sh
[6.488s] -- Up-to-date: /home/artificer/Desktop/ROV2026/install/rov_control/share/rov_control/local_setup.zsh
[6.488s] -- Up-to-date: /home/artificer/Desktop/ROV2026/install/rov_control/share/rov_control/local_setup.dsv
[6.488s] -- Installing: /home/artificer/Desktop/ROV2026/install/rov_control/share/rov_control/package.dsv
[6.488s] -- Up-to-date: /home/artificer/Desktop/ROV2026/install/rov_control/share/ament_index/resource_index/packages/rov_control
[6.488s] -- Up-to-date: /home/artificer/Desktop/ROV2026/install/rov_control/share/ament_index/resource_index/controller_interface__pluginlib__plugin/rov_control
[6.488s] -- Up-to-date: /home/artificer/Desktop/ROV2026/install/rov_control/share/rov_control/cmake/export_rov_controlExport.cmake
[6.488s] -- Up-to-date: /home/artificer/Desktop/ROV2026/install/rov_control/share/rov_control/cmake/export_rov_controlExport-noconfig.cmake
[6.488s] -- Up-to-date: /home/artificer/Desktop/ROV2026/install/rov_control/share/rov_control/cmake/ament_cmake_export_libraries-extras.cmake
[6.488s] -- Up-to-date: /home/artificer/Desktop/ROV2026/install/rov_control/share/rov_control/cmake/ament_cmake_export_targets-extras.cmake
[6.488s] -- Up-to-date: /home/artificer/Desktop/ROV2026/install/rov_control/share/rov_control/cmake/rov_controlConfig.cmake
[6.488s] -- Up-to-date: /home/artificer/Desktop/ROV2026/install/rov_control/share/rov_control/cmake/rov_controlConfig-version.cmake
[6.488s] -- Up-to-date: /home/artificer/Desktop/ROV2026/install/rov_control/share/rov_control/package.xml
[6.490s] Invoked command in '/home/artificer/Desktop/ROV2026/build/rov_control' returned '0': CMAKE_PREFIX_PATH=${CMAKE_PREFIX_PATH}:/opt/ros/jazzy /usr/bin/cmake --install /home/artificer/Desktop/ROV2026/build/rov_control
