-- Found ament_cmake: 2.5.4 (/opt/ros/jazzy/share/ament_cmake/cmake)
-- Found rclcpp: 28.1.9 (/opt/ros/jazzy/share/rclcpp/cmake)
-- Found rosidl_generator_c: 4.6.5 (/opt/ros/jazzy/share/rosidl_generator_c/cmake)
-- Found rosidl_generator_cpp: 4.6.5 (/opt/ros/jazzy/share/rosidl_generator_cpp/cmake)
-- Using all available rosidl_typesupport_c: rosidl_typesupport_fastrtps_c;rosidl_typesupport_introspection_c
-- Using all available rosidl_typesupport_cpp: rosidl_typesupport_fastrtps_cpp;rosidl_typesupport_introspection_cpp
-- Found rmw_implementation_cmake: 7.3.2 (/opt/ros/jazzy/share/rmw_implementation_cmake/cmake)
-- Found rmw_fastrtps_cpp: 8.4.2 (/opt/ros/jazzy/share/rmw_fastrtps_cpp/cmake)
-- Using RMW implementation 'rmw_fastrtps_cpp' as default
-- Found hardware_interface: 4.29.0 (/opt/ros/jazzy/share/hardware_interface/cmake)
-- Found controller_interface: 4.29.0 (/opt/ros/jazzy/share/controller_interface/cmake)
-- Found control_toolbox: 4.3.0 (/opt/ros/jazzy/share/control_toolbox/cmake)
-- Found eigen3_cmake_module: 0.3.0 (/opt/ros/jazzy/share/eigen3_cmake_module/cmake)
-- Ensuring Eigen3 include directory is part of orocos-kdl CMake target
-- Debug mode: 
-- We are on a Linux system
-- Embedded mode: OFF
-- Algebra backend: builtin
-- Solver profiling: ON
-- Solver interrupt: ON
-- Using double precision floating-point
-- Using long integers
-- Code generation: ON
-- Derivative support: ON
-- Fetching/configuring QDLDL solver
--   Using double precision floats
--   Long integers (64bit) are ON
--   Static library build is OFF
--   Shared library build is OFF
--   Demo executable build is OFF
--   Not building demo executable
--   Unit testing suite build is OFF
-- Build static library: ON
-- Build shared library: ON
-- Build demo executable: ON
-- Configuring done (1.4s)
-- Generating done (0.1s)
-- Build files have been written to: /home/artificer/Desktop/ROV2026/build/rov_control
[ 18%] Built target copy_codegen_linalg
[ 32%] Built target copy_codegen_srcs
[ 40%] Built target copy_codegen_incs
[ 41%] Built target copy_codegen_makefile
[ 42%] Built target qdldlobject
[ 43%] [32mBuilding CXX object CMakeFiles/gamepad_parser_node.dir/src/gamepad_parser_node.cpp.o[0m
[ 44%] [32mBuilding CXX object CMakeFiles/thruster_pid_controller.dir/src/thruster_pid_controller.cpp.o[0m
[ 48%] Built target rov_control
[ 48%] Built target copy_codegen_files
[ 78%] Built target OSQPLIB
[ 82%] Built target osqp
[ 82%] Built target osqpstatic
[ 84%] Built target osqp_codegen_demo
[ 86%] Built target osqp_simple_demo
[ 95%] Built target osqp_demo
[ 96%] [32mBuilding CXX object CMakeFiles/axis_to_command_controller.dir/src/axis_to_command_controller.cpp.o[0m
[ 97%] [32m[1mLinking CXX executable gamepad_parser_node[0m
[ 97%] Built target gamepad_parser_node
[ 98%] [32m[1mLinking CXX shared library libthruster_pid_controller.so[0m
[ 98%] Built target thruster_pid_controller
[100%] [32m[1mLinking CXX shared library libaxis_to_command_controller.so[0m
[100%] Built target axis_to_command_controller
-- Install configuration: ""
-- Installing: /home/artificer/Desktop/ROV2026/install/rov_control/include/qdldl/qdldl.h
-- Installing: /home/artificer/Desktop/ROV2026/install/rov_control/include/qdldl/qdldl_types.h
-- Installing: /home/artificer/Desktop/ROV2026/install/rov_control/include/qdldl/qdldl_version.h
-- Installing: /home/artificer/Desktop/ROV2026/install/rov_control/include/osqp/osqp.h
-- Installing: /home/artificer/Desktop/ROV2026/install/rov_control/include/osqp/osqp_api_constants.h
-- Installing: /home/artificer/Desktop/ROV2026/install/rov_control/include/osqp/osqp_api_functions.h
-- Installing: /home/artificer/Desktop/ROV2026/install/rov_control/include/osqp/osqp_api_types.h
-- Installing: /home/artificer/Desktop/ROV2026/install/rov_control/include/osqp/osqp_export_define.h
-- Installing: /home/artificer/Desktop/ROV2026/install/rov_control/include/osqp/osqp_configure.h
-- Up-to-date: /home/artificer/Desktop/ROV2026/install/rov_control/lib/libosqpstatic.a
-- Up-to-date: /home/artificer/Desktop/ROV2026/install/rov_control/lib/cmake/osqp/osqpstatic-targets.cmake
-- Up-to-date: /home/artificer/Desktop/ROV2026/install/rov_control/lib/cmake/osqp/osqpstatic-targets-noconfig.cmake
-- Up-to-date: /home/artificer/Desktop/ROV2026/install/rov_control/lib/libosqp.so
-- Up-to-date: /home/artificer/Desktop/ROV2026/install/rov_control/lib/cmake/osqp/osqp-targets.cmake
-- Up-to-date: /home/artificer/Desktop/ROV2026/install/rov_control/lib/cmake/osqp/osqp-targets-noconfig.cmake
-- Up-to-date: /home/artificer/Desktop/ROV2026/install/rov_control/lib/cmake/osqp/osqp-config.cmake
-- Up-to-date: /home/artificer/Desktop/ROV2026/install/rov_control/lib/cmake/osqp/osqp-config-version.cmake
-- Up-to-date: /home/artificer/Desktop/ROV2026/install/rov_control/share/osqp/codegen_files
-- Up-to-date: /home/artificer/Desktop/ROV2026/install/rov_control/share/osqp/codegen_files/Makefile
-- Up-to-date: /home/artificer/Desktop/ROV2026/install/rov_control/share/osqp/codegen_files/inc
-- Up-to-date: /home/artificer/Desktop/ROV2026/install/rov_control/share/osqp/codegen_files/inc/public
-- Up-to-date: /home/artificer/Desktop/ROV2026/install/rov_control/share/osqp/codegen_files/inc/public/osqp.h
-- Up-to-date: /home/artificer/Desktop/ROV2026/install/rov_control/share/osqp/codegen_files/inc/public/osqp_export_define.h
-- Up-to-date: /home/artificer/Desktop/ROV2026/install/rov_control/share/osqp/codegen_files/inc/public/osqp_api_constants.h
-- Up-to-date: /home/artificer/Desktop/ROV2026/install/rov_control/share/osqp/codegen_files/inc/public/osqp_api_functions.h
-- Up-to-date: /home/artificer/Desktop/ROV2026/install/rov_control/share/osqp/codegen_files/inc/public/osqp_api_types.h
-- Up-to-date: /home/artificer/Desktop/ROV2026/install/rov_control/share/osqp/codegen_files/inc/private
-- Up-to-date: /home/artificer/Desktop/ROV2026/install/rov_control/share/osqp/codegen_files/inc/private/csc_utils.h
-- Up-to-date: /home/artificer/Desktop/ROV2026/install/rov_control/share/osqp/codegen_files/inc/private/scaling.h
-- Up-to-date: /home/artificer/Desktop/ROV2026/install/rov_control/share/osqp/codegen_files/inc/private/csc_math.h
-- Up-to-date: /home/artificer/Desktop/ROV2026/install/rov_control/share/osqp/codegen_files/inc/private/glob_opts.h
-- Up-to-date: /home/artificer/Desktop/ROV2026/install/rov_control/share/osqp/codegen_files/inc/private/error.h
-- Up-to-date: /home/artificer/Desktop/ROV2026/install/rov_control/share/osqp/codegen_files/inc/private/qdldl.h
-- Up-to-date: /home/artificer/Desktop/ROV2026/install/rov_control/share/osqp/codegen_files/inc/private/timing.h
-- Up-to-date: /home/artificer/Desktop/ROV2026/install/rov_control/share/osqp/codegen_files/inc/private/printing.h
-- Up-to-date: /home/artificer/Desktop/ROV2026/install/rov_control/share/osqp/codegen_files/inc/private/qdldl_interface.h
-- Up-to-date: /home/artificer/Desktop/ROV2026/install/rov_control/share/osqp/codegen_files/inc/private/auxil.h
-- Up-to-date: /home/artificer/Desktop/ROV2026/install/rov_control/share/osqp/codegen_files/inc/private/qdldl_version.h
-- Up-to-date: /home/artificer/Desktop/ROV2026/install/rov_control/share/osqp/codegen_files/inc/private/util.h
-- Up-to-date: /home/artificer/Desktop/ROV2026/install/rov_control/share/osqp/codegen_files/inc/private/kkt.h
-- Up-to-date: /home/artificer/Desktop/ROV2026/install/rov_control/share/osqp/codegen_files/inc/private/algebra_impl.h
-- Up-to-date: /home/artificer/Desktop/ROV2026/install/rov_control/share/osqp/codegen_files/inc/private/profilers.h
-- Up-to-date: /home/artificer/Desktop/ROV2026/install/rov_control/share/osqp/codegen_files/inc/private/algebra_vector.h
-- Up-to-date: /home/artificer/Desktop/ROV2026/install/rov_control/share/osqp/codegen_files/inc/private/version.h
-- Up-to-date: /home/artificer/Desktop/ROV2026/install/rov_control/share/osqp/codegen_files/inc/private/lin_alg.h
-- Up-to-date: /home/artificer/Desktop/ROV2026/install/rov_control/share/osqp/codegen_files/inc/private/qdldl_types.h
-- Up-to-date: /home/artificer/Desktop/ROV2026/install/rov_control/share/osqp/codegen_files/inc/private/algebra_matrix.h
-- Up-to-date: /home/artificer/Desktop/ROV2026/install/rov_control/share/osqp/codegen_files/inc/private/types.h
-- Up-to-date: /home/artificer/Desktop/ROV2026/install/rov_control/share/osqp/codegen_files/src
-- Up-to-date: /home/artificer/Desktop/ROV2026/install/rov_control/share/osqp/codegen_files/src/qdldl.c
-- Up-to-date: /home/artificer/Desktop/ROV2026/install/rov_control/share/osqp/codegen_files/src/vector.c
-- Up-to-date: /home/artificer/Desktop/ROV2026/install/rov_control/share/osqp/codegen_files/src/util.c
-- Up-to-date: /home/artificer/Desktop/ROV2026/install/rov_control/share/osqp/codegen_files/src/error.c
-- Up-to-date: /home/artificer/Desktop/ROV2026/install/rov_control/share/osqp/codegen_files/src/qdldl_interface.c
-- Up-to-date: /home/artificer/Desktop/ROV2026/install/rov_control/share/osqp/codegen_files/src/csc_math.c
-- Up-to-date: /home/artificer/Desktop/ROV2026/install/rov_control/share/osqp/codegen_files/src/matrix.c
-- Up-to-date: /home/artificer/Desktop/ROV2026/install/rov_control/share/osqp/codegen_files/src/algebra_libs.c
-- Up-to-date: /home/artificer/Desktop/ROV2026/install/rov_control/share/osqp/codegen_files/src/scaling.c
-- Up-to-date: /home/artificer/Desktop/ROV2026/install/rov_control/share/osqp/codegen_files/src/csc_utils.c
-- Up-to-date: /home/artificer/Desktop/ROV2026/install/rov_control/share/osqp/codegen_files/src/kkt.c
-- Up-to-date: /home/artificer/Desktop/ROV2026/install/rov_control/share/osqp/codegen_files/src/osqp_api.c
-- Up-to-date: /home/artificer/Desktop/ROV2026/install/rov_control/share/osqp/codegen_files/src/auxil.c
-- Installing: /home/artificer/Desktop/ROV2026/install/rov_control/share/rov_control/plugins/thruster_pid_controller_plugin.xml
-- Installing: /home/artificer/Desktop/ROV2026/install/rov_control/lib/libthruster_pid_controller.so
-- Set non-toolchain portion of runtime path of "/home/artificer/Desktop/ROV2026/install/rov_control/lib/libthruster_pid_controller.so" to ""
-- Installing: /home/artificer/Desktop/ROV2026/install/rov_control/share/rov_control/plugins/pwm_interface_plugin.xml
-- Installing: /home/artificer/Desktop/ROV2026/install/rov_control/share/rov_control/plugins/axis_to_command_controller_plugin.xml
-- Up-to-date: /home/artificer/Desktop/ROV2026/install/rov_control/lib/librov_control.so
-- Installing: /home/artificer/Desktop/ROV2026/install/rov_control/lib/libaxis_to_command_controller.so
-- Set non-toolchain portion of runtime path of "/home/artificer/Desktop/ROV2026/install/rov_control/lib/libaxis_to_command_controller.so" to ""
-- Installing: /home/artificer/Desktop/ROV2026/install/rov_control/lib/rov_control/gamepad_parser_node
-- Set non-toolchain portion of runtime path of "/home/artificer/Desktop/ROV2026/install/rov_control/lib/rov_control/gamepad_parser_node" to ""
-- Up-to-date: /home/artificer/Desktop/ROV2026/install/rov_control/include/
-- Up-to-date: /home/artificer/Desktop/ROV2026/install/rov_control/include//rov_control
-- Installing: /home/artificer/Desktop/ROV2026/install/rov_control/include//rov_control/axis_to_command_controller.hpp
-- Installing: /home/artificer/Desktop/ROV2026/install/rov_control/include//rov_control/gamepad_parser_node.hpp
-- Installing: /home/artificer/Desktop/ROV2026/install/rov_control/include//rov_control/pwm_interface.hpp
-- Installing: /home/artificer/Desktop/ROV2026/install/rov_control/include//rov_control/thruster_pid_controller.hpp
-- Up-to-date: /home/artificer/Desktop/ROV2026/install/rov_control/include//rov_control/libdriver_pca9685
-- Installing: /home/artificer/Desktop/ROV2026/install/rov_control/include//rov_control/libdriver_pca9685/driver_pca9685.h
-- Installing: /home/artificer/Desktop/ROV2026/install/rov_control/include//rov_control/libdriver_pca9685/driver_pca9685_interface.h
-- Up-to-date: /home/artificer/Desktop/ROV2026/install/rov_control/share/rov_control/launch
-- Installing: /home/artificer/Desktop/ROV2026/install/rov_control/share/rov_control/launch/rov_control_launch.py
-- Installing: /home/artificer/Desktop/ROV2026/install/rov_control/share/rov_control/launch/rov_control_launch_test.py
-- Up-to-date: /home/artificer/Desktop/ROV2026/install/rov_control/share/rov_control/config
-- Installing: /home/artificer/Desktop/ROV2026/install/rov_control/share/rov_control/config/gamepad_parser_parameters.yaml
-- Installing: /home/artificer/Desktop/ROV2026/install/rov_control/share/rov_control/config/joy_parameters.yaml
-- Installing: /home/artificer/Desktop/ROV2026/install/rov_control/share/rov_control/config/control_parameters.yaml
-- Installing: /home/artificer/Desktop/ROV2026/install/rov_control/share/rov_control/environment/library_path.dsv
-- Installing: /home/artificer/Desktop/ROV2026/install/rov_control/share/ament_index/resource_index/package_run_dependencies/rov_control
-- Installing: /home/artificer/Desktop/ROV2026/install/rov_control/share/ament_index/resource_index/parent_prefix_path/rov_control
-- Installing: /home/artificer/Desktop/ROV2026/install/rov_control/share/rov_control/environment/ament_prefix_path.dsv
-- Installing: /home/artificer/Desktop/ROV2026/install/rov_control/share/rov_control/environment/path.dsv
-- Installing: /home/artificer/Desktop/ROV2026/install/rov_control/share/rov_control/local_setup.bash
-- Installing: /home/artificer/Desktop/ROV2026/install/rov_control/share/rov_control/local_setup.sh
-- Installing: /home/artificer/Desktop/ROV2026/install/rov_control/share/rov_control/local_setup.zsh
-- Installing: /home/artificer/Desktop/ROV2026/install/rov_control/share/rov_control/local_setup.dsv
-- Installing: /home/artificer/Desktop/ROV2026/install/rov_control/share/rov_control/package.dsv
-- Installing: /home/artificer/Desktop/ROV2026/install/rov_control/share/ament_index/resource_index/packages/rov_control
-- Installing: /home/artificer/Desktop/ROV2026/install/rov_control/share/ament_index/resource_index/controller_interface__pluginlib__plugin/rov_control
-- Installing: /home/artificer/Desktop/ROV2026/install/rov_control/share/ament_index/resource_index/hardware_interface__pluginlib__plugin/rov_control
-- Up-to-date: /home/artificer/Desktop/ROV2026/install/rov_control/share/rov_control/cmake/export_rov_controlExport.cmake
-- Up-to-date: /home/artificer/Desktop/ROV2026/install/rov_control/share/rov_control/cmake/export_rov_controlExport-noconfig.cmake
-- Installing: /home/artificer/Desktop/ROV2026/install/rov_control/share/rov_control/cmake/ament_cmake_export_libraries-extras.cmake
-- Installing: /home/artificer/Desktop/ROV2026/install/rov_control/share/rov_control/cmake/ament_cmake_export_targets-extras.cmake
-- Installing: /home/artificer/Desktop/ROV2026/install/rov_control/share/rov_control/cmake/rov_controlConfig.cmake
-- Installing: /home/artificer/Desktop/ROV2026/install/rov_control/share/rov_control/cmake/rov_controlConfig-version.cmake
-- Installing: /home/artificer/Desktop/ROV2026/install/rov_control/share/rov_control/package.xml
