In file included from [01m[K/home/artificer/Desktop/ROV2026/src/rov_control/src/axis_to_command_controller.cpp:11[m[K:
[01m[K/home/artificer/Desktop/ROV2026/src/rov_control/include/rov_control/axis_to_command_controller.hpp:10:10:[m[K [01;31m[Kfatal error: [m[KEigen/Core: No such file or directory
   10 | #include [01;31m[K<Eigen/Core>[m[K
      |          [01;31m[K^~~~~~~~~~~~[m[K
compilation terminated.
gmake[2]: *** [CMakeFiles/axis_to_command_controller.dir/build.make:79: CMakeFiles/axis_to_command_controller.dir/src/axis_to_command_controller.cpp.o] Error 1
gmake[1]: *** [CMakeFiles/Makefile2:282: CMakeFiles/axis_to_command_controller.dir/all] Error 2
gmake[1]: *** Waiting for unfinished jobs....
In file included from [01m[K/opt/ros/jazzy/include/class_loader/class_loader/class_loader_core.hpp:58[m[K,
                 from [01m[K/opt/ros/jazzy/include/class_loader/class_loader/class_loader.hpp:55[m[K,
                 from [01m[K/opt/ros/jazzy/include/pluginlib/pluginlib/class_list_macros.hpp:40[m[K,
                 from [01m[K/home/artificer/Desktop/ROV2026/src/rov_control/src/pwm_interface.cpp:7[m[K:
/opt/ros/jazzy/include/class_loader/class_loader/meta_object.hpp: In instantiation of ‘[01m[KB* class_loader::impl::MetaObject<C, B>::[01;32m[Kcreate[m[K() const [35m[K[with C = rov_control::PWMInterface; B = hardware_interface::SystemInterface][m[K[m[K’:
[01m[K/opt/ros/jazzy/include/class_loader/class_loader/meta_object.hpp:216:7:[m[K   required from here
[01m[K/opt/ros/jazzy/include/class_loader/class_loader/meta_object.hpp:218:12:[m[K [01;31m[Kerror: [m[Kinvalid new-expression of abstract class type ‘[01m[Krov_control::PWMInterface[m[K’
  218 |     return [01;31m[Knew C[m[K;
      |            [01;31m[K^~~~~[m[K
In file included from [01m[K/home/artificer/Desktop/ROV2026/src/rov_control/src/pwm_interface.cpp:6[m[K:
[01m[K/home/artificer/Desktop/ROV2026/src/rov_control/include/rov_control/pwm_interface.hpp:13:9:[m[K [01;36m[Knote: [m[K  because the following virtual functions are pure within ‘[01m[Krov_control::PWMInterface[m[K’:
   13 |   class [01;36m[KPWMInterface[m[K : public hardware_interface::SystemInterface
      |         [01;36m[K^~~~~~~~~~~~[m[K
In file included from [01m[K/home/artificer/Desktop/ROV2026/src/rov_control/include/rov_control/pwm_interface.hpp:5[m[K:
[01m[K/opt/ros/jazzy/include/hardware_interface/hardware_interface/system_interface.hpp:474:23:[m[K [01;36m[Knote: [m[K    ‘[01m[Kvirtual hardware_interface::return_type hardware_interface::SystemInterface::[01;32m[Kread[m[K(const rclcpp::Time&, const rclcpp::Duration&)[m[K’
  474 |   virtual return_type [01;36m[Kread[m[K(const rclcpp::Time & time, const rclcpp::Duration & period) = 0;
      |                       [01;36m[K^~~~[m[K
[01m[K/opt/ros/jazzy/include/hardware_interface/hardware_interface/system_interface.hpp:521:23:[m[K [01;36m[Knote: [m[K    ‘[01m[Kvirtual hardware_interface::return_type hardware_interface::SystemInterface::[01;32m[Kwrite[m[K(const rclcpp::Time&, const rclcpp::Duration&)[m[K’
  521 |   virtual return_type [01;36m[Kwrite[m[K(const rclcpp::Time & time, const rclcpp::Duration & period) = 0;
      |                       [01;36m[K^~~~~[m[K
gmake[2]: *** [CMakeFiles/rov_control.dir/build.make:79: CMakeFiles/rov_control.dir/src/pwm_interface.cpp.o] Error 1
gmake[1]: *** [CMakeFiles/Makefile2:256: CMakeFiles/rov_control.dir/all] Error 2
gmake: *** [Makefile:149: all] Error 2
