-- Found ament_cmake: 2.5.4 (/opt/ros/jazzy/share/ament_cmake/cmake)
-- Override CMake install command with custom implementation using symlinks instead of copying resources
-- Found ament_lint_auto: 0.17.2 (/opt/ros/jazzy/share/ament_lint_auto/cmake)
-- Added test 'lint_cmake' to check CMake code style
-- Added test 'xmllint' to check XML markup files
-- Configuring done (0.4s)
-- Generating done (0.0s)
-- Build files have been written to: /home/student/Desktop/ROV2026/build/description
-- Install configuration: ""
-- Execute custom install script
-- Symlinking: /home/student/Desktop/ROV2026/install/description/share/description/urdf/ROV2026.urdf.xacro
-- Symlinking: /home/student/Desktop/ROV2026/install/description/share/ament_index/resource_index/package_run_dependencies/description
-- Symlinking: /home/student/Desktop/ROV2026/install/description/share/ament_index/resource_index/parent_prefix_path/description
-- Symlinking: /home/student/Desktop/ROV2026/install/description/share/description/environment/ament_prefix_path.sh
-- Symlinking: /home/student/Desktop/ROV2026/install/description/share/description/environment/ament_prefix_path.dsv
-- Symlinking: /home/student/Desktop/ROV2026/install/description/share/description/environment/path.sh
-- Symlinking: /home/student/Desktop/ROV2026/install/description/share/description/environment/path.dsv
-- Symlinking: /home/student/Desktop/ROV2026/install/description/share/description/local_setup.bash
-- Symlinking: /home/student/Desktop/ROV2026/install/description/share/description/local_setup.sh
-- Symlinking: /home/student/Desktop/ROV2026/install/description/share/description/local_setup.zsh
-- Symlinking: /home/student/Desktop/ROV2026/install/description/share/description/local_setup.dsv
-- Symlinking: /home/student/Desktop/ROV2026/install/description/share/description/package.dsv
-- Symlinking: /home/student/Desktop/ROV2026/install/description/share/ament_index/resource_index/packages/description
-- Symlinking: /home/student/Desktop/ROV2026/install/description/share/description/cmake/descriptionConfig.cmake
-- Symlinking: /home/student/Desktop/ROV2026/install/description/share/description/cmake/descriptionConfig-version.cmake
-- Symlinking: /home/student/Desktop/ROV2026/install/description/share/description/package.xml
