[0.104s] DEBUG:colcon:Command line arguments: ['/usr/bin/colcon', 'build']
[0.104s] DEBUG:colcon:Parsed command line arguments: Namespace(log_base=None, log_level=None, verb_name='build', build_base='build', install_base='install', merge_install=False, symlink_install=False, test_result_base=None, continue_on_error=False, executor='parallel', parallel_workers=12, event_handlers=None, ignore_user_meta=False, metas=['./colcon.meta'], base_paths=['.'], packages_ignore=None, packages_ignore_regex=None, paths=None, packages_up_to=None, packages_up_to_regex=None, packages_above=None, packages_above_and_dependencies=None, packages_above_depth=None, packages_select_by_dep=None, packages_skip_by_dep=None, packages_skip_up_to=None, packages_select_build_failed=False, packages_skip_build_finished=False, packages_select_test_failures=False, packages_skip_test_passed=False, packages_select=None, packages_skip=None, packages_select_regex=None, packages_skip_regex=None, packages_start=None, packages_end=None, allow_overriding=[], cmake_args=None, cmake_target=None, cmake_target_skip_unavailable=False, cmake_clean_cache=False, cmake_clean_first=False, cmake_force_configure=False, ament_cmake_args=None, catkin_cmake_args=None, catkin_skip_building_tests=False, mixin_files=None, mixin=None, verb_parser=<colcon_mixin.mixin.mixin_argument.MixinArgumentDecorator object at 0x7ab68df52120>, verb_extension=<colcon_core.verb.build.BuildVerb object at 0x7ab68e0d2a50>, main=<bound method BuildVerb.main of <colcon_core.verb.build.BuildVerb object at 0x7ab68e0d2a50>>, mixin_verb=('build',))
[0.150s] Level 1:colcon.colcon_core.package_discovery:discover_packages(colcon_meta) check parameters
[0.150s] Level 1:colcon.colcon_core.package_discovery:discover_packages(recursive) check parameters
[0.150s] Level 1:colcon.colcon_core.package_discovery:discover_packages(ignore) check parameters
[0.150s] Level 1:colcon.colcon_core.package_discovery:discover_packages(path) check parameters
[0.150s] Level 1:colcon.colcon_core.package_discovery:discover_packages(colcon_meta) discover
[0.150s] Level 1:colcon.colcon_core.package_discovery:discover_packages(recursive) discover
[0.150s] INFO:colcon.colcon_core.package_discovery:Crawling recursively for packages in '/home/artificer/Desktop/ROV2026'
[0.151s] Level 1:colcon.colcon_core.package_identification:_identify(.) by extensions ['ignore', 'ignore_ament_install']
[0.151s] Level 1:colcon.colcon_core.package_identification:_identify(.) by extension 'ignore'
[0.151s] Level 1:colcon.colcon_core.package_identification:_identify(.) by extension 'ignore_ament_install'
[0.151s] Level 1:colcon.colcon_core.package_identification:_identify(.) by extensions ['colcon_pkg']
[0.151s] Level 1:colcon.colcon_core.package_identification:_identify(.) by extension 'colcon_pkg'
[0.151s] Level 1:colcon.colcon_core.package_identification:_identify(.) by extensions ['colcon_meta']
[0.151s] Level 1:colcon.colcon_core.package_identification:_identify(.) by extension 'colcon_meta'
[0.151s] Level 1:colcon.colcon_core.package_identification:_identify(.) by extensions ['ros']
[0.151s] Level 1:colcon.colcon_core.package_identification:_identify(.) by extension 'ros'
[0.182s] Level 1:colcon.colcon_core.package_identification:_identify(.) by extensions ['cmake', 'python']
[0.182s] Level 1:colcon.colcon_core.package_identification:_identify(.) by extension 'cmake'
[0.182s] Level 1:colcon.colcon_core.package_identification:_identify(.) by extension 'python'
[0.182s] Level 1:colcon.colcon_core.package_identification:_identify(.) by extensions ['python_setup_py']
[0.182s] Level 1:colcon.colcon_core.package_identification:_identify(.) by extension 'python_setup_py'
[0.182s] Level 1:colcon.colcon_core.package_identification:_identify(build) by extensions ['ignore', 'ignore_ament_install']
[0.182s] Level 1:colcon.colcon_core.package_identification:_identify(build) by extension 'ignore'
[0.182s] Level 1:colcon.colcon_core.package_identification:_identify(build) ignored
[0.182s] Level 1:colcon.colcon_core.package_identification:_identify(doxygen) by extensions ['ignore', 'ignore_ament_install']
[0.182s] Level 1:colcon.colcon_core.package_identification:_identify(doxygen) by extension 'ignore'
[0.182s] Level 1:colcon.colcon_core.package_identification:_identify(doxygen) by extension 'ignore_ament_install'
[0.182s] Level 1:colcon.colcon_core.package_identification:_identify(doxygen) by extensions ['colcon_pkg']
[0.183s] Level 1:colcon.colcon_core.package_identification:_identify(doxygen) by extension 'colcon_pkg'
[0.183s] Level 1:colcon.colcon_core.package_identification:_identify(doxygen) by extensions ['colcon_meta']
[0.183s] Level 1:colcon.colcon_core.package_identification:_identify(doxygen) by extension 'colcon_meta'
[0.183s] Level 1:colcon.colcon_core.package_identification:_identify(doxygen) by extensions ['ros']
[0.183s] Level 1:colcon.colcon_core.package_identification:_identify(doxygen) by extension 'ros'
[0.183s] Level 1:colcon.colcon_core.package_identification:_identify(doxygen) by extensions ['cmake', 'python']
[0.183s] Level 1:colcon.colcon_core.package_identification:_identify(doxygen) by extension 'cmake'
[0.183s] Level 1:colcon.colcon_core.package_identification:_identify(doxygen) by extension 'python'
[0.183s] Level 1:colcon.colcon_core.package_identification:_identify(doxygen) by extensions ['python_setup_py']
[0.183s] Level 1:colcon.colcon_core.package_identification:_identify(doxygen) by extension 'python_setup_py'
[0.183s] Level 1:colcon.colcon_core.package_identification:_identify(doxygen/html) by extensions ['ignore', 'ignore_ament_install']
[0.183s] Level 1:colcon.colcon_core.package_identification:_identify(doxygen/html) by extension 'ignore'
[0.183s] Level 1:colcon.colcon_core.package_identification:_identify(doxygen/html) by extension 'ignore_ament_install'
[0.183s] Level 1:colcon.colcon_core.package_identification:_identify(doxygen/html) by extensions ['colcon_pkg']
[0.183s] Level 1:colcon.colcon_core.package_identification:_identify(doxygen/html) by extension 'colcon_pkg'
[0.183s] Level 1:colcon.colcon_core.package_identification:_identify(doxygen/html) by extensions ['colcon_meta']
[0.183s] Level 1:colcon.colcon_core.package_identification:_identify(doxygen/html) by extension 'colcon_meta'
[0.183s] Level 1:colcon.colcon_core.package_identification:_identify(doxygen/html) by extensions ['ros']
[0.183s] Level 1:colcon.colcon_core.package_identification:_identify(doxygen/html) by extension 'ros'
[0.183s] Level 1:colcon.colcon_core.package_identification:_identify(doxygen/html) by extensions ['cmake', 'python']
[0.183s] Level 1:colcon.colcon_core.package_identification:_identify(doxygen/html) by extension 'cmake'
[0.184s] Level 1:colcon.colcon_core.package_identification:_identify(doxygen/html) by extension 'python'
[0.184s] Level 1:colcon.colcon_core.package_identification:_identify(doxygen/html) by extensions ['python_setup_py']
[0.184s] Level 1:colcon.colcon_core.package_identification:_identify(doxygen/html) by extension 'python_setup_py'
[0.184s] Level 1:colcon.colcon_core.package_identification:_identify(doxygen/html/doxygen-awesome-css) by extensions ['ignore', 'ignore_ament_install']
[0.184s] Level 1:colcon.colcon_core.package_identification:_identify(doxygen/html/doxygen-awesome-css) by extension 'ignore'
[0.184s] Level 1:colcon.colcon_core.package_identification:_identify(doxygen/html/doxygen-awesome-css) by extension 'ignore_ament_install'
[0.184s] Level 1:colcon.colcon_core.package_identification:_identify(doxygen/html/doxygen-awesome-css) by extensions ['colcon_pkg']
[0.184s] Level 1:colcon.colcon_core.package_identification:_identify(doxygen/html/doxygen-awesome-css) by extension 'colcon_pkg'
[0.184s] Level 1:colcon.colcon_core.package_identification:_identify(doxygen/html/doxygen-awesome-css) by extensions ['colcon_meta']
[0.184s] Level 1:colcon.colcon_core.package_identification:_identify(doxygen/html/doxygen-awesome-css) by extension 'colcon_meta'
[0.184s] Level 1:colcon.colcon_core.package_identification:_identify(doxygen/html/doxygen-awesome-css) by extensions ['ros']
[0.184s] Level 1:colcon.colcon_core.package_identification:_identify(doxygen/html/doxygen-awesome-css) by extension 'ros'
[0.184s] Level 1:colcon.colcon_core.package_identification:_identify(doxygen/html/doxygen-awesome-css) by extensions ['cmake', 'python']
[0.184s] Level 1:colcon.colcon_core.package_identification:_identify(doxygen/html/doxygen-awesome-css) by extension 'cmake'
[0.184s] Level 1:colcon.colcon_core.package_identification:_identify(doxygen/html/doxygen-awesome-css) by extension 'python'
[0.184s] Level 1:colcon.colcon_core.package_identification:_identify(doxygen/html/doxygen-awesome-css) by extensions ['python_setup_py']
[0.184s] Level 1:colcon.colcon_core.package_identification:_identify(doxygen/html/doxygen-awesome-css) by extension 'python_setup_py'
[0.184s] Level 1:colcon.colcon_core.package_identification:_identify(doxygen/html/doxygen-awesome-css/docs) by extensions ['ignore', 'ignore_ament_install']
[0.184s] Level 1:colcon.colcon_core.package_identification:_identify(doxygen/html/doxygen-awesome-css/docs) by extension 'ignore'
[0.184s] Level 1:colcon.colcon_core.package_identification:_identify(doxygen/html/doxygen-awesome-css/docs) by extension 'ignore_ament_install'
[0.185s] Level 1:colcon.colcon_core.package_identification:_identify(doxygen/html/doxygen-awesome-css/docs) by extensions ['colcon_pkg']
[0.185s] Level 1:colcon.colcon_core.package_identification:_identify(doxygen/html/doxygen-awesome-css/docs) by extension 'colcon_pkg'
[0.185s] Level 1:colcon.colcon_core.package_identification:_identify(doxygen/html/doxygen-awesome-css/docs) by extensions ['colcon_meta']
[0.185s] Level 1:colcon.colcon_core.package_identification:_identify(doxygen/html/doxygen-awesome-css/docs) by extension 'colcon_meta'
[0.185s] Level 1:colcon.colcon_core.package_identification:_identify(doxygen/html/doxygen-awesome-css/docs) by extensions ['ros']
[0.185s] Level 1:colcon.colcon_core.package_identification:_identify(doxygen/html/doxygen-awesome-css/docs) by extension 'ros'
[0.185s] Level 1:colcon.colcon_core.package_identification:_identify(doxygen/html/doxygen-awesome-css/docs) by extensions ['cmake', 'python']
[0.185s] Level 1:colcon.colcon_core.package_identification:_identify(doxygen/html/doxygen-awesome-css/docs) by extension 'cmake'
[0.185s] Level 1:colcon.colcon_core.package_identification:_identify(doxygen/html/doxygen-awesome-css/docs) by extension 'python'
[0.185s] Level 1:colcon.colcon_core.package_identification:_identify(doxygen/html/doxygen-awesome-css/docs) by extensions ['python_setup_py']
[0.185s] Level 1:colcon.colcon_core.package_identification:_identify(doxygen/html/doxygen-awesome-css/docs) by extension 'python_setup_py'
[0.185s] Level 1:colcon.colcon_core.package_identification:_identify(doxygen/html/doxygen-awesome-css/docs/img) by extensions ['ignore', 'ignore_ament_install']
[0.185s] Level 1:colcon.colcon_core.package_identification:_identify(doxygen/html/doxygen-awesome-css/docs/img) by extension 'ignore'
[0.185s] Level 1:colcon.colcon_core.package_identification:_identify(doxygen/html/doxygen-awesome-css/docs/img) by extension 'ignore_ament_install'
[0.185s] Level 1:colcon.colcon_core.package_identification:_identify(doxygen/html/doxygen-awesome-css/docs/img) by extensions ['colcon_pkg']
[0.185s] Level 1:colcon.colcon_core.package_identification:_identify(doxygen/html/doxygen-awesome-css/docs/img) by extension 'colcon_pkg'
[0.185s] Level 1:colcon.colcon_core.package_identification:_identify(doxygen/html/doxygen-awesome-css/docs/img) by extensions ['colcon_meta']
[0.185s] Level 1:colcon.colcon_core.package_identification:_identify(doxygen/html/doxygen-awesome-css/docs/img) by extension 'colcon_meta'
[0.185s] Level 1:colcon.colcon_core.package_identification:_identify(doxygen/html/doxygen-awesome-css/docs/img) by extensions ['ros']
[0.185s] Level 1:colcon.colcon_core.package_identification:_identify(doxygen/html/doxygen-awesome-css/docs/img) by extension 'ros'
[0.185s] Level 1:colcon.colcon_core.package_identification:_identify(doxygen/html/doxygen-awesome-css/docs/img) by extensions ['cmake', 'python']
[0.185s] Level 1:colcon.colcon_core.package_identification:_identify(doxygen/html/doxygen-awesome-css/docs/img) by extension 'cmake'
[0.185s] Level 1:colcon.colcon_core.package_identification:_identify(doxygen/html/doxygen-awesome-css/docs/img) by extension 'python'
[0.185s] Level 1:colcon.colcon_core.package_identification:_identify(doxygen/html/doxygen-awesome-css/docs/img) by extensions ['python_setup_py']
[0.185s] Level 1:colcon.colcon_core.package_identification:_identify(doxygen/html/doxygen-awesome-css/docs/img) by extension 'python_setup_py'
[0.186s] Level 1:colcon.colcon_core.package_identification:_identify(doxygen/html/doxygen-awesome-css/doxygen-custom) by extensions ['ignore', 'ignore_ament_install']
[0.186s] Level 1:colcon.colcon_core.package_identification:_identify(doxygen/html/doxygen-awesome-css/doxygen-custom) by extension 'ignore'
[0.186s] Level 1:colcon.colcon_core.package_identification:_identify(doxygen/html/doxygen-awesome-css/doxygen-custom) by extension 'ignore_ament_install'
[0.186s] Level 1:colcon.colcon_core.package_identification:_identify(doxygen/html/doxygen-awesome-css/doxygen-custom) by extensions ['colcon_pkg']
[0.186s] Level 1:colcon.colcon_core.package_identification:_identify(doxygen/html/doxygen-awesome-css/doxygen-custom) by extension 'colcon_pkg'
[0.186s] Level 1:colcon.colcon_core.package_identification:_identify(doxygen/html/doxygen-awesome-css/doxygen-custom) by extensions ['colcon_meta']
[0.186s] Level 1:colcon.colcon_core.package_identification:_identify(doxygen/html/doxygen-awesome-css/doxygen-custom) by extension 'colcon_meta'
[0.186s] Level 1:colcon.colcon_core.package_identification:_identify(doxygen/html/doxygen-awesome-css/doxygen-custom) by extensions ['ros']
[0.186s] Level 1:colcon.colcon_core.package_identification:_identify(doxygen/html/doxygen-awesome-css/doxygen-custom) by extension 'ros'
[0.186s] Level 1:colcon.colcon_core.package_identification:_identify(doxygen/html/doxygen-awesome-css/doxygen-custom) by extensions ['cmake', 'python']
[0.186s] Level 1:colcon.colcon_core.package_identification:_identify(doxygen/html/doxygen-awesome-css/doxygen-custom) by extension 'cmake'
[0.186s] Level 1:colcon.colcon_core.package_identification:_identify(doxygen/html/doxygen-awesome-css/doxygen-custom) by extension 'python'
[0.186s] Level 1:colcon.colcon_core.package_identification:_identify(doxygen/html/doxygen-awesome-css/doxygen-custom) by extensions ['python_setup_py']
[0.186s] Level 1:colcon.colcon_core.package_identification:_identify(doxygen/html/doxygen-awesome-css/doxygen-custom) by extension 'python_setup_py'
[0.186s] Level 1:colcon.colcon_core.package_identification:_identify(doxygen/html/doxygen-awesome-css/img) by extensions ['ignore', 'ignore_ament_install']
[0.186s] Level 1:colcon.colcon_core.package_identification:_identify(doxygen/html/doxygen-awesome-css/img) by extension 'ignore'
[0.186s] Level 1:colcon.colcon_core.package_identification:_identify(doxygen/html/doxygen-awesome-css/img) by extension 'ignore_ament_install'
[0.186s] Level 1:colcon.colcon_core.package_identification:_identify(doxygen/html/doxygen-awesome-css/img) by extensions ['colcon_pkg']
[0.186s] Level 1:colcon.colcon_core.package_identification:_identify(doxygen/html/doxygen-awesome-css/img) by extension 'colcon_pkg'
[0.186s] Level 1:colcon.colcon_core.package_identification:_identify(doxygen/html/doxygen-awesome-css/img) by extensions ['colcon_meta']
[0.186s] Level 1:colcon.colcon_core.package_identification:_identify(doxygen/html/doxygen-awesome-css/img) by extension 'colcon_meta'
[0.186s] Level 1:colcon.colcon_core.package_identification:_identify(doxygen/html/doxygen-awesome-css/img) by extensions ['ros']
[0.187s] Level 1:colcon.colcon_core.package_identification:_identify(doxygen/html/doxygen-awesome-css/img) by extension 'ros'
[0.187s] Level 1:colcon.colcon_core.package_identification:_identify(doxygen/html/doxygen-awesome-css/img) by extensions ['cmake', 'python']
[0.187s] Level 1:colcon.colcon_core.package_identification:_identify(doxygen/html/doxygen-awesome-css/img) by extension 'cmake'
[0.187s] Level 1:colcon.colcon_core.package_identification:_identify(doxygen/html/doxygen-awesome-css/img) by extension 'python'
[0.187s] Level 1:colcon.colcon_core.package_identification:_identify(doxygen/html/doxygen-awesome-css/img) by extensions ['python_setup_py']
[0.187s] Level 1:colcon.colcon_core.package_identification:_identify(doxygen/html/doxygen-awesome-css/img) by extension 'python_setup_py'
[0.187s] Level 1:colcon.colcon_core.package_identification:_identify(doxygen/html/doxygen-awesome-css/include) by extensions ['ignore', 'ignore_ament_install']
[0.187s] Level 1:colcon.colcon_core.package_identification:_identify(doxygen/html/doxygen-awesome-css/include) by extension 'ignore'
[0.187s] Level 1:colcon.colcon_core.package_identification:_identify(doxygen/html/doxygen-awesome-css/include) by extension 'ignore_ament_install'
[0.187s] Level 1:colcon.colcon_core.package_identification:_identify(doxygen/html/doxygen-awesome-css/include) by extensions ['colcon_pkg']
[0.187s] Level 1:colcon.colcon_core.package_identification:_identify(doxygen/html/doxygen-awesome-css/include) by extension 'colcon_pkg'
[0.187s] Level 1:colcon.colcon_core.package_identification:_identify(doxygen/html/doxygen-awesome-css/include) by extensions ['colcon_meta']
[0.187s] Level 1:colcon.colcon_core.package_identification:_identify(doxygen/html/doxygen-awesome-css/include) by extension 'colcon_meta'
[0.187s] Level 1:colcon.colcon_core.package_identification:_identify(doxygen/html/doxygen-awesome-css/include) by extensions ['ros']
[0.187s] Level 1:colcon.colcon_core.package_identification:_identify(doxygen/html/doxygen-awesome-css/include) by extension 'ros'
[0.187s] Level 1:colcon.colcon_core.package_identification:_identify(doxygen/html/doxygen-awesome-css/include) by extensions ['cmake', 'python']
[0.187s] Level 1:colcon.colcon_core.package_identification:_identify(doxygen/html/doxygen-awesome-css/include) by extension 'cmake'
[0.187s] Level 1:colcon.colcon_core.package_identification:_identify(doxygen/html/doxygen-awesome-css/include) by extension 'python'
[0.187s] Level 1:colcon.colcon_core.package_identification:_identify(doxygen/html/doxygen-awesome-css/include) by extensions ['python_setup_py']
[0.187s] Level 1:colcon.colcon_core.package_identification:_identify(doxygen/html/doxygen-awesome-css/include) by extension 'python_setup_py'
[0.187s] Level 1:colcon.colcon_core.package_identification:_identify(doxygen/html/doxygen-awesome-css/include/MyLibrary) by extensions ['ignore', 'ignore_ament_install']
[0.187s] Level 1:colcon.colcon_core.package_identification:_identify(doxygen/html/doxygen-awesome-css/include/MyLibrary) by extension 'ignore'
[0.188s] Level 1:colcon.colcon_core.package_identification:_identify(doxygen/html/doxygen-awesome-css/include/MyLibrary) by extension 'ignore_ament_install'
[0.188s] Level 1:colcon.colcon_core.package_identification:_identify(doxygen/html/doxygen-awesome-css/include/MyLibrary) by extensions ['colcon_pkg']
[0.188s] Level 1:colcon.colcon_core.package_identification:_identify(doxygen/html/doxygen-awesome-css/include/MyLibrary) by extension 'colcon_pkg'
[0.188s] Level 1:colcon.colcon_core.package_identification:_identify(doxygen/html/doxygen-awesome-css/include/MyLibrary) by extensions ['colcon_meta']
[0.188s] Level 1:colcon.colcon_core.package_identification:_identify(doxygen/html/doxygen-awesome-css/include/MyLibrary) by extension 'colcon_meta'
[0.188s] Level 1:colcon.colcon_core.package_identification:_identify(doxygen/html/doxygen-awesome-css/include/MyLibrary) by extensions ['ros']
[0.188s] Level 1:colcon.colcon_core.package_identification:_identify(doxygen/html/doxygen-awesome-css/include/MyLibrary) by extension 'ros'
[0.188s] Level 1:colcon.colcon_core.package_identification:_identify(doxygen/html/doxygen-awesome-css/include/MyLibrary) by extensions ['cmake', 'python']
[0.188s] Level 1:colcon.colcon_core.package_identification:_identify(doxygen/html/doxygen-awesome-css/include/MyLibrary) by extension 'cmake'
[0.188s] Level 1:colcon.colcon_core.package_identification:_identify(doxygen/html/doxygen-awesome-css/include/MyLibrary) by extension 'python'
[0.188s] Level 1:colcon.colcon_core.package_identification:_identify(doxygen/html/doxygen-awesome-css/include/MyLibrary) by extensions ['python_setup_py']
[0.188s] Level 1:colcon.colcon_core.package_identification:_identify(doxygen/html/doxygen-awesome-css/include/MyLibrary) by extension 'python_setup_py'
[0.188s] Level 1:colcon.colcon_core.package_identification:_identify(doxygen/html/search) by extensions ['ignore', 'ignore_ament_install']
[0.188s] Level 1:colcon.colcon_core.package_identification:_identify(doxygen/html/search) by extension 'ignore'
[0.188s] Level 1:colcon.colcon_core.package_identification:_identify(doxygen/html/search) by extension 'ignore_ament_install'
[0.188s] Level 1:colcon.colcon_core.package_identification:_identify(doxygen/html/search) by extensions ['colcon_pkg']
[0.188s] Level 1:colcon.colcon_core.package_identification:_identify(doxygen/html/search) by extension 'colcon_pkg'
[0.188s] Level 1:colcon.colcon_core.package_identification:_identify(doxygen/html/search) by extensions ['colcon_meta']
[0.188s] Level 1:colcon.colcon_core.package_identification:_identify(doxygen/html/search) by extension 'colcon_meta'
[0.188s] Level 1:colcon.colcon_core.package_identification:_identify(doxygen/html/search) by extensions ['ros']
[0.188s] Level 1:colcon.colcon_core.package_identification:_identify(doxygen/html/search) by extension 'ros'
[0.188s] Level 1:colcon.colcon_core.package_identification:_identify(doxygen/html/search) by extensions ['cmake', 'python']
[0.189s] Level 1:colcon.colcon_core.package_identification:_identify(doxygen/html/search) by extension 'cmake'
[0.189s] Level 1:colcon.colcon_core.package_identification:_identify(doxygen/html/search) by extension 'python'
[0.189s] Level 1:colcon.colcon_core.package_identification:_identify(doxygen/html/search) by extensions ['python_setup_py']
[0.189s] Level 1:colcon.colcon_core.package_identification:_identify(doxygen/html/search) by extension 'python_setup_py'
[0.189s] Level 1:colcon.colcon_core.package_identification:_identify(doxygen/latex) by extensions ['ignore', 'ignore_ament_install']
[0.189s] Level 1:colcon.colcon_core.package_identification:_identify(doxygen/latex) by extension 'ignore'
[0.189s] Level 1:colcon.colcon_core.package_identification:_identify(doxygen/latex) by extension 'ignore_ament_install'
[0.189s] Level 1:colcon.colcon_core.package_identification:_identify(doxygen/latex) by extensions ['colcon_pkg']
[0.189s] Level 1:colcon.colcon_core.package_identification:_identify(doxygen/latex) by extension 'colcon_pkg'
[0.189s] Level 1:colcon.colcon_core.package_identification:_identify(doxygen/latex) by extensions ['colcon_meta']
[0.189s] Level 1:colcon.colcon_core.package_identification:_identify(doxygen/latex) by extension 'colcon_meta'
[0.189s] Level 1:colcon.colcon_core.package_identification:_identify(doxygen/latex) by extensions ['ros']
[0.189s] Level 1:colcon.colcon_core.package_identification:_identify(doxygen/latex) by extension 'ros'
[0.189s] Level 1:colcon.colcon_core.package_identification:_identify(doxygen/latex) by extensions ['cmake', 'python']
[0.189s] Level 1:colcon.colcon_core.package_identification:_identify(doxygen/latex) by extension 'cmake'
[0.189s] Level 1:colcon.colcon_core.package_identification:_identify(doxygen/latex) by extension 'python'
[0.189s] Level 1:colcon.colcon_core.package_identification:_identify(doxygen/latex) by extensions ['python_setup_py']
[0.189s] Level 1:colcon.colcon_core.package_identification:_identify(doxygen/latex) by extension 'python_setup_py'
[0.189s] Level 1:colcon.colcon_core.package_identification:_identify(install) by extensions ['ignore', 'ignore_ament_install']
[0.189s] Level 1:colcon.colcon_core.package_identification:_identify(install) by extension 'ignore'
[0.189s] Level 1:colcon.colcon_core.package_identification:_identify(install) ignored
[0.189s] Level 1:colcon.colcon_core.package_identification:_identify(log) by extensions ['ignore', 'ignore_ament_install']
[0.190s] Level 1:colcon.colcon_core.package_identification:_identify(log) by extension 'ignore'
[0.190s] Level 1:colcon.colcon_core.package_identification:_identify(log) ignored
[0.190s] Level 1:colcon.colcon_core.package_identification:_identify(src) by extensions ['ignore', 'ignore_ament_install']
[0.190s] Level 1:colcon.colcon_core.package_identification:_identify(src) by extension 'ignore'
[0.190s] Level 1:colcon.colcon_core.package_identification:_identify(src) by extension 'ignore_ament_install'
[0.190s] Level 1:colcon.colcon_core.package_identification:_identify(src) by extensions ['colcon_pkg']
[0.190s] Level 1:colcon.colcon_core.package_identification:_identify(src) by extension 'colcon_pkg'
[0.190s] Level 1:colcon.colcon_core.package_identification:_identify(src) by extensions ['colcon_meta']
[0.190s] Level 1:colcon.colcon_core.package_identification:_identify(src) by extension 'colcon_meta'
[0.190s] Level 1:colcon.colcon_core.package_identification:_identify(src) by extensions ['ros']
[0.190s] Level 1:colcon.colcon_core.package_identification:_identify(src) by extension 'ros'
[0.190s] Level 1:colcon.colcon_core.package_identification:_identify(src) by extensions ['cmake', 'python']
[0.190s] Level 1:colcon.colcon_core.package_identification:_identify(src) by extension 'cmake'
[0.190s] Level 1:colcon.colcon_core.package_identification:_identify(src) by extension 'python'
[0.190s] Level 1:colcon.colcon_core.package_identification:_identify(src) by extensions ['python_setup_py']
[0.190s] Level 1:colcon.colcon_core.package_identification:_identify(src) by extension 'python_setup_py'
[0.190s] Level 1:colcon.colcon_core.package_identification:_identify(src/description) by extensions ['ignore', 'ignore_ament_install']
[0.190s] Level 1:colcon.colcon_core.package_identification:_identify(src/description) by extension 'ignore'
[0.190s] Level 1:colcon.colcon_core.package_identification:_identify(src/description) by extension 'ignore_ament_install'
[0.190s] Level 1:colcon.colcon_core.package_identification:_identify(src/description) by extensions ['colcon_pkg']
[0.190s] Level 1:colcon.colcon_core.package_identification:_identify(src/description) by extension 'colcon_pkg'
[0.190s] Level 1:colcon.colcon_core.package_identification:_identify(src/description) by extensions ['colcon_meta']
[0.190s] Level 1:colcon.colcon_core.package_identification:_identify(src/description) by extension 'colcon_meta'
[0.190s] Level 1:colcon.colcon_core.package_identification:_identify(src/description) by extensions ['ros']
[0.190s] Level 1:colcon.colcon_core.package_identification:_identify(src/description) by extension 'ros'
[0.192s] DEBUG:colcon.colcon_core.package_identification:Package 'src/description' with type 'ros.ament_cmake' and name 'description'
[0.192s] Level 1:colcon.colcon_core.package_identification:_identify(src/dummy_hardware) by extensions ['ignore', 'ignore_ament_install']
[0.192s] Level 1:colcon.colcon_core.package_identification:_identify(src/dummy_hardware) by extension 'ignore'
[0.193s] Level 1:colcon.colcon_core.package_identification:_identify(src/dummy_hardware) by extension 'ignore_ament_install'
[0.193s] Level 1:colcon.colcon_core.package_identification:_identify(src/dummy_hardware) by extensions ['colcon_pkg']
[0.193s] Level 1:colcon.colcon_core.package_identification:_identify(src/dummy_hardware) by extension 'colcon_pkg'
[0.193s] Level 1:colcon.colcon_core.package_identification:_identify(src/dummy_hardware) by extensions ['colcon_meta']
[0.193s] Level 1:colcon.colcon_core.package_identification:_identify(src/dummy_hardware) by extension 'colcon_meta'
[0.193s] Level 1:colcon.colcon_core.package_identification:_identify(src/dummy_hardware) by extensions ['ros']
[0.193s] Level 1:colcon.colcon_core.package_identification:_identify(src/dummy_hardware) by extension 'ros'
[0.193s] DEBUG:colcon.colcon_core.package_identification:Package 'src/dummy_hardware' with type 'ros.ament_cmake' and name 'dummy_hardware'
[0.193s] Level 1:colcon.colcon_core.package_identification:_identify(src/rov_control) by extensions ['ignore', 'ignore_ament_install']
[0.193s] Level 1:colcon.colcon_core.package_identification:_identify(src/rov_control) by extension 'ignore'
[0.193s] Level 1:colcon.colcon_core.package_identification:_identify(src/rov_control) by extension 'ignore_ament_install'
[0.193s] Level 1:colcon.colcon_core.package_identification:_identify(src/rov_control) by extensions ['colcon_pkg']
[0.193s] Level 1:colcon.colcon_core.package_identification:_identify(src/rov_control) by extension 'colcon_pkg'
[0.194s] Level 1:colcon.colcon_core.package_identification:_identify(src/rov_control) by extensions ['colcon_meta']
[0.194s] Level 1:colcon.colcon_core.package_identification:_identify(src/rov_control) by extension 'colcon_meta'
[0.194s] Level 1:colcon.colcon_core.package_identification:_identify(src/rov_control) by extensions ['ros']
[0.194s] Level 1:colcon.colcon_core.package_identification:_identify(src/rov_control) by extension 'ros'
[0.194s] DEBUG:colcon.colcon_core.package_identification:Package 'src/rov_control' with type 'ros.ament_cmake' and name 'rov_control'
[0.194s] Level 1:colcon.colcon_core.package_discovery:discover_packages(recursive) using defaults
[0.194s] Level 1:colcon.colcon_core.package_discovery:discover_packages(ignore) discover
[0.194s] Level 1:colcon.colcon_core.package_discovery:discover_packages(ignore) using defaults
[0.194s] Level 1:colcon.colcon_core.package_discovery:discover_packages(path) discover
[0.194s] Level 1:colcon.colcon_core.package_discovery:discover_packages(path) using defaults
[0.211s] Level 1:colcon.colcon_core.package_discovery:discover_packages(prefix_path) check parameters
[0.211s] Level 1:colcon.colcon_core.package_discovery:discover_packages(prefix_path) discover
[0.215s] DEBUG:colcon.colcon_installed_package_information.package_discovery:Found 337 installed packages in /opt/ros/jazzy
[0.217s] Level 1:colcon.colcon_core.package_discovery:discover_packages(prefix_path) using defaults
[0.258s] Level 5:colcon.colcon_core.verb:set package 'description' build argument 'cmake_args' from command line to 'None'
[0.258s] Level 5:colcon.colcon_core.verb:set package 'description' build argument 'cmake_target' from command line to 'None'
[0.258s] Level 5:colcon.colcon_core.verb:set package 'description' build argument 'cmake_target_skip_unavailable' from command line to 'False'
[0.258s] Level 5:colcon.colcon_core.verb:set package 'description' build argument 'cmake_clean_cache' from command line to 'False'
[0.258s] Level 5:colcon.colcon_core.verb:set package 'description' build argument 'cmake_clean_first' from command line to 'False'
[0.258s] Level 5:colcon.colcon_core.verb:set package 'description' build argument 'cmake_force_configure' from command line to 'False'
[0.258s] Level 5:colcon.colcon_core.verb:set package 'description' build argument 'ament_cmake_args' from command line to 'None'
[0.258s] Level 5:colcon.colcon_core.verb:set package 'description' build argument 'catkin_cmake_args' from command line to 'None'
[0.258s] Level 5:colcon.colcon_core.verb:set package 'description' build argument 'catkin_skip_building_tests' from command line to 'False'
[0.258s] DEBUG:colcon.colcon_core.verb:Building package 'description' with the following arguments: {'ament_cmake_args': None, 'build_base': '/home/artificer/Desktop/ROV2026/build/description', 'catkin_cmake_args': None, 'catkin_skip_building_tests': False, 'cmake_args': None, 'cmake_clean_cache': False, 'cmake_clean_first': False, 'cmake_force_configure': False, 'cmake_target': None, 'cmake_target_skip_unavailable': False, 'install_base': '/home/artificer/Desktop/ROV2026/install/description', 'merge_install': False, 'path': '/home/artificer/Desktop/ROV2026/src/description', 'symlink_install': False, 'test_result_base': None}
[0.258s] Level 5:colcon.colcon_core.verb:set package 'dummy_hardware' build argument 'cmake_args' from command line to 'None'
[0.258s] Level 5:colcon.colcon_core.verb:set package 'dummy_hardware' build argument 'cmake_target' from command line to 'None'
[0.258s] Level 5:colcon.colcon_core.verb:set package 'dummy_hardware' build argument 'cmake_target_skip_unavailable' from command line to 'False'
[0.258s] Level 5:colcon.colcon_core.verb:set package 'dummy_hardware' build argument 'cmake_clean_cache' from command line to 'False'
[0.258s] Level 5:colcon.colcon_core.verb:set package 'dummy_hardware' build argument 'cmake_clean_first' from command line to 'False'
[0.258s] Level 5:colcon.colcon_core.verb:set package 'dummy_hardware' build argument 'cmake_force_configure' from command line to 'False'
[0.258s] Level 5:colcon.colcon_core.verb:set package 'dummy_hardware' build argument 'ament_cmake_args' from command line to 'None'
[0.258s] Level 5:colcon.colcon_core.verb:set package 'dummy_hardware' build argument 'catkin_cmake_args' from command line to 'None'
[0.258s] Level 5:colcon.colcon_core.verb:set package 'dummy_hardware' build argument 'catkin_skip_building_tests' from command line to 'False'
[0.258s] DEBUG:colcon.colcon_core.verb:Building package 'dummy_hardware' with the following arguments: {'ament_cmake_args': None, 'build_base': '/home/artificer/Desktop/ROV2026/build/dummy_hardware', 'catkin_cmake_args': None, 'catkin_skip_building_tests': False, 'cmake_args': None, 'cmake_clean_cache': False, 'cmake_clean_first': False, 'cmake_force_configure': False, 'cmake_target': None, 'cmake_target_skip_unavailable': False, 'install_base': '/home/artificer/Desktop/ROV2026/install/dummy_hardware', 'merge_install': False, 'path': '/home/artificer/Desktop/ROV2026/src/dummy_hardware', 'symlink_install': False, 'test_result_base': None}
[0.259s] Level 5:colcon.colcon_core.verb:set package 'rov_control' build argument 'cmake_args' from command line to 'None'
[0.259s] Level 5:colcon.colcon_core.verb:set package 'rov_control' build argument 'cmake_target' from command line to 'None'
[0.259s] Level 5:colcon.colcon_core.verb:set package 'rov_control' build argument 'cmake_target_skip_unavailable' from command line to 'False'
[0.259s] Level 5:colcon.colcon_core.verb:set package 'rov_control' build argument 'cmake_clean_cache' from command line to 'False'
[0.259s] Level 5:colcon.colcon_core.verb:set package 'rov_control' build argument 'cmake_clean_first' from command line to 'False'
[0.259s] Level 5:colcon.colcon_core.verb:set package 'rov_control' build argument 'cmake_force_configure' from command line to 'False'
[0.259s] Level 5:colcon.colcon_core.verb:set package 'rov_control' build argument 'ament_cmake_args' from command line to 'None'
[0.259s] Level 5:colcon.colcon_core.verb:set package 'rov_control' build argument 'catkin_cmake_args' from command line to 'None'
[0.259s] Level 5:colcon.colcon_core.verb:set package 'rov_control' build argument 'catkin_skip_building_tests' from command line to 'False'
[0.259s] DEBUG:colcon.colcon_core.verb:Building package 'rov_control' with the following arguments: {'ament_cmake_args': None, 'build_base': '/home/artificer/Desktop/ROV2026/build/rov_control', 'catkin_cmake_args': None, 'catkin_skip_building_tests': False, 'cmake_args': None, 'cmake_clean_cache': False, 'cmake_clean_first': False, 'cmake_force_configure': False, 'cmake_target': None, 'cmake_target_skip_unavailable': False, 'install_base': '/home/artificer/Desktop/ROV2026/install/rov_control', 'merge_install': False, 'path': '/home/artificer/Desktop/ROV2026/src/rov_control', 'symlink_install': False, 'test_result_base': None}
[0.259s] INFO:colcon.colcon_core.executor:Executing jobs using 'parallel' executor
[0.260s] DEBUG:colcon.colcon_parallel_executor.executor.parallel:run_until_complete
[0.260s] INFO:colcon.colcon_ros.task.ament_cmake.build:Building ROS package in '/home/artificer/Desktop/ROV2026/src/description' with build type 'ament_cmake'
[0.260s] INFO:colcon.colcon_cmake.task.cmake.build:Building CMake package in '/home/artificer/Desktop/ROV2026/src/description'
[0.263s] INFO:colcon.colcon_core.plugin_system:Skipping extension 'colcon_core.shell.bat': Not used on non-Windows systems
[0.263s] INFO:colcon.colcon_core.shell:Skip shell extension 'powershell' for command environment: Not usable outside of PowerShell
[0.263s] DEBUG:colcon.colcon_core.shell:Skip shell extension 'dsv' for command environment
[0.266s] INFO:colcon.colcon_ros.task.ament_cmake.build:Building ROS package in '/home/artificer/Desktop/ROV2026/src/dummy_hardware' with build type 'ament_cmake'
[0.267s] INFO:colcon.colcon_cmake.task.cmake.build:Building CMake package in '/home/artificer/Desktop/ROV2026/src/dummy_hardware'
[0.267s] INFO:colcon.colcon_core.shell:Skip shell extension 'powershell' for command environment: Not usable outside of PowerShell
[0.267s] DEBUG:colcon.colcon_core.shell:Skip shell extension 'dsv' for command environment
[0.269s] INFO:colcon.colcon_ros.task.ament_cmake.build:Building ROS package in '/home/artificer/Desktop/ROV2026/src/rov_control' with build type 'ament_cmake'
[0.269s] INFO:colcon.colcon_cmake.task.cmake.build:Building CMake package in '/home/artificer/Desktop/ROV2026/src/rov_control'
[0.269s] INFO:colcon.colcon_core.shell:Skip shell extension 'powershell' for command environment: Not usable outside of PowerShell
[0.269s] DEBUG:colcon.colcon_core.shell:Skip shell extension 'dsv' for command environment
[0.275s] DEBUG:colcon.colcon_core.event_handler.log_command:Invoking command in '/home/artificer/Desktop/ROV2026/build/description': CMAKE_PREFIX_PATH=${CMAKE_PREFIX_PATH}:/opt/ros/jazzy /usr/bin/cmake /home/artificer/Desktop/ROV2026/src/description -DCMAKE_INSTALL_PREFIX=/home/artificer/Desktop/ROV2026/install/description
[0.277s] DEBUG:colcon.colcon_core.event_handler.log_command:Invoking command in '/home/artificer/Desktop/ROV2026/build/dummy_hardware': CMAKE_PREFIX_PATH=${CMAKE_PREFIX_PATH}:/opt/ros/jazzy /usr/bin/cmake /home/artificer/Desktop/ROV2026/src/dummy_hardware -DCMAKE_INSTALL_PREFIX=/home/artificer/Desktop/ROV2026/install/dummy_hardware
[0.282s] DEBUG:colcon.colcon_core.event_handler.log_command:Invoking command in '/home/artificer/Desktop/ROV2026/build/rov_control': CMAKE_PREFIX_PATH=${CMAKE_PREFIX_PATH}:/opt/ros/jazzy /usr/bin/cmake /home/artificer/Desktop/ROV2026/src/rov_control -DCMAKE_INSTALL_PREFIX=/home/artificer/Desktop/ROV2026/install/rov_control
[0.624s] DEBUG:colcon.colcon_core.event_handler.log_command:Invoked command in '/home/artificer/Desktop/ROV2026/build/description' returned '0': CMAKE_PREFIX_PATH=${CMAKE_PREFIX_PATH}:/opt/ros/jazzy /usr/bin/cmake /home/artificer/Desktop/ROV2026/src/description -DCMAKE_INSTALL_PREFIX=/home/artificer/Desktop/ROV2026/install/description
[0.624s] DEBUG:colcon.colcon_core.event_handler.log_command:Invoking command in '/home/artificer/Desktop/ROV2026/build/description': CMAKE_PREFIX_PATH=${CMAKE_PREFIX_PATH}:/opt/ros/jazzy /usr/bin/cmake --build /home/artificer/Desktop/ROV2026/build/description -- -j12 -l12
[0.662s] DEBUG:colcon.colcon_core.event_handler.log_command:Invoked command in '/home/artificer/Desktop/ROV2026/build/description' returned '0': CMAKE_PREFIX_PATH=${CMAKE_PREFIX_PATH}:/opt/ros/jazzy /usr/bin/cmake --build /home/artificer/Desktop/ROV2026/build/description -- -j12 -l12
[0.673s] DEBUG:colcon.colcon_core.event_handler.log_command:Invoking command in '/home/artificer/Desktop/ROV2026/build/description': CMAKE_PREFIX_PATH=${CMAKE_PREFIX_PATH}:/opt/ros/jazzy /usr/bin/cmake --install /home/artificer/Desktop/ROV2026/build/description
[0.697s] Level 1:colcon.colcon_core.environment:create_environment_scripts_only(description)
[0.698s] DEBUG:colcon.colcon_core.event_handler.log_command:Invoked command in '/home/artificer/Desktop/ROV2026/build/description' returned '0': CMAKE_PREFIX_PATH=${CMAKE_PREFIX_PATH}:/opt/ros/jazzy /usr/bin/cmake --install /home/artificer/Desktop/ROV2026/build/description
[0.701s] Level 1:colcon.colcon_core.environment:checking '/home/artificer/Desktop/ROV2026/install/description' for CMake module files
[0.702s] Level 1:colcon.colcon_core.environment:checking '/home/artificer/Desktop/ROV2026/install/description' for CMake config files
[0.702s] Level 1:colcon.colcon_core.shell:create_environment_hook('description', 'cmake_prefix_path')
[0.702s] INFO:colcon.colcon_core.shell:Creating environment hook '/home/artificer/Desktop/ROV2026/install/description/share/description/hook/cmake_prefix_path.ps1'
[0.703s] INFO:colcon.colcon_core.shell:Creating environment descriptor '/home/artificer/Desktop/ROV2026/install/description/share/description/hook/cmake_prefix_path.dsv'
[0.703s] INFO:colcon.colcon_core.shell:Creating environment hook '/home/artificer/Desktop/ROV2026/install/description/share/description/hook/cmake_prefix_path.sh'
[0.704s] Level 1:colcon.colcon_core.environment:checking '/home/artificer/Desktop/ROV2026/install/description/bin'
[0.704s] Level 1:colcon.colcon_core.environment:checking '/home/artificer/Desktop/ROV2026/install/description/lib/pkgconfig/description.pc'
[0.704s] Level 1:colcon.colcon_core.environment:checking '/home/artificer/Desktop/ROV2026/install/description/lib/python3.12/site-packages'
[0.704s] Level 1:colcon.colcon_core.environment:checking '/home/artificer/Desktop/ROV2026/install/description/bin'
[0.704s] INFO:colcon.colcon_core.shell:Creating package script '/home/artificer/Desktop/ROV2026/install/description/share/description/package.ps1'
[0.705s] INFO:colcon.colcon_core.shell:Creating package descriptor '/home/artificer/Desktop/ROV2026/install/description/share/description/package.dsv'
[0.705s] INFO:colcon.colcon_core.shell:Creating package script '/home/artificer/Desktop/ROV2026/install/description/share/description/package.sh'
[0.706s] INFO:colcon.colcon_core.shell:Creating package script '/home/artificer/Desktop/ROV2026/install/description/share/description/package.bash'
[0.707s] INFO:colcon.colcon_core.shell:Creating package script '/home/artificer/Desktop/ROV2026/install/description/share/description/package.zsh'
[0.707s] Level 1:colcon.colcon_core.environment:create_file_with_runtime_dependencies(/home/artificer/Desktop/ROV2026/install/description/share/colcon-core/packages/description)
[0.708s] Level 1:colcon.colcon_core.environment:create_environment_scripts_only(description)
[0.708s] Level 1:colcon.colcon_core.environment:checking '/home/artificer/Desktop/ROV2026/install/description' for CMake module files
[0.709s] Level 1:colcon.colcon_core.environment:checking '/home/artificer/Desktop/ROV2026/install/description' for CMake config files
[0.709s] Level 1:colcon.colcon_core.shell:create_environment_hook('description', 'cmake_prefix_path')
[0.709s] INFO:colcon.colcon_core.shell:Creating environment hook '/home/artificer/Desktop/ROV2026/install/description/share/description/hook/cmake_prefix_path.ps1'
[0.710s] INFO:colcon.colcon_core.shell:Creating environment descriptor '/home/artificer/Desktop/ROV2026/install/description/share/description/hook/cmake_prefix_path.dsv'
[0.710s] INFO:colcon.colcon_core.shell:Creating environment hook '/home/artificer/Desktop/ROV2026/install/description/share/description/hook/cmake_prefix_path.sh'
[0.711s] Level 1:colcon.colcon_core.environment:checking '/home/artificer/Desktop/ROV2026/install/description/bin'
[0.711s] Level 1:colcon.colcon_core.environment:checking '/home/artificer/Desktop/ROV2026/install/description/lib/pkgconfig/description.pc'
[0.711s] Level 1:colcon.colcon_core.environment:checking '/home/artificer/Desktop/ROV2026/install/description/lib/python3.12/site-packages'
[0.711s] Level 1:colcon.colcon_core.environment:checking '/home/artificer/Desktop/ROV2026/install/description/bin'
[0.712s] INFO:colcon.colcon_core.shell:Creating package script '/home/artificer/Desktop/ROV2026/install/description/share/description/package.ps1'
[0.712s] INFO:colcon.colcon_core.shell:Creating package descriptor '/home/artificer/Desktop/ROV2026/install/description/share/description/package.dsv'
[0.713s] INFO:colcon.colcon_core.shell:Creating package script '/home/artificer/Desktop/ROV2026/install/description/share/description/package.sh'
[0.713s] INFO:colcon.colcon_core.shell:Creating package script '/home/artificer/Desktop/ROV2026/install/description/share/description/package.bash'
[0.713s] INFO:colcon.colcon_core.shell:Creating package script '/home/artificer/Desktop/ROV2026/install/description/share/description/package.zsh'
[0.714s] Level 1:colcon.colcon_core.environment:create_file_with_runtime_dependencies(/home/artificer/Desktop/ROV2026/install/description/share/colcon-core/packages/description)
[1.224s] DEBUG:colcon.colcon_core.event_handler.log_command:Invoked command in '/home/artificer/Desktop/ROV2026/build/dummy_hardware' returned '0': CMAKE_PREFIX_PATH=${CMAKE_PREFIX_PATH}:/opt/ros/jazzy /usr/bin/cmake /home/artificer/Desktop/ROV2026/src/dummy_hardware -DCMAKE_INSTALL_PREFIX=/home/artificer/Desktop/ROV2026/install/dummy_hardware
[1.225s] DEBUG:colcon.colcon_core.event_handler.log_command:Invoking command in '/home/artificer/Desktop/ROV2026/build/dummy_hardware': CMAKE_PREFIX_PATH=${CMAKE_PREFIX_PATH}:/opt/ros/jazzy /usr/bin/cmake --build /home/artificer/Desktop/ROV2026/build/dummy_hardware -- -j12 -l12
[1.299s] DEBUG:colcon.colcon_core.event_handler.log_command:Invoked command in '/home/artificer/Desktop/ROV2026/build/dummy_hardware' returned '0': CMAKE_PREFIX_PATH=${CMAKE_PREFIX_PATH}:/opt/ros/jazzy /usr/bin/cmake --build /home/artificer/Desktop/ROV2026/build/dummy_hardware -- -j12 -l12
[1.300s] DEBUG:colcon.colcon_core.event_handler.log_command:Invoking command in '/home/artificer/Desktop/ROV2026/build/dummy_hardware': CMAKE_PREFIX_PATH=${CMAKE_PREFIX_PATH}:/opt/ros/jazzy /usr/bin/cmake --install /home/artificer/Desktop/ROV2026/build/dummy_hardware
[1.321s] Level 1:colcon.colcon_core.environment:create_environment_scripts_only(dummy_hardware)
[1.322s] Level 1:colcon.colcon_core.environment:checking '/home/artificer/Desktop/ROV2026/install/dummy_hardware' for CMake module files
[1.322s] DEBUG:colcon.colcon_core.event_handler.log_command:Invoked command in '/home/artificer/Desktop/ROV2026/build/dummy_hardware' returned '0': CMAKE_PREFIX_PATH=${CMAKE_PREFIX_PATH}:/opt/ros/jazzy /usr/bin/cmake --install /home/artificer/Desktop/ROV2026/build/dummy_hardware
[1.322s] Level 1:colcon.colcon_core.environment:checking '/home/artificer/Desktop/ROV2026/install/dummy_hardware' for CMake config files
[1.323s] Level 1:colcon.colcon_core.shell:create_environment_hook('dummy_hardware', 'cmake_prefix_path')
[1.323s] INFO:colcon.colcon_core.shell:Creating environment hook '/home/artificer/Desktop/ROV2026/install/dummy_hardware/share/dummy_hardware/hook/cmake_prefix_path.ps1'
[1.323s] INFO:colcon.colcon_core.shell:Creating environment descriptor '/home/artificer/Desktop/ROV2026/install/dummy_hardware/share/dummy_hardware/hook/cmake_prefix_path.dsv'
[1.323s] INFO:colcon.colcon_core.shell:Creating environment hook '/home/artificer/Desktop/ROV2026/install/dummy_hardware/share/dummy_hardware/hook/cmake_prefix_path.sh'
[1.324s] Level 1:colcon.colcon_core.environment:checking '/home/artificer/Desktop/ROV2026/install/dummy_hardware/lib'
[1.324s] Level 1:colcon.colcon_core.shell:create_environment_hook('dummy_hardware', 'ld_library_path_lib')
[1.324s] INFO:colcon.colcon_core.shell:Creating environment hook '/home/artificer/Desktop/ROV2026/install/dummy_hardware/share/dummy_hardware/hook/ld_library_path_lib.ps1'
[1.324s] INFO:colcon.colcon_core.shell:Creating environment descriptor '/home/artificer/Desktop/ROV2026/install/dummy_hardware/share/dummy_hardware/hook/ld_library_path_lib.dsv'
[1.325s] INFO:colcon.colcon_core.shell:Creating environment hook '/home/artificer/Desktop/ROV2026/install/dummy_hardware/share/dummy_hardware/hook/ld_library_path_lib.sh'
[1.325s] Level 1:colcon.colcon_core.environment:checking '/home/artificer/Desktop/ROV2026/install/dummy_hardware/bin'
[1.325s] Level 1:colcon.colcon_core.environment:checking '/home/artificer/Desktop/ROV2026/install/dummy_hardware/lib/pkgconfig/dummy_hardware.pc'
[1.325s] Level 1:colcon.colcon_core.environment:checking '/home/artificer/Desktop/ROV2026/install/dummy_hardware/lib/python3.12/site-packages'
[1.325s] Level 1:colcon.colcon_core.environment:checking '/home/artificer/Desktop/ROV2026/install/dummy_hardware/bin'
[1.325s] INFO:colcon.colcon_core.shell:Creating package script '/home/artificer/Desktop/ROV2026/install/dummy_hardware/share/dummy_hardware/package.ps1'
[1.326s] INFO:colcon.colcon_core.shell:Creating package descriptor '/home/artificer/Desktop/ROV2026/install/dummy_hardware/share/dummy_hardware/package.dsv'
[1.326s] INFO:colcon.colcon_core.shell:Creating package script '/home/artificer/Desktop/ROV2026/install/dummy_hardware/share/dummy_hardware/package.sh'
[1.327s] INFO:colcon.colcon_core.shell:Creating package script '/home/artificer/Desktop/ROV2026/install/dummy_hardware/share/dummy_hardware/package.bash'
[1.327s] INFO:colcon.colcon_core.shell:Creating package script '/home/artificer/Desktop/ROV2026/install/dummy_hardware/share/dummy_hardware/package.zsh'
[1.327s] Level 1:colcon.colcon_core.environment:create_file_with_runtime_dependencies(/home/artificer/Desktop/ROV2026/install/dummy_hardware/share/colcon-core/packages/dummy_hardware)
[1.327s] Level 1:colcon.colcon_core.environment:create_environment_scripts_only(dummy_hardware)
[1.327s] Level 1:colcon.colcon_core.environment:checking '/home/artificer/Desktop/ROV2026/install/dummy_hardware' for CMake module files
[1.328s] Level 1:colcon.colcon_core.environment:checking '/home/artificer/Desktop/ROV2026/install/dummy_hardware' for CMake config files
[1.328s] Level 1:colcon.colcon_core.shell:create_environment_hook('dummy_hardware', 'cmake_prefix_path')
[1.328s] INFO:colcon.colcon_core.shell:Creating environment hook '/home/artificer/Desktop/ROV2026/install/dummy_hardware/share/dummy_hardware/hook/cmake_prefix_path.ps1'
[1.329s] INFO:colcon.colcon_core.shell:Creating environment descriptor '/home/artificer/Desktop/ROV2026/install/dummy_hardware/share/dummy_hardware/hook/cmake_prefix_path.dsv'
[1.329s] INFO:colcon.colcon_core.shell:Creating environment hook '/home/artificer/Desktop/ROV2026/install/dummy_hardware/share/dummy_hardware/hook/cmake_prefix_path.sh'
[1.329s] Level 1:colcon.colcon_core.environment:checking '/home/artificer/Desktop/ROV2026/install/dummy_hardware/lib'
[1.330s] Level 1:colcon.colcon_core.shell:create_environment_hook('dummy_hardware', 'ld_library_path_lib')
[1.330s] INFO:colcon.colcon_core.shell:Creating environment hook '/home/artificer/Desktop/ROV2026/install/dummy_hardware/share/dummy_hardware/hook/ld_library_path_lib.ps1'
[1.330s] INFO:colcon.colcon_core.shell:Creating environment descriptor '/home/artificer/Desktop/ROV2026/install/dummy_hardware/share/dummy_hardware/hook/ld_library_path_lib.dsv'
[1.330s] INFO:colcon.colcon_core.shell:Creating environment hook '/home/artificer/Desktop/ROV2026/install/dummy_hardware/share/dummy_hardware/hook/ld_library_path_lib.sh'
[1.331s] Level 1:colcon.colcon_core.environment:checking '/home/artificer/Desktop/ROV2026/install/dummy_hardware/bin'
[1.331s] Level 1:colcon.colcon_core.environment:checking '/home/artificer/Desktop/ROV2026/install/dummy_hardware/lib/pkgconfig/dummy_hardware.pc'
[1.331s] Level 1:colcon.colcon_core.environment:checking '/home/artificer/Desktop/ROV2026/install/dummy_hardware/lib/python3.12/site-packages'
[1.331s] Level 1:colcon.colcon_core.environment:checking '/home/artificer/Desktop/ROV2026/install/dummy_hardware/bin'
[1.332s] INFO:colcon.colcon_core.shell:Creating package script '/home/artificer/Desktop/ROV2026/install/dummy_hardware/share/dummy_hardware/package.ps1'
[1.332s] INFO:colcon.colcon_core.shell:Creating package descriptor '/home/artificer/Desktop/ROV2026/install/dummy_hardware/share/dummy_hardware/package.dsv'
[1.333s] INFO:colcon.colcon_core.shell:Creating package script '/home/artificer/Desktop/ROV2026/install/dummy_hardware/share/dummy_hardware/package.sh'
[1.333s] INFO:colcon.colcon_core.shell:Creating package script '/home/artificer/Desktop/ROV2026/install/dummy_hardware/share/dummy_hardware/package.bash'
[1.333s] INFO:colcon.colcon_core.shell:Creating package script '/home/artificer/Desktop/ROV2026/install/dummy_hardware/share/dummy_hardware/package.zsh'
[1.334s] Level 1:colcon.colcon_core.environment:create_file_with_runtime_dependencies(/home/artificer/Desktop/ROV2026/install/dummy_hardware/share/colcon-core/packages/dummy_hardware)
[2.143s] DEBUG:colcon.colcon_core.event_handler.log_command:Invoked command in '/home/artificer/Desktop/ROV2026/build/rov_control' returned '0': CMAKE_PREFIX_PATH=${CMAKE_PREFIX_PATH}:/opt/ros/jazzy /usr/bin/cmake /home/artificer/Desktop/ROV2026/src/rov_control -DCMAKE_INSTALL_PREFIX=/home/artificer/Desktop/ROV2026/install/rov_control
[2.143s] DEBUG:colcon.colcon_core.event_handler.log_command:Invoking command in '/home/artificer/Desktop/ROV2026/build/rov_control': CMAKE_PREFIX_PATH=${CMAKE_PREFIX_PATH}:/opt/ros/jazzy /usr/bin/cmake --build /home/artificer/Desktop/ROV2026/build/rov_control -- -j12 -l12
[2.308s] DEBUG:colcon.colcon_core.event_handler.log_command:Invoked command in '/home/artificer/Desktop/ROV2026/build/rov_control' returned '0': CMAKE_PREFIX_PATH=${CMAKE_PREFIX_PATH}:/opt/ros/jazzy /usr/bin/cmake --build /home/artificer/Desktop/ROV2026/build/rov_control -- -j12 -l12
[2.309s] DEBUG:colcon.colcon_core.event_handler.log_command:Invoking command in '/home/artificer/Desktop/ROV2026/build/rov_control': CMAKE_PREFIX_PATH=${CMAKE_PREFIX_PATH}:/opt/ros/jazzy /usr/bin/cmake --install /home/artificer/Desktop/ROV2026/build/rov_control
[2.342s] Level 1:colcon.colcon_core.environment:create_environment_scripts_only(rov_control)
[2.343s] Level 1:colcon.colcon_core.environment:checking '/home/artificer/Desktop/ROV2026/install/rov_control' for CMake module files
[2.343s] DEBUG:colcon.colcon_core.event_handler.log_command:Invoked command in '/home/artificer/Desktop/ROV2026/build/rov_control' returned '0': CMAKE_PREFIX_PATH=${CMAKE_PREFIX_PATH}:/opt/ros/jazzy /usr/bin/cmake --install /home/artificer/Desktop/ROV2026/build/rov_control
[2.344s] Level 1:colcon.colcon_core.environment:checking '/home/artificer/Desktop/ROV2026/install/rov_control' for CMake config files
[2.344s] Level 1:colcon.colcon_core.shell:create_environment_hook('rov_control', 'cmake_prefix_path')
[2.344s] INFO:colcon.colcon_core.shell:Creating environment hook '/home/artificer/Desktop/ROV2026/install/rov_control/share/rov_control/hook/cmake_prefix_path.ps1'
[2.344s] INFO:colcon.colcon_core.shell:Creating environment descriptor '/home/artificer/Desktop/ROV2026/install/rov_control/share/rov_control/hook/cmake_prefix_path.dsv'
[2.345s] INFO:colcon.colcon_core.shell:Creating environment hook '/home/artificer/Desktop/ROV2026/install/rov_control/share/rov_control/hook/cmake_prefix_path.sh'
[2.345s] Level 1:colcon.colcon_core.environment:checking '/home/artificer/Desktop/ROV2026/install/rov_control/lib'
[2.345s] Level 1:colcon.colcon_core.shell:create_environment_hook('rov_control', 'ld_library_path_lib')
[2.345s] INFO:colcon.colcon_core.shell:Creating environment hook '/home/artificer/Desktop/ROV2026/install/rov_control/share/rov_control/hook/ld_library_path_lib.ps1'
[2.346s] INFO:colcon.colcon_core.shell:Creating environment descriptor '/home/artificer/Desktop/ROV2026/install/rov_control/share/rov_control/hook/ld_library_path_lib.dsv'
[2.346s] INFO:colcon.colcon_core.shell:Creating environment hook '/home/artificer/Desktop/ROV2026/install/rov_control/share/rov_control/hook/ld_library_path_lib.sh'
[2.346s] Level 1:colcon.colcon_core.environment:checking '/home/artificer/Desktop/ROV2026/install/rov_control/bin'
[2.346s] Level 1:colcon.colcon_core.environment:checking '/home/artificer/Desktop/ROV2026/install/rov_control/lib/pkgconfig/rov_control.pc'
[2.347s] Level 1:colcon.colcon_core.environment:checking '/home/artificer/Desktop/ROV2026/install/rov_control/lib/python3.12/site-packages'
[2.347s] Level 1:colcon.colcon_core.environment:checking '/home/artificer/Desktop/ROV2026/install/rov_control/bin'
[2.347s] INFO:colcon.colcon_core.shell:Creating package script '/home/artificer/Desktop/ROV2026/install/rov_control/share/rov_control/package.ps1'
[2.348s] INFO:colcon.colcon_core.shell:Creating package descriptor '/home/artificer/Desktop/ROV2026/install/rov_control/share/rov_control/package.dsv'
[2.349s] INFO:colcon.colcon_core.shell:Creating package script '/home/artificer/Desktop/ROV2026/install/rov_control/share/rov_control/package.sh'
[2.349s] INFO:colcon.colcon_core.shell:Creating package script '/home/artificer/Desktop/ROV2026/install/rov_control/share/rov_control/package.bash'
[2.349s] INFO:colcon.colcon_core.shell:Creating package script '/home/artificer/Desktop/ROV2026/install/rov_control/share/rov_control/package.zsh'
[2.349s] Level 1:colcon.colcon_core.environment:create_file_with_runtime_dependencies(/home/artificer/Desktop/ROV2026/install/rov_control/share/colcon-core/packages/rov_control)
[2.350s] Level 1:colcon.colcon_core.environment:create_environment_scripts_only(rov_control)
[2.350s] Level 1:colcon.colcon_core.environment:checking '/home/artificer/Desktop/ROV2026/install/rov_control' for CMake module files
[2.350s] Level 1:colcon.colcon_core.environment:checking '/home/artificer/Desktop/ROV2026/install/rov_control' for CMake config files
[2.351s] Level 1:colcon.colcon_core.shell:create_environment_hook('rov_control', 'cmake_prefix_path')
[2.351s] INFO:colcon.colcon_core.shell:Creating environment hook '/home/artificer/Desktop/ROV2026/install/rov_control/share/rov_control/hook/cmake_prefix_path.ps1'
[2.351s] INFO:colcon.colcon_core.shell:Creating environment descriptor '/home/artificer/Desktop/ROV2026/install/rov_control/share/rov_control/hook/cmake_prefix_path.dsv'
[2.351s] INFO:colcon.colcon_core.shell:Creating environment hook '/home/artificer/Desktop/ROV2026/install/rov_control/share/rov_control/hook/cmake_prefix_path.sh'
[2.352s] Level 1:colcon.colcon_core.environment:checking '/home/artificer/Desktop/ROV2026/install/rov_control/lib'
[2.352s] Level 1:colcon.colcon_core.shell:create_environment_hook('rov_control', 'ld_library_path_lib')
[2.352s] INFO:colcon.colcon_core.shell:Creating environment hook '/home/artificer/Desktop/ROV2026/install/rov_control/share/rov_control/hook/ld_library_path_lib.ps1'
[2.352s] INFO:colcon.colcon_core.shell:Creating environment descriptor '/home/artificer/Desktop/ROV2026/install/rov_control/share/rov_control/hook/ld_library_path_lib.dsv'
[2.353s] INFO:colcon.colcon_core.shell:Creating environment hook '/home/artificer/Desktop/ROV2026/install/rov_control/share/rov_control/hook/ld_library_path_lib.sh'
[2.353s] Level 1:colcon.colcon_core.environment:checking '/home/artificer/Desktop/ROV2026/install/rov_control/bin'
[2.353s] Level 1:colcon.colcon_core.environment:checking '/home/artificer/Desktop/ROV2026/install/rov_control/lib/pkgconfig/rov_control.pc'
[2.353s] Level 1:colcon.colcon_core.environment:checking '/home/artificer/Desktop/ROV2026/install/rov_control/lib/python3.12/site-packages'
[2.353s] Level 1:colcon.colcon_core.environment:checking '/home/artificer/Desktop/ROV2026/install/rov_control/bin'
[2.353s] INFO:colcon.colcon_core.shell:Creating package script '/home/artificer/Desktop/ROV2026/install/rov_control/share/rov_control/package.ps1'
[2.354s] INFO:colcon.colcon_core.shell:Creating package descriptor '/home/artificer/Desktop/ROV2026/install/rov_control/share/rov_control/package.dsv'
[2.354s] INFO:colcon.colcon_core.shell:Creating package script '/home/artificer/Desktop/ROV2026/install/rov_control/share/rov_control/package.sh'
[2.354s] INFO:colcon.colcon_core.shell:Creating package script '/home/artificer/Desktop/ROV2026/install/rov_control/share/rov_control/package.bash'
[2.355s] INFO:colcon.colcon_core.shell:Creating package script '/home/artificer/Desktop/ROV2026/install/rov_control/share/rov_control/package.zsh'
[2.355s] Level 1:colcon.colcon_core.environment:create_file_with_runtime_dependencies(/home/artificer/Desktop/ROV2026/install/rov_control/share/colcon-core/packages/rov_control)
[2.355s] DEBUG:colcon.colcon_parallel_executor.executor.parallel:closing loop
[2.356s] DEBUG:colcon.colcon_parallel_executor.executor.parallel:loop closed
[2.356s] DEBUG:colcon.colcon_parallel_executor.executor.parallel:run_until_complete finished with '0'
[2.356s] DEBUG:colcon.colcon_core.event_reactor:joining thread
[2.361s] INFO:colcon.colcon_core.plugin_system:Skipping extension 'colcon_notification.desktop_notification.terminal_notifier': Not used on non-Darwin systems
[2.361s] INFO:colcon.colcon_core.plugin_system:Skipping extension 'colcon_notification.desktop_notification.win32': Not used on non-Windows systems
[2.361s] INFO:colcon.colcon_notification.desktop_notification:Sending desktop notification using 'notify2'
[2.364s] DEBUG:colcon.colcon_core.event_reactor:joined thread
[2.365s] INFO:colcon.colcon_core.shell:Creating prefix script '/home/artificer/Desktop/ROV2026/install/local_setup.ps1'
[2.366s] INFO:colcon.colcon_core.shell:Creating prefix util module '/home/artificer/Desktop/ROV2026/install/_local_setup_util_ps1.py'
[2.368s] INFO:colcon.colcon_core.shell:Creating prefix chain script '/home/artificer/Desktop/ROV2026/install/setup.ps1'
[2.369s] INFO:colcon.colcon_core.shell:Creating prefix script '/home/artificer/Desktop/ROV2026/install/local_setup.sh'
[2.369s] INFO:colcon.colcon_core.shell:Creating prefix util module '/home/artificer/Desktop/ROV2026/install/_local_setup_util_sh.py'
[2.370s] INFO:colcon.colcon_core.shell:Creating prefix chain script '/home/artificer/Desktop/ROV2026/install/setup.sh'
[2.371s] INFO:colcon.colcon_core.shell:Creating prefix script '/home/artificer/Desktop/ROV2026/install/local_setup.bash'
[2.371s] INFO:colcon.colcon_core.shell:Creating prefix chain script '/home/artificer/Desktop/ROV2026/install/setup.bash'
[2.372s] INFO:colcon.colcon_core.shell:Creating prefix script '/home/artificer/Desktop/ROV2026/install/local_setup.zsh'
[2.373s] INFO:colcon.colcon_core.shell:Creating prefix chain script '/home/artificer/Desktop/ROV2026/install/setup.zsh'
