[0.009s] Invoking command in '/home/student/Desktop/ROV2026/build/rov_control': CMAKE_PREFIX_PATH=${CMAKE_PREFIX_PATH}:/opt/ros/jazzy /usr/bin/cmake --build /home/student/Desktop/ROV2026/build/rov_control -- -j6 -l6
[0.039s] -- Found ament_cmake: 2.5.4 (/opt/ros/jazzy/share/ament_cmake/cmake)
[0.217s] -- Found rclcpp: 28.1.9 (/opt/ros/jazzy/share/rclcpp/cmake)
[0.242s] -- Found rosidl_generator_c: 4.6.5 (/opt/ros/jazzy/share/rosidl_generator_c/cmake)
[0.251s] -- Found rosidl_generator_cpp: 4.6.5 (/opt/ros/jazzy/share/rosidl_generator_cpp/cmake)
[0.261s] -- Using all available rosidl_typesupport_c: rosidl_typesupport_fastrtps_c;rosidl_typesupport_introspection_c
[0.273s] -- Using all available rosidl_typesupport_cpp: rosidl_typesupport_fastrtps_cpp;rosidl_typesupport_introspection_cpp
[0.330s] -- Found rmw_implementation_cmake: 7.3.2 (/opt/ros/jazzy/share/rmw_implementation_cmake/cmake)
[0.331s] -- Found rmw_fastrtps_cpp: 8.4.2 (/opt/ros/jazzy/share/rmw_fastrtps_cpp/cmake)
[0.385s] -- Using RMW implementation 'rmw_fastrtps_cpp' as default
[0.444s] -- Found hardware_interface: 4.29.0 (/opt/ros/jazzy/share/hardware_interface/cmake)
[0.670s] -- Found controller_interface: 4.29.0 (/opt/ros/jazzy/share/controller_interface/cmake)
[0.677s] -- Debug mode: 
[0.677s] -- We are on a Linux system
[0.677s] -- Embedded mode: OFF
[0.677s] -- Algebra backend: builtin
[0.677s] -- Solver profiling: ON
[0.677s] -- Solver interrupt: ON
[0.677s] -- Using double precision floating-point
[0.677s] -- Using long integers
[0.677s] -- Code generation: ON
[0.677s] -- Derivative support: ON
[0.683s] -- Fetching/configuring QDLDL solver
[1.163s] --   Using double precision floats
[1.163s] --   Long integers (64bit) are ON
[1.164s] --   Static library build is OFF
[1.164s] --   Shared library build is OFF
[1.164s] --   Demo executable build is OFF
[1.165s] --   Not building demo executable
[1.165s] --   Unit testing suite build is OFF
[1.165s] -- Build static library: ON
[1.165s] -- Build shared library: ON
[1.165s] -- Build demo executable: ON
[1.245s] -- Configuring done (1.2s)
[1.298s] -- Generating done (0.0s)
[1.311s] -- Build files have been written to: /home/student/Desktop/ROV2026/build/rov_control
[1.347s] [  3%] Built target copy_codegen_makefile
[1.347s] [ 20%] Built target copy_codegen_incs
[1.349s] [ 38%] Built target copy_codegen_linalg
[1.352s] [ 39%] Built target qdldlobject
[1.353s] [ 41%] Built target gamepad_parser_node
[1.354s] [ 43%] Built target rov_control
[1.363s] [ 48%] Built target copy_codegen_srcs
[1.379s] [ 50%] Built target copy_codegen_files
[1.380s] [ 79%] Built target OSQPLIB
[1.398s] [ 83%] Built target osqp
[1.398s] [ 83%] Built target osqpstatic
[1.416s] [ 88%] Built target osqp_simple_demo
[1.416s] [ 88%] Built target osqp_codegen_demo
[1.419s] [ 97%] Built target osqp_demo
[1.427s] [100%] Built target axis_to_command_controller
[1.437s] Invoked command in '/home/student/Desktop/ROV2026/build/rov_control' returned '0': CMAKE_PREFIX_PATH=${CMAKE_PREFIX_PATH}:/opt/ros/jazzy /usr/bin/cmake --build /home/student/Desktop/ROV2026/build/rov_control -- -j6 -l6
[1.438s] Invoking command in '/home/student/Desktop/ROV2026/build/rov_control': CMAKE_PREFIX_PATH=${CMAKE_PREFIX_PATH}:/opt/ros/jazzy /usr/bin/cmake --install /home/student/Desktop/ROV2026/build/rov_control
[1.445s] -- Install configuration: ""
[1.445s] -- Up-to-date: /home/student/Desktop/ROV2026/install/rov_control/include/qdldl/qdldl.h
[1.446s] -- Up-to-date: /home/student/Desktop/ROV2026/install/rov_control/include/qdldl/qdldl_types.h
[1.446s] -- Up-to-date: /home/student/Desktop/ROV2026/install/rov_control/include/qdldl/qdldl_version.h
[1.446s] -- Up-to-date: /home/student/Desktop/ROV2026/install/rov_control/include/osqp/osqp.h
[1.446s] -- Up-to-date: /home/student/Desktop/ROV2026/install/rov_control/include/osqp/osqp_api_constants.h
[1.446s] -- Up-to-date: /home/student/Desktop/ROV2026/install/rov_control/include/osqp/osqp_api_functions.h
[1.446s] -- Up-to-date: /home/student/Desktop/ROV2026/install/rov_control/include/osqp/osqp_api_types.h
[1.446s] -- Up-to-date: /home/student/Desktop/ROV2026/install/rov_control/include/osqp/osqp_export_define.h
[1.446s] -- Up-to-date: /home/student/Desktop/ROV2026/install/rov_control/include/osqp/osqp_configure.h
[1.446s] -- Up-to-date: /home/student/Desktop/ROV2026/install/rov_control/lib/libosqpstatic.a
[1.446s] -- Up-to-date: /home/student/Desktop/ROV2026/install/rov_control/lib/cmake/osqp/osqpstatic-targets.cmake
[1.446s] -- Up-to-date: /home/student/Desktop/ROV2026/install/rov_control/lib/cmake/osqp/osqpstatic-targets-noconfig.cmake
[1.447s] -- Up-to-date: /home/student/Desktop/ROV2026/install/rov_control/lib/libosqp.so
[1.447s] -- Up-to-date: /home/student/Desktop/ROV2026/install/rov_control/lib/cmake/osqp/osqp-targets.cmake
[1.447s] -- Up-to-date: /home/student/Desktop/ROV2026/install/rov_control/lib/cmake/osqp/osqp-targets-noconfig.cmake
[1.447s] -- Up-to-date: /home/student/Desktop/ROV2026/install/rov_control/lib/cmake/osqp/osqp-config.cmake
[1.447s] -- Up-to-date: /home/student/Desktop/ROV2026/install/rov_control/lib/cmake/osqp/osqp-config-version.cmake
[1.447s] -- Up-to-date: /home/student/Desktop/ROV2026/install/rov_control/share/osqp/codegen_files
[1.447s] -- Up-to-date: /home/student/Desktop/ROV2026/install/rov_control/share/osqp/codegen_files/src
[1.447s] -- Up-to-date: /home/student/Desktop/ROV2026/install/rov_control/share/osqp/codegen_files/src/scaling.c
[1.447s] -- Up-to-date: /home/student/Desktop/ROV2026/install/rov_control/share/osqp/codegen_files/src/util.c
[1.447s] -- Up-to-date: /home/student/Desktop/ROV2026/install/rov_control/share/osqp/codegen_files/src/qdldl.c
[1.447s] -- Up-to-date: /home/student/Desktop/ROV2026/install/rov_control/share/osqp/codegen_files/src/vector.c
[1.447s] -- Up-to-date: /home/student/Desktop/ROV2026/install/rov_control/share/osqp/codegen_files/src/osqp_api.c
[1.447s] -- Up-to-date: /home/student/Desktop/ROV2026/install/rov_control/share/osqp/codegen_files/src/qdldl_interface.c
[1.447s] -- Up-to-date: /home/student/Desktop/ROV2026/install/rov_control/share/osqp/codegen_files/src/auxil.c
[1.447s] -- Up-to-date: /home/student/Desktop/ROV2026/install/rov_control/share/osqp/codegen_files/src/kkt.c
[1.448s] -- Up-to-date: /home/student/Desktop/ROV2026/install/rov_control/share/osqp/codegen_files/src/csc_utils.c
[1.448s] -- Up-to-date: /home/student/Desktop/ROV2026/install/rov_control/share/osqp/codegen_files/src/error.c
[1.448s] -- Up-to-date: /home/student/Desktop/ROV2026/install/rov_control/share/osqp/codegen_files/src/matrix.c
[1.448s] -- Up-to-date: /home/student/Desktop/ROV2026/install/rov_control/share/osqp/codegen_files/src/algebra_libs.c
[1.448s] -- Up-to-date: /home/student/Desktop/ROV2026/install/rov_control/share/osqp/codegen_files/src/csc_math.c
[1.448s] -- Up-to-date: /home/student/Desktop/ROV2026/install/rov_control/share/osqp/codegen_files/inc
[1.448s] -- Up-to-date: /home/student/Desktop/ROV2026/install/rov_control/share/osqp/codegen_files/inc/public
[1.448s] -- Up-to-date: /home/student/Desktop/ROV2026/install/rov_control/share/osqp/codegen_files/inc/public/osqp_api_functions.h
[1.448s] -- Up-to-date: /home/student/Desktop/ROV2026/install/rov_control/share/osqp/codegen_files/inc/public/osqp_api_types.h
[1.448s] -- Up-to-date: /home/student/Desktop/ROV2026/install/rov_control/share/osqp/codegen_files/inc/public/osqp.h
[1.448s] -- Up-to-date: /home/student/Desktop/ROV2026/install/rov_control/share/osqp/codegen_files/inc/public/osqp_api_constants.h
[1.448s] -- Up-to-date: /home/student/Desktop/ROV2026/install/rov_control/share/osqp/codegen_files/inc/public/osqp_export_define.h
[1.448s] -- Up-to-date: /home/student/Desktop/ROV2026/install/rov_control/share/osqp/codegen_files/inc/private
[1.448s] -- Up-to-date: /home/student/Desktop/ROV2026/install/rov_control/share/osqp/codegen_files/inc/private/auxil.h
[1.448s] -- Up-to-date: /home/student/Desktop/ROV2026/install/rov_control/share/osqp/codegen_files/inc/private/timing.h
[1.448s] -- Up-to-date: /home/student/Desktop/ROV2026/install/rov_control/share/osqp/codegen_files/inc/private/qdldl_interface.h
[1.448s] -- Up-to-date: /home/student/Desktop/ROV2026/install/rov_control/share/osqp/codegen_files/inc/private/version.h
[1.449s] -- Up-to-date: /home/student/Desktop/ROV2026/install/rov_control/share/osqp/codegen_files/inc/private/printing.h
[1.449s] -- Up-to-date: /home/student/Desktop/ROV2026/install/rov_control/share/osqp/codegen_files/inc/private/scaling.h
[1.449s] -- Up-to-date: /home/student/Desktop/ROV2026/install/rov_control/share/osqp/codegen_files/inc/private/csc_utils.h
[1.449s] -- Up-to-date: /home/student/Desktop/ROV2026/install/rov_control/share/osqp/codegen_files/inc/private/error.h
[1.449s] -- Up-to-date: /home/student/Desktop/ROV2026/install/rov_control/share/osqp/codegen_files/inc/private/types.h
[1.449s] -- Up-to-date: /home/student/Desktop/ROV2026/install/rov_control/share/osqp/codegen_files/inc/private/csc_math.h
[1.449s] -- Up-to-date: /home/student/Desktop/ROV2026/install/rov_control/share/osqp/codegen_files/inc/private/qdldl_types.h
[1.449s] -- Up-to-date: /home/student/Desktop/ROV2026/install/rov_control/share/osqp/codegen_files/inc/private/profilers.h
[1.449s] -- Up-to-date: /home/student/Desktop/ROV2026/install/rov_control/share/osqp/codegen_files/inc/private/algebra_matrix.h
[1.449s] -- Up-to-date: /home/student/Desktop/ROV2026/install/rov_control/share/osqp/codegen_files/inc/private/qdldl_version.h
[1.449s] -- Up-to-date: /home/student/Desktop/ROV2026/install/rov_control/share/osqp/codegen_files/inc/private/lin_alg.h
[1.449s] -- Up-to-date: /home/student/Desktop/ROV2026/install/rov_control/share/osqp/codegen_files/inc/private/algebra_impl.h
[1.449s] -- Up-to-date: /home/student/Desktop/ROV2026/install/rov_control/share/osqp/codegen_files/inc/private/glob_opts.h
[1.449s] -- Up-to-date: /home/student/Desktop/ROV2026/install/rov_control/share/osqp/codegen_files/inc/private/util.h
[1.449s] -- Up-to-date: /home/student/Desktop/ROV2026/install/rov_control/share/osqp/codegen_files/inc/private/algebra_vector.h
[1.449s] -- Up-to-date: /home/student/Desktop/ROV2026/install/rov_control/share/osqp/codegen_files/inc/private/kkt.h
[1.449s] -- Up-to-date: /home/student/Desktop/ROV2026/install/rov_control/share/osqp/codegen_files/inc/private/qdldl.h
[1.449s] -- Up-to-date: /home/student/Desktop/ROV2026/install/rov_control/share/osqp/codegen_files/Makefile
[1.450s] -- Up-to-date: /home/student/Desktop/ROV2026/install/rov_control/share/rov_control/plugins/axis_to_command_controller_plugin.xml
[1.450s] -- Up-to-date: /home/student/Desktop/ROV2026/install/rov_control/lib/librov_control.so
[1.450s] -- Up-to-date: /home/student/Desktop/ROV2026/install/rov_control/lib/libaxis_to_command_controller.so
[1.450s] -- Installing: /home/student/Desktop/ROV2026/install/rov_control/lib/gamepad_parser_node
[1.451s] -- Set non-toolchain portion of runtime path of "/home/student/Desktop/ROV2026/install/rov_control/lib/gamepad_parser_node" to ""
[1.451s] -- Up-to-date: /home/student/Desktop/ROV2026/install/rov_control/include/
[1.451s] -- Up-to-date: /home/student/Desktop/ROV2026/install/rov_control/include//rov_control
[1.451s] -- Up-to-date: /home/student/Desktop/ROV2026/install/rov_control/include//rov_control/thruster_pid_controller.hpp
[1.452s] -- Up-to-date: /home/student/Desktop/ROV2026/install/rov_control/include//rov_control/gamepad_parser_node.hpp
[1.452s] -- Up-to-date: /home/student/Desktop/ROV2026/install/rov_control/include//rov_control/libdriver_pca9685
[1.452s] -- Up-to-date: /home/student/Desktop/ROV2026/install/rov_control/include//rov_control/libdriver_pca9685/driver_pca9685_interface.h
[1.452s] -- Up-to-date: /home/student/Desktop/ROV2026/install/rov_control/include//rov_control/libdriver_pca9685/driver_pca9685.h
[1.452s] -- Up-to-date: /home/student/Desktop/ROV2026/install/rov_control/include//rov_control/pwm_interface.hpp
[1.452s] -- Up-to-date: /home/student/Desktop/ROV2026/install/rov_control/include//rov_control/axis_to_command_controller.hpp
[1.452s] -- Up-to-date: /home/student/Desktop/ROV2026/install/rov_control/share/rov_control/environment/library_path.sh
[1.452s] -- Up-to-date: /home/student/Desktop/ROV2026/install/rov_control/share/rov_control/environment/library_path.dsv
[1.452s] -- Up-to-date: /home/student/Desktop/ROV2026/install/rov_control/share/ament_index/resource_index/package_run_dependencies/rov_control
[1.452s] -- Installing: /home/student/Desktop/ROV2026/install/rov_control/share/ament_index/resource_index/parent_prefix_path/rov_control
[1.452s] -- Up-to-date: /home/student/Desktop/ROV2026/install/rov_control/share/rov_control/environment/ament_prefix_path.sh
[1.452s] -- Up-to-date: /home/student/Desktop/ROV2026/install/rov_control/share/rov_control/environment/ament_prefix_path.dsv
[1.452s] -- Up-to-date: /home/student/Desktop/ROV2026/install/rov_control/share/rov_control/environment/path.sh
[1.453s] -- Up-to-date: /home/student/Desktop/ROV2026/install/rov_control/share/rov_control/environment/path.dsv
[1.453s] -- Up-to-date: /home/student/Desktop/ROV2026/install/rov_control/share/rov_control/local_setup.bash
[1.453s] -- Up-to-date: /home/student/Desktop/ROV2026/install/rov_control/share/rov_control/local_setup.sh
[1.453s] -- Up-to-date: /home/student/Desktop/ROV2026/install/rov_control/share/rov_control/local_setup.zsh
[1.453s] -- Up-to-date: /home/student/Desktop/ROV2026/install/rov_control/share/rov_control/local_setup.dsv
[1.453s] -- Installing: /home/student/Desktop/ROV2026/install/rov_control/share/rov_control/package.dsv
[1.453s] -- Up-to-date: /home/student/Desktop/ROV2026/install/rov_control/share/ament_index/resource_index/packages/rov_control
[1.453s] -- Up-to-date: /home/student/Desktop/ROV2026/install/rov_control/share/ament_index/resource_index/controller_interface__pluginlib__plugin/rov_control
[1.453s] -- Up-to-date: /home/student/Desktop/ROV2026/install/rov_control/share/rov_control/cmake/export_rov_controlExport.cmake
[1.453s] -- Installing: /home/student/Desktop/ROV2026/install/rov_control/share/rov_control/cmake/export_rov_controlExport-noconfig.cmake
[1.453s] -- Up-to-date: /home/student/Desktop/ROV2026/install/rov_control/share/rov_control/cmake/ament_cmake_export_libraries-extras.cmake
[1.453s] -- Up-to-date: /home/student/Desktop/ROV2026/install/rov_control/share/rov_control/cmake/ament_cmake_export_targets-extras.cmake
[1.453s] -- Up-to-date: /home/student/Desktop/ROV2026/install/rov_control/share/rov_control/cmake/rov_controlConfig.cmake
[1.453s] -- Up-to-date: /home/student/Desktop/ROV2026/install/rov_control/share/rov_control/cmake/rov_controlConfig-version.cmake
[1.453s] -- Up-to-date: /home/student/Desktop/ROV2026/install/rov_control/share/rov_control/package.xml
[1.455s] Invoked command in '/home/student/Desktop/ROV2026/build/rov_control' returned '0': CMAKE_PREFIX_PATH=${CMAKE_PREFIX_PATH}:/opt/ros/jazzy /usr/bin/cmake --install /home/student/Desktop/ROV2026/build/rov_control
