[0.011s] Invoking command in '/home/student/Desktop/ROV2026/build/dummy_hardware': CMAKE_PREFIX_PATH=${CMAKE_PREFIX_PATH}:/opt/ros/jazzy /usr/bin/cmake /home/student/Desktop/ROV2026/src/dummy_hardware -DAMENT_CMAKE_SYMLINK_INSTALL=1 -DCMAKE_INSTALL_PREFIX=/home/student/Desktop/ROV2026/install/dummy_hardware
[0.063s] -- The C compiler identification is GNU 13.3.0
[0.133s] -- The CXX compiler identification is GNU 13.3.0
[0.149s] -- Detecting C compiler ABI info
[0.229s] -- Detecting C compiler ABI info - done
[0.239s] -- Check for working C compiler: /usr/bin/cc - skipped
[0.239s] -- Detecting C compile features
[0.239s] -- Detecting C compile features - done
[0.247s] -- Detecting CXX compiler ABI info
[0.332s] -- Detecting CXX compiler ABI info - done
[0.340s] -- Check for working CXX compiler: /usr/bin/c++ - skipped
[0.341s] -- Detecting CXX compile features
[0.341s] -- Detecting CXX compile features - done
[0.344s] -- Found ament_cmake: 2.5.4 (/opt/ros/jazzy/share/ament_cmake/cmake)
[0.476s] -- Found Python3: /usr/bin/python3 (found version "3.12.3") found components: Interpreter 
[0.547s] -- Override CMake install command with custom implementation using symlinks instead of copying resources
[0.578s] -- Found hardware_interface: 4.29.0 (/opt/ros/jazzy/share/hardware_interface/cmake)
[0.621s] -- Found rosidl_generator_c: 4.6.5 (/opt/ros/jazzy/share/rosidl_generator_c/cmake)
[0.635s] -- Found rosidl_generator_cpp: 4.6.5 (/opt/ros/jazzy/share/rosidl_generator_cpp/cmake)
[0.650s] -- Using all available rosidl_typesupport_c: rosidl_typesupport_fastrtps_c;rosidl_typesupport_introspection_c
[0.668s] -- Using all available rosidl_typesupport_cpp: rosidl_typesupport_fastrtps_cpp;rosidl_typesupport_introspection_cpp
[0.884s] -- Found TinyXML2 via Config file: /usr/lib/x86_64-linux-gnu/cmake/tinyxml2
[0.929s] -- Found rmw_implementation_cmake: 7.3.2 (/opt/ros/jazzy/share/rmw_implementation_cmake/cmake)
[0.932s] -- Found rmw_fastrtps_cpp: 8.4.2 (/opt/ros/jazzy/share/rmw_fastrtps_cpp/cmake)
[0.955s] -- Found TinyXML2 via Config file: /usr/lib/x86_64-linux-gnu/cmake/tinyxml2
[1.003s] -- Found OpenSSL: /usr/lib/x86_64-linux-gnu/libcrypto.so (found version "3.0.13")  
[1.006s] -- Found TinyXML2 via Config file: /usr/lib/x86_64-linux-gnu/cmake/tinyxml2
[1.021s] -- Found FastRTPS: /opt/ros/jazzy/include (Required is at least version "2.13") 
[1.024s] -- Found TinyXML2 via Config file: /usr/lib/x86_64-linux-gnu/cmake/tinyxml2
[1.032s] -- Found TinyXML2 via Config file: /usr/lib/x86_64-linux-gnu/cmake/tinyxml2
[1.042s] -- Using RMW implementation 'rmw_fastrtps_cpp' as default
[1.269s] -- Found ament_lint_auto: 0.17.2 (/opt/ros/jazzy/share/ament_lint_auto/cmake)
[1.371s] -- Added test 'cppcheck' to perform static code analysis on C / C++ code
[1.371s] -- Configured cppcheck include dirs: 
[1.371s] -- Configured cppcheck exclude dirs and/or files: 
[1.372s] -- Added test 'lint_cmake' to check CMake code style
[1.372s] -- Added test 'uncrustify' to check C / C++ code style
[1.373s] -- Configured uncrustify additional arguments: 
[1.373s] -- Added test 'xmllint' to check XML markup files
[1.374s] -- Configuring done (1.4s)
[1.395s] -- Generating done (0.0s)
[1.399s] -- Build files have been written to: /home/student/Desktop/ROV2026/build/dummy_hardware
[1.410s] Invoked command in '/home/student/Desktop/ROV2026/build/dummy_hardware' returned '0': CMAKE_PREFIX_PATH=${CMAKE_PREFIX_PATH}:/opt/ros/jazzy /usr/bin/cmake /home/student/Desktop/ROV2026/src/dummy_hardware -DAMENT_CMAKE_SYMLINK_INSTALL=1 -DCMAKE_INSTALL_PREFIX=/home/student/Desktop/ROV2026/install/dummy_hardware
[1.411s] Invoking command in '/home/student/Desktop/ROV2026/build/dummy_hardware': CMAKE_PREFIX_PATH=${CMAKE_PREFIX_PATH}:/opt/ros/jazzy /usr/bin/cmake --build /home/student/Desktop/ROV2026/build/dummy_hardware -- -j6 -l6
[1.463s] [100%] Built target dummy_hardware
[1.473s] Invoked command in '/home/student/Desktop/ROV2026/build/dummy_hardware' returned '0': CMAKE_PREFIX_PATH=${CMAKE_PREFIX_PATH}:/opt/ros/jazzy /usr/bin/cmake --build /home/student/Desktop/ROV2026/build/dummy_hardware -- -j6 -l6
[1.474s] Invoking command in '/home/student/Desktop/ROV2026/build/dummy_hardware': CMAKE_PREFIX_PATH=${CMAKE_PREFIX_PATH}:/opt/ros/jazzy /usr/bin/cmake --install /home/student/Desktop/ROV2026/build/dummy_hardware
[1.480s] -- Install configuration: ""
[1.480s] -- Execute custom install script
[1.480s] -- Up-to-date symlink: /home/student/Desktop/ROV2026/install/dummy_hardware/share/dummy_hardware/plugins/dummy_hardware_plugin.xml
[1.481s] -- Up-to-date symlink: /home/student/Desktop/ROV2026/install/dummy_hardware/lib/libdummy_hardware.so
[1.481s] -- Up-to-date symlink: /home/student/Desktop/ROV2026/install/dummy_hardware/share/ament_index/resource_index/package_run_dependencies/dummy_hardware
[1.481s] -- Up-to-date symlink: /home/student/Desktop/ROV2026/install/dummy_hardware/share/ament_index/resource_index/parent_prefix_path/dummy_hardware
[1.481s] -- Up-to-date symlink: /home/student/Desktop/ROV2026/install/dummy_hardware/share/dummy_hardware/environment/ament_prefix_path.sh
[1.481s] -- Up-to-date symlink: /home/student/Desktop/ROV2026/install/dummy_hardware/share/dummy_hardware/environment/ament_prefix_path.dsv
[1.481s] -- Up-to-date symlink: /home/student/Desktop/ROV2026/install/dummy_hardware/share/dummy_hardware/environment/path.sh
[1.481s] -- Up-to-date symlink: /home/student/Desktop/ROV2026/install/dummy_hardware/share/dummy_hardware/environment/path.dsv
[1.482s] -- Up-to-date symlink: /home/student/Desktop/ROV2026/install/dummy_hardware/share/dummy_hardware/local_setup.bash
[1.482s] -- Up-to-date symlink: /home/student/Desktop/ROV2026/install/dummy_hardware/share/dummy_hardware/local_setup.sh
[1.482s] -- Up-to-date symlink: /home/student/Desktop/ROV2026/install/dummy_hardware/share/dummy_hardware/local_setup.zsh
[1.482s] -- Up-to-date symlink: /home/student/Desktop/ROV2026/install/dummy_hardware/share/dummy_hardware/local_setup.dsv
[1.482s] -- Symlinking: /home/student/Desktop/ROV2026/install/dummy_hardware/share/dummy_hardware/package.dsv
[1.490s] -- Up-to-date symlink: /home/student/Desktop/ROV2026/install/dummy_hardware/share/ament_index/resource_index/packages/dummy_hardware
[1.490s] -- Up-to-date symlink: /home/student/Desktop/ROV2026/install/dummy_hardware/share/ament_index/resource_index/hardware_interface__pluginlib__plugin/dummy_hardware
[1.490s] -- Up-to-date symlink: /home/student/Desktop/ROV2026/install/dummy_hardware/share/dummy_hardware/cmake/dummy_hardwareConfig.cmake
[1.490s] -- Up-to-date symlink: /home/student/Desktop/ROV2026/install/dummy_hardware/share/dummy_hardware/cmake/dummy_hardwareConfig-version.cmake
[1.490s] -- Up-to-date symlink: /home/student/Desktop/ROV2026/install/dummy_hardware/share/dummy_hardware/package.xml
[1.492s] Invoked command in '/home/student/Desktop/ROV2026/build/dummy_hardware' returned '0': CMAKE_PREFIX_PATH=${CMAKE_PREFIX_PATH}:/opt/ros/jazzy /usr/bin/cmake --install /home/student/Desktop/ROV2026/build/dummy_hardware
