[0.101s] DEBUG:colcon:Command line arguments: ['/usr/bin/colcon', 'build']
[0.101s] DEBUG:colcon:Parsed command line arguments: Namespace(log_base=None, log_level=None, verb_name='build', build_base='build', install_base='install', merge_install=False, symlink_install=False, test_result_base=None, continue_on_error=False, executor='parallel', parallel_workers=6, event_handlers=None, ignore_user_meta=False, metas=['./colcon.meta'], base_paths=['.'], packages_ignore=None, packages_ignore_regex=None, paths=None, packages_up_to=None, packages_up_to_regex=None, packages_above=None, packages_above_and_dependencies=None, packages_above_depth=None, packages_select_by_dep=None, packages_skip_by_dep=None, packages_skip_up_to=None, packages_select_build_failed=False, packages_skip_build_finished=False, packages_select_test_failures=False, packages_skip_test_passed=False, packages_select=None, packages_skip=None, packages_select_regex=None, packages_skip_regex=None, packages_start=None, packages_end=None, allow_overriding=[], cmake_args=None, cmake_target=None, cmake_target_skip_unavailable=False, cmake_clean_cache=False, cmake_clean_first=False, cmake_force_configure=False, ament_cmake_args=None, catkin_cmake_args=None, catkin_skip_building_tests=False, mixin_files=None, mixin=None, verb_parser=<colcon_mixin.mixin.mixin_argument.MixinArgumentDecorator object at 0x7b52792a33e0>, verb_extension=<colcon_core.verb.build.BuildVerb object at 0x7b52792a3020>, main=<bound method BuildVerb.main of <colcon_core.verb.build.BuildVerb object at 0x7b52792a3020>>, mixin_verb=('build',))
[0.132s] Level 1:colcon.colcon_core.package_discovery:discover_packages(colcon_meta) check parameters
[0.132s] Level 1:colcon.colcon_core.package_discovery:discover_packages(recursive) check parameters
[0.132s] Level 1:colcon.colcon_core.package_discovery:discover_packages(ignore) check parameters
[0.132s] Level 1:colcon.colcon_core.package_discovery:discover_packages(path) check parameters
[0.132s] Level 1:colcon.colcon_core.package_discovery:discover_packages(colcon_meta) discover
[0.132s] Level 1:colcon.colcon_core.package_discovery:discover_packages(recursive) discover
[0.132s] INFO:colcon.colcon_core.package_discovery:Crawling recursively for packages in '/home/student/Desktop/ROV2026'
[0.133s] Level 1:colcon.colcon_core.package_identification:_identify(.) by extensions ['ignore', 'ignore_ament_install']
[0.133s] Level 1:colcon.colcon_core.package_identification:_identify(.) by extension 'ignore'
[0.133s] Level 1:colcon.colcon_core.package_identification:_identify(.) by extension 'ignore_ament_install'
[0.133s] Level 1:colcon.colcon_core.package_identification:_identify(.) by extensions ['colcon_pkg']
[0.133s] Level 1:colcon.colcon_core.package_identification:_identify(.) by extension 'colcon_pkg'
[0.133s] Level 1:colcon.colcon_core.package_identification:_identify(.) by extensions ['colcon_meta']
[0.133s] Level 1:colcon.colcon_core.package_identification:_identify(.) by extension 'colcon_meta'
[0.133s] Level 1:colcon.colcon_core.package_identification:_identify(.) by extensions ['ros']
[0.133s] Level 1:colcon.colcon_core.package_identification:_identify(.) by extension 'ros'
[0.154s] Level 1:colcon.colcon_core.package_identification:_identify(.) by extensions ['cmake', 'python']
[0.154s] Level 1:colcon.colcon_core.package_identification:_identify(.) by extension 'cmake'
[0.154s] Level 1:colcon.colcon_core.package_identification:_identify(.) by extension 'python'
[0.154s] Level 1:colcon.colcon_core.package_identification:_identify(.) by extensions ['python_setup_py']
[0.154s] Level 1:colcon.colcon_core.package_identification:_identify(.) by extension 'python_setup_py'
[0.154s] Level 1:colcon.colcon_core.package_identification:_identify(build) by extensions ['ignore', 'ignore_ament_install']
[0.154s] Level 1:colcon.colcon_core.package_identification:_identify(build) by extension 'ignore'
[0.154s] Level 1:colcon.colcon_core.package_identification:_identify(build) ignored
[0.154s] Level 1:colcon.colcon_core.package_identification:_identify(install) by extensions ['ignore', 'ignore_ament_install']
[0.154s] Level 1:colcon.colcon_core.package_identification:_identify(install) by extension 'ignore'
[0.154s] Level 1:colcon.colcon_core.package_identification:_identify(install) ignored
[0.154s] Level 1:colcon.colcon_core.package_identification:_identify(log) by extensions ['ignore', 'ignore_ament_install']
[0.154s] Level 1:colcon.colcon_core.package_identification:_identify(log) by extension 'ignore'
[0.154s] Level 1:colcon.colcon_core.package_identification:_identify(log) ignored
[0.154s] Level 1:colcon.colcon_core.package_identification:_identify(src) by extensions ['ignore', 'ignore_ament_install']
[0.155s] Level 1:colcon.colcon_core.package_identification:_identify(src) by extension 'ignore'
[0.155s] Level 1:colcon.colcon_core.package_identification:_identify(src) by extension 'ignore_ament_install'
[0.155s] Level 1:colcon.colcon_core.package_identification:_identify(src) by extensions ['colcon_pkg']
[0.155s] Level 1:colcon.colcon_core.package_identification:_identify(src) by extension 'colcon_pkg'
[0.155s] Level 1:colcon.colcon_core.package_identification:_identify(src) by extensions ['colcon_meta']
[0.155s] Level 1:colcon.colcon_core.package_identification:_identify(src) by extension 'colcon_meta'
[0.155s] Level 1:colcon.colcon_core.package_identification:_identify(src) by extensions ['ros']
[0.155s] Level 1:colcon.colcon_core.package_identification:_identify(src) by extension 'ros'
[0.155s] Level 1:colcon.colcon_core.package_identification:_identify(src) by extensions ['cmake', 'python']
[0.155s] Level 1:colcon.colcon_core.package_identification:_identify(src) by extension 'cmake'
[0.155s] Level 1:colcon.colcon_core.package_identification:_identify(src) by extension 'python'
[0.155s] Level 1:colcon.colcon_core.package_identification:_identify(src) by extensions ['python_setup_py']
[0.155s] Level 1:colcon.colcon_core.package_identification:_identify(src) by extension 'python_setup_py'
[0.155s] Level 1:colcon.colcon_core.package_identification:_identify(src/description) by extensions ['ignore', 'ignore_ament_install']
[0.155s] Level 1:colcon.colcon_core.package_identification:_identify(src/description) by extension 'ignore'
[0.155s] Level 1:colcon.colcon_core.package_identification:_identify(src/description) by extension 'ignore_ament_install'
[0.155s] Level 1:colcon.colcon_core.package_identification:_identify(src/description) by extensions ['colcon_pkg']
[0.155s] Level 1:colcon.colcon_core.package_identification:_identify(src/description) by extension 'colcon_pkg'
[0.155s] Level 1:colcon.colcon_core.package_identification:_identify(src/description) by extensions ['colcon_meta']
[0.155s] Level 1:colcon.colcon_core.package_identification:_identify(src/description) by extension 'colcon_meta'
[0.155s] Level 1:colcon.colcon_core.package_identification:_identify(src/description) by extensions ['ros']
[0.155s] Level 1:colcon.colcon_core.package_identification:_identify(src/description) by extension 'ros'
[0.157s] DEBUG:colcon.colcon_core.package_identification:Package 'src/description' with type 'ros.ament_cmake' and name 'description'
[0.157s] Level 1:colcon.colcon_core.package_identification:_identify(src/rov_control) by extensions ['ignore', 'ignore_ament_install']
[0.157s] Level 1:colcon.colcon_core.package_identification:_identify(src/rov_control) by extension 'ignore'
[0.157s] Level 1:colcon.colcon_core.package_identification:_identify(src/rov_control) by extension 'ignore_ament_install'
[0.157s] Level 1:colcon.colcon_core.package_identification:_identify(src/rov_control) by extensions ['colcon_pkg']
[0.157s] Level 1:colcon.colcon_core.package_identification:_identify(src/rov_control) by extension 'colcon_pkg'
[0.157s] Level 1:colcon.colcon_core.package_identification:_identify(src/rov_control) by extensions ['colcon_meta']
[0.157s] Level 1:colcon.colcon_core.package_identification:_identify(src/rov_control) by extension 'colcon_meta'
[0.157s] Level 1:colcon.colcon_core.package_identification:_identify(src/rov_control) by extensions ['ros']
[0.158s] Level 1:colcon.colcon_core.package_identification:_identify(src/rov_control) by extension 'ros'
[0.158s] DEBUG:colcon.colcon_core.package_identification:Package 'src/rov_control' with type 'ros.ament_cmake' and name 'rov_control'
[0.158s] Level 1:colcon.colcon_core.package_discovery:discover_packages(recursive) using defaults
[0.158s] Level 1:colcon.colcon_core.package_discovery:discover_packages(ignore) discover
[0.158s] Level 1:colcon.colcon_core.package_discovery:discover_packages(ignore) using defaults
[0.158s] Level 1:colcon.colcon_core.package_discovery:discover_packages(path) discover
[0.158s] Level 1:colcon.colcon_core.package_discovery:discover_packages(path) using defaults
[0.172s] Level 1:colcon.colcon_core.package_discovery:discover_packages(prefix_path) check parameters
[0.172s] Level 1:colcon.colcon_core.package_discovery:discover_packages(prefix_path) discover
[0.174s] DEBUG:colcon.colcon_installed_package_information.package_discovery:Found 318 installed packages in /opt/ros/jazzy
[0.175s] Level 1:colcon.colcon_core.package_discovery:discover_packages(prefix_path) using defaults
[0.217s] Level 5:colcon.colcon_core.verb:set package 'description' build argument 'cmake_args' from command line to 'None'
[0.217s] Level 5:colcon.colcon_core.verb:set package 'description' build argument 'cmake_target' from command line to 'None'
[0.217s] Level 5:colcon.colcon_core.verb:set package 'description' build argument 'cmake_target_skip_unavailable' from command line to 'False'
[0.217s] Level 5:colcon.colcon_core.verb:set package 'description' build argument 'cmake_clean_cache' from command line to 'False'
[0.217s] Level 5:colcon.colcon_core.verb:set package 'description' build argument 'cmake_clean_first' from command line to 'False'
[0.217s] Level 5:colcon.colcon_core.verb:set package 'description' build argument 'cmake_force_configure' from command line to 'False'
[0.217s] Level 5:colcon.colcon_core.verb:set package 'description' build argument 'ament_cmake_args' from command line to 'None'
[0.217s] Level 5:colcon.colcon_core.verb:set package 'description' build argument 'catkin_cmake_args' from command line to 'None'
[0.217s] Level 5:colcon.colcon_core.verb:set package 'description' build argument 'catkin_skip_building_tests' from command line to 'False'
[0.217s] DEBUG:colcon.colcon_core.verb:Building package 'description' with the following arguments: {'ament_cmake_args': None, 'build_base': '/home/student/Desktop/ROV2026/build/description', 'catkin_cmake_args': None, 'catkin_skip_building_tests': False, 'cmake_args': None, 'cmake_clean_cache': False, 'cmake_clean_first': False, 'cmake_force_configure': False, 'cmake_target': None, 'cmake_target_skip_unavailable': False, 'install_base': '/home/student/Desktop/ROV2026/install/description', 'merge_install': False, 'path': '/home/student/Desktop/ROV2026/src/description', 'symlink_install': False, 'test_result_base': None}
[0.218s] Level 5:colcon.colcon_core.verb:set package 'rov_control' build argument 'cmake_args' from command line to 'None'
[0.218s] Level 5:colcon.colcon_core.verb:set package 'rov_control' build argument 'cmake_target' from command line to 'None'
[0.218s] Level 5:colcon.colcon_core.verb:set package 'rov_control' build argument 'cmake_target_skip_unavailable' from command line to 'False'
[0.218s] Level 5:colcon.colcon_core.verb:set package 'rov_control' build argument 'cmake_clean_cache' from command line to 'False'
[0.218s] Level 5:colcon.colcon_core.verb:set package 'rov_control' build argument 'cmake_clean_first' from command line to 'False'
[0.218s] Level 5:colcon.colcon_core.verb:set package 'rov_control' build argument 'cmake_force_configure' from command line to 'False'
[0.218s] Level 5:colcon.colcon_core.verb:set package 'rov_control' build argument 'ament_cmake_args' from command line to 'None'
[0.218s] Level 5:colcon.colcon_core.verb:set package 'rov_control' build argument 'catkin_cmake_args' from command line to 'None'
[0.218s] Level 5:colcon.colcon_core.verb:set package 'rov_control' build argument 'catkin_skip_building_tests' from command line to 'False'
[0.218s] DEBUG:colcon.colcon_core.verb:Building package 'rov_control' with the following arguments: {'ament_cmake_args': None, 'build_base': '/home/student/Desktop/ROV2026/build/rov_control', 'catkin_cmake_args': None, 'catkin_skip_building_tests': False, 'cmake_args': None, 'cmake_clean_cache': False, 'cmake_clean_first': False, 'cmake_force_configure': False, 'cmake_target': None, 'cmake_target_skip_unavailable': False, 'install_base': '/home/student/Desktop/ROV2026/install/rov_control', 'merge_install': False, 'path': '/home/student/Desktop/ROV2026/src/rov_control', 'symlink_install': False, 'test_result_base': None}
[0.218s] INFO:colcon.colcon_core.executor:Executing jobs using 'parallel' executor
[0.218s] DEBUG:colcon.colcon_parallel_executor.executor.parallel:run_until_complete
[0.218s] INFO:colcon.colcon_ros.task.ament_cmake.build:Building ROS package in '/home/student/Desktop/ROV2026/src/description' with build type 'ament_cmake'
[0.219s] INFO:colcon.colcon_cmake.task.cmake.build:Building CMake package in '/home/student/Desktop/ROV2026/src/description'
[0.220s] INFO:colcon.colcon_core.plugin_system:Skipping extension 'colcon_core.shell.bat': Not used on non-Windows systems
[0.220s] INFO:colcon.colcon_core.shell:Skip shell extension 'powershell' for command environment: Not usable outside of PowerShell
[0.220s] DEBUG:colcon.colcon_core.shell:Skip shell extension 'dsv' for command environment
[0.223s] INFO:colcon.colcon_ros.task.ament_cmake.build:Building ROS package in '/home/student/Desktop/ROV2026/src/rov_control' with build type 'ament_cmake'
[0.223s] INFO:colcon.colcon_cmake.task.cmake.build:Building CMake package in '/home/student/Desktop/ROV2026/src/rov_control'
[0.223s] INFO:colcon.colcon_core.shell:Skip shell extension 'powershell' for command environment: Not usable outside of PowerShell
[0.223s] DEBUG:colcon.colcon_core.shell:Skip shell extension 'dsv' for command environment
[0.229s] DEBUG:colcon.colcon_core.event_handler.log_command:Invoking command in '/home/student/Desktop/ROV2026/build/description': CMAKE_PREFIX_PATH=${CMAKE_PREFIX_PATH}:/opt/ros/jazzy /usr/bin/cmake --build /home/student/Desktop/ROV2026/build/description -- -j6 -l6
[0.232s] DEBUG:colcon.colcon_core.event_handler.log_command:Invoking command in '/home/student/Desktop/ROV2026/build/rov_control': CMAKE_PREFIX_PATH=${CMAKE_PREFIX_PATH}:/opt/ros/jazzy /usr/bin/cmake --build /home/student/Desktop/ROV2026/build/rov_control -- -j6 -l6
[0.262s] DEBUG:colcon.colcon_core.event_handler.log_command:Invoked command in '/home/student/Desktop/ROV2026/build/description' returned '0': CMAKE_PREFIX_PATH=${CMAKE_PREFIX_PATH}:/opt/ros/jazzy /usr/bin/cmake --build /home/student/Desktop/ROV2026/build/description -- -j6 -l6
[0.270s] DEBUG:colcon.colcon_core.event_handler.log_command:Invoking command in '/home/student/Desktop/ROV2026/build/description': CMAKE_PREFIX_PATH=${CMAKE_PREFIX_PATH}:/opt/ros/jazzy /usr/bin/cmake --install /home/student/Desktop/ROV2026/build/description
[0.279s] Level 1:colcon.colcon_core.environment:create_environment_scripts_only(description)
[0.279s] DEBUG:colcon.colcon_core.event_handler.log_command:Invoked command in '/home/student/Desktop/ROV2026/build/description' returned '0': CMAKE_PREFIX_PATH=${CMAKE_PREFIX_PATH}:/opt/ros/jazzy /usr/bin/cmake --install /home/student/Desktop/ROV2026/build/description
[0.281s] Level 1:colcon.colcon_core.environment:checking '/home/student/Desktop/ROV2026/install/description' for CMake module files
[0.281s] Level 1:colcon.colcon_core.environment:checking '/home/student/Desktop/ROV2026/install/description' for CMake config files
[0.282s] Level 1:colcon.colcon_core.shell:create_environment_hook('description', 'cmake_prefix_path')
[0.282s] INFO:colcon.colcon_core.shell:Creating environment hook '/home/student/Desktop/ROV2026/install/description/share/description/hook/cmake_prefix_path.ps1'
[0.282s] INFO:colcon.colcon_core.shell:Creating environment descriptor '/home/student/Desktop/ROV2026/install/description/share/description/hook/cmake_prefix_path.dsv'
[0.282s] INFO:colcon.colcon_core.shell:Creating environment hook '/home/student/Desktop/ROV2026/install/description/share/description/hook/cmake_prefix_path.sh'
[0.283s] Level 1:colcon.colcon_core.environment:checking '/home/student/Desktop/ROV2026/install/description/bin'
[0.283s] Level 1:colcon.colcon_core.environment:checking '/home/student/Desktop/ROV2026/install/description/lib/pkgconfig/description.pc'
[0.283s] Level 1:colcon.colcon_core.environment:checking '/home/student/Desktop/ROV2026/install/description/lib/python3.12/site-packages'
[0.283s] Level 1:colcon.colcon_core.environment:checking '/home/student/Desktop/ROV2026/install/description/bin'
[0.284s] INFO:colcon.colcon_core.shell:Creating package script '/home/student/Desktop/ROV2026/install/description/share/description/package.ps1'
[0.284s] INFO:colcon.colcon_core.shell:Creating package descriptor '/home/student/Desktop/ROV2026/install/description/share/description/package.dsv'
[0.285s] INFO:colcon.colcon_core.shell:Creating package script '/home/student/Desktop/ROV2026/install/description/share/description/package.sh'
[0.285s] INFO:colcon.colcon_core.shell:Creating package script '/home/student/Desktop/ROV2026/install/description/share/description/package.bash'
[0.285s] INFO:colcon.colcon_core.shell:Creating package script '/home/student/Desktop/ROV2026/install/description/share/description/package.zsh'
[0.286s] Level 1:colcon.colcon_core.environment:create_file_with_runtime_dependencies(/home/student/Desktop/ROV2026/install/description/share/colcon-core/packages/description)
[0.286s] Level 1:colcon.colcon_core.environment:create_environment_scripts_only(description)
[0.286s] Level 1:colcon.colcon_core.environment:checking '/home/student/Desktop/ROV2026/install/description' for CMake module files
[0.287s] Level 1:colcon.colcon_core.environment:checking '/home/student/Desktop/ROV2026/install/description' for CMake config files
[0.287s] Level 1:colcon.colcon_core.shell:create_environment_hook('description', 'cmake_prefix_path')
[0.287s] INFO:colcon.colcon_core.shell:Creating environment hook '/home/student/Desktop/ROV2026/install/description/share/description/hook/cmake_prefix_path.ps1'
[0.287s] INFO:colcon.colcon_core.shell:Creating environment descriptor '/home/student/Desktop/ROV2026/install/description/share/description/hook/cmake_prefix_path.dsv'
[0.288s] INFO:colcon.colcon_core.shell:Creating environment hook '/home/student/Desktop/ROV2026/install/description/share/description/hook/cmake_prefix_path.sh'
[0.288s] Level 1:colcon.colcon_core.environment:checking '/home/student/Desktop/ROV2026/install/description/bin'
[0.288s] Level 1:colcon.colcon_core.environment:checking '/home/student/Desktop/ROV2026/install/description/lib/pkgconfig/description.pc'
[0.288s] Level 1:colcon.colcon_core.environment:checking '/home/student/Desktop/ROV2026/install/description/lib/python3.12/site-packages'
[0.288s] Level 1:colcon.colcon_core.environment:checking '/home/student/Desktop/ROV2026/install/description/bin'
[0.289s] INFO:colcon.colcon_core.shell:Creating package script '/home/student/Desktop/ROV2026/install/description/share/description/package.ps1'
[0.289s] INFO:colcon.colcon_core.shell:Creating package descriptor '/home/student/Desktop/ROV2026/install/description/share/description/package.dsv'
[0.289s] INFO:colcon.colcon_core.shell:Creating package script '/home/student/Desktop/ROV2026/install/description/share/description/package.sh'
[0.290s] INFO:colcon.colcon_core.shell:Creating package script '/home/student/Desktop/ROV2026/install/description/share/description/package.bash'
[0.290s] INFO:colcon.colcon_core.shell:Creating package script '/home/student/Desktop/ROV2026/install/description/share/description/package.zsh'
[0.290s] Level 1:colcon.colcon_core.environment:create_file_with_runtime_dependencies(/home/student/Desktop/ROV2026/install/description/share/colcon-core/packages/description)
[0.980s] DEBUG:colcon.colcon_core.event_handler.log_command:Invoked command in '/home/student/Desktop/ROV2026/build/rov_control' returned '2': CMAKE_PREFIX_PATH=${CMAKE_PREFIX_PATH}:/opt/ros/jazzy /usr/bin/cmake --build /home/student/Desktop/ROV2026/build/rov_control -- -j6 -l6
[0.981s] Level 1:colcon.colcon_core.environment:create_environment_scripts_only(rov_control)
[0.981s] Level 1:colcon.colcon_core.environment:checking '/home/student/Desktop/ROV2026/install/rov_control' for CMake module files
[0.981s] Level 1:colcon.colcon_core.environment:checking '/home/student/Desktop/ROV2026/install/rov_control' for CMake config files
[0.981s] Level 1:colcon.colcon_core.shell:create_environment_hook('rov_control', 'cmake_prefix_path')
[0.981s] INFO:colcon.colcon_core.shell:Creating environment hook '/home/student/Desktop/ROV2026/install/rov_control/share/rov_control/hook/cmake_prefix_path.ps1'
[0.982s] INFO:colcon.colcon_core.shell:Creating environment descriptor '/home/student/Desktop/ROV2026/install/rov_control/share/rov_control/hook/cmake_prefix_path.dsv'
[0.982s] INFO:colcon.colcon_core.shell:Creating environment hook '/home/student/Desktop/ROV2026/install/rov_control/share/rov_control/hook/cmake_prefix_path.sh'
[0.983s] Level 1:colcon.colcon_core.environment:checking '/home/student/Desktop/ROV2026/install/rov_control/lib'
[0.983s] Level 1:colcon.colcon_core.shell:create_environment_hook('rov_control', 'ld_library_path_lib')
[0.983s] INFO:colcon.colcon_core.shell:Creating environment hook '/home/student/Desktop/ROV2026/install/rov_control/share/rov_control/hook/ld_library_path_lib.ps1'
[0.983s] INFO:colcon.colcon_core.shell:Creating environment descriptor '/home/student/Desktop/ROV2026/install/rov_control/share/rov_control/hook/ld_library_path_lib.dsv'
[0.983s] INFO:colcon.colcon_core.shell:Creating environment hook '/home/student/Desktop/ROV2026/install/rov_control/share/rov_control/hook/ld_library_path_lib.sh'
[0.984s] Level 1:colcon.colcon_core.environment:checking '/home/student/Desktop/ROV2026/install/rov_control/bin'
[0.984s] Level 1:colcon.colcon_core.environment:checking '/home/student/Desktop/ROV2026/install/rov_control/lib/pkgconfig/rov_control.pc'
[0.984s] Level 1:colcon.colcon_core.environment:checking '/home/student/Desktop/ROV2026/install/rov_control/lib/python3.12/site-packages'
[0.984s] Level 1:colcon.colcon_core.environment:checking '/home/student/Desktop/ROV2026/install/rov_control/bin'
[0.984s] INFO:colcon.colcon_core.shell:Creating package script '/home/student/Desktop/ROV2026/install/rov_control/share/rov_control/package.ps1'
[0.985s] INFO:colcon.colcon_core.shell:Creating package descriptor '/home/student/Desktop/ROV2026/install/rov_control/share/rov_control/package.dsv'
[0.985s] INFO:colcon.colcon_core.shell:Creating package script '/home/student/Desktop/ROV2026/install/rov_control/share/rov_control/package.sh'
[0.985s] INFO:colcon.colcon_core.shell:Creating package script '/home/student/Desktop/ROV2026/install/rov_control/share/rov_control/package.bash'
[0.986s] INFO:colcon.colcon_core.shell:Creating package script '/home/student/Desktop/ROV2026/install/rov_control/share/rov_control/package.zsh'
[0.986s] Level 1:colcon.colcon_core.environment:create_file_with_runtime_dependencies(/home/student/Desktop/ROV2026/install/rov_control/share/colcon-core/packages/rov_control)
[0.996s] DEBUG:colcon.colcon_parallel_executor.executor.parallel:closing loop
[0.997s] DEBUG:colcon.colcon_parallel_executor.executor.parallel:loop closed
[0.997s] DEBUG:colcon.colcon_parallel_executor.executor.parallel:run_until_complete finished with '2'
[0.997s] DEBUG:colcon.colcon_core.event_reactor:joining thread
[1.001s] INFO:colcon.colcon_core.plugin_system:Skipping extension 'colcon_notification.desktop_notification.terminal_notifier': Not used on non-Darwin systems
[1.001s] INFO:colcon.colcon_core.plugin_system:Skipping extension 'colcon_notification.desktop_notification.win32': Not used on non-Windows systems
[1.001s] INFO:colcon.colcon_notification.desktop_notification:Sending desktop notification using 'notify2'
[1.004s] DEBUG:colcon.colcon_core.event_reactor:joined thread
[1.004s] INFO:colcon.colcon_core.shell:Creating prefix script '/home/student/Desktop/ROV2026/install/local_setup.ps1'
[1.005s] INFO:colcon.colcon_core.shell:Creating prefix util module '/home/student/Desktop/ROV2026/install/_local_setup_util_ps1.py'
[1.006s] INFO:colcon.colcon_core.shell:Creating prefix chain script '/home/student/Desktop/ROV2026/install/setup.ps1'
[1.006s] INFO:colcon.colcon_core.shell:Creating prefix script '/home/student/Desktop/ROV2026/install/local_setup.sh'
[1.007s] INFO:colcon.colcon_core.shell:Creating prefix util module '/home/student/Desktop/ROV2026/install/_local_setup_util_sh.py'
[1.007s] INFO:colcon.colcon_core.shell:Creating prefix chain script '/home/student/Desktop/ROV2026/install/setup.sh'
[1.008s] INFO:colcon.colcon_core.shell:Creating prefix script '/home/student/Desktop/ROV2026/install/local_setup.bash'
[1.009s] INFO:colcon.colcon_core.shell:Creating prefix chain script '/home/student/Desktop/ROV2026/install/setup.bash'
[1.010s] INFO:colcon.colcon_core.shell:Creating prefix script '/home/student/Desktop/ROV2026/install/local_setup.zsh'
[1.010s] INFO:colcon.colcon_core.shell:Creating prefix chain script '/home/student/Desktop/ROV2026/install/setup.zsh'
