[0.097s] DEBUG:colcon:Command line arguments: ['/usr/bin/colcon', 'list', '-p', '--base-paths', '/home/artificer/Desktop/ROV2026']
[0.097s] DEBUG:colcon:Parsed command line arguments: Namespace(log_base=None, log_level=None, verb_name='list', build_base='build', ignore_user_meta=False, metas=['./colcon.meta'], base_paths=['/home/artificer/Desktop/ROV2026'], packages_ignore=None, packages_ignore_regex=None, paths=None, packages_up_to=None, packages_up_to_regex=None, packages_above=None, packages_above_and_dependencies=None, packages_above_depth=None, packages_select_by_dep=None, packages_skip_by_dep=None, packages_skip_up_to=None, packages_select_build_failed=False, packages_skip_build_finished=False, packages_select_test_failures=False, packages_skip_test_passed=False, packages_select=None, packages_skip=None, packages_select_regex=None, packages_skip_regex=None, packages_start=None, packages_end=None, allow_overriding=[], topological_order=False, names_only=False, paths_only=True, topological_graph=False, topological_graph_dot=False, topological_graph_density=False, topological_graph_legend=False, topological_graph_dot_cluster=False, topological_graph_dot_include_skipped=False, mixin_files=None, mixin=None, verb_parser=<colcon_mixin.mixin.mixin_argument.MixinArgumentDecorator object at 0x7d4648196b10>, verb_extension=<colcon_package_information.verb.list.ListVerb object at 0x7d46490ee270>, main=<bound method ListVerb.main of <colcon_package_information.verb.list.ListVerb object at 0x7d46490ee270>>, mixin_verb=('list',))
[0.131s] Level 1:colcon.colcon_core.package_discovery:discover_packages(colcon_meta) check parameters
[0.131s] Level 1:colcon.colcon_core.package_discovery:discover_packages(recursive) check parameters
[0.131s] Level 1:colcon.colcon_core.package_discovery:discover_packages(ignore) check parameters
[0.131s] Level 1:colcon.colcon_core.package_discovery:discover_packages(path) check parameters
[0.131s] Level 1:colcon.colcon_core.package_discovery:discover_packages(recursive) discover
[0.131s] INFO:colcon.colcon_core.package_discovery:Crawling recursively for packages in '/home/artificer/Desktop/ROV2026'
[0.131s] Level 1:colcon.colcon_core.package_identification:_identify(/home/artificer/Desktop/ROV2026) by extensions ['ignore', 'ignore_ament_install']
[0.131s] Level 1:colcon.colcon_core.package_identification:_identify(/home/artificer/Desktop/ROV2026) by extension 'ignore'
[0.131s] Level 1:colcon.colcon_core.package_identification:_identify(/home/artificer/Desktop/ROV2026) by extension 'ignore_ament_install'
[0.132s] Level 1:colcon.colcon_core.package_identification:_identify(/home/artificer/Desktop/ROV2026) by extensions ['colcon_pkg']
[0.132s] Level 1:colcon.colcon_core.package_identification:_identify(/home/artificer/Desktop/ROV2026) by extension 'colcon_pkg'
[0.132s] Level 1:colcon.colcon_core.package_identification:_identify(/home/artificer/Desktop/ROV2026) by extensions ['colcon_meta']
[0.132s] Level 1:colcon.colcon_core.package_identification:_identify(/home/artificer/Desktop/ROV2026) by extension 'colcon_meta'
[0.132s] Level 1:colcon.colcon_core.package_identification:_identify(/home/artificer/Desktop/ROV2026) by extensions ['ros']
[0.132s] Level 1:colcon.colcon_core.package_identification:_identify(/home/artificer/Desktop/ROV2026) by extension 'ros'
[0.155s] Level 1:colcon.colcon_core.package_identification:_identify(/home/artificer/Desktop/ROV2026) by extensions ['cmake', 'python']
[0.155s] Level 1:colcon.colcon_core.package_identification:_identify(/home/artificer/Desktop/ROV2026) by extension 'cmake'
[0.155s] Level 1:colcon.colcon_core.package_identification:_identify(/home/artificer/Desktop/ROV2026) by extension 'python'
[0.155s] Level 1:colcon.colcon_core.package_identification:_identify(/home/artificer/Desktop/ROV2026) by extensions ['python_setup_py']
[0.155s] Level 1:colcon.colcon_core.package_identification:_identify(/home/artificer/Desktop/ROV2026) by extension 'python_setup_py'
[0.155s] Level 1:colcon.colcon_core.package_identification:_identify(/home/artificer/Desktop/ROV2026/build) by extensions ['ignore', 'ignore_ament_install']
[0.155s] Level 1:colcon.colcon_core.package_identification:_identify(/home/artificer/Desktop/ROV2026/build) by extension 'ignore'
[0.155s] Level 1:colcon.colcon_core.package_identification:_identify(/home/artificer/Desktop/ROV2026/build) by extension 'ignore_ament_install'
[0.155s] Level 1:colcon.colcon_core.package_identification:_identify(/home/artificer/Desktop/ROV2026/build) by extensions ['colcon_pkg']
[0.155s] Level 1:colcon.colcon_core.package_identification:_identify(/home/artificer/Desktop/ROV2026/build) by extension 'colcon_pkg'
[0.155s] Level 1:colcon.colcon_core.package_identification:_identify(/home/artificer/Desktop/ROV2026/build) by extensions ['colcon_meta']
[0.155s] Level 1:colcon.colcon_core.package_identification:_identify(/home/artificer/Desktop/ROV2026/build) by extension 'colcon_meta'
[0.155s] Level 1:colcon.colcon_core.package_identification:_identify(/home/artificer/Desktop/ROV2026/build) by extensions ['ros']
[0.155s] Level 1:colcon.colcon_core.package_identification:_identify(/home/artificer/Desktop/ROV2026/build) by extension 'ros'
[0.155s] Level 1:colcon.colcon_core.package_identification:_identify(/home/artificer/Desktop/ROV2026/build) by extensions ['cmake', 'python']
[0.155s] Level 1:colcon.colcon_core.package_identification:_identify(/home/artificer/Desktop/ROV2026/build) by extension 'cmake'
[0.155s] Level 1:colcon.colcon_core.package_identification:_identify(/home/artificer/Desktop/ROV2026/build) by extension 'python'
[0.156s] Level 1:colcon.colcon_core.package_identification:_identify(/home/artificer/Desktop/ROV2026/build) by extensions ['python_setup_py']
[0.156s] Level 1:colcon.colcon_core.package_identification:_identify(/home/artificer/Desktop/ROV2026/build) by extension 'python_setup_py'
[0.156s] Level 1:colcon.colcon_core.package_identification:_identify(/home/artificer/Desktop/ROV2026/build/description) by extensions ['ignore', 'ignore_ament_install']
[0.156s] Level 1:colcon.colcon_core.package_identification:_identify(/home/artificer/Desktop/ROV2026/build/description) by extension 'ignore'
[0.156s] Level 1:colcon.colcon_core.package_identification:_identify(/home/artificer/Desktop/ROV2026/build/description) by extension 'ignore_ament_install'
[0.156s] Level 1:colcon.colcon_core.package_identification:_identify(/home/artificer/Desktop/ROV2026/build/description) by extensions ['colcon_pkg']
[0.156s] Level 1:colcon.colcon_core.package_identification:_identify(/home/artificer/Desktop/ROV2026/build/description) by extension 'colcon_pkg'
[0.156s] Level 1:colcon.colcon_core.package_identification:_identify(/home/artificer/Desktop/ROV2026/build/description) by extensions ['colcon_meta']
[0.156s] Level 1:colcon.colcon_core.package_identification:_identify(/home/artificer/Desktop/ROV2026/build/description) by extension 'colcon_meta'
[0.156s] Level 1:colcon.colcon_core.package_identification:_identify(/home/artificer/Desktop/ROV2026/build/description) by extensions ['ros']
[0.156s] Level 1:colcon.colcon_core.package_identification:_identify(/home/artificer/Desktop/ROV2026/build/description) by extension 'ros'
[0.156s] Level 1:colcon.colcon_core.package_identification:_identify(/home/artificer/Desktop/ROV2026/build/description) by extensions ['cmake', 'python']
[0.156s] Level 1:colcon.colcon_core.package_identification:_identify(/home/artificer/Desktop/ROV2026/build/description) by extension 'cmake'
[0.156s] Level 1:colcon.colcon_core.package_identification:_identify(/home/artificer/Desktop/ROV2026/build/description) by extension 'python'
[0.156s] Level 1:colcon.colcon_core.package_identification:_identify(/home/artificer/Desktop/ROV2026/build/description) by extensions ['python_setup_py']
[0.156s] Level 1:colcon.colcon_core.package_identification:_identify(/home/artificer/Desktop/ROV2026/build/description) by extension 'python_setup_py'
[0.156s] Level 1:colcon.colcon_core.package_identification:_identify(/home/artificer/Desktop/ROV2026/build/description/CMakeFiles) by extensions ['ignore', 'ignore_ament_install']
[0.156s] Level 1:colcon.colcon_core.package_identification:_identify(/home/artificer/Desktop/ROV2026/build/description/CMakeFiles) by extension 'ignore'
[0.156s] Level 1:colcon.colcon_core.package_identification:_identify(/home/artificer/Desktop/ROV2026/build/description/CMakeFiles) by extension 'ignore_ament_install'
[0.157s] Level 1:colcon.colcon_core.package_identification:_identify(/home/artificer/Desktop/ROV2026/build/description/CMakeFiles) by extensions ['colcon_pkg']
[0.157s] Level 1:colcon.colcon_core.package_identification:_identify(/home/artificer/Desktop/ROV2026/build/description/CMakeFiles) by extension 'colcon_pkg'
[0.157s] Level 1:colcon.colcon_core.package_identification:_identify(/home/artificer/Desktop/ROV2026/build/description/CMakeFiles) by extensions ['colcon_meta']
[0.157s] Level 1:colcon.colcon_core.package_identification:_identify(/home/artificer/Desktop/ROV2026/build/description/CMakeFiles) by extension 'colcon_meta'
[0.157s] Level 1:colcon.colcon_core.package_identification:_identify(/home/artificer/Desktop/ROV2026/build/description/CMakeFiles) by extensions ['ros']
[0.157s] Level 1:colcon.colcon_core.package_identification:_identify(/home/artificer/Desktop/ROV2026/build/description/CMakeFiles) by extension 'ros'
[0.157s] Level 1:colcon.colcon_core.package_identification:_identify(/home/artificer/Desktop/ROV2026/build/description/CMakeFiles) by extensions ['cmake', 'python']
[0.157s] Level 1:colcon.colcon_core.package_identification:_identify(/home/artificer/Desktop/ROV2026/build/description/CMakeFiles) by extension 'cmake'
[0.157s] Level 1:colcon.colcon_core.package_identification:_identify(/home/artificer/Desktop/ROV2026/build/description/CMakeFiles) by extension 'python'
[0.157s] Level 1:colcon.colcon_core.package_identification:_identify(/home/artificer/Desktop/ROV2026/build/description/CMakeFiles) by extensions ['python_setup_py']
[0.157s] Level 1:colcon.colcon_core.package_identification:_identify(/home/artificer/Desktop/ROV2026/build/description/CMakeFiles) by extension 'python_setup_py'
[0.157s] Level 1:colcon.colcon_core.package_identification:_identify(/home/artificer/Desktop/ROV2026/build/description/CMakeFiles/3.28.3) by extensions ['ignore', 'ignore_ament_install']
[0.157s] Level 1:colcon.colcon_core.package_identification:_identify(/home/artificer/Desktop/ROV2026/build/description/CMakeFiles/3.28.3) by extension 'ignore'
[0.157s] Level 1:colcon.colcon_core.package_identification:_identify(/home/artificer/Desktop/ROV2026/build/description/CMakeFiles/3.28.3) by extension 'ignore_ament_install'
[0.157s] Level 1:colcon.colcon_core.package_identification:_identify(/home/artificer/Desktop/ROV2026/build/description/CMakeFiles/3.28.3) by extensions ['colcon_pkg']
[0.157s] Level 1:colcon.colcon_core.package_identification:_identify(/home/artificer/Desktop/ROV2026/build/description/CMakeFiles/3.28.3) by extension 'colcon_pkg'
[0.157s] Level 1:colcon.colcon_core.package_identification:_identify(/home/artificer/Desktop/ROV2026/build/description/CMakeFiles/3.28.3) by extensions ['colcon_meta']
[0.157s] Level 1:colcon.colcon_core.package_identification:_identify(/home/artificer/Desktop/ROV2026/build/description/CMakeFiles/3.28.3) by extension 'colcon_meta'
[0.157s] Level 1:colcon.colcon_core.package_identification:_identify(/home/artificer/Desktop/ROV2026/build/description/CMakeFiles/3.28.3) by extensions ['ros']
[0.157s] Level 1:colcon.colcon_core.package_identification:_identify(/home/artificer/Desktop/ROV2026/build/description/CMakeFiles/3.28.3) by extension 'ros'
[0.158s] Level 1:colcon.colcon_core.package_identification:_identify(/home/artificer/Desktop/ROV2026/build/description/CMakeFiles/3.28.3) by extensions ['cmake', 'python']
[0.158s] Level 1:colcon.colcon_core.package_identification:_identify(/home/artificer/Desktop/ROV2026/build/description/CMakeFiles/3.28.3) by extension 'cmake'
[0.158s] Level 1:colcon.colcon_core.package_identification:_identify(/home/artificer/Desktop/ROV2026/build/description/CMakeFiles/3.28.3) by extension 'python'
[0.158s] Level 1:colcon.colcon_core.package_identification:_identify(/home/artificer/Desktop/ROV2026/build/description/CMakeFiles/3.28.3) by extensions ['python_setup_py']
[0.158s] Level 1:colcon.colcon_core.package_identification:_identify(/home/artificer/Desktop/ROV2026/build/description/CMakeFiles/3.28.3) by extension 'python_setup_py'
[0.158s] Level 1:colcon.colcon_core.package_identification:_identify(/home/artificer/Desktop/ROV2026/build/description/CMakeFiles/3.28.3/CompilerIdC) by extensions ['ignore', 'ignore_ament_install']
[0.158s] Level 1:colcon.colcon_core.package_identification:_identify(/home/artificer/Desktop/ROV2026/build/description/CMakeFiles/3.28.3/CompilerIdC) by extension 'ignore'
[0.158s] Level 1:colcon.colcon_core.package_identification:_identify(/home/artificer/Desktop/ROV2026/build/description/CMakeFiles/3.28.3/CompilerIdC) by extension 'ignore_ament_install'
[0.158s] Level 1:colcon.colcon_core.package_identification:_identify(/home/artificer/Desktop/ROV2026/build/description/CMakeFiles/3.28.3/CompilerIdC) by extensions ['colcon_pkg']
[0.158s] Level 1:colcon.colcon_core.package_identification:_identify(/home/artificer/Desktop/ROV2026/build/description/CMakeFiles/3.28.3/CompilerIdC) by extension 'colcon_pkg'
[0.158s] Level 1:colcon.colcon_core.package_identification:_identify(/home/artificer/Desktop/ROV2026/build/description/CMakeFiles/3.28.3/CompilerIdC) by extensions ['colcon_meta']
[0.158s] Level 1:colcon.colcon_core.package_identification:_identify(/home/artificer/Desktop/ROV2026/build/description/CMakeFiles/3.28.3/CompilerIdC) by extension 'colcon_meta'
[0.158s] Level 1:colcon.colcon_core.package_identification:_identify(/home/artificer/Desktop/ROV2026/build/description/CMakeFiles/3.28.3/CompilerIdC) by extensions ['ros']
[0.158s] Level 1:colcon.colcon_core.package_identification:_identify(/home/artificer/Desktop/ROV2026/build/description/CMakeFiles/3.28.3/CompilerIdC) by extension 'ros'
[0.158s] Level 1:colcon.colcon_core.package_identification:_identify(/home/artificer/Desktop/ROV2026/build/description/CMakeFiles/3.28.3/CompilerIdC) by extensions ['cmake', 'python']
[0.158s] Level 1:colcon.colcon_core.package_identification:_identify(/home/artificer/Desktop/ROV2026/build/description/CMakeFiles/3.28.3/CompilerIdC) by extension 'cmake'
[0.158s] Level 1:colcon.colcon_core.package_identification:_identify(/home/artificer/Desktop/ROV2026/build/description/CMakeFiles/3.28.3/CompilerIdC) by extension 'python'
[0.158s] Level 1:colcon.colcon_core.package_identification:_identify(/home/artificer/Desktop/ROV2026/build/description/CMakeFiles/3.28.3/CompilerIdC) by extensions ['python_setup_py']
[0.158s] Level 1:colcon.colcon_core.package_identification:_identify(/home/artificer/Desktop/ROV2026/build/description/CMakeFiles/3.28.3/CompilerIdC) by extension 'python_setup_py'
[0.159s] Level 1:colcon.colcon_core.package_identification:_identify(/home/artificer/Desktop/ROV2026/build/description/CMakeFiles/3.28.3/CompilerIdC/tmp) by extensions ['ignore', 'ignore_ament_install']
[0.159s] Level 1:colcon.colcon_core.package_identification:_identify(/home/artificer/Desktop/ROV2026/build/description/CMakeFiles/3.28.3/CompilerIdC/tmp) by extension 'ignore'
[0.159s] Level 1:colcon.colcon_core.package_identification:_identify(/home/artificer/Desktop/ROV2026/build/description/CMakeFiles/3.28.3/CompilerIdC/tmp) by extension 'ignore_ament_install'
[0.159s] Level 1:colcon.colcon_core.package_identification:_identify(/home/artificer/Desktop/ROV2026/build/description/CMakeFiles/3.28.3/CompilerIdC/tmp) by extensions ['colcon_pkg']
[0.159s] Level 1:colcon.colcon_core.package_identification:_identify(/home/artificer/Desktop/ROV2026/build/description/CMakeFiles/3.28.3/CompilerIdC/tmp) by extension 'colcon_pkg'
[0.159s] Level 1:colcon.colcon_core.package_identification:_identify(/home/artificer/Desktop/ROV2026/build/description/CMakeFiles/3.28.3/CompilerIdC/tmp) by extensions ['colcon_meta']
[0.159s] Level 1:colcon.colcon_core.package_identification:_identify(/home/artificer/Desktop/ROV2026/build/description/CMakeFiles/3.28.3/CompilerIdC/tmp) by extension 'colcon_meta'
[0.159s] Level 1:colcon.colcon_core.package_identification:_identify(/home/artificer/Desktop/ROV2026/build/description/CMakeFiles/3.28.3/CompilerIdC/tmp) by extensions ['ros']
[0.159s] Level 1:colcon.colcon_core.package_identification:_identify(/home/artificer/Desktop/ROV2026/build/description/CMakeFiles/3.28.3/CompilerIdC/tmp) by extension 'ros'
[0.159s] Level 1:colcon.colcon_core.package_identification:_identify(/home/artificer/Desktop/ROV2026/build/description/CMakeFiles/3.28.3/CompilerIdC/tmp) by extensions ['cmake', 'python']
[0.159s] Level 1:colcon.colcon_core.package_identification:_identify(/home/artificer/Desktop/ROV2026/build/description/CMakeFiles/3.28.3/CompilerIdC/tmp) by extension 'cmake'
[0.159s] Level 1:colcon.colcon_core.package_identification:_identify(/home/artificer/Desktop/ROV2026/build/description/CMakeFiles/3.28.3/CompilerIdC/tmp) by extension 'python'
[0.159s] Level 1:colcon.colcon_core.package_identification:_identify(/home/artificer/Desktop/ROV2026/build/description/CMakeFiles/3.28.3/CompilerIdC/tmp) by extensions ['python_setup_py']
[0.159s] Level 1:colcon.colcon_core.package_identification:_identify(/home/artificer/Desktop/ROV2026/build/description/CMakeFiles/3.28.3/CompilerIdC/tmp) by extension 'python_setup_py'
[0.159s] Level 1:colcon.colcon_core.package_identification:_identify(/home/artificer/Desktop/ROV2026/build/description/CMakeFiles/3.28.3/CompilerIdCXX) by extensions ['ignore', 'ignore_ament_install']
[0.159s] Level 1:colcon.colcon_core.package_identification:_identify(/home/artificer/Desktop/ROV2026/build/description/CMakeFiles/3.28.3/CompilerIdCXX) by extension 'ignore'
[0.159s] Level 1:colcon.colcon_core.package_identification:_identify(/home/artificer/Desktop/ROV2026/build/description/CMakeFiles/3.28.3/CompilerIdCXX) by extension 'ignore_ament_install'
[0.160s] Level 1:colcon.colcon_core.package_identification:_identify(/home/artificer/Desktop/ROV2026/build/description/CMakeFiles/3.28.3/CompilerIdCXX) by extensions ['colcon_pkg']
[0.160s] Level 1:colcon.colcon_core.package_identification:_identify(/home/artificer/Desktop/ROV2026/build/description/CMakeFiles/3.28.3/CompilerIdCXX) by extension 'colcon_pkg'
[0.160s] Level 1:colcon.colcon_core.package_identification:_identify(/home/artificer/Desktop/ROV2026/build/description/CMakeFiles/3.28.3/CompilerIdCXX) by extensions ['colcon_meta']
[0.160s] Level 1:colcon.colcon_core.package_identification:_identify(/home/artificer/Desktop/ROV2026/build/description/CMakeFiles/3.28.3/CompilerIdCXX) by extension 'colcon_meta'
[0.160s] Level 1:colcon.colcon_core.package_identification:_identify(/home/artificer/Desktop/ROV2026/build/description/CMakeFiles/3.28.3/CompilerIdCXX) by extensions ['ros']
[0.160s] Level 1:colcon.colcon_core.package_identification:_identify(/home/artificer/Desktop/ROV2026/build/description/CMakeFiles/3.28.3/CompilerIdCXX) by extension 'ros'
[0.160s] Level 1:colcon.colcon_core.package_identification:_identify(/home/artificer/Desktop/ROV2026/build/description/CMakeFiles/3.28.3/CompilerIdCXX) by extensions ['cmake', 'python']
[0.160s] Level 1:colcon.colcon_core.package_identification:_identify(/home/artificer/Desktop/ROV2026/build/description/CMakeFiles/3.28.3/CompilerIdCXX) by extension 'cmake'
[0.160s] Level 1:colcon.colcon_core.package_identification:_identify(/home/artificer/Desktop/ROV2026/build/description/CMakeFiles/3.28.3/CompilerIdCXX) by extension 'python'
[0.160s] Level 1:colcon.colcon_core.package_identification:_identify(/home/artificer/Desktop/ROV2026/build/description/CMakeFiles/3.28.3/CompilerIdCXX) by extensions ['python_setup_py']
[0.160s] Level 1:colcon.colcon_core.package_identification:_identify(/home/artificer/Desktop/ROV2026/build/description/CMakeFiles/3.28.3/CompilerIdCXX) by extension 'python_setup_py'
[0.160s] Level 1:colcon.colcon_core.package_identification:_identify(/home/artificer/Desktop/ROV2026/build/description/CMakeFiles/3.28.3/CompilerIdCXX/tmp) by extensions ['ignore', 'ignore_ament_install']
[0.160s] Level 1:colcon.colcon_core.package_identification:_identify(/home/artificer/Desktop/ROV2026/build/description/CMakeFiles/3.28.3/CompilerIdCXX/tmp) by extension 'ignore'
[0.160s] Level 1:colcon.colcon_core.package_identification:_identify(/home/artificer/Desktop/ROV2026/build/description/CMakeFiles/3.28.3/CompilerIdCXX/tmp) by extension 'ignore_ament_install'
[0.160s] Level 1:colcon.colcon_core.package_identification:_identify(/home/artificer/Desktop/ROV2026/build/description/CMakeFiles/3.28.3/CompilerIdCXX/tmp) by extensions ['colcon_pkg']
[0.160s] Level 1:colcon.colcon_core.package_identification:_identify(/home/artificer/Desktop/ROV2026/build/description/CMakeFiles/3.28.3/CompilerIdCXX/tmp) by extension 'colcon_pkg'
[0.160s] Level 1:colcon.colcon_core.package_identification:_identify(/home/artificer/Desktop/ROV2026/build/description/CMakeFiles/3.28.3/CompilerIdCXX/tmp) by extensions ['colcon_meta']
[0.160s] Level 1:colcon.colcon_core.package_identification:_identify(/home/artificer/Desktop/ROV2026/build/description/CMakeFiles/3.28.3/CompilerIdCXX/tmp) by extension 'colcon_meta'
[0.161s] Level 1:colcon.colcon_core.package_identification:_identify(/home/artificer/Desktop/ROV2026/build/description/CMakeFiles/3.28.3/CompilerIdCXX/tmp) by extensions ['ros']
[0.161s] Level 1:colcon.colcon_core.package_identification:_identify(/home/artificer/Desktop/ROV2026/build/description/CMakeFiles/3.28.3/CompilerIdCXX/tmp) by extension 'ros'
[0.161s] Level 1:colcon.colcon_core.package_identification:_identify(/home/artificer/Desktop/ROV2026/build/description/CMakeFiles/3.28.3/CompilerIdCXX/tmp) by extensions ['cmake', 'python']
[0.161s] Level 1:colcon.colcon_core.package_identification:_identify(/home/artificer/Desktop/ROV2026/build/description/CMakeFiles/3.28.3/CompilerIdCXX/tmp) by extension 'cmake'
[0.161s] Level 1:colcon.colcon_core.package_identification:_identify(/home/artificer/Desktop/ROV2026/build/description/CMakeFiles/3.28.3/CompilerIdCXX/tmp) by extension 'python'
[0.161s] Level 1:colcon.colcon_core.package_identification:_identify(/home/artificer/Desktop/ROV2026/build/description/CMakeFiles/3.28.3/CompilerIdCXX/tmp) by extensions ['python_setup_py']
[0.161s] Level 1:colcon.colcon_core.package_identification:_identify(/home/artificer/Desktop/ROV2026/build/description/CMakeFiles/3.28.3/CompilerIdCXX/tmp) by extension 'python_setup_py'
[0.161s] Level 1:colcon.colcon_core.package_identification:_identify(/home/artificer/Desktop/ROV2026/build/description/CMakeFiles/CMakeScratch) by extensions ['ignore', 'ignore_ament_install']
[0.161s] Level 1:colcon.colcon_core.package_identification:_identify(/home/artificer/Desktop/ROV2026/build/description/CMakeFiles/CMakeScratch) by extension 'ignore'
[0.161s] Level 1:colcon.colcon_core.package_identification:_identify(/home/artificer/Desktop/ROV2026/build/description/CMakeFiles/CMakeScratch) by extension 'ignore_ament_install'
[0.161s] Level 1:colcon.colcon_core.package_identification:_identify(/home/artificer/Desktop/ROV2026/build/description/CMakeFiles/CMakeScratch) by extensions ['colcon_pkg']
[0.161s] Level 1:colcon.colcon_core.package_identification:_identify(/home/artificer/Desktop/ROV2026/build/description/CMakeFiles/CMakeScratch) by extension 'colcon_pkg'
[0.161s] Level 1:colcon.colcon_core.package_identification:_identify(/home/artificer/Desktop/ROV2026/build/description/CMakeFiles/CMakeScratch) by extensions ['colcon_meta']
[0.161s] Level 1:colcon.colcon_core.package_identification:_identify(/home/artificer/Desktop/ROV2026/build/description/CMakeFiles/CMakeScratch) by extension 'colcon_meta'
[0.161s] Level 1:colcon.colcon_core.package_identification:_identify(/home/artificer/Desktop/ROV2026/build/description/CMakeFiles/CMakeScratch) by extensions ['ros']
[0.161s] Level 1:colcon.colcon_core.package_identification:_identify(/home/artificer/Desktop/ROV2026/build/description/CMakeFiles/CMakeScratch) by extension 'ros'
[0.161s] Level 1:colcon.colcon_core.package_identification:_identify(/home/artificer/Desktop/ROV2026/build/description/CMakeFiles/CMakeScratch) by extensions ['cmake', 'python']
[0.161s] Level 1:colcon.colcon_core.package_identification:_identify(/home/artificer/Desktop/ROV2026/build/description/CMakeFiles/CMakeScratch) by extension 'cmake'
[0.161s] Level 1:colcon.colcon_core.package_identification:_identify(/home/artificer/Desktop/ROV2026/build/description/CMakeFiles/CMakeScratch) by extension 'python'
[0.162s] Level 1:colcon.colcon_core.package_identification:_identify(/home/artificer/Desktop/ROV2026/build/description/CMakeFiles/CMakeScratch) by extensions ['python_setup_py']
[0.162s] Level 1:colcon.colcon_core.package_identification:_identify(/home/artificer/Desktop/ROV2026/build/description/CMakeFiles/CMakeScratch) by extension 'python_setup_py'
[0.162s] Level 1:colcon.colcon_core.package_identification:_identify(/home/artificer/Desktop/ROV2026/build/description/CMakeFiles/pkgRedirects) by extensions ['ignore', 'ignore_ament_install']
[0.162s] Level 1:colcon.colcon_core.package_identification:_identify(/home/artificer/Desktop/ROV2026/build/description/CMakeFiles/pkgRedirects) by extension 'ignore'
[0.162s] Level 1:colcon.colcon_core.package_identification:_identify(/home/artificer/Desktop/ROV2026/build/description/CMakeFiles/pkgRedirects) by extension 'ignore_ament_install'
[0.162s] Level 1:colcon.colcon_core.package_identification:_identify(/home/artificer/Desktop/ROV2026/build/description/CMakeFiles/pkgRedirects) by extensions ['colcon_pkg']
[0.162s] Level 1:colcon.colcon_core.package_identification:_identify(/home/artificer/Desktop/ROV2026/build/description/CMakeFiles/pkgRedirects) by extension 'colcon_pkg'
[0.162s] Level 1:colcon.colcon_core.package_identification:_identify(/home/artificer/Desktop/ROV2026/build/description/CMakeFiles/pkgRedirects) by extensions ['colcon_meta']
[0.162s] Level 1:colcon.colcon_core.package_identification:_identify(/home/artificer/Desktop/ROV2026/build/description/CMakeFiles/pkgRedirects) by extension 'colcon_meta'
[0.162s] Level 1:colcon.colcon_core.package_identification:_identify(/home/artificer/Desktop/ROV2026/build/description/CMakeFiles/pkgRedirects) by extensions ['ros']
[0.162s] Level 1:colcon.colcon_core.package_identification:_identify(/home/artificer/Desktop/ROV2026/build/description/CMakeFiles/pkgRedirects) by extension 'ros'
[0.162s] Level 1:colcon.colcon_core.package_identification:_identify(/home/artificer/Desktop/ROV2026/build/description/CMakeFiles/pkgRedirects) by extensions ['cmake', 'python']
[0.162s] Level 1:colcon.colcon_core.package_identification:_identify(/home/artificer/Desktop/ROV2026/build/description/CMakeFiles/pkgRedirects) by extension 'cmake'
[0.162s] Level 1:colcon.colcon_core.package_identification:_identify(/home/artificer/Desktop/ROV2026/build/description/CMakeFiles/pkgRedirects) by extension 'python'
[0.162s] Level 1:colcon.colcon_core.package_identification:_identify(/home/artificer/Desktop/ROV2026/build/description/CMakeFiles/pkgRedirects) by extensions ['python_setup_py']
[0.162s] Level 1:colcon.colcon_core.package_identification:_identify(/home/artificer/Desktop/ROV2026/build/description/CMakeFiles/pkgRedirects) by extension 'python_setup_py'
[0.162s] Level 1:colcon.colcon_core.package_identification:_identify(/home/artificer/Desktop/ROV2026/build/description/ament_lint_cmake) by extensions ['ignore', 'ignore_ament_install']
[0.162s] Level 1:colcon.colcon_core.package_identification:_identify(/home/artificer/Desktop/ROV2026/build/description/ament_lint_cmake) by extension 'ignore'
[0.163s] Level 1:colcon.colcon_core.package_identification:_identify(/home/artificer/Desktop/ROV2026/build/description/ament_lint_cmake) by extension 'ignore_ament_install'
[0.163s] Level 1:colcon.colcon_core.package_identification:_identify(/home/artificer/Desktop/ROV2026/build/description/ament_lint_cmake) by extensions ['colcon_pkg']
[0.163s] Level 1:colcon.colcon_core.package_identification:_identify(/home/artificer/Desktop/ROV2026/build/description/ament_lint_cmake) by extension 'colcon_pkg'
[0.163s] Level 1:colcon.colcon_core.package_identification:_identify(/home/artificer/Desktop/ROV2026/build/description/ament_lint_cmake) by extensions ['colcon_meta']
[0.163s] Level 1:colcon.colcon_core.package_identification:_identify(/home/artificer/Desktop/ROV2026/build/description/ament_lint_cmake) by extension 'colcon_meta'
[0.163s] Level 1:colcon.colcon_core.package_identification:_identify(/home/artificer/Desktop/ROV2026/build/description/ament_lint_cmake) by extensions ['ros']
[0.163s] Level 1:colcon.colcon_core.package_identification:_identify(/home/artificer/Desktop/ROV2026/build/description/ament_lint_cmake) by extension 'ros'
[0.163s] Level 1:colcon.colcon_core.package_identification:_identify(/home/artificer/Desktop/ROV2026/build/description/ament_lint_cmake) by extensions ['cmake', 'python']
[0.163s] Level 1:colcon.colcon_core.package_identification:_identify(/home/artificer/Desktop/ROV2026/build/description/ament_lint_cmake) by extension 'cmake'
[0.163s] Level 1:colcon.colcon_core.package_identification:_identify(/home/artificer/Desktop/ROV2026/build/description/ament_lint_cmake) by extension 'python'
[0.163s] Level 1:colcon.colcon_core.package_identification:_identify(/home/artificer/Desktop/ROV2026/build/description/ament_lint_cmake) by extensions ['python_setup_py']
[0.163s] Level 1:colcon.colcon_core.package_identification:_identify(/home/artificer/Desktop/ROV2026/build/description/ament_lint_cmake) by extension 'python_setup_py'
[0.163s] Level 1:colcon.colcon_core.package_identification:_identify(/home/artificer/Desktop/ROV2026/build/description/ament_xmllint) by extensions ['ignore', 'ignore_ament_install']
[0.163s] Level 1:colcon.colcon_core.package_identification:_identify(/home/artificer/Desktop/ROV2026/build/description/ament_xmllint) by extension 'ignore'
[0.163s] Level 1:colcon.colcon_core.package_identification:_identify(/home/artificer/Desktop/ROV2026/build/description/ament_xmllint) by extension 'ignore_ament_install'
[0.163s] Level 1:colcon.colcon_core.package_identification:_identify(/home/artificer/Desktop/ROV2026/build/description/ament_xmllint) by extensions ['colcon_pkg']
[0.163s] Level 1:colcon.colcon_core.package_identification:_identify(/home/artificer/Desktop/ROV2026/build/description/ament_xmllint) by extension 'colcon_pkg'
[0.163s] Level 1:colcon.colcon_core.package_identification:_identify(/home/artificer/Desktop/ROV2026/build/description/ament_xmllint) by extensions ['colcon_meta']
[0.163s] Level 1:colcon.colcon_core.package_identification:_identify(/home/artificer/Desktop/ROV2026/build/description/ament_xmllint) by extension 'colcon_meta'
[0.163s] Level 1:colcon.colcon_core.package_identification:_identify(/home/artificer/Desktop/ROV2026/build/description/ament_xmllint) by extensions ['ros']
[0.163s] Level 1:colcon.colcon_core.package_identification:_identify(/home/artificer/Desktop/ROV2026/build/description/ament_xmllint) by extension 'ros'
[0.164s] Level 1:colcon.colcon_core.package_identification:_identify(/home/artificer/Desktop/ROV2026/build/description/ament_xmllint) by extensions ['cmake', 'python']
[0.164s] Level 1:colcon.colcon_core.package_identification:_identify(/home/artificer/Desktop/ROV2026/build/description/ament_xmllint) by extension 'cmake'
[0.164s] Level 1:colcon.colcon_core.package_identification:_identify(/home/artificer/Desktop/ROV2026/build/description/ament_xmllint) by extension 'python'
[0.164s] Level 1:colcon.colcon_core.package_identification:_identify(/home/artificer/Desktop/ROV2026/build/description/ament_xmllint) by extensions ['python_setup_py']
[0.164s] Level 1:colcon.colcon_core.package_identification:_identify(/home/artificer/Desktop/ROV2026/build/description/ament_xmllint) by extension 'python_setup_py'
[0.164s] Level 1:colcon.colcon_core.package_identification:_identify(/home/artificer/Desktop/ROV2026/build/rov_control) by extensions ['ignore', 'ignore_ament_install']
[0.164s] Level 1:colcon.colcon_core.package_identification:_identify(/home/artificer/Desktop/ROV2026/build/rov_control) by extension 'ignore'
[0.164s] Level 1:colcon.colcon_core.package_identification:_identify(/home/artificer/Desktop/ROV2026/build/rov_control) by extension 'ignore_ament_install'
[0.164s] Level 1:colcon.colcon_core.package_identification:_identify(/home/artificer/Desktop/ROV2026/build/rov_control) by extensions ['colcon_pkg']
[0.164s] Level 1:colcon.colcon_core.package_identification:_identify(/home/artificer/Desktop/ROV2026/build/rov_control) by extension 'colcon_pkg'
[0.164s] Level 1:colcon.colcon_core.package_identification:_identify(/home/artificer/Desktop/ROV2026/build/rov_control) by extensions ['colcon_meta']
[0.164s] Level 1:colcon.colcon_core.package_identification:_identify(/home/artificer/Desktop/ROV2026/build/rov_control) by extension 'colcon_meta'
[0.164s] Level 1:colcon.colcon_core.package_identification:_identify(/home/artificer/Desktop/ROV2026/build/rov_control) by extensions ['ros']
[0.164s] Level 1:colcon.colcon_core.package_identification:_identify(/home/artificer/Desktop/ROV2026/build/rov_control) by extension 'ros'
[0.164s] Level 1:colcon.colcon_core.package_identification:_identify(/home/artificer/Desktop/ROV2026/build/rov_control) by extensions ['cmake', 'python']
[0.164s] Level 1:colcon.colcon_core.package_identification:_identify(/home/artificer/Desktop/ROV2026/build/rov_control) by extension 'cmake'
[0.164s] Level 1:colcon.colcon_core.package_identification:_identify(/home/artificer/Desktop/ROV2026/build/rov_control) by extension 'python'
[0.164s] Level 1:colcon.colcon_core.package_identification:_identify(/home/artificer/Desktop/ROV2026/build/rov_control) by extensions ['python_setup_py']
[0.164s] Level 1:colcon.colcon_core.package_identification:_identify(/home/artificer/Desktop/ROV2026/build/rov_control) by extension 'python_setup_py'
[0.164s] Level 1:colcon.colcon_core.package_identification:_identify(/home/artificer/Desktop/ROV2026/build/rov_control/CMakeFiles) by extensions ['ignore', 'ignore_ament_install']
[0.164s] Level 1:colcon.colcon_core.package_identification:_identify(/home/artificer/Desktop/ROV2026/build/rov_control/CMakeFiles) by extension 'ignore'
[0.165s] Level 1:colcon.colcon_core.package_identification:_identify(/home/artificer/Desktop/ROV2026/build/rov_control/CMakeFiles) by extension 'ignore_ament_install'
[0.165s] Level 1:colcon.colcon_core.package_identification:_identify(/home/artificer/Desktop/ROV2026/build/rov_control/CMakeFiles) by extensions ['colcon_pkg']
[0.165s] Level 1:colcon.colcon_core.package_identification:_identify(/home/artificer/Desktop/ROV2026/build/rov_control/CMakeFiles) by extension 'colcon_pkg'
[0.165s] Level 1:colcon.colcon_core.package_identification:_identify(/home/artificer/Desktop/ROV2026/build/rov_control/CMakeFiles) by extensions ['colcon_meta']
[0.165s] Level 1:colcon.colcon_core.package_identification:_identify(/home/artificer/Desktop/ROV2026/build/rov_control/CMakeFiles) by extension 'colcon_meta'
[0.165s] Level 1:colcon.colcon_core.package_identification:_identify(/home/artificer/Desktop/ROV2026/build/rov_control/CMakeFiles) by extensions ['ros']
[0.165s] Level 1:colcon.colcon_core.package_identification:_identify(/home/artificer/Desktop/ROV2026/build/rov_control/CMakeFiles) by extension 'ros'
[0.165s] Level 1:colcon.colcon_core.package_identification:_identify(/home/artificer/Desktop/ROV2026/build/rov_control/CMakeFiles) by extensions ['cmake', 'python']
[0.165s] Level 1:colcon.colcon_core.package_identification:_identify(/home/artificer/Desktop/ROV2026/build/rov_control/CMakeFiles) by extension 'cmake'
[0.165s] Level 1:colcon.colcon_core.package_identification:_identify(/home/artificer/Desktop/ROV2026/build/rov_control/CMakeFiles) by extension 'python'
[0.165s] Level 1:colcon.colcon_core.package_identification:_identify(/home/artificer/Desktop/ROV2026/build/rov_control/CMakeFiles) by extensions ['python_setup_py']
[0.165s] Level 1:colcon.colcon_core.package_identification:_identify(/home/artificer/Desktop/ROV2026/build/rov_control/CMakeFiles) by extension 'python_setup_py'
[0.165s] Level 1:colcon.colcon_core.package_identification:_identify(/home/artificer/Desktop/ROV2026/build/rov_control/CMakeFiles/3.28.3) by extensions ['ignore', 'ignore_ament_install']
[0.165s] Level 1:colcon.colcon_core.package_identification:_identify(/home/artificer/Desktop/ROV2026/build/rov_control/CMakeFiles/3.28.3) by extension 'ignore'
[0.165s] Level 1:colcon.colcon_core.package_identification:_identify(/home/artificer/Desktop/ROV2026/build/rov_control/CMakeFiles/3.28.3) by extension 'ignore_ament_install'
[0.165s] Level 1:colcon.colcon_core.package_identification:_identify(/home/artificer/Desktop/ROV2026/build/rov_control/CMakeFiles/3.28.3) by extensions ['colcon_pkg']
[0.165s] Level 1:colcon.colcon_core.package_identification:_identify(/home/artificer/Desktop/ROV2026/build/rov_control/CMakeFiles/3.28.3) by extension 'colcon_pkg'
[0.165s] Level 1:colcon.colcon_core.package_identification:_identify(/home/artificer/Desktop/ROV2026/build/rov_control/CMakeFiles/3.28.3) by extensions ['colcon_meta']
[0.165s] Level 1:colcon.colcon_core.package_identification:_identify(/home/artificer/Desktop/ROV2026/build/rov_control/CMakeFiles/3.28.3) by extension 'colcon_meta'
[0.166s] Level 1:colcon.colcon_core.package_identification:_identify(/home/artificer/Desktop/ROV2026/build/rov_control/CMakeFiles/3.28.3) by extensions ['ros']
[0.166s] Level 1:colcon.colcon_core.package_identification:_identify(/home/artificer/Desktop/ROV2026/build/rov_control/CMakeFiles/3.28.3) by extension 'ros'
[0.166s] Level 1:colcon.colcon_core.package_identification:_identify(/home/artificer/Desktop/ROV2026/build/rov_control/CMakeFiles/3.28.3) by extensions ['cmake', 'python']
[0.166s] Level 1:colcon.colcon_core.package_identification:_identify(/home/artificer/Desktop/ROV2026/build/rov_control/CMakeFiles/3.28.3) by extension 'cmake'
[0.166s] Level 1:colcon.colcon_core.package_identification:_identify(/home/artificer/Desktop/ROV2026/build/rov_control/CMakeFiles/3.28.3) by extension 'python'
[0.166s] Level 1:colcon.colcon_core.package_identification:_identify(/home/artificer/Desktop/ROV2026/build/rov_control/CMakeFiles/3.28.3) by extensions ['python_setup_py']
[0.166s] Level 1:colcon.colcon_core.package_identification:_identify(/home/artificer/Desktop/ROV2026/build/rov_control/CMakeFiles/3.28.3) by extension 'python_setup_py'
[0.166s] Level 1:colcon.colcon_core.package_identification:_identify(/home/artificer/Desktop/ROV2026/build/rov_control/CMakeFiles/3.28.3/CompilerIdC) by extensions ['ignore', 'ignore_ament_install']
[0.166s] Level 1:colcon.colcon_core.package_identification:_identify(/home/artificer/Desktop/ROV2026/build/rov_control/CMakeFiles/3.28.3/CompilerIdC) by extension 'ignore'
[0.166s] Level 1:colcon.colcon_core.package_identification:_identify(/home/artificer/Desktop/ROV2026/build/rov_control/CMakeFiles/3.28.3/CompilerIdC) by extension 'ignore_ament_install'
[0.166s] Level 1:colcon.colcon_core.package_identification:_identify(/home/artificer/Desktop/ROV2026/build/rov_control/CMakeFiles/3.28.3/CompilerIdC) by extensions ['colcon_pkg']
[0.166s] Level 1:colcon.colcon_core.package_identification:_identify(/home/artificer/Desktop/ROV2026/build/rov_control/CMakeFiles/3.28.3/CompilerIdC) by extension 'colcon_pkg'
[0.166s] Level 1:colcon.colcon_core.package_identification:_identify(/home/artificer/Desktop/ROV2026/build/rov_control/CMakeFiles/3.28.3/CompilerIdC) by extensions ['colcon_meta']
[0.166s] Level 1:colcon.colcon_core.package_identification:_identify(/home/artificer/Desktop/ROV2026/build/rov_control/CMakeFiles/3.28.3/CompilerIdC) by extension 'colcon_meta'
[0.166s] Level 1:colcon.colcon_core.package_identification:_identify(/home/artificer/Desktop/ROV2026/build/rov_control/CMakeFiles/3.28.3/CompilerIdC) by extensions ['ros']
[0.166s] Level 1:colcon.colcon_core.package_identification:_identify(/home/artificer/Desktop/ROV2026/build/rov_control/CMakeFiles/3.28.3/CompilerIdC) by extension 'ros'
[0.166s] Level 1:colcon.colcon_core.package_identification:_identify(/home/artificer/Desktop/ROV2026/build/rov_control/CMakeFiles/3.28.3/CompilerIdC) by extensions ['cmake', 'python']
[0.166s] Level 1:colcon.colcon_core.package_identification:_identify(/home/artificer/Desktop/ROV2026/build/rov_control/CMakeFiles/3.28.3/CompilerIdC) by extension 'cmake'
[0.167s] Level 1:colcon.colcon_core.package_identification:_identify(/home/artificer/Desktop/ROV2026/build/rov_control/CMakeFiles/3.28.3/CompilerIdC) by extension 'python'
[0.167s] Level 1:colcon.colcon_core.package_identification:_identify(/home/artificer/Desktop/ROV2026/build/rov_control/CMakeFiles/3.28.3/CompilerIdC) by extensions ['python_setup_py']
[0.167s] Level 1:colcon.colcon_core.package_identification:_identify(/home/artificer/Desktop/ROV2026/build/rov_control/CMakeFiles/3.28.3/CompilerIdC) by extension 'python_setup_py'
[0.167s] Level 1:colcon.colcon_core.package_identification:_identify(/home/artificer/Desktop/ROV2026/build/rov_control/CMakeFiles/3.28.3/CompilerIdC/tmp) by extensions ['ignore', 'ignore_ament_install']
[0.167s] Level 1:colcon.colcon_core.package_identification:_identify(/home/artificer/Desktop/ROV2026/build/rov_control/CMakeFiles/3.28.3/CompilerIdC/tmp) by extension 'ignore'
[0.167s] Level 1:colcon.colcon_core.package_identification:_identify(/home/artificer/Desktop/ROV2026/build/rov_control/CMakeFiles/3.28.3/CompilerIdC/tmp) by extension 'ignore_ament_install'
[0.167s] Level 1:colcon.colcon_core.package_identification:_identify(/home/artificer/Desktop/ROV2026/build/rov_control/CMakeFiles/3.28.3/CompilerIdC/tmp) by extensions ['colcon_pkg']
[0.167s] Level 1:colcon.colcon_core.package_identification:_identify(/home/artificer/Desktop/ROV2026/build/rov_control/CMakeFiles/3.28.3/CompilerIdC/tmp) by extension 'colcon_pkg'
[0.167s] Level 1:colcon.colcon_core.package_identification:_identify(/home/artificer/Desktop/ROV2026/build/rov_control/CMakeFiles/3.28.3/CompilerIdC/tmp) by extensions ['colcon_meta']
[0.167s] Level 1:colcon.colcon_core.package_identification:_identify(/home/artificer/Desktop/ROV2026/build/rov_control/CMakeFiles/3.28.3/CompilerIdC/tmp) by extension 'colcon_meta'
[0.167s] Level 1:colcon.colcon_core.package_identification:_identify(/home/artificer/Desktop/ROV2026/build/rov_control/CMakeFiles/3.28.3/CompilerIdC/tmp) by extensions ['ros']
[0.167s] Level 1:colcon.colcon_core.package_identification:_identify(/home/artificer/Desktop/ROV2026/build/rov_control/CMakeFiles/3.28.3/CompilerIdC/tmp) by extension 'ros'
[0.167s] Level 1:colcon.colcon_core.package_identification:_identify(/home/artificer/Desktop/ROV2026/build/rov_control/CMakeFiles/3.28.3/CompilerIdC/tmp) by extensions ['cmake', 'python']
[0.167s] Level 1:colcon.colcon_core.package_identification:_identify(/home/artificer/Desktop/ROV2026/build/rov_control/CMakeFiles/3.28.3/CompilerIdC/tmp) by extension 'cmake'
[0.167s] Level 1:colcon.colcon_core.package_identification:_identify(/home/artificer/Desktop/ROV2026/build/rov_control/CMakeFiles/3.28.3/CompilerIdC/tmp) by extension 'python'
[0.167s] Level 1:colcon.colcon_core.package_identification:_identify(/home/artificer/Desktop/ROV2026/build/rov_control/CMakeFiles/3.28.3/CompilerIdC/tmp) by extensions ['python_setup_py']
[0.167s] Level 1:colcon.colcon_core.package_identification:_identify(/home/artificer/Desktop/ROV2026/build/rov_control/CMakeFiles/3.28.3/CompilerIdC/tmp) by extension 'python_setup_py'
[0.167s] Level 1:colcon.colcon_core.package_identification:_identify(/home/artificer/Desktop/ROV2026/build/rov_control/CMakeFiles/3.28.3/CompilerIdCXX) by extensions ['ignore', 'ignore_ament_install']
[0.167s] Level 1:colcon.colcon_core.package_identification:_identify(/home/artificer/Desktop/ROV2026/build/rov_control/CMakeFiles/3.28.3/CompilerIdCXX) by extension 'ignore'
[0.167s] Level 1:colcon.colcon_core.package_identification:_identify(/home/artificer/Desktop/ROV2026/build/rov_control/CMakeFiles/3.28.3/CompilerIdCXX) by extension 'ignore_ament_install'
[0.168s] Level 1:colcon.colcon_core.package_identification:_identify(/home/artificer/Desktop/ROV2026/build/rov_control/CMakeFiles/3.28.3/CompilerIdCXX) by extensions ['colcon_pkg']
[0.168s] Level 1:colcon.colcon_core.package_identification:_identify(/home/artificer/Desktop/ROV2026/build/rov_control/CMakeFiles/3.28.3/CompilerIdCXX) by extension 'colcon_pkg'
[0.168s] Level 1:colcon.colcon_core.package_identification:_identify(/home/artificer/Desktop/ROV2026/build/rov_control/CMakeFiles/3.28.3/CompilerIdCXX) by extensions ['colcon_meta']
[0.168s] Level 1:colcon.colcon_core.package_identification:_identify(/home/artificer/Desktop/ROV2026/build/rov_control/CMakeFiles/3.28.3/CompilerIdCXX) by extension 'colcon_meta'
[0.168s] Level 1:colcon.colcon_core.package_identification:_identify(/home/artificer/Desktop/ROV2026/build/rov_control/CMakeFiles/3.28.3/CompilerIdCXX) by extensions ['ros']
[0.168s] Level 1:colcon.colcon_core.package_identification:_identify(/home/artificer/Desktop/ROV2026/build/rov_control/CMakeFiles/3.28.3/CompilerIdCXX) by extension 'ros'
[0.168s] Level 1:colcon.colcon_core.package_identification:_identify(/home/artificer/Desktop/ROV2026/build/rov_control/CMakeFiles/3.28.3/CompilerIdCXX) by extensions ['cmake', 'python']
[0.168s] Level 1:colcon.colcon_core.package_identification:_identify(/home/artificer/Desktop/ROV2026/build/rov_control/CMakeFiles/3.28.3/CompilerIdCXX) by extension 'cmake'
[0.168s] Level 1:colcon.colcon_core.package_identification:_identify(/home/artificer/Desktop/ROV2026/build/rov_control/CMakeFiles/3.28.3/CompilerIdCXX) by extension 'python'
[0.168s] Level 1:colcon.colcon_core.package_identification:_identify(/home/artificer/Desktop/ROV2026/build/rov_control/CMakeFiles/3.28.3/CompilerIdCXX) by extensions ['python_setup_py']
[0.168s] Level 1:colcon.colcon_core.package_identification:_identify(/home/artificer/Desktop/ROV2026/build/rov_control/CMakeFiles/3.28.3/CompilerIdCXX) by extension 'python_setup_py'
[0.168s] Level 1:colcon.colcon_core.package_identification:_identify(/home/artificer/Desktop/ROV2026/build/rov_control/CMakeFiles/3.28.3/CompilerIdCXX/tmp) by extensions ['ignore', 'ignore_ament_install']
[0.168s] Level 1:colcon.colcon_core.package_identification:_identify(/home/artificer/Desktop/ROV2026/build/rov_control/CMakeFiles/3.28.3/CompilerIdCXX/tmp) by extension 'ignore'
[0.168s] Level 1:colcon.colcon_core.package_identification:_identify(/home/artificer/Desktop/ROV2026/build/rov_control/CMakeFiles/3.28.3/CompilerIdCXX/tmp) by extension 'ignore_ament_install'
[0.168s] Level 1:colcon.colcon_core.package_identification:_identify(/home/artificer/Desktop/ROV2026/build/rov_control/CMakeFiles/3.28.3/CompilerIdCXX/tmp) by extensions ['colcon_pkg']
[0.168s] Level 1:colcon.colcon_core.package_identification:_identify(/home/artificer/Desktop/ROV2026/build/rov_control/CMakeFiles/3.28.3/CompilerIdCXX/tmp) by extension 'colcon_pkg'
[0.168s] Level 1:colcon.colcon_core.package_identification:_identify(/home/artificer/Desktop/ROV2026/build/rov_control/CMakeFiles/3.28.3/CompilerIdCXX/tmp) by extensions ['colcon_meta']
[0.168s] Level 1:colcon.colcon_core.package_identification:_identify(/home/artificer/Desktop/ROV2026/build/rov_control/CMakeFiles/3.28.3/CompilerIdCXX/tmp) by extension 'colcon_meta'
[0.168s] Level 1:colcon.colcon_core.package_identification:_identify(/home/artificer/Desktop/ROV2026/build/rov_control/CMakeFiles/3.28.3/CompilerIdCXX/tmp) by extensions ['ros']
[0.168s] Level 1:colcon.colcon_core.package_identification:_identify(/home/artificer/Desktop/ROV2026/build/rov_control/CMakeFiles/3.28.3/CompilerIdCXX/tmp) by extension 'ros'
[0.169s] Level 1:colcon.colcon_core.package_identification:_identify(/home/artificer/Desktop/ROV2026/build/rov_control/CMakeFiles/3.28.3/CompilerIdCXX/tmp) by extensions ['cmake', 'python']
[0.169s] Level 1:colcon.colcon_core.package_identification:_identify(/home/artificer/Desktop/ROV2026/build/rov_control/CMakeFiles/3.28.3/CompilerIdCXX/tmp) by extension 'cmake'
[0.169s] Level 1:colcon.colcon_core.package_identification:_identify(/home/artificer/Desktop/ROV2026/build/rov_control/CMakeFiles/3.28.3/CompilerIdCXX/tmp) by extension 'python'
[0.169s] Level 1:colcon.colcon_core.package_identification:_identify(/home/artificer/Desktop/ROV2026/build/rov_control/CMakeFiles/3.28.3/CompilerIdCXX/tmp) by extensions ['python_setup_py']
[0.169s] Level 1:colcon.colcon_core.package_identification:_identify(/home/artificer/Desktop/ROV2026/build/rov_control/CMakeFiles/3.28.3/CompilerIdCXX/tmp) by extension 'python_setup_py'
[0.169s] Level 1:colcon.colcon_core.package_identification:_identify(/home/artificer/Desktop/ROV2026/build/rov_control/CMakeFiles/pkgRedirects) by extensions ['ignore', 'ignore_ament_install']
[0.169s] Level 1:colcon.colcon_core.package_identification:_identify(/home/artificer/Desktop/ROV2026/build/rov_control/CMakeFiles/pkgRedirects) by extension 'ignore'
[0.169s] Level 1:colcon.colcon_core.package_identification:_identify(/home/artificer/Desktop/ROV2026/build/rov_control/CMakeFiles/pkgRedirects) by extension 'ignore_ament_install'
[0.169s] Level 1:colcon.colcon_core.package_identification:_identify(/home/artificer/Desktop/ROV2026/build/rov_control/CMakeFiles/pkgRedirects) by extensions ['colcon_pkg']
[0.169s] Level 1:colcon.colcon_core.package_identification:_identify(/home/artificer/Desktop/ROV2026/build/rov_control/CMakeFiles/pkgRedirects) by extension 'colcon_pkg'
[0.169s] Level 1:colcon.colcon_core.package_identification:_identify(/home/artificer/Desktop/ROV2026/build/rov_control/CMakeFiles/pkgRedirects) by extensions ['colcon_meta']
[0.169s] Level 1:colcon.colcon_core.package_identification:_identify(/home/artificer/Desktop/ROV2026/build/rov_control/CMakeFiles/pkgRedirects) by extension 'colcon_meta'
[0.169s] Level 1:colcon.colcon_core.package_identification:_identify(/home/artificer/Desktop/ROV2026/build/rov_control/CMakeFiles/pkgRedirects) by extensions ['ros']
[0.169s] Level 1:colcon.colcon_core.package_identification:_identify(/home/artificer/Desktop/ROV2026/build/rov_control/CMakeFiles/pkgRedirects) by extension 'ros'
[0.169s] Level 1:colcon.colcon_core.package_identification:_identify(/home/artificer/Desktop/ROV2026/build/rov_control/CMakeFiles/pkgRedirects) by extensions ['cmake', 'python']
[0.169s] Level 1:colcon.colcon_core.package_identification:_identify(/home/artificer/Desktop/ROV2026/build/rov_control/CMakeFiles/pkgRedirects) by extension 'cmake'
[0.169s] Level 1:colcon.colcon_core.package_identification:_identify(/home/artificer/Desktop/ROV2026/build/rov_control/CMakeFiles/pkgRedirects) by extension 'python'
[0.169s] Level 1:colcon.colcon_core.package_identification:_identify(/home/artificer/Desktop/ROV2026/build/rov_control/CMakeFiles/pkgRedirects) by extensions ['python_setup_py']
[0.169s] Level 1:colcon.colcon_core.package_identification:_identify(/home/artificer/Desktop/ROV2026/build/rov_control/CMakeFiles/pkgRedirects) by extension 'python_setup_py'
[0.170s] Level 1:colcon.colcon_core.package_identification:_identify(/home/artificer/Desktop/ROV2026/build/rov_control/_deps) by extensions ['ignore', 'ignore_ament_install']
[0.170s] Level 1:colcon.colcon_core.package_identification:_identify(/home/artificer/Desktop/ROV2026/build/rov_control/_deps) by extension 'ignore'
[0.170s] Level 1:colcon.colcon_core.package_identification:_identify(/home/artificer/Desktop/ROV2026/build/rov_control/_deps) by extension 'ignore_ament_install'
[0.170s] Level 1:colcon.colcon_core.package_identification:_identify(/home/artificer/Desktop/ROV2026/build/rov_control/_deps) by extensions ['colcon_pkg']
[0.170s] Level 1:colcon.colcon_core.package_identification:_identify(/home/artificer/Desktop/ROV2026/build/rov_control/_deps) by extension 'colcon_pkg'
[0.170s] Level 1:colcon.colcon_core.package_identification:_identify(/home/artificer/Desktop/ROV2026/build/rov_control/_deps) by extensions ['colcon_meta']
[0.170s] Level 1:colcon.colcon_core.package_identification:_identify(/home/artificer/Desktop/ROV2026/build/rov_control/_deps) by extension 'colcon_meta'
[0.170s] Level 1:colcon.colcon_core.package_identification:_identify(/home/artificer/Desktop/ROV2026/build/rov_control/_deps) by extensions ['ros']
[0.170s] Level 1:colcon.colcon_core.package_identification:_identify(/home/artificer/Desktop/ROV2026/build/rov_control/_deps) by extension 'ros'
[0.170s] Level 1:colcon.colcon_core.package_identification:_identify(/home/artificer/Desktop/ROV2026/build/rov_control/_deps) by extensions ['cmake', 'python']
[0.170s] Level 1:colcon.colcon_core.package_identification:_identify(/home/artificer/Desktop/ROV2026/build/rov_control/_deps) by extension 'cmake'
[0.170s] Level 1:colcon.colcon_core.package_identification:_identify(/home/artificer/Desktop/ROV2026/build/rov_control/_deps) by extension 'python'
[0.170s] Level 1:colcon.colcon_core.package_identification:_identify(/home/artificer/Desktop/ROV2026/build/rov_control/_deps) by extensions ['python_setup_py']
[0.170s] Level 1:colcon.colcon_core.package_identification:_identify(/home/artificer/Desktop/ROV2026/build/rov_control/_deps) by extension 'python_setup_py'
[0.170s] Level 1:colcon.colcon_core.package_identification:_identify(/home/artificer/Desktop/ROV2026/build/rov_control/_deps/qdldl-src) by extensions ['ignore', 'ignore_ament_install']
[0.170s] Level 1:colcon.colcon_core.package_identification:_identify(/home/artificer/Desktop/ROV2026/build/rov_control/_deps/qdldl-src) by extension 'ignore'
[0.170s] Level 1:colcon.colcon_core.package_identification:_identify(/home/artificer/Desktop/ROV2026/build/rov_control/_deps/qdldl-src) by extension 'ignore_ament_install'
[0.171s] Level 1:colcon.colcon_core.package_identification:_identify(/home/artificer/Desktop/ROV2026/build/rov_control/_deps/qdldl-src) by extensions ['colcon_pkg']
[0.171s] Level 1:colcon.colcon_core.package_identification:_identify(/home/artificer/Desktop/ROV2026/build/rov_control/_deps/qdldl-src) by extension 'colcon_pkg'
[0.171s] Level 1:colcon.colcon_core.package_identification:_identify(/home/artificer/Desktop/ROV2026/build/rov_control/_deps/qdldl-src) by extensions ['colcon_meta']
[0.171s] Level 1:colcon.colcon_core.package_identification:_identify(/home/artificer/Desktop/ROV2026/build/rov_control/_deps/qdldl-src) by extension 'colcon_meta'
[0.171s] Level 1:colcon.colcon_core.package_identification:_identify(/home/artificer/Desktop/ROV2026/build/rov_control/_deps/qdldl-src) by extensions ['ros']
[0.171s] Level 1:colcon.colcon_core.package_identification:_identify(/home/artificer/Desktop/ROV2026/build/rov_control/_deps/qdldl-src) by extension 'ros'
[0.171s] Level 1:colcon.colcon_core.package_identification:_identify(/home/artificer/Desktop/ROV2026/build/rov_control/_deps/qdldl-src) by extensions ['cmake', 'python']
[0.171s] Level 1:colcon.colcon_core.package_identification:_identify(/home/artificer/Desktop/ROV2026/build/rov_control/_deps/qdldl-src) by extension 'cmake'
[0.173s] Level 1:colcon.colcon_core.package_identification:_identify(/home/artificer/Desktop/ROV2026/build/rov_control/_deps/qdldl-src) by extension 'python'
[0.174s] DEBUG:colcon.colcon_core.package_identification:Package '/home/artificer/Desktop/ROV2026/build/rov_control/_deps/qdldl-src' with type 'cmake' and name 'qdldl'
[0.174s] Level 1:colcon.colcon_core.package_identification:_identify(/home/artificer/Desktop/ROV2026/build/rov_control/_deps/qdldl-subbuild) by extensions ['ignore', 'ignore_ament_install']
[0.174s] Level 1:colcon.colcon_core.package_identification:_identify(/home/artificer/Desktop/ROV2026/build/rov_control/_deps/qdldl-subbuild) by extension 'ignore'
[0.174s] Level 1:colcon.colcon_core.package_identification:_identify(/home/artificer/Desktop/ROV2026/build/rov_control/_deps/qdldl-subbuild) by extension 'ignore_ament_install'
[0.174s] Level 1:colcon.colcon_core.package_identification:_identify(/home/artificer/Desktop/ROV2026/build/rov_control/_deps/qdldl-subbuild) by extensions ['colcon_pkg']
[0.174s] Level 1:colcon.colcon_core.package_identification:_identify(/home/artificer/Desktop/ROV2026/build/rov_control/_deps/qdldl-subbuild) by extension 'colcon_pkg'
[0.174s] Level 1:colcon.colcon_core.package_identification:_identify(/home/artificer/Desktop/ROV2026/build/rov_control/_deps/qdldl-subbuild) by extensions ['colcon_meta']
[0.174s] Level 1:colcon.colcon_core.package_identification:_identify(/home/artificer/Desktop/ROV2026/build/rov_control/_deps/qdldl-subbuild) by extension 'colcon_meta'
[0.174s] Level 1:colcon.colcon_core.package_identification:_identify(/home/artificer/Desktop/ROV2026/build/rov_control/_deps/qdldl-subbuild) by extensions ['ros']
[0.174s] Level 1:colcon.colcon_core.package_identification:_identify(/home/artificer/Desktop/ROV2026/build/rov_control/_deps/qdldl-subbuild) by extension 'ros'
[0.174s] Level 1:colcon.colcon_core.package_identification:_identify(/home/artificer/Desktop/ROV2026/build/rov_control/_deps/qdldl-subbuild) by extensions ['cmake', 'python']
[0.174s] Level 1:colcon.colcon_core.package_identification:_identify(/home/artificer/Desktop/ROV2026/build/rov_control/_deps/qdldl-subbuild) by extension 'cmake'
[0.174s] Level 1:colcon.colcon_core.package_identification:_identify(/home/artificer/Desktop/ROV2026/build/rov_control/_deps/qdldl-subbuild) by extension 'python'
[0.174s] Level 1:colcon.colcon_core.package_identification:_identify(/home/artificer/Desktop/ROV2026/build/rov_control/_deps/qdldl-subbuild) by extensions ['python_setup_py']
[0.174s] Level 1:colcon.colcon_core.package_identification:_identify(/home/artificer/Desktop/ROV2026/build/rov_control/_deps/qdldl-subbuild) by extension 'python_setup_py'
[0.174s] Level 1:colcon.colcon_core.package_identification:_identify(/home/artificer/Desktop/ROV2026/build/rov_control/_deps/qdldl-subbuild/CMakeFiles) by extensions ['ignore', 'ignore_ament_install']
[0.175s] Level 1:colcon.colcon_core.package_identification:_identify(/home/artificer/Desktop/ROV2026/build/rov_control/_deps/qdldl-subbuild/CMakeFiles) by extension 'ignore'
[0.175s] Level 1:colcon.colcon_core.package_identification:_identify(/home/artificer/Desktop/ROV2026/build/rov_control/_deps/qdldl-subbuild/CMakeFiles) by extension 'ignore_ament_install'
[0.175s] Level 1:colcon.colcon_core.package_identification:_identify(/home/artificer/Desktop/ROV2026/build/rov_control/_deps/qdldl-subbuild/CMakeFiles) by extensions ['colcon_pkg']
[0.175s] Level 1:colcon.colcon_core.package_identification:_identify(/home/artificer/Desktop/ROV2026/build/rov_control/_deps/qdldl-subbuild/CMakeFiles) by extension 'colcon_pkg'
[0.175s] Level 1:colcon.colcon_core.package_identification:_identify(/home/artificer/Desktop/ROV2026/build/rov_control/_deps/qdldl-subbuild/CMakeFiles) by extensions ['colcon_meta']
[0.175s] Level 1:colcon.colcon_core.package_identification:_identify(/home/artificer/Desktop/ROV2026/build/rov_control/_deps/qdldl-subbuild/CMakeFiles) by extension 'colcon_meta'
[0.175s] Level 1:colcon.colcon_core.package_identification:_identify(/home/artificer/Desktop/ROV2026/build/rov_control/_deps/qdldl-subbuild/CMakeFiles) by extensions ['ros']
[0.175s] Level 1:colcon.colcon_core.package_identification:_identify(/home/artificer/Desktop/ROV2026/build/rov_control/_deps/qdldl-subbuild/CMakeFiles) by extension 'ros'
[0.175s] Level 1:colcon.colcon_core.package_identification:_identify(/home/artificer/Desktop/ROV2026/build/rov_control/_deps/qdldl-subbuild/CMakeFiles) by extensions ['cmake', 'python']
[0.175s] Level 1:colcon.colcon_core.package_identification:_identify(/home/artificer/Desktop/ROV2026/build/rov_control/_deps/qdldl-subbuild/CMakeFiles) by extension 'cmake'
[0.175s] Level 1:colcon.colcon_core.package_identification:_identify(/home/artificer/Desktop/ROV2026/build/rov_control/_deps/qdldl-subbuild/CMakeFiles) by extension 'python'
[0.175s] Level 1:colcon.colcon_core.package_identification:_identify(/home/artificer/Desktop/ROV2026/build/rov_control/_deps/qdldl-subbuild/CMakeFiles) by extensions ['python_setup_py']
[0.175s] Level 1:colcon.colcon_core.package_identification:_identify(/home/artificer/Desktop/ROV2026/build/rov_control/_deps/qdldl-subbuild/CMakeFiles) by extension 'python_setup_py'
[0.175s] Level 1:colcon.colcon_core.package_identification:_identify(/home/artificer/Desktop/ROV2026/build/rov_control/_deps/qdldl-subbuild/CMakeFiles/pkgRedirects) by extensions ['ignore', 'ignore_ament_install']
[0.175s] Level 1:colcon.colcon_core.package_identification:_identify(/home/artificer/Desktop/ROV2026/build/rov_control/_deps/qdldl-subbuild/CMakeFiles/pkgRedirects) by extension 'ignore'
[0.175s] Level 1:colcon.colcon_core.package_identification:_identify(/home/artificer/Desktop/ROV2026/build/rov_control/_deps/qdldl-subbuild/CMakeFiles/pkgRedirects) by extension 'ignore_ament_install'
[0.175s] Level 1:colcon.colcon_core.package_identification:_identify(/home/artificer/Desktop/ROV2026/build/rov_control/_deps/qdldl-subbuild/CMakeFiles/pkgRedirects) by extensions ['colcon_pkg']
[0.175s] Level 1:colcon.colcon_core.package_identification:_identify(/home/artificer/Desktop/ROV2026/build/rov_control/_deps/qdldl-subbuild/CMakeFiles/pkgRedirects) by extension 'colcon_pkg'
[0.175s] Level 1:colcon.colcon_core.package_identification:_identify(/home/artificer/Desktop/ROV2026/build/rov_control/_deps/qdldl-subbuild/CMakeFiles/pkgRedirects) by extensions ['colcon_meta']
[0.175s] Level 1:colcon.colcon_core.package_identification:_identify(/home/artificer/Desktop/ROV2026/build/rov_control/_deps/qdldl-subbuild/CMakeFiles/pkgRedirects) by extension 'colcon_meta'
[0.176s] Level 1:colcon.colcon_core.package_identification:_identify(/home/artificer/Desktop/ROV2026/build/rov_control/_deps/qdldl-subbuild/CMakeFiles/pkgRedirects) by extensions ['ros']
[0.176s] Level 1:colcon.colcon_core.package_identification:_identify(/home/artificer/Desktop/ROV2026/build/rov_control/_deps/qdldl-subbuild/CMakeFiles/pkgRedirects) by extension 'ros'
[0.176s] Level 1:colcon.colcon_core.package_identification:_identify(/home/artificer/Desktop/ROV2026/build/rov_control/_deps/qdldl-subbuild/CMakeFiles/pkgRedirects) by extensions ['cmake', 'python']
[0.176s] Level 1:colcon.colcon_core.package_identification:_identify(/home/artificer/Desktop/ROV2026/build/rov_control/_deps/qdldl-subbuild/CMakeFiles/pkgRedirects) by extension 'cmake'
[0.176s] Level 1:colcon.colcon_core.package_identification:_identify(/home/artificer/Desktop/ROV2026/build/rov_control/_deps/qdldl-subbuild/CMakeFiles/pkgRedirects) by extension 'python'
[0.176s] Level 1:colcon.colcon_core.package_identification:_identify(/home/artificer/Desktop/ROV2026/build/rov_control/_deps/qdldl-subbuild/CMakeFiles/pkgRedirects) by extensions ['python_setup_py']
[0.176s] Level 1:colcon.colcon_core.package_identification:_identify(/home/artificer/Desktop/ROV2026/build/rov_control/_deps/qdldl-subbuild/CMakeFiles/pkgRedirects) by extension 'python_setup_py'
[0.176s] Level 1:colcon.colcon_core.package_identification:_identify(/home/artificer/Desktop/ROV2026/doxygen) by extensions ['ignore', 'ignore_ament_install']
[0.176s] Level 1:colcon.colcon_core.package_identification:_identify(/home/artificer/Desktop/ROV2026/doxygen) by extension 'ignore'
[0.176s] Level 1:colcon.colcon_core.package_identification:_identify(/home/artificer/Desktop/ROV2026/doxygen) by extension 'ignore_ament_install'
[0.176s] Level 1:colcon.colcon_core.package_identification:_identify(/home/artificer/Desktop/ROV2026/doxygen) by extensions ['colcon_pkg']
[0.176s] Level 1:colcon.colcon_core.package_identification:_identify(/home/artificer/Desktop/ROV2026/doxygen) by extension 'colcon_pkg'
[0.176s] Level 1:colcon.colcon_core.package_identification:_identify(/home/artificer/Desktop/ROV2026/doxygen) by extensions ['colcon_meta']
[0.176s] Level 1:colcon.colcon_core.package_identification:_identify(/home/artificer/Desktop/ROV2026/doxygen) by extension 'colcon_meta'
[0.176s] Level 1:colcon.colcon_core.package_identification:_identify(/home/artificer/Desktop/ROV2026/doxygen) by extensions ['ros']
[0.176s] Level 1:colcon.colcon_core.package_identification:_identify(/home/artificer/Desktop/ROV2026/doxygen) by extension 'ros'
[0.176s] Level 1:colcon.colcon_core.package_identification:_identify(/home/artificer/Desktop/ROV2026/doxygen) by extensions ['cmake', 'python']
[0.176s] Level 1:colcon.colcon_core.package_identification:_identify(/home/artificer/Desktop/ROV2026/doxygen) by extension 'cmake'
[0.176s] Level 1:colcon.colcon_core.package_identification:_identify(/home/artificer/Desktop/ROV2026/doxygen) by extension 'python'
[0.176s] Level 1:colcon.colcon_core.package_identification:_identify(/home/artificer/Desktop/ROV2026/doxygen) by extensions ['python_setup_py']
[0.176s] Level 1:colcon.colcon_core.package_identification:_identify(/home/artificer/Desktop/ROV2026/doxygen) by extension 'python_setup_py'
[0.177s] Level 1:colcon.colcon_core.package_identification:_identify(/home/artificer/Desktop/ROV2026/doxygen/doxygen-awesome-css) by extensions ['ignore', 'ignore_ament_install']
[0.177s] Level 1:colcon.colcon_core.package_identification:_identify(/home/artificer/Desktop/ROV2026/doxygen/doxygen-awesome-css) by extension 'ignore'
[0.177s] Level 1:colcon.colcon_core.package_identification:_identify(/home/artificer/Desktop/ROV2026/doxygen/doxygen-awesome-css) by extension 'ignore_ament_install'
[0.177s] Level 1:colcon.colcon_core.package_identification:_identify(/home/artificer/Desktop/ROV2026/doxygen/doxygen-awesome-css) by extensions ['colcon_pkg']
[0.177s] Level 1:colcon.colcon_core.package_identification:_identify(/home/artificer/Desktop/ROV2026/doxygen/doxygen-awesome-css) by extension 'colcon_pkg'
[0.177s] Level 1:colcon.colcon_core.package_identification:_identify(/home/artificer/Desktop/ROV2026/doxygen/doxygen-awesome-css) by extensions ['colcon_meta']
[0.177s] Level 1:colcon.colcon_core.package_identification:_identify(/home/artificer/Desktop/ROV2026/doxygen/doxygen-awesome-css) by extension 'colcon_meta'
[0.177s] Level 1:colcon.colcon_core.package_identification:_identify(/home/artificer/Desktop/ROV2026/doxygen/doxygen-awesome-css) by extensions ['ros']
[0.177s] Level 1:colcon.colcon_core.package_identification:_identify(/home/artificer/Desktop/ROV2026/doxygen/doxygen-awesome-css) by extension 'ros'
[0.177s] Level 1:colcon.colcon_core.package_identification:_identify(/home/artificer/Desktop/ROV2026/doxygen/doxygen-awesome-css) by extensions ['cmake', 'python']
[0.177s] Level 1:colcon.colcon_core.package_identification:_identify(/home/artificer/Desktop/ROV2026/doxygen/doxygen-awesome-css) by extension 'cmake'
[0.177s] Level 1:colcon.colcon_core.package_identification:_identify(/home/artificer/Desktop/ROV2026/doxygen/doxygen-awesome-css) by extension 'python'
[0.177s] Level 1:colcon.colcon_core.package_identification:_identify(/home/artificer/Desktop/ROV2026/doxygen/doxygen-awesome-css) by extensions ['python_setup_py']
[0.177s] Level 1:colcon.colcon_core.package_identification:_identify(/home/artificer/Desktop/ROV2026/doxygen/doxygen-awesome-css) by extension 'python_setup_py'
[0.177s] Level 1:colcon.colcon_core.package_identification:_identify(/home/artificer/Desktop/ROV2026/doxygen/html) by extensions ['ignore', 'ignore_ament_install']
[0.177s] Level 1:colcon.colcon_core.package_identification:_identify(/home/artificer/Desktop/ROV2026/doxygen/html) by extension 'ignore'
[0.177s] Level 1:colcon.colcon_core.package_identification:_identify(/home/artificer/Desktop/ROV2026/doxygen/html) by extension 'ignore_ament_install'
[0.177s] Level 1:colcon.colcon_core.package_identification:_identify(/home/artificer/Desktop/ROV2026/doxygen/html) by extensions ['colcon_pkg']
[0.178s] Level 1:colcon.colcon_core.package_identification:_identify(/home/artificer/Desktop/ROV2026/doxygen/html) by extension 'colcon_pkg'
[0.178s] Level 1:colcon.colcon_core.package_identification:_identify(/home/artificer/Desktop/ROV2026/doxygen/html) by extensions ['colcon_meta']
[0.178s] Level 1:colcon.colcon_core.package_identification:_identify(/home/artificer/Desktop/ROV2026/doxygen/html) by extension 'colcon_meta'
[0.178s] Level 1:colcon.colcon_core.package_identification:_identify(/home/artificer/Desktop/ROV2026/doxygen/html) by extensions ['ros']
[0.178s] Level 1:colcon.colcon_core.package_identification:_identify(/home/artificer/Desktop/ROV2026/doxygen/html) by extension 'ros'
[0.178s] Level 1:colcon.colcon_core.package_identification:_identify(/home/artificer/Desktop/ROV2026/doxygen/html) by extensions ['cmake', 'python']
[0.178s] Level 1:colcon.colcon_core.package_identification:_identify(/home/artificer/Desktop/ROV2026/doxygen/html) by extension 'cmake'
[0.178s] Level 1:colcon.colcon_core.package_identification:_identify(/home/artificer/Desktop/ROV2026/doxygen/html) by extension 'python'
[0.178s] Level 1:colcon.colcon_core.package_identification:_identify(/home/artificer/Desktop/ROV2026/doxygen/html) by extensions ['python_setup_py']
[0.178s] Level 1:colcon.colcon_core.package_identification:_identify(/home/artificer/Desktop/ROV2026/doxygen/html) by extension 'python_setup_py'
[0.178s] Level 1:colcon.colcon_core.package_identification:_identify(/home/artificer/Desktop/ROV2026/doxygen/html/search) by extensions ['ignore', 'ignore_ament_install']
[0.178s] Level 1:colcon.colcon_core.package_identification:_identify(/home/artificer/Desktop/ROV2026/doxygen/html/search) by extension 'ignore'
[0.178s] Level 1:colcon.colcon_core.package_identification:_identify(/home/artificer/Desktop/ROV2026/doxygen/html/search) by extension 'ignore_ament_install'
[0.178s] Level 1:colcon.colcon_core.package_identification:_identify(/home/artificer/Desktop/ROV2026/doxygen/html/search) by extensions ['colcon_pkg']
[0.178s] Level 1:colcon.colcon_core.package_identification:_identify(/home/artificer/Desktop/ROV2026/doxygen/html/search) by extension 'colcon_pkg'
[0.178s] Level 1:colcon.colcon_core.package_identification:_identify(/home/artificer/Desktop/ROV2026/doxygen/html/search) by extensions ['colcon_meta']
[0.178s] Level 1:colcon.colcon_core.package_identification:_identify(/home/artificer/Desktop/ROV2026/doxygen/html/search) by extension 'colcon_meta'
[0.178s] Level 1:colcon.colcon_core.package_identification:_identify(/home/artificer/Desktop/ROV2026/doxygen/html/search) by extensions ['ros']
[0.179s] Level 1:colcon.colcon_core.package_identification:_identify(/home/artificer/Desktop/ROV2026/doxygen/html/search) by extension 'ros'
[0.179s] Level 1:colcon.colcon_core.package_identification:_identify(/home/artificer/Desktop/ROV2026/doxygen/html/search) by extensions ['cmake', 'python']
[0.179s] Level 1:colcon.colcon_core.package_identification:_identify(/home/artificer/Desktop/ROV2026/doxygen/html/search) by extension 'cmake'
[0.179s] Level 1:colcon.colcon_core.package_identification:_identify(/home/artificer/Desktop/ROV2026/doxygen/html/search) by extension 'python'
[0.179s] Level 1:colcon.colcon_core.package_identification:_identify(/home/artificer/Desktop/ROV2026/doxygen/html/search) by extensions ['python_setup_py']
[0.179s] Level 1:colcon.colcon_core.package_identification:_identify(/home/artificer/Desktop/ROV2026/doxygen/html/search) by extension 'python_setup_py'
[0.179s] Level 1:colcon.colcon_core.package_identification:_identify(/home/artificer/Desktop/ROV2026/doxygen/latex) by extensions ['ignore', 'ignore_ament_install']
[0.179s] Level 1:colcon.colcon_core.package_identification:_identify(/home/artificer/Desktop/ROV2026/doxygen/latex) by extension 'ignore'
[0.179s] Level 1:colcon.colcon_core.package_identification:_identify(/home/artificer/Desktop/ROV2026/doxygen/latex) by extension 'ignore_ament_install'
[0.179s] Level 1:colcon.colcon_core.package_identification:_identify(/home/artificer/Desktop/ROV2026/doxygen/latex) by extensions ['colcon_pkg']
[0.179s] Level 1:colcon.colcon_core.package_identification:_identify(/home/artificer/Desktop/ROV2026/doxygen/latex) by extension 'colcon_pkg'
[0.179s] Level 1:colcon.colcon_core.package_identification:_identify(/home/artificer/Desktop/ROV2026/doxygen/latex) by extensions ['colcon_meta']
[0.179s] Level 1:colcon.colcon_core.package_identification:_identify(/home/artificer/Desktop/ROV2026/doxygen/latex) by extension 'colcon_meta'
[0.179s] Level 1:colcon.colcon_core.package_identification:_identify(/home/artificer/Desktop/ROV2026/doxygen/latex) by extensions ['ros']
[0.179s] Level 1:colcon.colcon_core.package_identification:_identify(/home/artificer/Desktop/ROV2026/doxygen/latex) by extension 'ros'
[0.179s] Level 1:colcon.colcon_core.package_identification:_identify(/home/artificer/Desktop/ROV2026/doxygen/latex) by extensions ['cmake', 'python']
[0.179s] Level 1:colcon.colcon_core.package_identification:_identify(/home/artificer/Desktop/ROV2026/doxygen/latex) by extension 'cmake'
[0.179s] Level 1:colcon.colcon_core.package_identification:_identify(/home/artificer/Desktop/ROV2026/doxygen/latex) by extension 'python'
[0.180s] Level 1:colcon.colcon_core.package_identification:_identify(/home/artificer/Desktop/ROV2026/doxygen/latex) by extensions ['python_setup_py']
[0.180s] Level 1:colcon.colcon_core.package_identification:_identify(/home/artificer/Desktop/ROV2026/doxygen/latex) by extension 'python_setup_py'
[0.180s] Level 1:colcon.colcon_core.package_identification:_identify(/home/artificer/Desktop/ROV2026/install) by extensions ['ignore', 'ignore_ament_install']
[0.180s] Level 1:colcon.colcon_core.package_identification:_identify(/home/artificer/Desktop/ROV2026/install) by extension 'ignore'
[0.180s] Level 1:colcon.colcon_core.package_identification:_identify(/home/artificer/Desktop/ROV2026/install) ignored
[0.180s] Level 1:colcon.colcon_core.package_identification:_identify(/home/artificer/Desktop/ROV2026/log) by extensions ['ignore', 'ignore_ament_install']
[0.180s] Level 1:colcon.colcon_core.package_identification:_identify(/home/artificer/Desktop/ROV2026/log) by extension 'ignore'
[0.180s] Level 1:colcon.colcon_core.package_identification:_identify(/home/artificer/Desktop/ROV2026/log) ignored
[0.180s] Level 1:colcon.colcon_core.package_identification:_identify(/home/artificer/Desktop/ROV2026/src) by extensions ['ignore', 'ignore_ament_install']
[0.180s] Level 1:colcon.colcon_core.package_identification:_identify(/home/artificer/Desktop/ROV2026/src) by extension 'ignore'
[0.180s] Level 1:colcon.colcon_core.package_identification:_identify(/home/artificer/Desktop/ROV2026/src) by extension 'ignore_ament_install'
[0.180s] Level 1:colcon.colcon_core.package_identification:_identify(/home/artificer/Desktop/ROV2026/src) by extensions ['colcon_pkg']
[0.180s] Level 1:colcon.colcon_core.package_identification:_identify(/home/artificer/Desktop/ROV2026/src) by extension 'colcon_pkg'
[0.180s] Level 1:colcon.colcon_core.package_identification:_identify(/home/artificer/Desktop/ROV2026/src) by extensions ['colcon_meta']
[0.180s] Level 1:colcon.colcon_core.package_identification:_identify(/home/artificer/Desktop/ROV2026/src) by extension 'colcon_meta'
[0.180s] Level 1:colcon.colcon_core.package_identification:_identify(/home/artificer/Desktop/ROV2026/src) by extensions ['ros']
[0.180s] Level 1:colcon.colcon_core.package_identification:_identify(/home/artificer/Desktop/ROV2026/src) by extension 'ros'
[0.180s] Level 1:colcon.colcon_core.package_identification:_identify(/home/artificer/Desktop/ROV2026/src) by extensions ['cmake', 'python']
[0.181s] Level 1:colcon.colcon_core.package_identification:_identify(/home/artificer/Desktop/ROV2026/src) by extension 'cmake'
[0.181s] Level 1:colcon.colcon_core.package_identification:_identify(/home/artificer/Desktop/ROV2026/src) by extension 'python'
[0.181s] Level 1:colcon.colcon_core.package_identification:_identify(/home/artificer/Desktop/ROV2026/src) by extensions ['python_setup_py']
[0.181s] Level 1:colcon.colcon_core.package_identification:_identify(/home/artificer/Desktop/ROV2026/src) by extension 'python_setup_py'
[0.181s] Level 1:colcon.colcon_core.package_identification:_identify(/home/artificer/Desktop/ROV2026/src/description) by extensions ['ignore', 'ignore_ament_install']
[0.181s] Level 1:colcon.colcon_core.package_identification:_identify(/home/artificer/Desktop/ROV2026/src/description) by extension 'ignore'
[0.181s] Level 1:colcon.colcon_core.package_identification:_identify(/home/artificer/Desktop/ROV2026/src/description) by extension 'ignore_ament_install'
[0.181s] Level 1:colcon.colcon_core.package_identification:_identify(/home/artificer/Desktop/ROV2026/src/description) by extensions ['colcon_pkg']
[0.181s] Level 1:colcon.colcon_core.package_identification:_identify(/home/artificer/Desktop/ROV2026/src/description) by extension 'colcon_pkg'
[0.181s] Level 1:colcon.colcon_core.package_identification:_identify(/home/artificer/Desktop/ROV2026/src/description) by extensions ['colcon_meta']
[0.181s] Level 1:colcon.colcon_core.package_identification:_identify(/home/artificer/Desktop/ROV2026/src/description) by extension 'colcon_meta'
[0.181s] Level 1:colcon.colcon_core.package_identification:_identify(/home/artificer/Desktop/ROV2026/src/description) by extensions ['ros']
[0.181s] Level 1:colcon.colcon_core.package_identification:_identify(/home/artificer/Desktop/ROV2026/src/description) by extension 'ros'
[0.183s] DEBUG:colcon.colcon_core.package_identification:Package '/home/artificer/Desktop/ROV2026/src/description' with type 'ros.ament_cmake' and name 'description'
[0.183s] Level 1:colcon.colcon_core.package_identification:_identify(/home/artificer/Desktop/ROV2026/src/rov_control) by extensions ['ignore', 'ignore_ament_install']
[0.183s] Level 1:colcon.colcon_core.package_identification:_identify(/home/artificer/Desktop/ROV2026/src/rov_control) by extension 'ignore'
[0.183s] Level 1:colcon.colcon_core.package_identification:_identify(/home/artificer/Desktop/ROV2026/src/rov_control) by extension 'ignore_ament_install'
[0.183s] Level 1:colcon.colcon_core.package_identification:_identify(/home/artificer/Desktop/ROV2026/src/rov_control) by extensions ['colcon_pkg']
[0.183s] Level 1:colcon.colcon_core.package_identification:_identify(/home/artificer/Desktop/ROV2026/src/rov_control) by extension 'colcon_pkg'
[0.183s] Level 1:colcon.colcon_core.package_identification:_identify(/home/artificer/Desktop/ROV2026/src/rov_control) by extensions ['colcon_meta']
[0.183s] Level 1:colcon.colcon_core.package_identification:_identify(/home/artificer/Desktop/ROV2026/src/rov_control) by extension 'colcon_meta'
[0.183s] Level 1:colcon.colcon_core.package_identification:_identify(/home/artificer/Desktop/ROV2026/src/rov_control) by extensions ['ros']
[0.183s] Level 1:colcon.colcon_core.package_identification:_identify(/home/artificer/Desktop/ROV2026/src/rov_control) by extension 'ros'
[0.184s] DEBUG:colcon.colcon_core.package_identification:Package '/home/artificer/Desktop/ROV2026/src/rov_control' with type 'ros.ament_cmake' and name 'rov_control'
[0.184s] Level 1:colcon.colcon_core.package_discovery:discover_packages(recursive) using defaults
