[0.011s] Invoking command in '/home/student/Desktop/ROV2026/build/rov_control': CMAKE_PREFIX_PATH=${CMAKE_PREFIX_PATH}:/opt/ros/jazzy /usr/bin/cmake --build /home/student/Desktop/ROV2026/build/rov_control -- -j6 -l6
[0.048s] -- Found ament_cmake: 2.5.4 (/opt/ros/jazzy/share/ament_cmake/cmake)
[0.263s] -- Found rclcpp: 28.1.9 (/opt/ros/jazzy/share/rclcpp/cmake)
[0.302s] -- Found rosidl_generator_c: 4.6.5 (/opt/ros/jazzy/share/rosidl_generator_c/cmake)
[0.314s] -- Found rosidl_generator_cpp: 4.6.5 (/opt/ros/jazzy/share/rosidl_generator_cpp/cmake)
[0.331s] -- Using all available rosidl_typesupport_c: rosidl_typesupport_fastrtps_c;rosidl_typesupport_introspection_c
[0.348s] -- Using all available rosidl_typesupport_cpp: rosidl_typesupport_fastrtps_cpp;rosidl_typesupport_introspection_cpp
[0.430s] -- Found rmw_implementation_cmake: 7.3.2 (/opt/ros/jazzy/share/rmw_implementation_cmake/cmake)
[0.432s] -- Found rmw_fastrtps_cpp: 8.4.2 (/opt/ros/jazzy/share/rmw_fastrtps_cpp/cmake)
[0.504s] -- Using RMW implementation 'rmw_fastrtps_cpp' as default
[0.586s] -- Found hardware_interface: 4.29.0 (/opt/ros/jazzy/share/hardware_interface/cmake)
[0.879s] -- Found controller_interface: 4.29.0 (/opt/ros/jazzy/share/controller_interface/cmake)
[0.895s] -- Debug mode: 
[0.895s] -- We are on a Linux system
[0.896s] -- Embedded mode: OFF
[0.896s] -- Algebra backend: builtin
[0.896s] -- Solver profiling: ON
[0.896s] -- Solver interrupt: ON
[0.896s] -- Using double precision floating-point
[0.896s] -- Using long integers
[0.896s] -- Code generation: ON
[0.896s] -- Derivative support: ON
[0.902s] -- Fetching/configuring QDLDL solver
[1.733s] --   Using double precision floats
[1.733s] --   Long integers (64bit) are ON
[1.735s] --   Static library build is OFF
[1.735s] --   Shared library build is OFF
[1.735s] --   Demo executable build is OFF
[1.735s] --   Not building demo executable
[1.735s] --   Unit testing suite build is OFF
[1.736s] -- Build static library: ON
[1.736s] -- Build shared library: ON
[1.736s] -- Build demo executable: ON
[1.829s] -- Configuring done (1.8s)
[1.902s] -- Generating done (0.1s)
[1.913s] -- Build files have been written to: /home/student/Desktop/ROV2026/build/rov_control
[1.949s] [  1%] [34m[1mCopying algebra_matrix.h[0m
[1.952s] [  2%] [32mBuilding C object _deps/qdldl-build/CMakeFiles/qdldlobject.dir/src/qdldl.c.o[0m
[1.953s] [  3%] [34m[1mCopying codegen makefile[0m
[1.954s] [  4%] [32mBuilding CXX object CMakeFiles/rov_control.dir/src/pwm_interface.cpp.o[0m
[1.959s] [  5%] [34m[1mCopying algebra_impl.h[0m
[1.960s] [  6%] [34m[1mCopying auxil.c[0m
[1.966s] [  7%] [34m[1mCopying algebra_vector.h[0m
[1.978s] [  8%] [34m[1mCopying error.c[0m
[1.978s] [  8%] Built target copy_codegen_makefile
[1.981s] [ 10%] [34m[1mCopying csc_math.h[0m
[1.983s] [ 11%] [34m[1mCopying auxil.h[0m
[1.995s] [ 13%] [34m[1mCopying osqp_api.c[0m
[1.996s] [ 13%] [34m[1mCopying error.h[0m
[2.000s] [ 14%] [34m[1mCopying kkt.h[0m
[2.001s] [ 15%] [34m[1mCopying csc_utils.h[0m
[2.019s] [ 16%] [34m[1mCopying util.c[0m
[2.021s] [ 17%] [34m[1mCopying scaling.c[0m
[2.023s] [ 18%] [34m[1mCopying glob_opts.h[0m
[2.029s] [ 20%] [34m[1mCopying qdldl.h[0m
[2.040s] [ 21%] [34m[1mCopying lin_alg.h[0m
[2.044s] [ 22%] [34m[1mCopying printing.h[0m
[2.045s] [ 23%] [34m[1mCopying qdldl_interface.h[0m
[2.049s] [ 23%] Built target copy_codegen_srcs
[2.052s] [ 23%] Built target qdldlobject
[2.058s] [ 24%] [34m[1mCopying qdldl_types.h[0m
[2.060s] [ 25%] [34m[1mCopying profilers.h[0m
[2.065s] [ 26%] [34m[1mCopying qdldl_version.h[0m
[2.066s] [ 27%] [34m[1mCopying algebra_libs.c[0m
[2.066s] [ 28%] [34m[1mCopying scaling.h[0m
[2.079s] [ 30%] [34m[1mCopying csc_utils.c[0m
[2.079s] [ 31%] [34m[1mCopying csc_math.c[0m
[2.083s] [ 32%] [34m[1mCopying timing.h[0m
[2.084s] [ 33%] [34m[1mCopying kkt.c[0m
[2.087s] [ 34%] [34m[1mCopying types.h[0m
[2.099s] [ 35%] [34m[1mCopying matrix.c[0m
[2.101s] [ 36%] [34m[1mCopying util.h[0m
[2.107s] [ 37%] [34m[1mCopying osqp.h[0m
[2.112s] [ 38%] [34m[1mCopying version.h[0m
[2.113s] [ 40%] [34m[1mCopying osqp_api_constants.h[0m
[2.121s] [ 41%] [34m[1mCopying qdldl.c[0m
[2.125s] [ 42%] [34m[1mCopying osqp_api_functions.h[0m
[2.138s] [ 43%] [34m[1mCopying qdldl_interface.c[0m
[2.150s] [ 44%] [34m[1mCopying osqp_api_types.h[0m
[2.150s] [ 45%] [32mBuilding C object external/osqp/CMakeFiles/OSQPLIB.dir/src/auxil.c.o[0m
[2.150s] [ 46%] [34m[1mCopying vector.c[0m
[2.157s] [ 47%] [34m[1mCopying osqp_export_define.h[0m
[2.166s] [ 48%] [32mBuilding C object external/osqp/CMakeFiles/OSQPLIB.dir/src/scaling.c.o[0m
[2.171s] [ 50%] [32mBuilding C object external/osqp/CMakeFiles/OSQPLIB.dir/src/error.c.o[0m
[2.172s] [ 50%] Built target copy_codegen_linalg
[2.181s] [ 51%] [32mBuilding C object external/osqp/CMakeFiles/OSQPLIB.dir/src/util.c.o[0m
[2.196s] [ 51%] Built target copy_codegen_incs
[2.232s] [ 51%] Built target copy_codegen_files
[2.233s] [ 52%] [32mBuilding C object external/osqp/CMakeFiles/OSQPLIB.dir/src/polish.c.o[0m
[2.256s] [ 53%] [32mBuilding C object external/osqp/CMakeFiles/OSQPLIB.dir/src/derivative.c.o[0m
[2.261s] [ 54%] [32mBuilding C object external/osqp/CMakeFiles/OSQPLIB.dir/src/interrupt_unix.c.o[0m
[2.280s] [ 55%] [32mBuilding C object external/osqp/CMakeFiles/OSQPLIB.dir/src/timing_linux.c.o[0m
[2.332s] [ 56%] [32mBuilding C object external/osqp/CMakeFiles/OSQPLIB.dir/src/codegen.c.o[0m
[2.367s] [ 57%] [32mBuilding C object external/osqp/CMakeFiles/OSQPLIB.dir/algebra/_common/csc_math.c.o[0m
[2.381s] [ 58%] [32mBuilding C object external/osqp/CMakeFiles/OSQPLIB.dir/algebra/_common/csc_utils.c.o[0m
[2.414s] [ 60%] [32mBuilding C object external/osqp/CMakeFiles/OSQPLIB.dir/algebra/builtin/algebra_libs.c.o[0m
[2.422s] [ 61%] [32mBuilding C object external/osqp/CMakeFiles/OSQPLIB.dir/algebra/builtin/vector.c.o[0m
[2.508s] [ 62%] [32mBuilding C object external/osqp/CMakeFiles/OSQPLIB.dir/algebra/builtin/matrix.c.o[0m
[2.585s] [ 63%] [32mBuilding C object external/osqp/CMakeFiles/OSQPLIB.dir/algebra/_common/lin_sys/qdldl/amd/src/SuiteSparse_config.c.o[0m
[2.666s] [ 64%] [32mBuilding C object external/osqp/CMakeFiles/OSQPLIB.dir/algebra/_common/lin_sys/qdldl/amd/src/amd_1.c.o[0m
[2.673s] [ 65%] [32mBuilding C object external/osqp/CMakeFiles/OSQPLIB.dir/algebra/_common/lin_sys/qdldl/amd/src/amd_2.c.o[0m
[2.709s] [ 66%] [32mBuilding C object external/osqp/CMakeFiles/OSQPLIB.dir/algebra/_common/lin_sys/qdldl/amd/src/amd_aat.c.o[0m
[2.726s] [ 67%] [32mBuilding C object external/osqp/CMakeFiles/OSQPLIB.dir/algebra/_common/lin_sys/qdldl/amd/src/amd_control.c.o[0m
[2.785s] [ 68%] [32mBuilding C object external/osqp/CMakeFiles/OSQPLIB.dir/algebra/_common/lin_sys/qdldl/amd/src/amd_defaults.c.o[0m
[2.797s] [ 70%] [32mBuilding C object external/osqp/CMakeFiles/OSQPLIB.dir/algebra/_common/lin_sys/qdldl/amd/src/amd_info.c.o[0m
[2.802s] [ 71%] [32mBuilding C object external/osqp/CMakeFiles/OSQPLIB.dir/algebra/_common/lin_sys/qdldl/amd/src/amd_order.c.o[0m
[2.862s] [ 72%] [32mBuilding C object external/osqp/CMakeFiles/OSQPLIB.dir/algebra/_common/lin_sys/qdldl/amd/src/amd_post_tree.c.o[0m
[2.877s] [ 73%] [32mBuilding C object external/osqp/CMakeFiles/OSQPLIB.dir/algebra/_common/lin_sys/qdldl/amd/src/amd_postorder.c.o[0m
[2.887s] [ 74%] [32mBuilding C object external/osqp/CMakeFiles/OSQPLIB.dir/algebra/_common/lin_sys/qdldl/amd/src/amd_preprocess.c.o[0m
[2.904s] [ 75%] [32mBuilding C object external/osqp/CMakeFiles/OSQPLIB.dir/algebra/_common/lin_sys/qdldl/amd/src/amd_valid.c.o[0m
[2.934s] [ 76%] [32mBuilding C object external/osqp/CMakeFiles/OSQPLIB.dir/algebra/_common/kkt.c.o[0m
[2.971s] [ 77%] [32mBuilding C object external/osqp/CMakeFiles/OSQPLIB.dir/algebra/_common/lin_sys/qdldl/qdldl_interface.c.o[0m
[3.371s] [ 77%] Built target OSQPLIB
[3.388s] [ 80%] [32mBuilding C object external/osqp/CMakeFiles/osqp.dir/src/osqp_api.c.o[0m
[3.388s] [ 80%] [32mBuilding C object external/osqp/CMakeFiles/osqpstatic.dir/src/osqp_api.c.o[0m
[3.692s] [ 82%] [32m[1mLinking C static library out/libosqpstatic.a[0m
[3.692s] [ 82%] [32m[1mLinking C shared library out/libosqp.so[0m
[3.742s] [ 82%] Built target osqp
[3.817s] [ 82%] Built target osqpstatic
[3.835s] [ 83%] [32mBuilding C object external/osqp/CMakeFiles/osqp_simple_demo.dir/examples/osqp_simple_demo.c.o[0m
[3.835s] [ 84%] [32mBuilding C object external/osqp/CMakeFiles/osqp_codegen_demo.dir/examples/osqp_codegen_demo.c.o[0m
[3.845s] [ 85%] [32mBuilding CXX object CMakeFiles/axis_to_command_controller.dir/src/axis_to_command_controller.cpp.o[0m
[3.848s] [ 86%] [32mBuilding C object external/osqp/CMakeFiles/osqp_demo.dir/examples/osqp_demo.c.o[0m
[3.856s] [ 87%] [32mBuilding C object external/osqp/CMakeFiles/osqp_demo.dir/examples/problems/cvxqp2_s.c.o[0m
[3.897s] [ 88%] [32m[1mLinking C executable out/osqp_simple_demo[0m
[3.912s] [ 90%] [32m[1mLinking C executable out/osqp_codegen_demo[0m
[3.913s] [ 91%] [32mBuilding C object external/osqp/CMakeFiles/osqp_demo.dir/examples/problems/qptest.c.o[0m
[3.914s] [ 92%] [32mBuilding C object external/osqp/CMakeFiles/osqp_demo.dir/examples/problems/qpcblend.c.o[0m
[3.944s] [ 92%] Built target osqp_simple_demo
[3.952s] [ 93%] [32mBuilding C object external/osqp/CMakeFiles/osqp_demo.dir/examples/problems/hs21.c.o[0m
[3.952s] [ 94%] [32mBuilding C object external/osqp/CMakeFiles/osqp_demo.dir/examples/problems/hs35.c.o[0m
[3.996s] [ 94%] Built target osqp_codegen_demo
[4.003s] [ 96%] [32mBuilding C object external/osqp/CMakeFiles/osqp_demo.dir/examples/problems/largeqp.c.o[0m
[4.003s] [ 96%] [32mBuilding C object external/osqp/CMakeFiles/osqp_demo.dir/examples/problems/primalc1.c.o[0m
[4.072s] [ 97%] [32m[1mLinking C executable out/osqp_demo[0m
[4.149s] [ 97%] Built target osqp_demo
[7.078s] [ 98%] [32m[1mLinking CXX shared library librov_control.so[0m
[7.375s] [ 98%] Built target rov_control
[10.066s] [100%] [32m[1mLinking CXX shared library libaxis_to_command_controller.so[0m
[10.290s] [100%] Built target axis_to_command_controller
[10.300s] Invoked command in '/home/student/Desktop/ROV2026/build/rov_control' returned '0': CMAKE_PREFIX_PATH=${CMAKE_PREFIX_PATH}:/opt/ros/jazzy /usr/bin/cmake --build /home/student/Desktop/ROV2026/build/rov_control -- -j6 -l6
[10.301s] Invoking command in '/home/student/Desktop/ROV2026/build/rov_control': CMAKE_PREFIX_PATH=${CMAKE_PREFIX_PATH}:/opt/ros/jazzy /usr/bin/cmake --install /home/student/Desktop/ROV2026/build/rov_control
[10.308s] -- Install configuration: ""
[10.309s] -- Installing: /home/student/Desktop/ROV2026/install/rov_control/include/qdldl/qdldl.h
[10.309s] -- Installing: /home/student/Desktop/ROV2026/install/rov_control/include/qdldl/qdldl_types.h
[10.309s] -- Installing: /home/student/Desktop/ROV2026/install/rov_control/include/qdldl/qdldl_version.h
[10.309s] -- Installing: /home/student/Desktop/ROV2026/install/rov_control/include/osqp/osqp.h
[10.309s] -- Installing: /home/student/Desktop/ROV2026/install/rov_control/include/osqp/osqp_api_constants.h
[10.309s] -- Installing: /home/student/Desktop/ROV2026/install/rov_control/include/osqp/osqp_api_functions.h
[10.309s] -- Installing: /home/student/Desktop/ROV2026/install/rov_control/include/osqp/osqp_api_types.h
[10.309s] -- Installing: /home/student/Desktop/ROV2026/install/rov_control/include/osqp/osqp_export_define.h
[10.309s] -- Installing: /home/student/Desktop/ROV2026/install/rov_control/include/osqp/osqp_configure.h
[10.310s] -- Installing: /home/student/Desktop/ROV2026/install/rov_control/lib/libosqpstatic.a
[10.310s] -- Installing: /home/student/Desktop/ROV2026/install/rov_control/lib/cmake/osqp/osqpstatic-targets.cmake
[10.310s] -- Installing: /home/student/Desktop/ROV2026/install/rov_control/lib/cmake/osqp/osqpstatic-targets-noconfig.cmake
[10.310s] -- Installing: /home/student/Desktop/ROV2026/install/rov_control/lib/libosqp.so
[10.311s] -- Installing: /home/student/Desktop/ROV2026/install/rov_control/lib/cmake/osqp/osqp-targets.cmake
[10.311s] -- Installing: /home/student/Desktop/ROV2026/install/rov_control/lib/cmake/osqp/osqp-targets-noconfig.cmake
[10.311s] -- Installing: /home/student/Desktop/ROV2026/install/rov_control/lib/cmake/osqp/osqp-config.cmake
[10.311s] -- Installing: /home/student/Desktop/ROV2026/install/rov_control/lib/cmake/osqp/osqp-config-version.cmake
[10.311s] -- Up-to-date: /home/student/Desktop/ROV2026/install/rov_control/share/osqp/codegen_files
[10.311s] -- Up-to-date: /home/student/Desktop/ROV2026/install/rov_control/share/osqp/codegen_files/src
[10.311s] -- Installing: /home/student/Desktop/ROV2026/install/rov_control/share/osqp/codegen_files/src/scaling.c
[10.311s] -- Installing: /home/student/Desktop/ROV2026/install/rov_control/share/osqp/codegen_files/src/util.c
[10.311s] -- Installing: /home/student/Desktop/ROV2026/install/rov_control/share/osqp/codegen_files/src/qdldl.c
[10.311s] -- Installing: /home/student/Desktop/ROV2026/install/rov_control/share/osqp/codegen_files/src/vector.c
[10.311s] -- Installing: /home/student/Desktop/ROV2026/install/rov_control/share/osqp/codegen_files/src/osqp_api.c
[10.312s] -- Installing: /home/student/Desktop/ROV2026/install/rov_control/share/osqp/codegen_files/src/qdldl_interface.c
[10.312s] -- Installing: /home/student/Desktop/ROV2026/install/rov_control/share/osqp/codegen_files/src/auxil.c
[10.312s] -- Installing: /home/student/Desktop/ROV2026/install/rov_control/share/osqp/codegen_files/src/kkt.c
[10.312s] -- Installing: /home/student/Desktop/ROV2026/install/rov_control/share/osqp/codegen_files/src/csc_utils.c
[10.312s] -- Installing: /home/student/Desktop/ROV2026/install/rov_control/share/osqp/codegen_files/src/error.c
[10.312s] -- Installing: /home/student/Desktop/ROV2026/install/rov_control/share/osqp/codegen_files/src/matrix.c
[10.312s] -- Installing: /home/student/Desktop/ROV2026/install/rov_control/share/osqp/codegen_files/src/algebra_libs.c
[10.312s] -- Installing: /home/student/Desktop/ROV2026/install/rov_control/share/osqp/codegen_files/src/csc_math.c
[10.313s] -- Up-to-date: /home/student/Desktop/ROV2026/install/rov_control/share/osqp/codegen_files/inc
[10.313s] -- Up-to-date: /home/student/Desktop/ROV2026/install/rov_control/share/osqp/codegen_files/inc/public
[10.313s] -- Installing: /home/student/Desktop/ROV2026/install/rov_control/share/osqp/codegen_files/inc/public/osqp_api_functions.h
[10.313s] -- Installing: /home/student/Desktop/ROV2026/install/rov_control/share/osqp/codegen_files/inc/public/osqp_api_types.h
[10.313s] -- Installing: /home/student/Desktop/ROV2026/install/rov_control/share/osqp/codegen_files/inc/public/osqp.h
[10.313s] -- Installing: /home/student/Desktop/ROV2026/install/rov_control/share/osqp/codegen_files/inc/public/osqp_api_constants.h
[10.313s] -- Installing: /home/student/Desktop/ROV2026/install/rov_control/share/osqp/codegen_files/inc/public/osqp_export_define.h
[10.313s] -- Up-to-date: /home/student/Desktop/ROV2026/install/rov_control/share/osqp/codegen_files/inc/private
[10.313s] -- Installing: /home/student/Desktop/ROV2026/install/rov_control/share/osqp/codegen_files/inc/private/auxil.h
[10.313s] -- Installing: /home/student/Desktop/ROV2026/install/rov_control/share/osqp/codegen_files/inc/private/timing.h
[10.313s] -- Installing: /home/student/Desktop/ROV2026/install/rov_control/share/osqp/codegen_files/inc/private/qdldl_interface.h
[10.313s] -- Installing: /home/student/Desktop/ROV2026/install/rov_control/share/osqp/codegen_files/inc/private/version.h
[10.313s] -- Installing: /home/student/Desktop/ROV2026/install/rov_control/share/osqp/codegen_files/inc/private/printing.h
[10.314s] -- Installing: /home/student/Desktop/ROV2026/install/rov_control/share/osqp/codegen_files/inc/private/scaling.h
[10.314s] -- Installing: /home/student/Desktop/ROV2026/install/rov_control/share/osqp/codegen_files/inc/private/csc_utils.h
[10.314s] -- Installing: /home/student/Desktop/ROV2026/install/rov_control/share/osqp/codegen_files/inc/private/error.h
[10.314s] -- Installing: /home/student/Desktop/ROV2026/install/rov_control/share/osqp/codegen_files/inc/private/types.h
[10.314s] -- Installing: /home/student/Desktop/ROV2026/install/rov_control/share/osqp/codegen_files/inc/private/csc_math.h
[10.314s] -- Installing: /home/student/Desktop/ROV2026/install/rov_control/share/osqp/codegen_files/inc/private/qdldl_types.h
[10.314s] -- Installing: /home/student/Desktop/ROV2026/install/rov_control/share/osqp/codegen_files/inc/private/profilers.h
[10.314s] -- Installing: /home/student/Desktop/ROV2026/install/rov_control/share/osqp/codegen_files/inc/private/algebra_matrix.h
[10.315s] -- Installing: /home/student/Desktop/ROV2026/install/rov_control/share/osqp/codegen_files/inc/private/qdldl_version.h
[10.315s] -- Installing: /home/student/Desktop/ROV2026/install/rov_control/share/osqp/codegen_files/inc/private/lin_alg.h
[10.315s] -- Installing: /home/student/Desktop/ROV2026/install/rov_control/share/osqp/codegen_files/inc/private/algebra_impl.h
[10.315s] -- Installing: /home/student/Desktop/ROV2026/install/rov_control/share/osqp/codegen_files/inc/private/glob_opts.h
[10.315s] -- Installing: /home/student/Desktop/ROV2026/install/rov_control/share/osqp/codegen_files/inc/private/util.h
[10.315s] -- Installing: /home/student/Desktop/ROV2026/install/rov_control/share/osqp/codegen_files/inc/private/algebra_vector.h
[10.315s] -- Installing: /home/student/Desktop/ROV2026/install/rov_control/share/osqp/codegen_files/inc/private/kkt.h
[10.315s] -- Installing: /home/student/Desktop/ROV2026/install/rov_control/share/osqp/codegen_files/inc/private/qdldl.h
[10.315s] -- Installing: /home/student/Desktop/ROV2026/install/rov_control/share/osqp/codegen_files/Makefile
[10.315s] -- Installing: /home/student/Desktop/ROV2026/install/rov_control/share/rov_control/plugins/axis_to_command_controller_plugin.xml
[10.316s] -- Installing: /home/student/Desktop/ROV2026/install/rov_control/lib/librov_control.so
[10.317s] -- Set non-toolchain portion of runtime path of "/home/student/Desktop/ROV2026/install/rov_control/lib/librov_control.so" to ""
[10.318s] -- Installing: /home/student/Desktop/ROV2026/install/rov_control/lib/libaxis_to_command_controller.so
[10.320s] -- Set non-toolchain portion of runtime path of "/home/student/Desktop/ROV2026/install/rov_control/lib/libaxis_to_command_controller.so" to ""
[10.320s] -- Up-to-date: /home/student/Desktop/ROV2026/install/rov_control/include/
[10.320s] -- Up-to-date: /home/student/Desktop/ROV2026/install/rov_control/include//rov_control
[10.320s] -- Up-to-date: /home/student/Desktop/ROV2026/install/rov_control/include//rov_control/thruster_pid_controller.hpp
[10.320s] -- Up-to-date: /home/student/Desktop/ROV2026/install/rov_control/include//rov_control/gamepad_parser_node.hpp
[10.320s] -- Up-to-date: /home/student/Desktop/ROV2026/install/rov_control/include//rov_control/libdriver_pca9685
[10.320s] -- Installing: /home/student/Desktop/ROV2026/install/rov_control/include//rov_control/libdriver_pca9685/driver_pca9685_interface.h
[10.320s] -- Installing: /home/student/Desktop/ROV2026/install/rov_control/include//rov_control/libdriver_pca9685/driver_pca9685.h
[10.320s] -- Up-to-date: /home/student/Desktop/ROV2026/install/rov_control/include//rov_control/pwm_interface.hpp
[10.320s] -- Up-to-date: /home/student/Desktop/ROV2026/install/rov_control/include//rov_control/axis_to_command_controller.hpp
[10.320s] -- Up-to-date: /home/student/Desktop/ROV2026/install/rov_control/share/rov_control/environment/library_path.sh
[10.320s] -- Up-to-date: /home/student/Desktop/ROV2026/install/rov_control/share/rov_control/environment/library_path.dsv
[10.320s] -- Installing: /home/student/Desktop/ROV2026/install/rov_control/share/ament_index/resource_index/package_run_dependencies/rov_control
[10.320s] -- Up-to-date: /home/student/Desktop/ROV2026/install/rov_control/share/ament_index/resource_index/parent_prefix_path/rov_control
[10.321s] -- Up-to-date: /home/student/Desktop/ROV2026/install/rov_control/share/rov_control/environment/ament_prefix_path.sh
[10.321s] -- Up-to-date: /home/student/Desktop/ROV2026/install/rov_control/share/rov_control/environment/ament_prefix_path.dsv
[10.321s] -- Up-to-date: /home/student/Desktop/ROV2026/install/rov_control/share/rov_control/environment/path.sh
[10.321s] -- Up-to-date: /home/student/Desktop/ROV2026/install/rov_control/share/rov_control/environment/path.dsv
[10.321s] -- Up-to-date: /home/student/Desktop/ROV2026/install/rov_control/share/rov_control/local_setup.bash
[10.321s] -- Installing: /home/student/Desktop/ROV2026/install/rov_control/share/rov_control/local_setup.sh
[10.321s] -- Up-to-date: /home/student/Desktop/ROV2026/install/rov_control/share/rov_control/local_setup.zsh
[10.321s] -- Up-to-date: /home/student/Desktop/ROV2026/install/rov_control/share/rov_control/local_setup.dsv
[10.321s] -- Installing: /home/student/Desktop/ROV2026/install/rov_control/share/rov_control/package.dsv
[10.321s] -- Up-to-date: /home/student/Desktop/ROV2026/install/rov_control/share/ament_index/resource_index/packages/rov_control
[10.321s] -- Installing: /home/student/Desktop/ROV2026/install/rov_control/share/ament_index/resource_index/controller_interface__pluginlib__plugin/rov_control
[10.321s] -- Installing: /home/student/Desktop/ROV2026/install/rov_control/share/rov_control/cmake/export_rov_controlExport.cmake
[10.321s] -- Installing: /home/student/Desktop/ROV2026/install/rov_control/share/rov_control/cmake/export_rov_controlExport-noconfig.cmake
[10.321s] -- Installing: /home/student/Desktop/ROV2026/install/rov_control/share/rov_control/cmake/ament_cmake_export_libraries-extras.cmake
[10.322s] -- Up-to-date: /home/student/Desktop/ROV2026/install/rov_control/share/rov_control/cmake/ament_cmake_export_targets-extras.cmake
[10.322s] -- Up-to-date: /home/student/Desktop/ROV2026/install/rov_control/share/rov_control/cmake/rov_controlConfig.cmake
[10.322s] -- Up-to-date: /home/student/Desktop/ROV2026/install/rov_control/share/rov_control/cmake/rov_controlConfig-version.cmake
[10.322s] -- Installing: /home/student/Desktop/ROV2026/install/rov_control/share/rov_control/package.xml
[10.323s] Invoked command in '/home/student/Desktop/ROV2026/build/rov_control' returned '0': CMAKE_PREFIX_PATH=${CMAKE_PREFIX_PATH}:/opt/ros/jazzy /usr/bin/cmake --install /home/student/Desktop/ROV2026/build/rov_control
