-- The C compiler identification is GNU 13.3.0
-- The CXX compiler identification is GNU 13.3.0
-- Detecting C compiler ABI info
-- Detecting C compiler ABI info - done
-- Check for working C compiler: /usr/bin/cc - skipped
-- Detecting C compile features
-- Detecting C compile features - done
-- Detecting CXX compiler ABI info
-- Detecting CXX compiler ABI info - done
-- Check for working CXX compiler: /usr/bin/c++ - skipped
-- Detecting CXX compile features
-- Detecting CXX compile features - done
-- Found ament_cmake: 2.5.4 (/opt/ros/jazzy/share/ament_cmake/cmake)
-- Found Python3: /usr/bin/python3 (found version "3.12.3") found components: Interpreter 
-- Found rclcpp: 28.1.9 (/opt/ros/jazzy/share/rclcpp/cmake)
-- Found rosidl_generator_c: 4.6.5 (/opt/ros/jazzy/share/rosidl_generator_c/cmake)
-- Found rosidl_generator_cpp: 4.6.5 (/opt/ros/jazzy/share/rosidl_generator_cpp/cmake)
-- Using all available rosidl_typesupport_c: rosidl_typesupport_fastrtps_c;rosidl_typesupport_introspection_c
-- Using all available rosidl_typesupport_cpp: rosidl_typesupport_fastrtps_cpp;rosidl_typesupport_introspection_cpp
-- Found rmw_implementation_cmake: 7.3.2 (/opt/ros/jazzy/share/rmw_implementation_cmake/cmake)
-- Found rmw_fastrtps_cpp: 8.4.2 (/opt/ros/jazzy/share/rmw_fastrtps_cpp/cmake)
-- Found OpenSSL: /usr/lib/x86_64-linux-gnu/libcrypto.so (found version "3.0.13")  
-- Found FastRTPS: /opt/ros/jazzy/include (Required is at least version "2.13") 
-- Using RMW implementation 'rmw_fastrtps_cpp' as default
-- Found hardware_interface: 4.28.1 (/opt/ros/jazzy/share/hardware_interface/cmake)
-- Found controller_interface: 4.28.1 (/opt/ros/jazzy/share/controller_interface/cmake)
-- Configuring done (1.8s)
-- Generating done (0.0s)
-- Build files have been written to: /home/student/Desktop/ROV2026/build/rov_control
[ 50%] [32mBuilding CXX object CMakeFiles/rov_control.dir/src/thruster_interface.cpp.o[0m
[100%] [32m[1mLinking CXX shared library librov_control.so[0m
[100%] Built target rov_control
-- Install configuration: ""
-- Installing: /home/student/Desktop/ROV2026/install/rov_control/share/rov_control/plugins/thruster_hardware_plugin.xml
-- Installing: /home/student/Desktop/ROV2026/install/rov_control/lib/librov_control.so
-- Set non-toolchain portion of runtime path of "/home/student/Desktop/ROV2026/install/rov_control/lib/librov_control.so" to ""
-- Installing: /home/student/Desktop/ROV2026/install/rov_control/share/rov_control/environment/library_path.sh
-- Installing: /home/student/Desktop/ROV2026/install/rov_control/share/rov_control/environment/library_path.dsv
-- Installing: /home/student/Desktop/ROV2026/install/rov_control/share/ament_index/resource_index/package_run_dependencies/rov_control
-- Installing: /home/student/Desktop/ROV2026/install/rov_control/share/ament_index/resource_index/parent_prefix_path/rov_control
-- Installing: /home/student/Desktop/ROV2026/install/rov_control/share/rov_control/environment/ament_prefix_path.sh
-- Installing: /home/student/Desktop/ROV2026/install/rov_control/share/rov_control/environment/ament_prefix_path.dsv
-- Installing: /home/student/Desktop/ROV2026/install/rov_control/share/rov_control/environment/path.sh
-- Installing: /home/student/Desktop/ROV2026/install/rov_control/share/rov_control/environment/path.dsv
-- Installing: /home/student/Desktop/ROV2026/install/rov_control/share/rov_control/local_setup.bash
-- Installing: /home/student/Desktop/ROV2026/install/rov_control/share/rov_control/local_setup.sh
-- Installing: /home/student/Desktop/ROV2026/install/rov_control/share/rov_control/local_setup.zsh
-- Installing: /home/student/Desktop/ROV2026/install/rov_control/share/rov_control/local_setup.dsv
-- Installing: /home/student/Desktop/ROV2026/install/rov_control/share/rov_control/package.dsv
-- Installing: /home/student/Desktop/ROV2026/install/rov_control/share/ament_index/resource_index/packages/rov_control
-- Installing: /home/student/Desktop/ROV2026/install/rov_control/share/ament_index/resource_index/hardware_interface__pluginlib__plugin/rov_control
-- Installing: /home/student/Desktop/ROV2026/install/rov_control/share/rov_control/cmake/export_rov_controlExport.cmake
-- Installing: /home/student/Desktop/ROV2026/install/rov_control/share/rov_control/cmake/export_rov_controlExport-noconfig.cmake
-- Installing: /home/student/Desktop/ROV2026/install/rov_control/share/rov_control/cmake/ament_cmake_export_libraries-extras.cmake
-- Installing: /home/student/Desktop/ROV2026/install/rov_control/share/rov_control/cmake/ament_cmake_export_targets-extras.cmake
-- Installing: /home/student/Desktop/ROV2026/install/rov_control/share/rov_control/cmake/rov_controlConfig.cmake
-- Installing: /home/student/Desktop/ROV2026/install/rov_control/share/rov_control/cmake/rov_controlConfig-version.cmake
-- Installing: /home/student/Desktop/ROV2026/install/rov_control/share/rov_control/package.xml
