[0.199s] Invoking command in '/home/artificer/Desktop/ROV2026/src/build/rov_control': CMAKE_PREFIX_PATH=${CMAKE_PREFIX_PATH}:/opt/ros/jazzy VIRTUAL_ENV_PROMPT=(.venv) /usr/bin/cmake /home/artificer/Desktop/ROV2026/src/rov_control -DCMAKE_INSTALL_PREFIX=/home/artificer/Desktop/ROV2026/src/install/rov_control
[0.274s] -- The C compiler identification is GNU 13.3.0
[0.344s] -- The CXX compiler identification is GNU 13.3.0
[0.361s] -- Detecting C compiler ABI info
[0.445s] -- Detecting C compiler ABI info - done
[0.458s] -- Check for working C compiler: /usr/bin/cc - skipped
[0.458s] -- Detecting C compile features
[0.459s] -- Detecting C compile features - done
[0.468s] -- Detecting CXX compiler ABI info
[0.560s] -- Detecting CXX compiler ABI info - done
[0.570s] -- Check for working CXX compiler: /usr/bin/c++ - skipped
[0.570s] -- Detecting CXX compile features
[0.570s] -- Detecting CXX compile features - done
[0.576s] -- Found ament_cmake: 2.5.4 (/opt/ros/jazzy/share/ament_cmake/cmake)
[0.701s] -- Found Python3: /home/artificer/Desktop/ROV2026/.venv/bin/python3 (found version "3.12.3") found components: Interpreter 
[0.810s] -- Found rclcpp: 28.1.9 (/opt/ros/jazzy/share/rclcpp/cmake)
[0.861s] -- Found rosidl_generator_c: 4.6.5 (/opt/ros/jazzy/share/rosidl_generator_c/cmake)
[0.877s] -- Found rosidl_generator_cpp: 4.6.5 (/opt/ros/jazzy/share/rosidl_generator_cpp/cmake)
[0.898s] -- Using all available rosidl_typesupport_c: rosidl_typesupport_fastrtps_c;rosidl_typesupport_introspection_c
[0.920s] -- Using all available rosidl_typesupport_cpp: rosidl_typesupport_fastrtps_cpp;rosidl_typesupport_introspection_cpp
[1.011s] -- Found rmw_implementation_cmake: 7.3.2 (/opt/ros/jazzy/share/rmw_implementation_cmake/cmake)
[1.016s] -- Found rmw_fastrtps_cpp: 8.4.2 (/opt/ros/jazzy/share/rmw_fastrtps_cpp/cmake)
[1.104s] -- Found OpenSSL: /usr/lib/x86_64-linux-gnu/libcrypto.so (found version "3.0.13")  
[1.124s] -- Found FastRTPS: /opt/ros/jazzy/include (Required is at least version "2.13") 
[1.145s] -- Using RMW implementation 'rmw_fastrtps_cpp' as default
[1.227s] -- Found hardware_interface: 4.29.0 (/opt/ros/jazzy/share/hardware_interface/cmake)
[1.578s] -- Found controller_interface: 4.29.0 (/opt/ros/jazzy/share/controller_interface/cmake)
[1.593s] -- Found control_toolbox: 4.3.0 (/opt/ros/jazzy/share/control_toolbox/cmake)
[1.665s] -- Found eigen3_cmake_module: 0.3.0 (/opt/ros/jazzy/share/eigen3_cmake_module/cmake)
[1.666s] -- Found Eigen3: TRUE (found version "3.4.0") 
[1.667s] -- Ensuring Eigen3 include directory is part of orocos-kdl CMake target
[1.763s] -- Debug mode: 
[1.763s] -- We are on a Linux system
[1.763s] -- Embedded mode: OFF
[1.763s] -- Algebra backend: builtin
[1.764s] -- Solver profiling: ON
[1.764s] -- Solver interrupt: ON
[1.764s] -- Using double precision floating-point
[1.764s] -- Using long integers
[1.764s] -- Code generation: ON
[1.764s] -- Derivative support: ON
[1.773s] -- Fetching/configuring QDLDL solver
[2.673s] --   Using double precision floats
[2.673s] --   Long integers (64bit) are ON
[2.675s] --   Static library build is OFF
[2.675s] --   Shared library build is OFF
[2.675s] --   Demo executable build is OFF
[2.675s] --   Not building demo executable
[2.675s] --   Unit testing suite build is OFF
[2.675s] -- Build static library: ON
[2.676s] -- Build shared library: ON
[2.676s] -- Build demo executable: ON
[2.702s] Traceback (most recent call last):
[2.702s]   File "/opt/ros/jazzy/share/ament_cmake_core/cmake/core/package_xml_2_cmake.py", line 22, in <module>
[2.703s]     from catkin_pkg.package import parse_package_string
[2.703s] ModuleNotFoundError: No module named 'catkin_pkg'
[2.706s] [31mCMake Error at /opt/ros/jazzy/share/ament_cmake_core/cmake/core/ament_package_xml.cmake:95 (message):
[2.706s]   execute_process(/home/artificer/Desktop/ROV2026/.venv/bin/python3
[2.706s]   /opt/ros/jazzy/share/ament_cmake_core/cmake/core/package_xml_2_cmake.py
[2.706s]   /home/artificer/Desktop/ROV2026/src/rov_control/package.xml
[2.706s]   /home/artificer/Desktop/ROV2026/src/build/rov_control/ament_cmake_core/package.cmake)
[2.706s]   returned error code 1
[2.706s] Call Stack (most recent call first):
[2.706s]   /opt/ros/jazzy/share/ament_cmake_core/cmake/core/ament_package_xml.cmake:49 (_ament_package_xml)
[2.706s]   /opt/ros/jazzy/share/ament_cmake_core/cmake/core/ament_package.cmake:63 (ament_package_xml)
[2.706s]   CMakeLists.txt:147 (ament_package)
[2.706s] 
[2.707s] [0m
[2.707s] -- Configuring incomplete, errors occurred!
