[0.010s] Invoking command in '/home/artificer/Desktop/ROV2026/build/dummy_hardware': CMAKE_PREFIX_PATH=${CMAKE_PREFIX_PATH}:/opt/ros/jazzy /usr/bin/cmake /home/artificer/Desktop/ROV2026/src/dummy_hardware -DAMENT_CMAKE_SYMLINK_INSTALL=1 -DCMAKE_INSTALL_PREFIX=/home/artificer/Desktop/ROV2026/install/dummy_hardware
[0.057s] -- The C compiler identification is GNU 13.3.0
[0.103s] -- The CXX compiler identification is GNU 13.3.0
[0.117s] -- Detecting C compiler ABI info
[0.193s] -- Detecting C compiler ABI info - done
[0.200s] -- Check for working C compiler: /usr/bin/cc - skipped
[0.200s] -- Detecting C compile features
[0.200s] -- Detecting C compile features - done
[0.209s] -- Detecting CXX compiler ABI info
[0.296s] -- Detecting CXX compiler ABI info - done
[0.304s] -- Check for working CXX compiler: /usr/bin/c++ - skipped
[0.304s] -- Detecting CXX compile features
[0.304s] -- Detecting CXX compile features - done
[0.307s] -- Found ament_cmake: 2.5.4 (/opt/ros/jazzy/share/ament_cmake/cmake)
[0.429s] -- Found Python3: /usr/bin/python3 (found version "3.12.3") found components: Interpreter 
[0.494s] -- Override CMake install command with custom implementation using symlinks instead of copying resources
[0.524s] -- Found hardware_interface: 4.29.0 (/opt/ros/jazzy/share/hardware_interface/cmake)
[0.568s] -- Found rosidl_generator_c: 4.6.5 (/opt/ros/jazzy/share/rosidl_generator_c/cmake)
[0.580s] -- Found rosidl_generator_cpp: 4.6.5 (/opt/ros/jazzy/share/rosidl_generator_cpp/cmake)
[0.594s] -- Using all available rosidl_typesupport_c: rosidl_typesupport_fastrtps_c;rosidl_typesupport_introspection_c
[0.610s] -- Using all available rosidl_typesupport_cpp: rosidl_typesupport_fastrtps_cpp;rosidl_typesupport_introspection_cpp
[0.805s] -- Found TinyXML2 via Config file: /usr/lib/x86_64-linux-gnu/cmake/tinyxml2
[0.846s] -- Found rmw_implementation_cmake: 7.3.2 (/opt/ros/jazzy/share/rmw_implementation_cmake/cmake)
[0.849s] -- Found rmw_fastrtps_cpp: 8.4.2 (/opt/ros/jazzy/share/rmw_fastrtps_cpp/cmake)
[0.871s] -- Found TinyXML2 via Config file: /usr/lib/x86_64-linux-gnu/cmake/tinyxml2
[0.918s] -- Found OpenSSL: /usr/lib/x86_64-linux-gnu/libcrypto.so (found version "3.0.13")  
[0.920s] -- Found TinyXML2 via Config file: /usr/lib/x86_64-linux-gnu/cmake/tinyxml2
[0.935s] -- Found FastRTPS: /opt/ros/jazzy/include (Required is at least version "2.13") 
[0.938s] -- Found TinyXML2 via Config file: /usr/lib/x86_64-linux-gnu/cmake/tinyxml2
[0.945s] -- Found TinyXML2 via Config file: /usr/lib/x86_64-linux-gnu/cmake/tinyxml2
[0.955s] -- Using RMW implementation 'rmw_fastrtps_cpp' as default
[1.169s] -- Found ament_lint_auto: 0.17.2 (/opt/ros/jazzy/share/ament_lint_auto/cmake)
[1.259s] -- Added test 'cppcheck' to perform static code analysis on C / C++ code
[1.259s] -- Configured cppcheck include dirs: 
[1.259s] -- Configured cppcheck exclude dirs and/or files: 
[1.260s] -- Added test 'lint_cmake' to check CMake code style
[1.261s] -- Added test 'uncrustify' to check C / C++ code style
[1.261s] -- Configured uncrustify additional arguments: 
[1.261s] -- Added test 'xmllint' to check XML markup files
[1.262s] -- Configuring done (1.2s)
[1.281s] -- Generating done (0.0s)
[1.284s] -- Build files have been written to: /home/artificer/Desktop/ROV2026/build/dummy_hardware
[1.294s] Invoked command in '/home/artificer/Desktop/ROV2026/build/dummy_hardware' returned '0': CMAKE_PREFIX_PATH=${CMAKE_PREFIX_PATH}:/opt/ros/jazzy /usr/bin/cmake /home/artificer/Desktop/ROV2026/src/dummy_hardware -DAMENT_CMAKE_SYMLINK_INSTALL=1 -DCMAKE_INSTALL_PREFIX=/home/artificer/Desktop/ROV2026/install/dummy_hardware
[1.295s] Invoking command in '/home/artificer/Desktop/ROV2026/build/dummy_hardware': CMAKE_PREFIX_PATH=${CMAKE_PREFIX_PATH}:/opt/ros/jazzy /usr/bin/cmake --build /home/artificer/Desktop/ROV2026/build/dummy_hardware -- -j12 -l12
[1.344s] [ 50%] [32mBuilding CXX object CMakeFiles/dummy_hardware.dir/src/dummy_hardware_system.cpp.o[0m
[5.261s] [100%] [32m[1mLinking CXX shared library libdummy_hardware.so[0m
[5.416s] [100%] Built target dummy_hardware
[5.426s] Invoked command in '/home/artificer/Desktop/ROV2026/build/dummy_hardware' returned '0': CMAKE_PREFIX_PATH=${CMAKE_PREFIX_PATH}:/opt/ros/jazzy /usr/bin/cmake --build /home/artificer/Desktop/ROV2026/build/dummy_hardware -- -j12 -l12
[5.427s] Invoking command in '/home/artificer/Desktop/ROV2026/build/dummy_hardware': CMAKE_PREFIX_PATH=${CMAKE_PREFIX_PATH}:/opt/ros/jazzy /usr/bin/cmake --install /home/artificer/Desktop/ROV2026/build/dummy_hardware
[5.434s] -- Install configuration: ""
[5.434s] -- Execute custom install script
[5.435s] -- Symlinking: /home/artificer/Desktop/ROV2026/install/dummy_hardware/share/dummy_hardware/plugins/dummy_hardware_plugin.xml
[5.443s] -- Symlinking: /home/artificer/Desktop/ROV2026/install/dummy_hardware/lib/libdummy_hardware.so
[5.451s] -- Symlinking: /home/artificer/Desktop/ROV2026/install/dummy_hardware/share/ament_index/resource_index/package_run_dependencies/dummy_hardware
[5.459s] -- Symlinking: /home/artificer/Desktop/ROV2026/install/dummy_hardware/share/ament_index/resource_index/parent_prefix_path/dummy_hardware
[5.466s] -- Symlinking: /home/artificer/Desktop/ROV2026/install/dummy_hardware/share/dummy_hardware/environment/ament_prefix_path.sh
[5.474s] -- Symlinking: /home/artificer/Desktop/ROV2026/install/dummy_hardware/share/dummy_hardware/environment/ament_prefix_path.dsv
[5.481s] -- Symlinking: /home/artificer/Desktop/ROV2026/install/dummy_hardware/share/dummy_hardware/environment/path.sh
[5.489s] -- Symlinking: /home/artificer/Desktop/ROV2026/install/dummy_hardware/share/dummy_hardware/environment/path.dsv
[5.496s] -- Symlinking: /home/artificer/Desktop/ROV2026/install/dummy_hardware/share/dummy_hardware/local_setup.bash
[5.503s] -- Symlinking: /home/artificer/Desktop/ROV2026/install/dummy_hardware/share/dummy_hardware/local_setup.sh
[5.511s] -- Symlinking: /home/artificer/Desktop/ROV2026/install/dummy_hardware/share/dummy_hardware/local_setup.zsh
[5.519s] -- Symlinking: /home/artificer/Desktop/ROV2026/install/dummy_hardware/share/dummy_hardware/local_setup.dsv
[5.528s] -- Symlinking: /home/artificer/Desktop/ROV2026/install/dummy_hardware/share/dummy_hardware/package.dsv
[5.536s] -- Symlinking: /home/artificer/Desktop/ROV2026/install/dummy_hardware/share/ament_index/resource_index/packages/dummy_hardware
[5.544s] -- Symlinking: /home/artificer/Desktop/ROV2026/install/dummy_hardware/share/ament_index/resource_index/hardware_interface__pluginlib__plugin/dummy_hardware
[5.552s] -- Symlinking: /home/artificer/Desktop/ROV2026/install/dummy_hardware/share/dummy_hardware/cmake/dummy_hardwareConfig.cmake
[5.559s] -- Symlinking: /home/artificer/Desktop/ROV2026/install/dummy_hardware/share/dummy_hardware/cmake/dummy_hardwareConfig-version.cmake
[5.567s] -- Symlinking: /home/artificer/Desktop/ROV2026/install/dummy_hardware/share/dummy_hardware/package.xml
[5.576s] Invoked command in '/home/artificer/Desktop/ROV2026/build/dummy_hardware' returned '0': CMAKE_PREFIX_PATH=${CMAKE_PREFIX_PATH}:/opt/ros/jazzy /usr/bin/cmake --install /home/artificer/Desktop/ROV2026/build/dummy_hardware
