[0.010s] Invoking command in '/home/student/Desktop/ROV2026/build/dummy_hardware': CMAKE_PREFIX_PATH=${CMAKE_PREFIX_PATH}:/opt/ros/jazzy /usr/bin/cmake /home/student/Desktop/ROV2026/src/dummy_hardware -DAMENT_CMAKE_SYMLINK_INSTALL=1 -DCMAKE_INSTALL_PREFIX=/home/student/Desktop/ROV2026/install/dummy_hardware
[0.056s] -- The C compiler identification is GNU 13.3.0
[0.106s] -- The CXX compiler identification is GNU 13.3.0
[0.121s] -- Detecting C compiler ABI info
[0.199s] -- Detecting C compiler ABI info - done
[0.207s] -- Check for working C compiler: /usr/bin/cc - skipped
[0.208s] -- Detecting C compile features
[0.208s] -- Detecting C compile features - done
[0.219s] -- Detecting CXX compiler ABI info
[0.329s] -- Detecting CXX compiler ABI info - done
[0.338s] -- Check for working CXX compiler: /usr/bin/c++ - skipped
[0.338s] -- Detecting CXX compile features
[0.339s] -- Detecting CXX compile features - done
[0.341s] -- Found ament_cmake: 2.5.4 (/opt/ros/jazzy/share/ament_cmake/cmake)
[0.481s] -- Found Python3: /usr/bin/python3 (found version "3.12.3") found components: Interpreter 
[0.568s] -- Override CMake install command with custom implementation using symlinks instead of copying resources
[0.598s] -- Found hardware_interface: 4.29.0 (/opt/ros/jazzy/share/hardware_interface/cmake)
[0.643s] -- Found rosidl_generator_c: 4.6.5 (/opt/ros/jazzy/share/rosidl_generator_c/cmake)
[0.656s] -- Found rosidl_generator_cpp: 4.6.5 (/opt/ros/jazzy/share/rosidl_generator_cpp/cmake)
[0.673s] -- Using all available rosidl_typesupport_c: rosidl_typesupport_fastrtps_c;rosidl_typesupport_introspection_c
[0.689s] -- Using all available rosidl_typesupport_cpp: rosidl_typesupport_fastrtps_cpp;rosidl_typesupport_introspection_cpp
[0.902s] -- Found TinyXML2 via Config file: /usr/lib/x86_64-linux-gnu/cmake/tinyxml2
[0.946s] -- Found rmw_implementation_cmake: 7.3.2 (/opt/ros/jazzy/share/rmw_implementation_cmake/cmake)
[0.949s] -- Found rmw_fastrtps_cpp: 8.4.2 (/opt/ros/jazzy/share/rmw_fastrtps_cpp/cmake)
[0.971s] -- Found TinyXML2 via Config file: /usr/lib/x86_64-linux-gnu/cmake/tinyxml2
[1.019s] -- Found OpenSSL: /usr/lib/x86_64-linux-gnu/libcrypto.so (found version "3.0.13")  
[1.022s] -- Found TinyXML2 via Config file: /usr/lib/x86_64-linux-gnu/cmake/tinyxml2
[1.040s] -- Found FastRTPS: /opt/ros/jazzy/include (Required is at least version "2.13") 
[1.042s] -- Found TinyXML2 via Config file: /usr/lib/x86_64-linux-gnu/cmake/tinyxml2
[1.049s] -- Found TinyXML2 via Config file: /usr/lib/x86_64-linux-gnu/cmake/tinyxml2
[1.060s] -- Using RMW implementation 'rmw_fastrtps_cpp' as default
[1.307s] -- Found ament_lint_auto: 0.17.2 (/opt/ros/jazzy/share/ament_lint_auto/cmake)
[1.407s] -- Added test 'cppcheck' to perform static code analysis on C / C++ code
[1.408s] -- Configured cppcheck include dirs: 
[1.408s] -- Configured cppcheck exclude dirs and/or files: 
[1.408s] -- Added test 'lint_cmake' to check CMake code style
[1.409s] -- Added test 'uncrustify' to check C / C++ code style
[1.409s] -- Configured uncrustify additional arguments: 
[1.410s] -- Added test 'xmllint' to check XML markup files
[1.411s] -- Configuring done (1.4s)
[1.431s] -- Generating done (0.0s)
[1.436s] -- Build files have been written to: /home/student/Desktop/ROV2026/build/dummy_hardware
[1.447s] Invoked command in '/home/student/Desktop/ROV2026/build/dummy_hardware' returned '0': CMAKE_PREFIX_PATH=${CMAKE_PREFIX_PATH}:/opt/ros/jazzy /usr/bin/cmake /home/student/Desktop/ROV2026/src/dummy_hardware -DAMENT_CMAKE_SYMLINK_INSTALL=1 -DCMAKE_INSTALL_PREFIX=/home/student/Desktop/ROV2026/install/dummy_hardware
[1.448s] Invoking command in '/home/student/Desktop/ROV2026/build/dummy_hardware': CMAKE_PREFIX_PATH=${CMAKE_PREFIX_PATH}:/opt/ros/jazzy /usr/bin/cmake --build /home/student/Desktop/ROV2026/build/dummy_hardware -- -j6 -l6
[1.492s] [ 50%] [32mBuilding CXX object CMakeFiles/dummy_hardware.dir/src/dummy_hardware_system.cpp.o[0m
[6.773s] [100%] [32m[1mLinking CXX shared library libdummy_hardware.so[0m
[6.988s] [100%] Built target dummy_hardware
[7.011s] Invoked command in '/home/student/Desktop/ROV2026/build/dummy_hardware' returned '0': CMAKE_PREFIX_PATH=${CMAKE_PREFIX_PATH}:/opt/ros/jazzy /usr/bin/cmake --build /home/student/Desktop/ROV2026/build/dummy_hardware -- -j6 -l6
[7.012s] Invoking command in '/home/student/Desktop/ROV2026/build/dummy_hardware': CMAKE_PREFIX_PATH=${CMAKE_PREFIX_PATH}:/opt/ros/jazzy /usr/bin/cmake --install /home/student/Desktop/ROV2026/build/dummy_hardware
[7.021s] -- Install configuration: ""
[7.022s] -- Execute custom install script
[7.023s] -- Symlinking: /home/student/Desktop/ROV2026/install/dummy_hardware/share/dummy_hardware/plugins/dummy_hardware_plugin.xml
[7.032s] -- Symlinking: /home/student/Desktop/ROV2026/install/dummy_hardware/lib/libdummy_hardware.so
[7.041s] -- Symlinking: /home/student/Desktop/ROV2026/install/dummy_hardware/share/ament_index/resource_index/package_run_dependencies/dummy_hardware
[7.050s] -- Symlinking: /home/student/Desktop/ROV2026/install/dummy_hardware/share/ament_index/resource_index/parent_prefix_path/dummy_hardware
[7.059s] -- Symlinking: /home/student/Desktop/ROV2026/install/dummy_hardware/share/dummy_hardware/environment/ament_prefix_path.sh
[7.068s] -- Symlinking: /home/student/Desktop/ROV2026/install/dummy_hardware/share/dummy_hardware/environment/ament_prefix_path.dsv
[7.076s] -- Symlinking: /home/student/Desktop/ROV2026/install/dummy_hardware/share/dummy_hardware/environment/path.sh
[7.085s] -- Symlinking: /home/student/Desktop/ROV2026/install/dummy_hardware/share/dummy_hardware/environment/path.dsv
[7.094s] -- Symlinking: /home/student/Desktop/ROV2026/install/dummy_hardware/share/dummy_hardware/local_setup.bash
[7.105s] -- Symlinking: /home/student/Desktop/ROV2026/install/dummy_hardware/share/dummy_hardware/local_setup.sh
[7.114s] -- Symlinking: /home/student/Desktop/ROV2026/install/dummy_hardware/share/dummy_hardware/local_setup.zsh
[7.123s] -- Symlinking: /home/student/Desktop/ROV2026/install/dummy_hardware/share/dummy_hardware/local_setup.dsv
[7.133s] -- Symlinking: /home/student/Desktop/ROV2026/install/dummy_hardware/share/dummy_hardware/package.dsv
[7.142s] -- Symlinking: /home/student/Desktop/ROV2026/install/dummy_hardware/share/ament_index/resource_index/packages/dummy_hardware
[7.152s] -- Symlinking: /home/student/Desktop/ROV2026/install/dummy_hardware/share/ament_index/resource_index/hardware_interface__pluginlib__plugin/dummy_hardware
[7.162s] -- Symlinking: /home/student/Desktop/ROV2026/install/dummy_hardware/share/dummy_hardware/cmake/dummy_hardwareConfig.cmake
[7.173s] -- Symlinking: /home/student/Desktop/ROV2026/install/dummy_hardware/share/dummy_hardware/cmake/dummy_hardwareConfig-version.cmake
[7.185s] -- Symlinking: /home/student/Desktop/ROV2026/install/dummy_hardware/share/dummy_hardware/package.xml
[7.198s] Invoked command in '/home/student/Desktop/ROV2026/build/dummy_hardware' returned '0': CMAKE_PREFIX_PATH=${CMAKE_PREFIX_PATH}:/opt/ros/jazzy /usr/bin/cmake --install /home/student/Desktop/ROV2026/build/dummy_hardware
