[0.010s] Invoking command in '/home/student/Desktop/ROV2026/build/rov_control': CMAKE_PREFIX_PATH=${CMAKE_PREFIX_PATH}:/opt/ros/jazzy /usr/bin/cmake --build /home/student/Desktop/ROV2026/build/rov_control -- -j6 -l6
[0.068s] [  1%] Built target copy_codegen_makefile
[0.068s] [ 18%] Built target copy_codegen_linalg
[0.068s] [ 19%] Built target qdldlobject
[0.073s] [ 39%] Built target copy_codegen_incs
[0.074s] [ 41%] Built target rov_control
[0.078s] [ 42%] [32mBuilding CXX object CMakeFiles/gamepad_parser_node.dir/src/gamepad_parser_node.cpp.o[0m
[0.087s] [ 47%] Built target copy_codegen_srcs
[0.092s] [ 78%] Built target OSQPLIB
[0.105s] [ 78%] Built target copy_codegen_files
[0.111s] [ 82%] Built target osqp
[0.112s] [ 82%] Built target osqpstatic
[0.133s] [ 84%] Built target osqp_simple_demo
[0.133s] [ 90%] Built target osqp_codegen_demo
[0.133s] [ 96%] Built target osqp_demo
[0.136s] [ 98%] Built target axis_to_command_controller
[6.701s] [100%] [32m[1mLinking CXX executable gamepad_parser_node[0m
[6.959s] [100%] Built target gamepad_parser_node
[6.970s] Invoked command in '/home/student/Desktop/ROV2026/build/rov_control' returned '0': CMAKE_PREFIX_PATH=${CMAKE_PREFIX_PATH}:/opt/ros/jazzy /usr/bin/cmake --build /home/student/Desktop/ROV2026/build/rov_control -- -j6 -l6
[6.971s] Invoking command in '/home/student/Desktop/ROV2026/build/rov_control': CMAKE_PREFIX_PATH=${CMAKE_PREFIX_PATH}:/opt/ros/jazzy /usr/bin/cmake --install /home/student/Desktop/ROV2026/build/rov_control
[6.978s] -- Install configuration: ""
[6.978s] -- Up-to-date: /home/student/Desktop/ROV2026/install/rov_control/include/qdldl/qdldl.h
[6.978s] -- Up-to-date: /home/student/Desktop/ROV2026/install/rov_control/include/qdldl/qdldl_types.h
[6.978s] -- Up-to-date: /home/student/Desktop/ROV2026/install/rov_control/include/qdldl/qdldl_version.h
[6.979s] -- Up-to-date: /home/student/Desktop/ROV2026/install/rov_control/include/osqp/osqp.h
[6.979s] -- Up-to-date: /home/student/Desktop/ROV2026/install/rov_control/include/osqp/osqp_api_constants.h
[6.979s] -- Up-to-date: /home/student/Desktop/ROV2026/install/rov_control/include/osqp/osqp_api_functions.h
[6.979s] -- Up-to-date: /home/student/Desktop/ROV2026/install/rov_control/include/osqp/osqp_api_types.h
[6.979s] -- Up-to-date: /home/student/Desktop/ROV2026/install/rov_control/include/osqp/osqp_export_define.h
[6.979s] -- Up-to-date: /home/student/Desktop/ROV2026/install/rov_control/include/osqp/osqp_configure.h
[6.979s] -- Up-to-date: /home/student/Desktop/ROV2026/install/rov_control/lib/libosqpstatic.a
[6.979s] -- Up-to-date: /home/student/Desktop/ROV2026/install/rov_control/lib/cmake/osqp/osqpstatic-targets.cmake
[6.979s] -- Up-to-date: /home/student/Desktop/ROV2026/install/rov_control/lib/cmake/osqp/osqpstatic-targets-noconfig.cmake
[6.979s] -- Up-to-date: /home/student/Desktop/ROV2026/install/rov_control/lib/libosqp.so
[6.979s] -- Up-to-date: /home/student/Desktop/ROV2026/install/rov_control/lib/cmake/osqp/osqp-targets.cmake
[6.979s] -- Up-to-date: /home/student/Desktop/ROV2026/install/rov_control/lib/cmake/osqp/osqp-targets-noconfig.cmake
[6.979s] -- Up-to-date: /home/student/Desktop/ROV2026/install/rov_control/lib/cmake/osqp/osqp-config.cmake
[6.980s] -- Up-to-date: /home/student/Desktop/ROV2026/install/rov_control/lib/cmake/osqp/osqp-config-version.cmake
[6.980s] -- Up-to-date: /home/student/Desktop/ROV2026/install/rov_control/share/osqp/codegen_files
[6.980s] -- Up-to-date: /home/student/Desktop/ROV2026/install/rov_control/share/osqp/codegen_files/src
[6.980s] -- Up-to-date: /home/student/Desktop/ROV2026/install/rov_control/share/osqp/codegen_files/src/scaling.c
[6.980s] -- Up-to-date: /home/student/Desktop/ROV2026/install/rov_control/share/osqp/codegen_files/src/util.c
[6.980s] -- Up-to-date: /home/student/Desktop/ROV2026/install/rov_control/share/osqp/codegen_files/src/qdldl.c
[6.980s] -- Up-to-date: /home/student/Desktop/ROV2026/install/rov_control/share/osqp/codegen_files/src/vector.c
[6.980s] -- Up-to-date: /home/student/Desktop/ROV2026/install/rov_control/share/osqp/codegen_files/src/osqp_api.c
[6.980s] -- Up-to-date: /home/student/Desktop/ROV2026/install/rov_control/share/osqp/codegen_files/src/qdldl_interface.c
[6.980s] -- Up-to-date: /home/student/Desktop/ROV2026/install/rov_control/share/osqp/codegen_files/src/auxil.c
[6.980s] -- Up-to-date: /home/student/Desktop/ROV2026/install/rov_control/share/osqp/codegen_files/src/kkt.c
[6.980s] -- Up-to-date: /home/student/Desktop/ROV2026/install/rov_control/share/osqp/codegen_files/src/csc_utils.c
[6.980s] -- Up-to-date: /home/student/Desktop/ROV2026/install/rov_control/share/osqp/codegen_files/src/error.c
[6.980s] -- Up-to-date: /home/student/Desktop/ROV2026/install/rov_control/share/osqp/codegen_files/src/matrix.c
[6.981s] -- Up-to-date: /home/student/Desktop/ROV2026/install/rov_control/share/osqp/codegen_files/src/algebra_libs.c
[6.981s] -- Up-to-date: /home/student/Desktop/ROV2026/install/rov_control/share/osqp/codegen_files/src/csc_math.c
[6.981s] -- Up-to-date: /home/student/Desktop/ROV2026/install/rov_control/share/osqp/codegen_files/inc
[6.981s] -- Up-to-date: /home/student/Desktop/ROV2026/install/rov_control/share/osqp/codegen_files/inc/public
[6.981s] -- Up-to-date: /home/student/Desktop/ROV2026/install/rov_control/share/osqp/codegen_files/inc/public/osqp_api_functions.h
[6.981s] -- Up-to-date: /home/student/Desktop/ROV2026/install/rov_control/share/osqp/codegen_files/inc/public/osqp_api_types.h
[6.981s] -- Up-to-date: /home/student/Desktop/ROV2026/install/rov_control/share/osqp/codegen_files/inc/public/osqp.h
[6.981s] -- Up-to-date: /home/student/Desktop/ROV2026/install/rov_control/share/osqp/codegen_files/inc/public/osqp_api_constants.h
[6.981s] -- Up-to-date: /home/student/Desktop/ROV2026/install/rov_control/share/osqp/codegen_files/inc/public/osqp_export_define.h
[6.981s] -- Up-to-date: /home/student/Desktop/ROV2026/install/rov_control/share/osqp/codegen_files/inc/private
[6.981s] -- Up-to-date: /home/student/Desktop/ROV2026/install/rov_control/share/osqp/codegen_files/inc/private/auxil.h
[6.981s] -- Up-to-date: /home/student/Desktop/ROV2026/install/rov_control/share/osqp/codegen_files/inc/private/timing.h
[6.981s] -- Up-to-date: /home/student/Desktop/ROV2026/install/rov_control/share/osqp/codegen_files/inc/private/qdldl_interface.h
[6.981s] -- Up-to-date: /home/student/Desktop/ROV2026/install/rov_control/share/osqp/codegen_files/inc/private/version.h
[6.981s] -- Up-to-date: /home/student/Desktop/ROV2026/install/rov_control/share/osqp/codegen_files/inc/private/printing.h
[6.981s] -- Up-to-date: /home/student/Desktop/ROV2026/install/rov_control/share/osqp/codegen_files/inc/private/scaling.h
[6.981s] -- Up-to-date: /home/student/Desktop/ROV2026/install/rov_control/share/osqp/codegen_files/inc/private/csc_utils.h
[6.982s] -- Up-to-date: /home/student/Desktop/ROV2026/install/rov_control/share/osqp/codegen_files/inc/private/error.h
[6.982s] -- Up-to-date: /home/student/Desktop/ROV2026/install/rov_control/share/osqp/codegen_files/inc/private/types.h
[6.982s] -- Up-to-date: /home/student/Desktop/ROV2026/install/rov_control/share/osqp/codegen_files/inc/private/csc_math.h
[6.982s] -- Up-to-date: /home/student/Desktop/ROV2026/install/rov_control/share/osqp/codegen_files/inc/private/qdldl_types.h
[6.982s] -- Up-to-date: /home/student/Desktop/ROV2026/install/rov_control/share/osqp/codegen_files/inc/private/profilers.h
[6.982s] -- Up-to-date: /home/student/Desktop/ROV2026/install/rov_control/share/osqp/codegen_files/inc/private/algebra_matrix.h
[6.982s] -- Up-to-date: /home/student/Desktop/ROV2026/install/rov_control/share/osqp/codegen_files/inc/private/qdldl_version.h
[6.982s] -- Up-to-date: /home/student/Desktop/ROV2026/install/rov_control/share/osqp/codegen_files/inc/private/lin_alg.h
[6.982s] -- Up-to-date: /home/student/Desktop/ROV2026/install/rov_control/share/osqp/codegen_files/inc/private/algebra_impl.h
[6.982s] -- Up-to-date: /home/student/Desktop/ROV2026/install/rov_control/share/osqp/codegen_files/inc/private/glob_opts.h
[6.982s] -- Up-to-date: /home/student/Desktop/ROV2026/install/rov_control/share/osqp/codegen_files/inc/private/util.h
[6.982s] -- Up-to-date: /home/student/Desktop/ROV2026/install/rov_control/share/osqp/codegen_files/inc/private/algebra_vector.h
[6.982s] -- Up-to-date: /home/student/Desktop/ROV2026/install/rov_control/share/osqp/codegen_files/inc/private/kkt.h
[6.982s] -- Up-to-date: /home/student/Desktop/ROV2026/install/rov_control/share/osqp/codegen_files/inc/private/qdldl.h
[6.982s] -- Up-to-date: /home/student/Desktop/ROV2026/install/rov_control/share/osqp/codegen_files/Makefile
[6.982s] -- Up-to-date: /home/student/Desktop/ROV2026/install/rov_control/share/rov_control/plugins/axis_to_command_controller_plugin.xml
[6.982s] -- Up-to-date: /home/student/Desktop/ROV2026/install/rov_control/lib/librov_control.so
[6.983s] -- Up-to-date: /home/student/Desktop/ROV2026/install/rov_control/lib/libaxis_to_command_controller.so
[6.983s] -- Installing: /home/student/Desktop/ROV2026/install/rov_control/lib/rov_control/gamepad_parser_node
[6.985s] -- Set non-toolchain portion of runtime path of "/home/student/Desktop/ROV2026/install/rov_control/lib/rov_control/gamepad_parser_node" to ""
[6.985s] -- Up-to-date: /home/student/Desktop/ROV2026/install/rov_control/include/
[6.985s] -- Up-to-date: /home/student/Desktop/ROV2026/install/rov_control/include//rov_control
[6.986s] -- Up-to-date: /home/student/Desktop/ROV2026/install/rov_control/include//rov_control/thruster_pid_controller.hpp
[6.986s] -- Up-to-date: /home/student/Desktop/ROV2026/install/rov_control/include//rov_control/gamepad_parser_node.hpp
[6.986s] -- Up-to-date: /home/student/Desktop/ROV2026/install/rov_control/include//rov_control/libdriver_pca9685
[6.986s] -- Up-to-date: /home/student/Desktop/ROV2026/install/rov_control/include//rov_control/libdriver_pca9685/driver_pca9685_interface.h
[6.986s] -- Up-to-date: /home/student/Desktop/ROV2026/install/rov_control/include//rov_control/libdriver_pca9685/driver_pca9685.h
[6.986s] -- Up-to-date: /home/student/Desktop/ROV2026/install/rov_control/include//rov_control/pwm_interface.hpp
[6.986s] -- Up-to-date: /home/student/Desktop/ROV2026/install/rov_control/include//rov_control/axis_to_command_controller.hpp
[6.986s] -- Up-to-date: /home/student/Desktop/ROV2026/install/rov_control/share/rov_control/environment/library_path.sh
[6.986s] -- Up-to-date: /home/student/Desktop/ROV2026/install/rov_control/share/rov_control/environment/library_path.dsv
[6.986s] -- Up-to-date: /home/student/Desktop/ROV2026/install/rov_control/share/ament_index/resource_index/package_run_dependencies/rov_control
[6.986s] -- Up-to-date: /home/student/Desktop/ROV2026/install/rov_control/share/ament_index/resource_index/parent_prefix_path/rov_control
[6.986s] -- Up-to-date: /home/student/Desktop/ROV2026/install/rov_control/share/rov_control/environment/ament_prefix_path.sh
[6.986s] -- Up-to-date: /home/student/Desktop/ROV2026/install/rov_control/share/rov_control/environment/ament_prefix_path.dsv
[6.986s] -- Up-to-date: /home/student/Desktop/ROV2026/install/rov_control/share/rov_control/environment/path.sh
[6.987s] -- Up-to-date: /home/student/Desktop/ROV2026/install/rov_control/share/rov_control/environment/path.dsv
[6.987s] -- Up-to-date: /home/student/Desktop/ROV2026/install/rov_control/share/rov_control/local_setup.bash
[6.987s] -- Up-to-date: /home/student/Desktop/ROV2026/install/rov_control/share/rov_control/local_setup.sh
[6.987s] -- Up-to-date: /home/student/Desktop/ROV2026/install/rov_control/share/rov_control/local_setup.zsh
[6.987s] -- Up-to-date: /home/student/Desktop/ROV2026/install/rov_control/share/rov_control/local_setup.dsv
[6.987s] -- Installing: /home/student/Desktop/ROV2026/install/rov_control/share/rov_control/package.dsv
[6.987s] -- Up-to-date: /home/student/Desktop/ROV2026/install/rov_control/share/ament_index/resource_index/packages/rov_control
[6.987s] -- Up-to-date: /home/student/Desktop/ROV2026/install/rov_control/share/ament_index/resource_index/controller_interface__pluginlib__plugin/rov_control
[6.987s] -- Up-to-date: /home/student/Desktop/ROV2026/install/rov_control/share/rov_control/cmake/export_rov_controlExport.cmake
[6.987s] -- Up-to-date: /home/student/Desktop/ROV2026/install/rov_control/share/rov_control/cmake/export_rov_controlExport-noconfig.cmake
[6.987s] -- Up-to-date: /home/student/Desktop/ROV2026/install/rov_control/share/rov_control/cmake/ament_cmake_export_libraries-extras.cmake
[6.987s] -- Up-to-date: /home/student/Desktop/ROV2026/install/rov_control/share/rov_control/cmake/ament_cmake_export_targets-extras.cmake
[6.987s] -- Up-to-date: /home/student/Desktop/ROV2026/install/rov_control/share/rov_control/cmake/rov_controlConfig.cmake
[6.987s] -- Up-to-date: /home/student/Desktop/ROV2026/install/rov_control/share/rov_control/cmake/rov_controlConfig-version.cmake
[6.987s] -- Up-to-date: /home/student/Desktop/ROV2026/install/rov_control/share/rov_control/package.xml
[6.988s] Invoked command in '/home/student/Desktop/ROV2026/build/rov_control' returned '0': CMAKE_PREFIX_PATH=${CMAKE_PREFIX_PATH}:/opt/ros/jazzy /usr/bin/cmake --install /home/student/Desktop/ROV2026/build/rov_control
