[0.009s] Invoking command in '/home/artificer/Desktop/ROV2026/build/rov_control': CMAKE_PREFIX_PATH=${CMAKE_PREFIX_PATH}:/opt/ros/jazzy /usr/bin/cmake /home/artificer/Desktop/ROV2026/src/rov_control -DAMENT_CMAKE_SYMLINK_INSTALL=1 -DCMAKE_INSTALL_PREFIX=/home/artificer/Desktop/ROV2026/install/rov_control
[0.055s] -- The C compiler identification is GNU 13.3.0
[0.105s] -- The CXX compiler identification is GNU 13.3.0
[0.118s] -- Detecting C compiler ABI info
[0.193s] -- Detecting C compiler ABI info - done
[0.200s] -- Check for working C compiler: /usr/bin/cc - skipped
[0.201s] -- Detecting C compile features
[0.201s] -- Detecting C compile features - done
[0.209s] -- Detecting CXX compiler ABI info
[0.297s] -- Detecting CXX compiler ABI info - done
[0.305s] -- Check for working CXX compiler: /usr/bin/c++ - skipped
[0.305s] -- Detecting CXX compile features
[0.305s] -- Detecting CXX compile features - done
[0.308s] -- Found ament_cmake: 2.5.4 (/opt/ros/jazzy/share/ament_cmake/cmake)
[0.429s] -- Found Python3: /usr/bin/python3 (found version "3.12.3") found components: Interpreter 
[0.496s] -- Override CMake install command with custom implementation using symlinks instead of copying resources
[0.527s] -- Found rclcpp: 28.1.9 (/opt/ros/jazzy/share/rclcpp/cmake)
[0.567s] -- Found rosidl_generator_c: 4.6.5 (/opt/ros/jazzy/share/rosidl_generator_c/cmake)
[0.580s] -- Found rosidl_generator_cpp: 4.6.5 (/opt/ros/jazzy/share/rosidl_generator_cpp/cmake)
[0.595s] -- Using all available rosidl_typesupport_c: rosidl_typesupport_fastrtps_c;rosidl_typesupport_introspection_c
[0.612s] -- Using all available rosidl_typesupport_cpp: rosidl_typesupport_fastrtps_cpp;rosidl_typesupport_introspection_cpp
[0.680s] -- Found rmw_implementation_cmake: 7.3.2 (/opt/ros/jazzy/share/rmw_implementation_cmake/cmake)
[0.683s] -- Found rmw_fastrtps_cpp: 8.4.2 (/opt/ros/jazzy/share/rmw_fastrtps_cpp/cmake)
[0.756s] -- Found OpenSSL: /usr/lib/x86_64-linux-gnu/libcrypto.so (found version "3.0.13")  
[0.775s] -- Found FastRTPS: /opt/ros/jazzy/include (Required is at least version "2.13") 
[0.795s] -- Using RMW implementation 'rmw_fastrtps_cpp' as default
[0.861s] -- Found hardware_interface: 4.29.0 (/opt/ros/jazzy/share/hardware_interface/cmake)
[1.182s] -- Found controller_interface: 4.29.0 (/opt/ros/jazzy/share/controller_interface/cmake)
[1.195s] -- Debug mode: 
[1.195s] -- We are on a Linux system
[1.195s] -- Embedded mode: OFF
[1.195s] -- Algebra backend: builtin
[1.195s] -- Solver profiling: ON
[1.195s] -- Solver interrupt: ON
[1.195s] -- Using double precision floating-point
[1.195s] -- Using long integers
[1.195s] -- Code generation: ON
[1.195s] -- Derivative support: ON
[1.200s] -- Fetching/configuring QDLDL solver
[1.659s] --   Using double precision floats
[1.659s] --   Long integers (64bit) are ON
[1.661s] --   Static library build is OFF
[1.661s] --   Shared library build is OFF
[1.661s] --   Demo executable build is OFF
[1.661s] --   Not building demo executable
[1.661s] --   Unit testing suite build is OFF
[1.662s] -- Build static library: ON
[1.662s] -- Build shared library: ON
[1.662s] -- Build demo executable: ON
[1.741s] -- Configuring done (1.7s)
[1.796s] -- Generating done (0.0s)
[1.809s] -- Build files have been written to: /home/artificer/Desktop/ROV2026/build/rov_control
