[0.011s] Invoking command in '/home/artificer/Desktop/ROV2026/build/dummy_hardware': CMAKE_PREFIX_PATH=${CMAKE_PREFIX_PATH}:/opt/ros/jazzy VIRTUAL_ENV_PROMPT=(.venv) /usr/bin/cmake /home/artificer/Desktop/ROV2026/src/dummy_hardware -DCMAKE_INSTALL_PREFIX=/home/artificer/Desktop/ROV2026/install/dummy_hardware
[0.057s] -- The C compiler identification is GNU 13.3.0
[0.101s] -- The CXX compiler identification is GNU 13.3.0
[0.116s] -- Detecting C compiler ABI info
[0.189s] -- Detecting C compiler ABI info - done
[0.200s] -- Check for working C compiler: /usr/bin/cc - skipped
[0.201s] -- Detecting C compile features
[0.202s] -- Detecting C compile features - done
[0.207s] -- Detecting CXX compiler ABI info
[0.280s] -- Detecting CXX compiler ABI info - done
[0.287s] -- Check for working CXX compiler: /usr/bin/c++ - skipped
[0.287s] -- Detecting CXX compile features
[0.288s] -- Detecting CXX compile features - done
[0.289s] -- Found ament_cmake: 2.5.4 (/opt/ros/jazzy/share/ament_cmake/cmake)
[0.388s] -- Found Python3: /home/artificer/Desktop/ROV2026/.venv/bin/python3 (found version "3.12.3") found components: Interpreter 
[0.464s] -- Found hardware_interface: 4.29.0 (/opt/ros/jazzy/share/hardware_interface/cmake)
[0.488s] -- Found rosidl_generator_c: 4.6.5 (/opt/ros/jazzy/share/rosidl_generator_c/cmake)
[0.495s] -- Found rosidl_generator_cpp: 4.6.5 (/opt/ros/jazzy/share/rosidl_generator_cpp/cmake)
[0.506s] -- Using all available rosidl_typesupport_c: rosidl_typesupport_fastrtps_c;rosidl_typesupport_introspection_c
[0.518s] -- Using all available rosidl_typesupport_cpp: rosidl_typesupport_fastrtps_cpp;rosidl_typesupport_introspection_cpp
[0.670s] -- Found TinyXML2 via Config file: /usr/lib/x86_64-linux-gnu/cmake/tinyxml2
[0.698s] -- Found rmw_implementation_cmake: 7.3.2 (/opt/ros/jazzy/share/rmw_implementation_cmake/cmake)
[0.700s] -- Found rmw_fastrtps_cpp: 8.4.2 (/opt/ros/jazzy/share/rmw_fastrtps_cpp/cmake)
[0.717s] -- Found TinyXML2 via Config file: /usr/lib/x86_64-linux-gnu/cmake/tinyxml2
[0.758s] -- Found OpenSSL: /usr/lib/x86_64-linux-gnu/libcrypto.so (found version "3.0.13")  
[0.760s] -- Found TinyXML2 via Config file: /usr/lib/x86_64-linux-gnu/cmake/tinyxml2
[0.773s] -- Found FastRTPS: /opt/ros/jazzy/include (Required is at least version "2.13") 
[0.775s] -- Found TinyXML2 via Config file: /usr/lib/x86_64-linux-gnu/cmake/tinyxml2
[0.781s] -- Found TinyXML2 via Config file: /usr/lib/x86_64-linux-gnu/cmake/tinyxml2
[0.788s] -- Using RMW implementation 'rmw_fastrtps_cpp' as default
[0.954s] -- Found ament_lint_auto: 0.17.2 (/opt/ros/jazzy/share/ament_lint_auto/cmake)
[1.042s] -- Added test 'cppcheck' to perform static code analysis on C / C++ code
[1.042s] -- Configured cppcheck include dirs: 
[1.042s] -- Configured cppcheck exclude dirs and/or files: 
[1.042s] -- Added test 'lint_cmake' to check CMake code style
[1.042s] -- Added test 'uncrustify' to check C / C++ code style
[1.042s] -- Configured uncrustify additional arguments: 
[1.042s] -- Added test 'xmllint' to check XML markup files
[1.043s] -- Configuring done (1.0s)
[1.057s] -- Generating done (0.0s)
[1.060s] -- Build files have been written to: /home/artificer/Desktop/ROV2026/build/dummy_hardware
[1.071s] Invoked command in '/home/artificer/Desktop/ROV2026/build/dummy_hardware' returned '0': CMAKE_PREFIX_PATH=${CMAKE_PREFIX_PATH}:/opt/ros/jazzy VIRTUAL_ENV_PROMPT=(.venv) /usr/bin/cmake /home/artificer/Desktop/ROV2026/src/dummy_hardware -DCMAKE_INSTALL_PREFIX=/home/artificer/Desktop/ROV2026/install/dummy_hardware
[1.072s] Invoking command in '/home/artificer/Desktop/ROV2026/build/dummy_hardware': CMAKE_PREFIX_PATH=${CMAKE_PREFIX_PATH}:/opt/ros/jazzy VIRTUAL_ENV_PROMPT=(.venv) /usr/bin/cmake --build /home/artificer/Desktop/ROV2026/build/dummy_hardware -- -j12 -l12
[1.111s] [ 50%] [32mBuilding CXX object CMakeFiles/dummy_hardware.dir/src/dummy_hardware_system.cpp.o[0m
[5.043s] [100%] [32m[1mLinking CXX shared library libdummy_hardware.so[0m
[5.211s] [100%] Built target dummy_hardware
[5.220s] Invoked command in '/home/artificer/Desktop/ROV2026/build/dummy_hardware' returned '0': CMAKE_PREFIX_PATH=${CMAKE_PREFIX_PATH}:/opt/ros/jazzy VIRTUAL_ENV_PROMPT=(.venv) /usr/bin/cmake --build /home/artificer/Desktop/ROV2026/build/dummy_hardware -- -j12 -l12
[5.221s] Invoking command in '/home/artificer/Desktop/ROV2026/build/dummy_hardware': CMAKE_PREFIX_PATH=${CMAKE_PREFIX_PATH}:/opt/ros/jazzy VIRTUAL_ENV_PROMPT=(.venv) /usr/bin/cmake --install /home/artificer/Desktop/ROV2026/build/dummy_hardware
[5.233s] -- Install configuration: ""
[5.233s] -- Installing: /home/artificer/Desktop/ROV2026/install/dummy_hardware/share/dummy_hardware/plugins/dummy_hardware_plugin.xml
[5.233s] -- Installing: /home/artificer/Desktop/ROV2026/install/dummy_hardware/lib/libdummy_hardware.so
[5.233s] -- Set non-toolchain portion of runtime path of "/home/artificer/Desktop/ROV2026/install/dummy_hardware/lib/libdummy_hardware.so" to ""
[5.233s] -- Installing: /home/artificer/Desktop/ROV2026/install/dummy_hardware/share/ament_index/resource_index/package_run_dependencies/dummy_hardware
[5.233s] -- Installing: /home/artificer/Desktop/ROV2026/install/dummy_hardware/share/ament_index/resource_index/parent_prefix_path/dummy_hardware
[5.233s] -- Installing: /home/artificer/Desktop/ROV2026/install/dummy_hardware/share/dummy_hardware/environment/ament_prefix_path.sh
[5.233s] -- Installing: /home/artificer/Desktop/ROV2026/install/dummy_hardware/share/dummy_hardware/environment/ament_prefix_path.dsv
[5.233s] -- Installing: /home/artificer/Desktop/ROV2026/install/dummy_hardware/share/dummy_hardware/environment/path.sh
[5.233s] -- Installing: /home/artificer/Desktop/ROV2026/install/dummy_hardware/share/dummy_hardware/environment/path.dsv
[5.233s] -- Installing: /home/artificer/Desktop/ROV2026/install/dummy_hardware/share/dummy_hardware/local_setup.bash
[5.233s] -- Installing: /home/artificer/Desktop/ROV2026/install/dummy_hardware/share/dummy_hardware/local_setup.sh
[5.233s] -- Installing: /home/artificer/Desktop/ROV2026/install/dummy_hardware/share/dummy_hardware/local_setup.zsh
[5.233s] -- Installing: /home/artificer/Desktop/ROV2026/install/dummy_hardware/share/dummy_hardware/local_setup.dsv
[5.234s] -- Installing: /home/artificer/Desktop/ROV2026/install/dummy_hardware/share/dummy_hardware/package.dsv
[5.234s] -- Installing: /home/artificer/Desktop/ROV2026/install/dummy_hardware/share/ament_index/resource_index/packages/dummy_hardware
[5.234s] -- Installing: /home/artificer/Desktop/ROV2026/install/dummy_hardware/share/ament_index/resource_index/hardware_interface__pluginlib__plugin/dummy_hardware
[5.234s] -- Installing: /home/artificer/Desktop/ROV2026/install/dummy_hardware/share/dummy_hardware/cmake/dummy_hardwareConfig.cmake
[5.234s] -- Installing: /home/artificer/Desktop/ROV2026/install/dummy_hardware/share/dummy_hardware/cmake/dummy_hardwareConfig-version.cmake
[5.234s] -- Installing: /home/artificer/Desktop/ROV2026/install/dummy_hardware/share/dummy_hardware/package.xml
[5.236s] Invoked command in '/home/artificer/Desktop/ROV2026/build/dummy_hardware' returned '0': CMAKE_PREFIX_PATH=${CMAKE_PREFIX_PATH}:/opt/ros/jazzy VIRTUAL_ENV_PROMPT=(.venv) /usr/bin/cmake --install /home/artificer/Desktop/ROV2026/build/dummy_hardware
