[0.012s] Invoking command in '/home/student/Desktop/ROV2026/build/description': CMAKE_PREFIX_PATH=${CMAKE_PREFIX_PATH}:/opt/ros/jazzy /usr/bin/cmake /home/student/Desktop/ROV2026/src/description -DCMAKE_INSTALL_PREFIX=/home/student/Desktop/ROV2026/install/description
[0.185s] -- The C compiler identification is GNU 13.3.0
[0.383s] -- The CXX compiler identification is GNU 13.3.0
[0.401s] -- Detecting C compiler ABI info
[0.484s] -- Detecting C compiler ABI info - done
[0.492s] -- Check for working C compiler: /usr/bin/cc - skipped
[0.492s] -- Detecting C compile features
[0.493s] -- Detecting C compile features - done
[0.501s] -- Detecting CXX compiler ABI info
[0.634s] -- Detecting CXX compiler ABI info - done
[0.642s] -- Check for working CXX compiler: /usr/bin/c++ - skipped
[0.643s] -- Detecting CXX compile features
[0.643s] -- Detecting CXX compile features - done
[0.647s] -- Found ament_cmake: 2.5.4 (/opt/ros/jazzy/share/ament_cmake/cmake)
[0.774s] -- Found Python3: /usr/bin/python3 (found version "3.12.3") found components: Interpreter 
[0.880s] -- Found ament_lint_auto: 0.17.2 (/opt/ros/jazzy/share/ament_lint_auto/cmake)
[0.978s] -- Added test 'lint_cmake' to check CMake code style
[0.980s] -- Added test 'xmllint' to check XML markup files
[0.981s] -- Configuring done (1.0s)
[0.984s] -- Generating done (0.0s)
[0.986s] -- Build files have been written to: /home/student/Desktop/ROV2026/build/description
[0.989s] Invoked command in '/home/student/Desktop/ROV2026/build/description' returned '0': CMAKE_PREFIX_PATH=${CMAKE_PREFIX_PATH}:/opt/ros/jazzy /usr/bin/cmake /home/student/Desktop/ROV2026/src/description -DCMAKE_INSTALL_PREFIX=/home/student/Desktop/ROV2026/install/description
[0.991s] Invoking command in '/home/student/Desktop/ROV2026/build/description': CMAKE_PREFIX_PATH=${CMAKE_PREFIX_PATH}:/opt/ros/jazzy /usr/bin/cmake --build /home/student/Desktop/ROV2026/build/description -- -j6 -l6
[1.023s] Invoked command in '/home/student/Desktop/ROV2026/build/description' returned '0': CMAKE_PREFIX_PATH=${CMAKE_PREFIX_PATH}:/opt/ros/jazzy /usr/bin/cmake --build /home/student/Desktop/ROV2026/build/description -- -j6 -l6
[1.031s] Invoking command in '/home/student/Desktop/ROV2026/build/description': CMAKE_PREFIX_PATH=${CMAKE_PREFIX_PATH}:/opt/ros/jazzy /usr/bin/cmake --install /home/student/Desktop/ROV2026/build/description
[1.037s] -- Install configuration: ""
[1.037s] -- Installing: /home/student/Desktop/ROV2026/install/description/share/description/urdf
[1.037s] -- Installing: /home/student/Desktop/ROV2026/install/description/share/description/urdf/ROV206.urdf.xacro
[1.038s] -- Installing: /home/student/Desktop/ROV2026/install/description/share/ament_index/resource_index/package_run_dependencies/description
[1.038s] -- Installing: /home/student/Desktop/ROV2026/install/description/share/ament_index/resource_index/parent_prefix_path/description
[1.038s] -- Installing: /home/student/Desktop/ROV2026/install/description/share/description/environment/ament_prefix_path.sh
[1.038s] -- Installing: /home/student/Desktop/ROV2026/install/description/share/description/environment/ament_prefix_path.dsv
[1.038s] -- Installing: /home/student/Desktop/ROV2026/install/description/share/description/environment/path.sh
[1.038s] -- Installing: /home/student/Desktop/ROV2026/install/description/share/description/environment/path.dsv
[1.038s] -- Installing: /home/student/Desktop/ROV2026/install/description/share/description/local_setup.bash
[1.038s] -- Installing: /home/student/Desktop/ROV2026/install/description/share/description/local_setup.sh
[1.038s] -- Installing: /home/student/Desktop/ROV2026/install/description/share/description/local_setup.zsh
[1.038s] -- Installing: /home/student/Desktop/ROV2026/install/description/share/description/local_setup.dsv
[1.039s] -- Installing: /home/student/Desktop/ROV2026/install/description/share/description/package.dsv
[1.039s] -- Installing: /home/student/Desktop/ROV2026/install/description/share/ament_index/resource_index/packages/description
[1.039s] -- Installing: /home/student/Desktop/ROV2026/install/description/share/description/cmake/descriptionConfig.cmake
[1.039s] -- Installing: /home/student/Desktop/ROV2026/install/description/share/description/cmake/descriptionConfig-version.cmake
[1.039s] -- Installing: /home/student/Desktop/ROV2026/install/description/share/description/package.xml
[1.041s] Invoked command in '/home/student/Desktop/ROV2026/build/description' returned '0': CMAKE_PREFIX_PATH=${CMAKE_PREFIX_PATH}:/opt/ros/jazzy /usr/bin/cmake --install /home/student/Desktop/ROV2026/build/description
