[0.010s] Invoking command in '/home/artificer/Desktop/ROV2026/build/rov_control': CMAKE_PREFIX_PATH=${CMAKE_PREFIX_PATH}:/opt/ros/jazzy /usr/bin/cmake /home/artificer/Desktop/ROV2026/src/rov_control -DAMENT_CMAKE_SYMLINK_INSTALL=1 -DCMAKE_INSTALL_PREFIX=/home/artificer/Desktop/ROV2026/install/rov_control
[0.055s] -- The C compiler identification is GNU 13.3.0
[0.102s] -- The CXX compiler identification is GNU 13.3.0
[0.116s] -- Detecting C compiler ABI info
[0.191s] -- Detecting C compiler ABI info - done
[0.198s] -- Check for working C compiler: /usr/bin/cc - skipped
[0.198s] -- Detecting C compile features
[0.198s] -- Detecting C compile features - done
[0.207s] -- Detecting CXX compiler ABI info
[0.294s] -- Detecting CXX compiler ABI info - done
[0.303s] -- Check for working CXX compiler: /usr/bin/c++ - skipped
[0.304s] -- Detecting CXX compile features
[0.304s] -- Detecting CXX compile features - done
[0.307s] -- Found ament_cmake: 2.5.4 (/opt/ros/jazzy/share/ament_cmake/cmake)
[0.442s] -- Found Python3: /usr/bin/python3 (found version "3.12.3") found components: Interpreter 
[0.508s] -- Override CMake install command with custom implementation using symlinks instead of copying resources
[0.539s] -- Found rclcpp: 28.1.9 (/opt/ros/jazzy/share/rclcpp/cmake)
[0.578s] -- Found rosidl_generator_c: 4.6.5 (/opt/ros/jazzy/share/rosidl_generator_c/cmake)
[0.591s] -- Found rosidl_generator_cpp: 4.6.5 (/opt/ros/jazzy/share/rosidl_generator_cpp/cmake)
[0.607s] -- Using all available rosidl_typesupport_c: rosidl_typesupport_fastrtps_c;rosidl_typesupport_introspection_c
[0.623s] -- Using all available rosidl_typesupport_cpp: rosidl_typesupport_fastrtps_cpp;rosidl_typesupport_introspection_cpp
[0.693s] -- Found rmw_implementation_cmake: 7.3.2 (/opt/ros/jazzy/share/rmw_implementation_cmake/cmake)
[0.697s] -- Found rmw_fastrtps_cpp: 8.4.2 (/opt/ros/jazzy/share/rmw_fastrtps_cpp/cmake)
[0.774s] -- Found OpenSSL: /usr/lib/x86_64-linux-gnu/libcrypto.so (found version "3.0.13")  
[0.793s] -- Found FastRTPS: /opt/ros/jazzy/include (Required is at least version "2.13") 
[0.815s] -- Using RMW implementation 'rmw_fastrtps_cpp' as default
[0.885s] -- Found hardware_interface: 4.29.0 (/opt/ros/jazzy/share/hardware_interface/cmake)
[1.212s] -- Found controller_interface: 4.29.0 (/opt/ros/jazzy/share/controller_interface/cmake)
[1.226s] -- Debug mode: 
[1.226s] -- We are on a Linux system
[1.226s] -- Embedded mode: OFF
[1.226s] -- Algebra backend: builtin
[1.226s] -- Solver profiling: ON
[1.226s] -- Solver interrupt: ON
[1.226s] -- Using double precision floating-point
[1.226s] -- Using long integers
[1.226s] -- Code generation: ON
[1.226s] -- Derivative support: ON
[1.232s] -- Fetching/configuring QDLDL solver
[1.682s] --   Using double precision floats
[1.682s] --   Long integers (64bit) are ON
[1.684s] --   Static library build is OFF
[1.684s] --   Shared library build is OFF
[1.684s] --   Demo executable build is OFF
[1.684s] --   Not building demo executable
[1.684s] --   Unit testing suite build is OFF
[1.684s] -- Build static library: ON
[1.684s] -- Build shared library: ON
[1.685s] -- Build demo executable: ON
[1.768s] -- Configuring done (1.8s)
[1.823s] -- Generating done (0.0s)
[1.836s] -- Build files have been written to: /home/artificer/Desktop/ROV2026/build/rov_control
